[0.299s] DEBUG:colcon:Command line arguments: ['/usr/bin/colcon', 'build', '--packages-select', 'global_to_polar_cpp/']
[0.300s] DEBUG:colcon:Parsed command line arguments: Namespace(log_base=None, log_level=None, verb_name='build', build_base='build', install_base='install', merge_install=False, symlink_install=False, test_result_base=None, continue_on_error=False, executor='parallel', parallel_workers=8, event_handlers=None, ignore_user_meta=False, metas=['./colcon.meta'], base_paths=['.'], packages_ignore=None, packages_ignore_regex=None, paths=None, packages_up_to=None, packages_up_to_regex=None, packages_above=None, packages_above_and_dependencies=None, packages_above_depth=None, packages_select_by_dep=None, packages_skip_by_dep=None, packages_skip_up_to=None, packages_select_build_failed=False, packages_skip_build_finished=False, packages_select_test_failures=False, packages_skip_test_passed=False, packages_select=['global_to_polar_cpp/'], packages_skip=None, packages_select_regex=None, packages_skip_regex=None, packages_start=None, packages_end=None, allow_overriding=[], cmake_args=None, cmake_target=None, cmake_target_skip_unavailable=False, cmake_clean_cache=False, cmake_clean_first=False, cmake_force_configure=False, ament_cmake_args=None, catkin_cmake_args=None, catkin_skip_building_tests=False, verb_parser=<colcon_defaults.argument_parser.defaults.DefaultArgumentsDecorator object at 0x767ab9234ee0>, verb_extension=<colcon_core.verb.build.BuildVerb object at 0x767ab9362380>, main=<bound method BuildVerb.main of <colcon_core.verb.build.BuildVerb object at 0x767ab9362380>>)
[0.720s] Level 1:colcon.colcon_core.package_discovery:discover_packages(colcon_meta) check parameters
[0.720s] Level 1:colcon.colcon_core.package_discovery:discover_packages(recursive) check parameters
[0.720s] Level 1:colcon.colcon_core.package_discovery:discover_packages(ignore) check parameters
[0.720s] Level 1:colcon.colcon_core.package_discovery:discover_packages(path) check parameters
[0.720s] Level 1:colcon.colcon_core.package_discovery:discover_packages(colcon_meta) discover
[0.720s] Level 1:colcon.colcon_core.package_discovery:discover_packages(recursive) discover
[0.720s] INFO:colcon.colcon_core.package_discovery:Crawling recursively for packages in '/home/yongwoo/sim_ws/src'
[0.720s] Level 1:colcon.colcon_core.package_identification:_identify(.) by extensions ['ignore', 'ignore_ament_install']
[0.720s] Level 1:colcon.colcon_core.package_identification:_identify(.) by extension 'ignore'
[0.720s] Level 1:colcon.colcon_core.package_identification:_identify(.) by extension 'ignore_ament_install'
[0.720s] Level 1:colcon.colcon_core.package_identification:_identify(.) by extensions ['colcon_pkg']
[0.720s] Level 1:colcon.colcon_core.package_identification:_identify(.) by extension 'colcon_pkg'
[0.721s] Level 1:colcon.colcon_core.package_identification:_identify(.) by extensions ['colcon_meta']
[0.721s] Level 1:colcon.colcon_core.package_identification:_identify(.) by extension 'colcon_meta'
[0.721s] Level 1:colcon.colcon_core.package_identification:_identify(.) by extensions ['ros']
[0.721s] Level 1:colcon.colcon_core.package_identification:_identify(.) by extension 'ros'
[0.737s] Level 1:colcon.colcon_core.package_identification:_identify(.) by extensions ['cmake', 'python']
[0.737s] Level 1:colcon.colcon_core.package_identification:_identify(.) by extension 'cmake'
[0.737s] Level 1:colcon.colcon_core.package_identification:_identify(.) by extension 'python'
[0.737s] Level 1:colcon.colcon_core.package_identification:_identify(.) by extensions ['python_setup_py']
[0.737s] Level 1:colcon.colcon_core.package_identification:_identify(.) by extension 'python_setup_py'
[0.738s] Level 1:colcon.colcon_core.package_identification:_identify(basecode_follow_the_gap) by extensions ['ignore', 'ignore_ament_install']
[0.738s] Level 1:colcon.colcon_core.package_identification:_identify(basecode_follow_the_gap) by extension 'ignore'
[0.738s] Level 1:colcon.colcon_core.package_identification:_identify(basecode_follow_the_gap) by extension 'ignore_ament_install'
[0.738s] Level 1:colcon.colcon_core.package_identification:_identify(basecode_follow_the_gap) by extensions ['colcon_pkg']
[0.738s] Level 1:colcon.colcon_core.package_identification:_identify(basecode_follow_the_gap) by extension 'colcon_pkg'
[0.738s] Level 1:colcon.colcon_core.package_identification:_identify(basecode_follow_the_gap) by extensions ['colcon_meta']
[0.739s] Level 1:colcon.colcon_core.package_identification:_identify(basecode_follow_the_gap) by extension 'colcon_meta'
[0.739s] Level 1:colcon.colcon_core.package_identification:_identify(basecode_follow_the_gap) by extensions ['ros']
[0.739s] Level 1:colcon.colcon_core.package_identification:_identify(basecode_follow_the_gap) by extension 'ros'
[0.739s] Level 1:colcon.colcon_core.package_identification:_identify(basecode_follow_the_gap) by extensions ['cmake', 'python']
[0.739s] Level 1:colcon.colcon_core.package_identification:_identify(basecode_follow_the_gap) by extension 'cmake'
[0.739s] Level 1:colcon.colcon_core.package_identification:_identify(basecode_follow_the_gap) by extension 'python'
[0.739s] Level 1:colcon.colcon_core.package_identification:_identify(basecode_follow_the_gap) by extensions ['python_setup_py']
[0.739s] Level 1:colcon.colcon_core.package_identification:_identify(basecode_follow_the_gap) by extension 'python_setup_py'
[0.739s] Level 1:colcon.colcon_core.package_identification:_identify(basecode_follow_the_gap/src) by extensions ['ignore', 'ignore_ament_install']
[0.739s] Level 1:colcon.colcon_core.package_identification:_identify(basecode_follow_the_gap/src) by extension 'ignore'
[0.739s] Level 1:colcon.colcon_core.package_identification:_identify(basecode_follow_the_gap/src) by extension 'ignore_ament_install'
[0.740s] Level 1:colcon.colcon_core.package_identification:_identify(basecode_follow_the_gap/src) by extensions ['colcon_pkg']
[0.740s] Level 1:colcon.colcon_core.package_identification:_identify(basecode_follow_the_gap/src) by extension 'colcon_pkg'
[0.740s] Level 1:colcon.colcon_core.package_identification:_identify(basecode_follow_the_gap/src) by extensions ['colcon_meta']
[0.740s] Level 1:colcon.colcon_core.package_identification:_identify(basecode_follow_the_gap/src) by extension 'colcon_meta'
[0.740s] Level 1:colcon.colcon_core.package_identification:_identify(basecode_follow_the_gap/src) by extensions ['ros']
[0.740s] Level 1:colcon.colcon_core.package_identification:_identify(basecode_follow_the_gap/src) by extension 'ros'
[0.740s] Level 1:colcon.colcon_core.package_identification:_identify(basecode_follow_the_gap/src) by extensions ['cmake', 'python']
[0.740s] Level 1:colcon.colcon_core.package_identification:_identify(basecode_follow_the_gap/src) by extension 'cmake'
[0.740s] Level 1:colcon.colcon_core.package_identification:_identify(basecode_follow_the_gap/src) by extension 'python'
[0.740s] Level 1:colcon.colcon_core.package_identification:_identify(basecode_follow_the_gap/src) by extensions ['python_setup_py']
[0.740s] Level 1:colcon.colcon_core.package_identification:_identify(basecode_follow_the_gap/src) by extension 'python_setup_py'
[0.740s] Level 1:colcon.colcon_core.package_identification:_identify(basecode_follow_the_gap/src/f1tenth_lab4_template) by extensions ['ignore', 'ignore_ament_install']
[0.741s] Level 1:colcon.colcon_core.package_identification:_identify(basecode_follow_the_gap/src/f1tenth_lab4_template) by extension 'ignore'
[0.741s] Level 1:colcon.colcon_core.package_identification:_identify(basecode_follow_the_gap/src/f1tenth_lab4_template) by extension 'ignore_ament_install'
[0.741s] Level 1:colcon.colcon_core.package_identification:_identify(basecode_follow_the_gap/src/f1tenth_lab4_template) by extensions ['colcon_pkg']
[0.741s] Level 1:colcon.colcon_core.package_identification:_identify(basecode_follow_the_gap/src/f1tenth_lab4_template) by extension 'colcon_pkg'
[0.741s] Level 1:colcon.colcon_core.package_identification:_identify(basecode_follow_the_gap/src/f1tenth_lab4_template) by extensions ['colcon_meta']
[0.741s] Level 1:colcon.colcon_core.package_identification:_identify(basecode_follow_the_gap/src/f1tenth_lab4_template) by extension 'colcon_meta'
[0.741s] Level 1:colcon.colcon_core.package_identification:_identify(basecode_follow_the_gap/src/f1tenth_lab4_template) by extensions ['ros']
[0.741s] Level 1:colcon.colcon_core.package_identification:_identify(basecode_follow_the_gap/src/f1tenth_lab4_template) by extension 'ros'
[0.741s] Level 1:colcon.colcon_core.package_identification:_identify(basecode_follow_the_gap/src/f1tenth_lab4_template) by extensions ['cmake', 'python']
[0.741s] Level 1:colcon.colcon_core.package_identification:_identify(basecode_follow_the_gap/src/f1tenth_lab4_template) by extension 'cmake'
[0.741s] Level 1:colcon.colcon_core.package_identification:_identify(basecode_follow_the_gap/src/f1tenth_lab4_template) by extension 'python'
[0.741s] Level 1:colcon.colcon_core.package_identification:_identify(basecode_follow_the_gap/src/f1tenth_lab4_template) by extensions ['python_setup_py']
[0.741s] Level 1:colcon.colcon_core.package_identification:_identify(basecode_follow_the_gap/src/f1tenth_lab4_template) by extension 'python_setup_py'
[0.742s] Level 1:colcon.colcon_core.package_identification:_identify(basecode_follow_the_gap/src/f1tenth_lab4_template/gap_follow) by extensions ['ignore', 'ignore_ament_install']
[0.742s] Level 1:colcon.colcon_core.package_identification:_identify(basecode_follow_the_gap/src/f1tenth_lab4_template/gap_follow) by extension 'ignore'
[0.742s] Level 1:colcon.colcon_core.package_identification:_identify(basecode_follow_the_gap/src/f1tenth_lab4_template/gap_follow) by extension 'ignore_ament_install'
[0.742s] Level 1:colcon.colcon_core.package_identification:_identify(basecode_follow_the_gap/src/f1tenth_lab4_template/gap_follow) by extensions ['colcon_pkg']
[0.742s] Level 1:colcon.colcon_core.package_identification:_identify(basecode_follow_the_gap/src/f1tenth_lab4_template/gap_follow) by extension 'colcon_pkg'
[0.742s] Level 1:colcon.colcon_core.package_identification:_identify(basecode_follow_the_gap/src/f1tenth_lab4_template/gap_follow) by extensions ['colcon_meta']
[0.742s] Level 1:colcon.colcon_core.package_identification:_identify(basecode_follow_the_gap/src/f1tenth_lab4_template/gap_follow) by extension 'colcon_meta'
[0.742s] Level 1:colcon.colcon_core.package_identification:_identify(basecode_follow_the_gap/src/f1tenth_lab4_template/gap_follow) by extensions ['ros']
[0.742s] Level 1:colcon.colcon_core.package_identification:_identify(basecode_follow_the_gap/src/f1tenth_lab4_template/gap_follow) by extension 'ros'
[0.748s] DEBUG:colcon.colcon_core.package_identification:Package 'basecode_follow_the_gap/src/f1tenth_lab4_template/gap_follow' with type 'ros.ament_cmake' and name 'gap_follow'
[0.748s] Level 1:colcon.colcon_core.package_identification:_identify(build) by extensions ['ignore', 'ignore_ament_install']
[0.748s] Level 1:colcon.colcon_core.package_identification:_identify(build) by extension 'ignore'
[0.748s] Level 1:colcon.colcon_core.package_identification:_identify(build) ignored
[0.749s] Level 1:colcon.colcon_core.package_identification:_identify(f1tenth_gym_ros) by extensions ['ignore', 'ignore_ament_install']
[0.749s] Level 1:colcon.colcon_core.package_identification:_identify(f1tenth_gym_ros) by extension 'ignore'
[0.749s] Level 1:colcon.colcon_core.package_identification:_identify(f1tenth_gym_ros) by extension 'ignore_ament_install'
[0.749s] Level 1:colcon.colcon_core.package_identification:_identify(f1tenth_gym_ros) by extensions ['colcon_pkg']
[0.749s] Level 1:colcon.colcon_core.package_identification:_identify(f1tenth_gym_ros) by extension 'colcon_pkg'
[0.749s] Level 1:colcon.colcon_core.package_identification:_identify(f1tenth_gym_ros) by extensions ['colcon_meta']
[0.749s] Level 1:colcon.colcon_core.package_identification:_identify(f1tenth_gym_ros) by extension 'colcon_meta'
[0.749s] Level 1:colcon.colcon_core.package_identification:_identify(f1tenth_gym_ros) by extensions ['ros']
[0.749s] Level 1:colcon.colcon_core.package_identification:_identify(f1tenth_gym_ros) by extension 'ros'
[0.751s] DEBUG:colcon.colcon_core.package_identification:Package 'f1tenth_gym_ros' with type 'ros.ament_python' and name 'f1tenth_gym_ros'
[0.751s] Level 1:colcon.colcon_core.package_identification:_identify(global_to_polar_cpp) by extensions ['ignore', 'ignore_ament_install']
[0.751s] Level 1:colcon.colcon_core.package_identification:_identify(global_to_polar_cpp) by extension 'ignore'
[0.751s] Level 1:colcon.colcon_core.package_identification:_identify(global_to_polar_cpp) by extension 'ignore_ament_install'
[0.751s] Level 1:colcon.colcon_core.package_identification:_identify(global_to_polar_cpp) by extensions ['colcon_pkg']
[0.751s] Level 1:colcon.colcon_core.package_identification:_identify(global_to_polar_cpp) by extension 'colcon_pkg'
[0.751s] Level 1:colcon.colcon_core.package_identification:_identify(global_to_polar_cpp) by extensions ['colcon_meta']
[0.751s] Level 1:colcon.colcon_core.package_identification:_identify(global_to_polar_cpp) by extension 'colcon_meta'
[0.751s] Level 1:colcon.colcon_core.package_identification:_identify(global_to_polar_cpp) by extensions ['ros']
[0.752s] Level 1:colcon.colcon_core.package_identification:_identify(global_to_polar_cpp) by extension 'ros'
[0.752s] DEBUG:colcon.colcon_core.package_identification:Package 'global_to_polar_cpp' with type 'ros.ament_cmake' and name 'global_to_polar_cpp'
[0.752s] Level 1:colcon.colcon_core.package_identification:_identify(install) by extensions ['ignore', 'ignore_ament_install']
[0.752s] Level 1:colcon.colcon_core.package_identification:_identify(install) by extension 'ignore'
[0.752s] Level 1:colcon.colcon_core.package_identification:_identify(install) ignored
[0.752s] Level 1:colcon.colcon_core.package_identification:_identify(log) by extensions ['ignore', 'ignore_ament_install']
[0.752s] Level 1:colcon.colcon_core.package_identification:_identify(log) by extension 'ignore'
[0.752s] Level 1:colcon.colcon_core.package_identification:_identify(log) ignored
[0.753s] Level 1:colcon.colcon_core.package_discovery:discover_packages(recursive) using defaults
[0.753s] Level 1:colcon.colcon_core.package_discovery:discover_packages(ignore) discover
[0.753s] Level 1:colcon.colcon_core.package_discovery:discover_packages(ignore) using defaults
[0.753s] Level 1:colcon.colcon_core.package_discovery:discover_packages(path) discover
[0.753s] Level 1:colcon.colcon_core.package_discovery:discover_packages(path) using defaults
[0.753s] WARNING:colcon.colcon_core.package_selection:ignoring unknown package 'global_to_polar_cpp/' in --packages-select
[0.795s] INFO:colcon.colcon_core.package_selection:Skipping not selected package 'f1tenth_gym_ros' in 'f1tenth_gym_ros'
[0.795s] INFO:colcon.colcon_core.package_selection:Skipping not selected package 'gap_follow' in 'basecode_follow_the_gap/src/f1tenth_lab4_template/gap_follow'
[0.795s] INFO:colcon.colcon_core.package_selection:Skipping not selected package 'global_to_polar_cpp' in 'global_to_polar_cpp'
[0.796s] Level 1:colcon.colcon_core.package_discovery:discover_packages(prefix_path) check parameters
[0.796s] Level 1:colcon.colcon_core.package_discovery:discover_packages(prefix_path) discover
[0.803s] DEBUG:colcon.colcon_installed_package_information.package_discovery:Found 3 installed packages in /home/yongwoo/sim_ws/install
[0.805s] DEBUG:colcon.colcon_installed_package_information.package_discovery:Found 284 installed packages in /opt/ros/humble
[0.817s] Level 1:colcon.colcon_core.package_discovery:discover_packages(prefix_path) using defaults
[0.901s] INFO:colcon.colcon_core.executor:Executing jobs using 'parallel' executor
[0.904s] DEBUG:colcon.colcon_parallel_executor.executor.parallel:run_until_complete
[0.904s] DEBUG:colcon.colcon_parallel_executor.executor.parallel:closing loop
[0.904s] DEBUG:colcon.colcon_parallel_executor.executor.parallel:loop closed
[0.904s] DEBUG:colcon.colcon_parallel_executor.executor.parallel:run_until_complete finished with '0'
[0.904s] DEBUG:colcon.colcon_core.event_reactor:joining thread
[0.932s] INFO:colcon.colcon_core.plugin_system:Skipping extension 'colcon_notification.desktop_notification.notify_send': Could not find 'notify-send'
[0.932s] INFO:colcon.colcon_core.plugin_system:Skipping extension 'colcon_notification.desktop_notification.terminal_notifier': Not used on non-Darwin systems
[0.932s] INFO:colcon.colcon_core.plugin_system:Skipping extension 'colcon_notification.desktop_notification.win32': Not used on non-Windows systems
[0.932s] INFO:colcon.colcon_notification.desktop_notification:Sending desktop notification using 'notify2'
[0.937s] DEBUG:colcon.colcon_notification.desktop_notification.notify2:Failed to initialize notify2: org.freedesktop.DBus.Error.ServiceUnknown: The name org.freedesktop.Notifications was not provided by any .service files
[0.937s] DEBUG:colcon.colcon_core.event_reactor:joined thread
[0.946s] INFO:colcon.colcon_core.plugin_system:Skipping extension 'colcon_core.shell.bat': Not used on non-Windows systems
[0.946s] INFO:colcon.colcon_core.shell:Creating prefix script '/home/yongwoo/sim_ws/src/install/local_setup.ps1'
[0.948s] INFO:colcon.colcon_core.shell:Creating prefix util module '/home/yongwoo/sim_ws/src/install/_local_setup_util_ps1.py'
[0.949s] INFO:colcon.colcon_core.shell:Creating prefix chain script '/home/yongwoo/sim_ws/src/install/setup.ps1'
[0.951s] INFO:colcon.colcon_core.shell:Creating prefix script '/home/yongwoo/sim_ws/src/install/local_setup.sh'
[0.952s] INFO:colcon.colcon_core.shell:Creating prefix util module '/home/yongwoo/sim_ws/src/install/_local_setup_util_sh.py'
[0.952s] INFO:colcon.colcon_core.shell:Creating prefix chain script '/home/yongwoo/sim_ws/src/install/setup.sh'
[0.953s] INFO:colcon.colcon_core.shell:Creating prefix script '/home/yongwoo/sim_ws/src/install/local_setup.bash'
[0.954s] INFO:colcon.colcon_core.shell:Creating prefix chain script '/home/yongwoo/sim_ws/src/install/setup.bash'
[0.955s] INFO:colcon.colcon_core.shell:Creating prefix script '/home/yongwoo/sim_ws/src/install/local_setup.zsh'
[0.956s] INFO:colcon.colcon_core.shell:Creating prefix chain script '/home/yongwoo/sim_ws/src/install/setup.zsh'
