[0.005s] Invoking command in '/home/subin/learning_code/build/global_to_polar_cpp': AMENT_PREFIX_PATH=/home/subin/learning_code/install/planning_custom_msgs:${AMENT_PREFIX_PATH} CMAKE_PREFIX_PATH=/home/subin/learning_code/install/planning_custom_msgs:/home/subin/f1tenth_ws/install/slam_toolbox:/home/subin/f1tenth_ws/install/f1tenth_gym_ros:/opt/ros/humble LD_LIBRARY_PATH=/home/subin/learning_code/install/planning_custom_msgs/lib:${LD_LIBRARY_PATH} PYTHONPATH=/home/subin/learning_code/install/planning_custom_msgs/local/lib/python3.10/dist-packages:${PYTHONPATH} /usr/bin/cmake /home/subin/learning_code/src/global_to_polar_cpp -DAMENT_CMAKE_SYMLINK_INSTALL=1 -DCMAKE_INSTALL_PREFIX=/home/subin/learning_code/install/global_to_polar_cpp
[0.034s] -- The C compiler identification is GNU 11.4.0
[0.069s] -- The CXX compiler identification is GNU 11.4.0
[0.073s] -- Detecting C compiler ABI info
[0.116s] -- Detecting C compiler ABI info - done
[0.120s] -- Check for working C compiler: /usr/bin/cc - skipped
[0.120s] -- Detecting C compile features
[0.120s] -- Detecting C compile features - done
[0.122s] -- Detecting CXX compiler ABI info
[0.161s] -- Detecting CXX compiler ABI info - done
[0.165s] -- Check for working CXX compiler: /usr/bin/c++ - skipped
[0.165s] -- Detecting CXX compile features
[0.165s] -- Detecting CXX compile features - done
[0.167s] -- Found ament_cmake: 1.3.12 (/opt/ros/humble/share/ament_cmake/cmake)
[0.239s] -- Found Python3: /usr/bin/python3 (found version "3.10.12") found components: Interpreter 
[0.273s] -- Override CMake install command with custom implementation using symlinks instead of copying resources
[0.287s] -- Found rclcpp: 16.0.14 (/opt/ros/humble/share/rclcpp/cmake)
[0.310s] -- Found rosidl_generator_c: 3.1.7 (/opt/ros/humble/share/rosidl_generator_c/cmake)
[0.313s] -- Found rosidl_adapter: 3.1.7 (/opt/ros/humble/share/rosidl_adapter/cmake)
[0.318s] -- Found rosidl_generator_cpp: 3.1.7 (/opt/ros/humble/share/rosidl_generator_cpp/cmake)
[0.325s] -- Using all available rosidl_typesupport_c: rosidl_typesupport_fastrtps_c;rosidl_typesupport_introspection_c
[0.334s] -- Using all available rosidl_typesupport_cpp: rosidl_typesupport_fastrtps_cpp;rosidl_typesupport_introspection_cpp
[0.358s] -- Found rmw_implementation_cmake: 6.1.2 (/opt/ros/humble/share/rmw_implementation_cmake/cmake)
[0.359s] -- Found rmw_fastrtps_cpp: 6.2.8 (/opt/ros/humble/share/rmw_fastrtps_cpp/cmake)
[0.396s] -- Found OpenSSL: /usr/lib/aarch64-linux-gnu/libcrypto.so (found version "3.0.2")  
[0.411s] -- Found FastRTPS: /opt/ros/humble/include  
[0.434s] -- Using RMW implementation 'rmw_fastrtps_cpp' as default
[0.438s] -- Looking for pthread.h
[0.470s] -- Looking for pthread.h - found
[0.470s] -- Performing Test CMAKE_HAVE_LIBC_PTHREAD
[0.500s] -- Performing Test CMAKE_HAVE_LIBC_PTHREAD - Success
[0.500s] -- Found Threads: TRUE  
[0.529s] -- Found rclpy: 3.3.17 (/opt/ros/humble/share/rclpy/cmake)
[0.530s] -- Found nav_msgs: 4.9.0 (/opt/ros/humble/share/nav_msgs/cmake)
[0.548s] -- Found sensor_msgs: 4.9.0 (/opt/ros/humble/share/sensor_msgs/cmake)
[0.562s] -- Found tf2: 0.25.15 (/opt/ros/humble/share/tf2/cmake)
[0.573s] -- Found rosidl_default_generators: 1.2.0 (/opt/ros/humble/share/rosidl_default_generators/cmake)
[0.574s] -- Found planning_custom_msgs: 1.0.0 (/home/subin/learning_code/install/planning_custom_msgs/share/planning_custom_msgs/cmake)
[0.731s] -- Found ament_cmake_ros: 0.10.0 (/opt/ros/humble/share/ament_cmake_ros/cmake)
[0.974s] -- Using all available rosidl_typesupport_c: rosidl_typesupport_fastrtps_c;rosidl_typesupport_introspection_c
[1.074s] -- Using all available rosidl_typesupport_cpp: rosidl_typesupport_fastrtps_cpp;rosidl_typesupport_introspection_cpp
[1.085s] -- Found PythonInterp: /usr/bin/python3 (found suitable version "3.10.12", minimum required is "3.6") 
[1.086s] -- Found python_cmake_module: 0.10.0 (/opt/ros/humble/share/python_cmake_module/cmake)
[1.098s] -- Found PythonLibs: /usr/lib/aarch64-linux-gnu/libpython3.10.so (found suitable version "3.10.12", minimum required is "3.5") 
[1.098s] -- Using PYTHON_EXECUTABLE: /usr/bin/python3
[1.099s] -- Using PYTHON_INCLUDE_DIRS: /usr/include/python3.10
[1.099s] -- Using PYTHON_LIBRARIES: /usr/lib/aarch64-linux-gnu/libpython3.10.so
[1.108s] -- Found PythonExtra: .so  
[1.153s] -- Configuring done
[1.179s] -- Generating done
[1.188s] -- Build files have been written to: /home/subin/learning_code/build/global_to_polar_cpp
[1.194s] Invoked command in '/home/subin/learning_code/build/global_to_polar_cpp' returned '0': AMENT_PREFIX_PATH=/home/subin/learning_code/install/planning_custom_msgs:${AMENT_PREFIX_PATH} CMAKE_PREFIX_PATH=/home/subin/learning_code/install/planning_custom_msgs:/home/subin/f1tenth_ws/install/slam_toolbox:/home/subin/f1tenth_ws/install/f1tenth_gym_ros:/opt/ros/humble LD_LIBRARY_PATH=/home/subin/learning_code/install/planning_custom_msgs/lib:${LD_LIBRARY_PATH} PYTHONPATH=/home/subin/learning_code/install/planning_custom_msgs/local/lib/python3.10/dist-packages:${PYTHONPATH} /usr/bin/cmake /home/subin/learning_code/src/global_to_polar_cpp -DAMENT_CMAKE_SYMLINK_INSTALL=1 -DCMAKE_INSTALL_PREFIX=/home/subin/learning_code/install/global_to_polar_cpp
[1.195s] Invoking command in '/home/subin/learning_code/build/global_to_polar_cpp': AMENT_PREFIX_PATH=/home/subin/learning_code/install/planning_custom_msgs:${AMENT_PREFIX_PATH} CMAKE_PREFIX_PATH=/home/subin/learning_code/install/planning_custom_msgs:/home/subin/f1tenth_ws/install/slam_toolbox:/home/subin/f1tenth_ws/install/f1tenth_gym_ros:/opt/ros/humble LD_LIBRARY_PATH=/home/subin/learning_code/install/planning_custom_msgs/lib:${LD_LIBRARY_PATH} PYTHONPATH=/home/subin/learning_code/install/planning_custom_msgs/local/lib/python3.10/dist-packages:${PYTHONPATH} /usr/bin/cmake --build /home/subin/learning_code/build/global_to_polar_cpp -- -j4 -l4
[1.213s] [  2%] [34m[1mGenerating C code for ROS interfaces[0m
[1.217s] [  5%] [34m[1mGenerating C++ code for ROS interfaces[0m
[1.229s] [  5%] Built target ament_cmake_python_symlink_global_to_polar_cpp
[1.356s] running egg_info
[1.356s] creating global_to_polar_cpp.egg-info
[1.357s] writing global_to_polar_cpp.egg-info/PKG-INFO
[1.357s] writing dependency_links to global_to_polar_cpp.egg-info/dependency_links.txt
[1.357s] writing top-level names to global_to_polar_cpp.egg-info/top_level.txt
[1.357s] writing manifest file 'global_to_polar_cpp.egg-info/SOURCES.txt'
[1.358s] reading manifest file 'global_to_polar_cpp.egg-info/SOURCES.txt'
[1.358s] writing manifest file 'global_to_polar_cpp.egg-info/SOURCES.txt'
[1.372s] [  5%] Built target global_to_polar_cpp__cpp
[1.374s] [  5%] Built target ament_cmake_python_build_global_to_polar_cpp_egg
[1.376s] [  8%] [32mBuilding C object CMakeFiles/global_to_polar_cpp__rosidl_generator_c.dir/rosidl_generator_c/global_to_polar_cpp/msg/detail/polar_grid__functions.c.o[0m
[1.376s] [ 11%] [34m[1mGenerating C++ type support dispatch for ROS interfaces[0m
[1.377s] [ 14%] [34m[1mGenerating C++ type support for eProsima Fast-RTPS[0m
[1.378s] [ 17%] [34m[1mGenerating C++ introspection for ROS interfaces[0m
[1.403s] [ 20%] [32m[1mLinking C shared library libglobal_to_polar_cpp__rosidl_generator_c.so[0m
[1.422s] [ 20%] Built target global_to_polar_cpp__rosidl_generator_c
[1.426s] [ 22%] [34m[1mGenerating C type support for eProsima Fast-RTPS[0m
[1.500s] [ 25%] [32mBuilding CXX object CMakeFiles/global_to_polar_cpp__rosidl_typesupport_cpp.dir/rosidl_typesupport_cpp/global_to_polar_cpp/msg/polar_grid__type_support.cpp.o[0m
[1.509s] [ 28%] [32mBuilding CXX object CMakeFiles/global_to_polar_cpp__rosidl_typesupport_introspection_cpp.dir/rosidl_typesupport_introspection_cpp/global_to_polar_cpp/msg/detail/polar_grid__type_support.cpp.o[0m
[1.564s] [ 31%] [32mBuilding CXX object CMakeFiles/global_to_polar_cpp__rosidl_typesupport_fastrtps_c.dir/rosidl_typesupport_fastrtps_c/global_to_polar_cpp/msg/detail/polar_grid__type_support_c.cpp.o[0m
[1.570s] [ 34%] [32mBuilding CXX object CMakeFiles/global_to_polar_cpp__rosidl_typesupport_fastrtps_cpp.dir/rosidl_typesupport_fastrtps_cpp/global_to_polar_cpp/msg/detail/dds_fastrtps/polar_grid__type_support.cpp.o[0m
[1.632s] [ 37%] [32m[1mLinking CXX shared library libglobal_to_polar_cpp__rosidl_typesupport_cpp.so[0m
[1.651s] [ 37%] Built target global_to_polar_cpp__rosidl_typesupport_cpp
[1.656s] [ 40%] [34m[1mGenerating C introspection for ROS interfaces[0m
[1.713s] [ 42%] [32m[1mLinking CXX shared library libglobal_to_polar_cpp__rosidl_typesupport_introspection_cpp.so[0m
[1.747s] [ 42%] Built target global_to_polar_cpp__rosidl_typesupport_introspection_cpp
[1.748s] [ 45%] [32m[1mLinking CXX shared library libglobal_to_polar_cpp__rosidl_typesupport_fastrtps_c.so[0m
[1.752s] [ 48%] [34m[1mGenerating C type support dispatch for ROS interfaces[0m
[1.784s] [ 48%] Built target global_to_polar_cpp__rosidl_typesupport_fastrtps_c
[1.793s] [ 51%] [32mBuilding CXX object CMakeFiles/global_to_polar_node.dir/src/globToPolar.cpp.o[0m
[1.800s] [ 54%] [32mBuilding C object CMakeFiles/global_to_polar_cpp__rosidl_typesupport_introspection_c.dir/rosidl_typesupport_introspection_c/global_to_polar_cpp/msg/detail/polar_grid__type_support.c.o[0m
[1.821s] [ 57%] [32m[1mLinking C shared library libglobal_to_polar_cpp__rosidl_typesupport_introspection_c.so[0m
[1.855s] [ 57%] Built target global_to_polar_cpp__rosidl_typesupport_introspection_c
[1.858s] [ 60%] [32m[1mLinking CXX shared library libglobal_to_polar_cpp__rosidl_typesupport_fastrtps_cpp.so[0m
[1.863s] [ 62%] [32mBuilding CXX object CMakeFiles/data_logger_node.dir/src/dataLoggerNode.cpp.o[0m
[1.892s] [ 62%] Built target global_to_polar_cpp__rosidl_typesupport_fastrtps_cpp
[1.895s] [ 65%] [32mBuilding CXX object CMakeFiles/global_to_polar_cpp__rosidl_typesupport_c.dir/rosidl_typesupport_c/global_to_polar_cpp/msg/polar_grid__type_support.cpp.o[0m
[1.911s] [ 68%] [32m[1mLinking CXX shared library libglobal_to_polar_cpp__rosidl_typesupport_c.so[0m
[1.942s] [ 68%] Built target global_to_polar_cpp__rosidl_typesupport_c
[1.953s] [ 68%] Built target global_to_polar_cpp
[1.962s] [ 71%] [34m[1mGenerating Python code for ROS interfaces[0m
[2.159s] [ 71%] Built target global_to_polar_cpp__py
[2.169s] [ 74%] [32mBuilding C object CMakeFiles/global_to_polar_cpp__rosidl_generator_py.dir/rosidl_generator_py/global_to_polar_cpp/msg/_polar_grid_s.c.o[0m
[2.277s] [ 77%] [32m[1mLinking C shared library rosidl_generator_py/global_to_polar_cpp/libglobal_to_polar_cpp__rosidl_generator_py.so[0m
[2.308s] [ 77%] Built target global_to_polar_cpp__rosidl_generator_py
[2.319s] [ 80%] [32mBuilding C object CMakeFiles/global_to_polar_cpp__rosidl_typesupport_introspection_c__pyext.dir/rosidl_generator_py/global_to_polar_cpp/_global_to_polar_cpp_s.ep.rosidl_typesupport_introspection_c.c.o[0m
[2.323s] [ 82%] [32mBuilding C object CMakeFiles/global_to_polar_cpp__rosidl_typesupport_fastrtps_c__pyext.dir/rosidl_generator_py/global_to_polar_cpp/_global_to_polar_cpp_s.ep.rosidl_typesupport_fastrtps_c.c.o[0m
[2.410s] [ 85%] [32m[1mLinking C shared library rosidl_generator_py/global_to_polar_cpp/global_to_polar_cpp_s__rosidl_typesupport_fastrtps_c.cpython-310-aarch64-linux-gnu.so[0m
[2.447s] [ 85%] Built target global_to_polar_cpp__rosidl_typesupport_fastrtps_c__pyext
[2.460s] [ 91%] [32m[1mLinking C shared library rosidl_generator_py/global_to_polar_cpp/global_to_polar_cpp_s__rosidl_typesupport_introspection_c.cpython-310-aarch64-linux-gnu.so[0m
[2.460s] [ 91%] [32mBuilding C object CMakeFiles/global_to_polar_cpp__rosidl_typesupport_c__pyext.dir/rosidl_generator_py/global_to_polar_cpp/_global_to_polar_cpp_s.ep.rosidl_typesupport_c.c.o[0m
[2.488s] [ 91%] Built target global_to_polar_cpp__rosidl_typesupport_introspection_c__pyext
[2.574s] [ 94%] [32m[1mLinking C shared library rosidl_generator_py/global_to_polar_cpp/global_to_polar_cpp_s__rosidl_typesupport_c.cpython-310-aarch64-linux-gnu.so[0m
[2.623s] [ 94%] Built target global_to_polar_cpp__rosidl_typesupport_c__pyext
[13.309s] [ 97%] [32m[1mLinking CXX executable global_to_polar_node[0m
[13.843s] [ 97%] Built target global_to_polar_node
[17.994s] [100%] [32m[1mLinking CXX executable data_logger_node[0m
[18.466s] [100%] Built target data_logger_node
[18.482s] Invoked command in '/home/subin/learning_code/build/global_to_polar_cpp' returned '0': AMENT_PREFIX_PATH=/home/subin/learning_code/install/planning_custom_msgs:${AMENT_PREFIX_PATH} CMAKE_PREFIX_PATH=/home/subin/learning_code/install/planning_custom_msgs:/home/subin/f1tenth_ws/install/slam_toolbox:/home/subin/f1tenth_ws/install/f1tenth_gym_ros:/opt/ros/humble LD_LIBRARY_PATH=/home/subin/learning_code/install/planning_custom_msgs/lib:${LD_LIBRARY_PATH} PYTHONPATH=/home/subin/learning_code/install/planning_custom_msgs/local/lib/python3.10/dist-packages:${PYTHONPATH} /usr/bin/cmake --build /home/subin/learning_code/build/global_to_polar_cpp -- -j4 -l4
[18.487s] Invoking command in '/home/subin/learning_code/build/global_to_polar_cpp': AMENT_PREFIX_PATH=/home/subin/learning_code/install/planning_custom_msgs:${AMENT_PREFIX_PATH} CMAKE_PREFIX_PATH=/home/subin/learning_code/install/planning_custom_msgs:/home/subin/f1tenth_ws/install/slam_toolbox:/home/subin/f1tenth_ws/install/f1tenth_gym_ros:/opt/ros/humble LD_LIBRARY_PATH=/home/subin/learning_code/install/planning_custom_msgs/lib:${LD_LIBRARY_PATH} PYTHONPATH=/home/subin/learning_code/install/planning_custom_msgs/local/lib/python3.10/dist-packages:${PYTHONPATH} /usr/bin/cmake --install /home/subin/learning_code/build/global_to_polar_cpp
[18.492s] -- Install configuration: ""
[18.493s] -- Execute custom install script
[18.493s] -- Symlinking: /home/subin/learning_code/install/global_to_polar_cpp/share/ament_index/resource_index/rosidl_interfaces/global_to_polar_cpp
[18.498s] -- Symlinking: /home/subin/learning_code/install/global_to_polar_cpp/include/global_to_polar_cpp/global_to_polar_cpp/msg/detail/polar_grid__functions.h
[18.503s] -- Symlinking: /home/subin/learning_code/install/global_to_polar_cpp/include/global_to_polar_cpp/global_to_polar_cpp/msg/detail/polar_grid__struct.h
[18.507s] -- Symlinking: /home/subin/learning_code/install/global_to_polar_cpp/include/global_to_polar_cpp/global_to_polar_cpp/msg/detail/polar_grid__type_support.h
[18.511s] -- Symlinking: /home/subin/learning_code/install/global_to_polar_cpp/include/global_to_polar_cpp/global_to_polar_cpp/msg/polar_grid.h
[18.517s] -- Symlinking: /home/subin/learning_code/install/global_to_polar_cpp/include/global_to_polar_cpp/global_to_polar_cpp/msg/rosidl_generator_c__visibility_control.h
[18.520s] -- Symlinking: /home/subin/learning_code/install/global_to_polar_cpp/share/global_to_polar_cpp/environment/library_path.sh
[18.525s] -- Symlinking: /home/subin/learning_code/install/global_to_polar_cpp/share/global_to_polar_cpp/environment/library_path.dsv
[18.529s] -- Symlinking: /home/subin/learning_code/install/global_to_polar_cpp/include/global_to_polar_cpp/global_to_polar_cpp/msg/detail/polar_grid__rosidl_typesupport_fastrtps_c.h
[18.532s] -- Symlinking: /home/subin/learning_code/install/global_to_polar_cpp/include/global_to_polar_cpp/global_to_polar_cpp/msg/rosidl_typesupport_fastrtps_c__visibility_control.h
[18.535s] -- Symlinking: /home/subin/learning_code/install/global_to_polar_cpp/include/global_to_polar_cpp/global_to_polar_cpp/msg/detail/polar_grid__builder.hpp
[18.538s] -- Symlinking: /home/subin/learning_code/install/global_to_polar_cpp/include/global_to_polar_cpp/global_to_polar_cpp/msg/detail/polar_grid__struct.hpp
[18.540s] -- Symlinking: /home/subin/learning_code/install/global_to_polar_cpp/include/global_to_polar_cpp/global_to_polar_cpp/msg/detail/polar_grid__traits.hpp
[18.543s] -- Symlinking: /home/subin/learning_code/install/global_to_polar_cpp/include/global_to_polar_cpp/global_to_polar_cpp/msg/detail/polar_grid__type_support.hpp
[18.546s] -- Symlinking: /home/subin/learning_code/install/global_to_polar_cpp/include/global_to_polar_cpp/global_to_polar_cpp/msg/polar_grid.hpp
[18.549s] -- Symlinking: /home/subin/learning_code/install/global_to_polar_cpp/include/global_to_polar_cpp/global_to_polar_cpp/msg/rosidl_generator_cpp__visibility_control.hpp
[18.552s] -- Symlinking: /home/subin/learning_code/install/global_to_polar_cpp/include/global_to_polar_cpp/global_to_polar_cpp/msg/detail/polar_grid__rosidl_typesupport_fastrtps_cpp.hpp
[18.555s] -- Symlinking: /home/subin/learning_code/install/global_to_polar_cpp/include/global_to_polar_cpp/global_to_polar_cpp/msg/rosidl_typesupport_fastrtps_cpp__visibility_control.h
[18.558s] -- Symlinking: /home/subin/learning_code/install/global_to_polar_cpp/include/global_to_polar_cpp/global_to_polar_cpp/msg/detail/polar_grid__rosidl_typesupport_introspection_c.h
[18.561s] -- Symlinking: /home/subin/learning_code/install/global_to_polar_cpp/include/global_to_polar_cpp/global_to_polar_cpp/msg/rosidl_typesupport_introspection_c__visibility_control.h
[18.564s] -- Symlinking: /home/subin/learning_code/install/global_to_polar_cpp/include/global_to_polar_cpp/global_to_polar_cpp/msg/detail/polar_grid__rosidl_typesupport_introspection_cpp.hpp
[18.567s] -- Symlinking: /home/subin/learning_code/install/global_to_polar_cpp/share/global_to_polar_cpp/environment/pythonpath.sh
[18.570s] -- Symlinking: /home/subin/learning_code/install/global_to_polar_cpp/share/global_to_polar_cpp/environment/pythonpath.dsv
[18.573s] -- Symlinking: /home/subin/learning_code/install/global_to_polar_cpp/local/lib/python3.10/dist-packages/global_to_polar_cpp-0.0.0-py3.10.egg-info/PKG-INFO
[18.576s] -- Symlinking: /home/subin/learning_code/install/global_to_polar_cpp/local/lib/python3.10/dist-packages/global_to_polar_cpp-0.0.0-py3.10.egg-info/SOURCES.txt
[18.579s] -- Symlinking: /home/subin/learning_code/install/global_to_polar_cpp/local/lib/python3.10/dist-packages/global_to_polar_cpp-0.0.0-py3.10.egg-info/dependency_links.txt
[18.582s] -- Symlinking: /home/subin/learning_code/install/global_to_polar_cpp/local/lib/python3.10/dist-packages/global_to_polar_cpp-0.0.0-py3.10.egg-info/top_level.txt
[18.586s] -- Symlinking: /home/subin/learning_code/install/global_to_polar_cpp/local/lib/python3.10/dist-packages/global_to_polar_cpp/__init__.py
[18.589s] -- Symlinking: /home/subin/learning_code/install/global_to_polar_cpp/local/lib/python3.10/dist-packages/global_to_polar_cpp/_global_to_polar_cpp_s.ep.rosidl_typesupport_c.c
[18.591s] -- Symlinking: /home/subin/learning_code/install/global_to_polar_cpp/local/lib/python3.10/dist-packages/global_to_polar_cpp/_global_to_polar_cpp_s.ep.rosidl_typesupport_fastrtps_c.c
[18.594s] -- Symlinking: /home/subin/learning_code/install/global_to_polar_cpp/local/lib/python3.10/dist-packages/global_to_polar_cpp/_global_to_polar_cpp_s.ep.rosidl_typesupport_introspection_c.c
[18.597s] -- Symlinking: /home/subin/learning_code/install/global_to_polar_cpp/local/lib/python3.10/dist-packages/global_to_polar_cpp/global_to_polar_cpp_s__rosidl_typesupport_c.cpython-310-aarch64-linux-gnu.so
[18.600s] -- Symlinking: /home/subin/learning_code/install/global_to_polar_cpp/local/lib/python3.10/dist-packages/global_to_polar_cpp/global_to_polar_cpp_s__rosidl_typesupport_fastrtps_c.cpython-310-aarch64-linux-gnu.so
[18.603s] -- Symlinking: /home/subin/learning_code/install/global_to_polar_cpp/local/lib/python3.10/dist-packages/global_to_polar_cpp/global_to_polar_cpp_s__rosidl_typesupport_introspection_c.cpython-310-aarch64-linux-gnu.so
[18.606s] -- Symlinking: /home/subin/learning_code/install/global_to_polar_cpp/local/lib/python3.10/dist-packages/global_to_polar_cpp/libglobal_to_polar_cpp__rosidl_generator_py.so
[18.609s] -- Symlinking: /home/subin/learning_code/install/global_to_polar_cpp/local/lib/python3.10/dist-packages/global_to_polar_cpp/msg/__init__.py
[18.612s] -- Symlinking: /home/subin/learning_code/install/global_to_polar_cpp/local/lib/python3.10/dist-packages/global_to_polar_cpp/msg/_polar_grid.py
[18.626s] -- Symlinking: /home/subin/learning_code/install/global_to_polar_cpp/local/lib/python3.10/dist-packages/global_to_polar_cpp/msg/_polar_grid_s.c
[18.631s] -- Up-to-date symlink: /home/subin/learning_code/install/global_to_polar_cpp/local/lib/python3.10/dist-packages/global_to_polar_cpp/global_to_polar_cpp_s__rosidl_typesupport_fastrtps_c.cpython-310-aarch64-linux-gnu.so
[18.631s] -- Up-to-date symlink: /home/subin/learning_code/install/global_to_polar_cpp/local/lib/python3.10/dist-packages/global_to_polar_cpp/global_to_polar_cpp_s__rosidl_typesupport_introspection_c.cpython-310-aarch64-linux-gnu.so
[18.631s] -- Up-to-date symlink: /home/subin/learning_code/install/global_to_polar_cpp/local/lib/python3.10/dist-packages/global_to_polar_cpp/global_to_polar_cpp_s__rosidl_typesupport_c.cpython-310-aarch64-linux-gnu.so
[18.631s] -- Symlinking: /home/subin/learning_code/install/global_to_polar_cpp/share/global_to_polar_cpp/msg/PolarGrid.idl
[18.634s] -- Symlinking: /home/subin/learning_code/install/global_to_polar_cpp/share/global_to_polar_cpp/msg/PolarGrid.msg
[18.637s] -- Symlinking: /home/subin/learning_code/install/global_to_polar_cpp/lib/global_to_polar_cpp/global_to_polar_node
[18.640s] -- Symlinking: /home/subin/learning_code/install/global_to_polar_cpp/lib/global_to_polar_cpp/data_logger_node
[18.643s] -- Symlinking: /home/subin/learning_code/install/global_to_polar_cpp/share/ament_index/resource_index/package_run_dependencies/global_to_polar_cpp
[18.646s] -- Symlinking: /home/subin/learning_code/install/global_to_polar_cpp/share/ament_index/resource_index/parent_prefix_path/global_to_polar_cpp
[18.650s] -- Symlinking: /home/subin/learning_code/install/global_to_polar_cpp/share/global_to_polar_cpp/environment/ament_prefix_path.sh
[18.652s] -- Symlinking: /home/subin/learning_code/install/global_to_polar_cpp/share/global_to_polar_cpp/environment/ament_prefix_path.dsv
[18.655s] -- Symlinking: /home/subin/learning_code/install/global_to_polar_cpp/share/global_to_polar_cpp/environment/path.sh
[18.658s] -- Symlinking: /home/subin/learning_code/install/global_to_polar_cpp/share/global_to_polar_cpp/environment/path.dsv
[18.661s] -- Symlinking: /home/subin/learning_code/install/global_to_polar_cpp/share/global_to_polar_cpp/local_setup.bash
[18.664s] -- Symlinking: /home/subin/learning_code/install/global_to_polar_cpp/share/global_to_polar_cpp/local_setup.sh
[18.667s] -- Symlinking: /home/subin/learning_code/install/global_to_polar_cpp/share/global_to_polar_cpp/local_setup.zsh
[18.670s] -- Symlinking: /home/subin/learning_code/install/global_to_polar_cpp/share/global_to_polar_cpp/local_setup.dsv
[18.673s] -- Symlinking: /home/subin/learning_code/install/global_to_polar_cpp/share/global_to_polar_cpp/package.dsv
[18.676s] -- Symlinking: /home/subin/learning_code/install/global_to_polar_cpp/share/ament_index/resource_index/packages/global_to_polar_cpp
[18.679s] -- Symlinking: /home/subin/learning_code/install/global_to_polar_cpp/share/global_to_polar_cpp/cmake/rosidl_cmake-extras.cmake
[18.682s] -- Symlinking: /home/subin/learning_code/install/global_to_polar_cpp/share/global_to_polar_cpp/cmake/ament_cmake_export_dependencies-extras.cmake
[18.685s] -- Symlinking: /home/subin/learning_code/install/global_to_polar_cpp/share/global_to_polar_cpp/cmake/ament_cmake_export_include_directories-extras.cmake
[18.688s] -- Symlinking: /home/subin/learning_code/install/global_to_polar_cpp/share/global_to_polar_cpp/cmake/ament_cmake_export_libraries-extras.cmake
[18.691s] -- Symlinking: /home/subin/learning_code/install/global_to_polar_cpp/share/global_to_polar_cpp/cmake/ament_cmake_export_targets-extras.cmake
[18.695s] -- Symlinking: /home/subin/learning_code/install/global_to_polar_cpp/share/global_to_polar_cpp/cmake/rosidl_cmake_export_typesupport_targets-extras.cmake
[18.699s] -- Symlinking: /home/subin/learning_code/install/global_to_polar_cpp/share/global_to_polar_cpp/cmake/rosidl_cmake_export_typesupport_libraries-extras.cmake
[18.702s] -- Symlinking: /home/subin/learning_code/install/global_to_polar_cpp/share/global_to_polar_cpp/cmake/global_to_polar_cppConfig.cmake
[18.705s] -- Symlinking: /home/subin/learning_code/install/global_to_polar_cpp/share/global_to_polar_cpp/cmake/global_to_polar_cppConfig-version.cmake
[18.707s] -- Symlinking: /home/subin/learning_code/install/global_to_polar_cpp/share/global_to_polar_cpp/package.xml
[18.711s] -- Installing: /home/subin/learning_code/install/global_to_polar_cpp/lib/libglobal_to_polar_cpp__rosidl_generator_c.so
[18.711s] -- Set runtime path of "/home/subin/learning_code/install/global_to_polar_cpp/lib/libglobal_to_polar_cpp__rosidl_generator_c.so" to ""
[18.711s] -- Installing: /home/subin/learning_code/install/global_to_polar_cpp/lib/libglobal_to_polar_cpp__rosidl_typesupport_fastrtps_c.so
[18.711s] -- Set runtime path of "/home/subin/learning_code/install/global_to_polar_cpp/lib/libglobal_to_polar_cpp__rosidl_typesupport_fastrtps_c.so" to ""
[18.711s] -- Installing: /home/subin/learning_code/install/global_to_polar_cpp/lib/libglobal_to_polar_cpp__rosidl_typesupport_fastrtps_cpp.so
[18.711s] -- Set runtime path of "/home/subin/learning_code/install/global_to_polar_cpp/lib/libglobal_to_polar_cpp__rosidl_typesupport_fastrtps_cpp.so" to ""
[18.711s] -- Installing: /home/subin/learning_code/install/global_to_polar_cpp/lib/libglobal_to_polar_cpp__rosidl_typesupport_introspection_c.so
[18.712s] -- Set runtime path of "/home/subin/learning_code/install/global_to_polar_cpp/lib/libglobal_to_polar_cpp__rosidl_typesupport_introspection_c.so" to ""
[18.712s] -- Installing: /home/subin/learning_code/install/global_to_polar_cpp/lib/libglobal_to_polar_cpp__rosidl_typesupport_c.so
[18.712s] -- Set runtime path of "/home/subin/learning_code/install/global_to_polar_cpp/lib/libglobal_to_polar_cpp__rosidl_typesupport_c.so" to ""
[18.712s] -- Installing: /home/subin/learning_code/install/global_to_polar_cpp/lib/libglobal_to_polar_cpp__rosidl_typesupport_introspection_cpp.so
[18.713s] -- Set runtime path of "/home/subin/learning_code/install/global_to_polar_cpp/lib/libglobal_to_polar_cpp__rosidl_typesupport_introspection_cpp.so" to ""
[18.713s] -- Installing: /home/subin/learning_code/install/global_to_polar_cpp/lib/libglobal_to_polar_cpp__rosidl_typesupport_cpp.so
[18.713s] -- Set runtime path of "/home/subin/learning_code/install/global_to_polar_cpp/lib/libglobal_to_polar_cpp__rosidl_typesupport_cpp.so" to ""
[18.744s] Listing '/home/subin/learning_code/install/global_to_polar_cpp/local/lib/python3.10/dist-packages/global_to_polar_cpp'...
[18.744s] Compiling '/home/subin/learning_code/install/global_to_polar_cpp/local/lib/python3.10/dist-packages/global_to_polar_cpp/__init__.py'...
[18.744s] Listing '/home/subin/learning_code/install/global_to_polar_cpp/local/lib/python3.10/dist-packages/global_to_polar_cpp/msg'...
[18.744s] Compiling '/home/subin/learning_code/install/global_to_polar_cpp/local/lib/python3.10/dist-packages/global_to_polar_cpp/msg/__init__.py'...
[18.744s] Compiling '/home/subin/learning_code/install/global_to_polar_cpp/local/lib/python3.10/dist-packages/global_to_polar_cpp/msg/_polar_grid.py'...
[18.747s] -- Installing: /home/subin/learning_code/install/global_to_polar_cpp/lib/libglobal_to_polar_cpp__rosidl_generator_py.so
[18.747s] -- Set runtime path of "/home/subin/learning_code/install/global_to_polar_cpp/lib/libglobal_to_polar_cpp__rosidl_generator_py.so" to ""
[18.747s] -- Installing: /home/subin/learning_code/install/global_to_polar_cpp/share/global_to_polar_cpp/cmake/export_global_to_polar_cpp__rosidl_generator_cExport.cmake
[18.747s] -- Installing: /home/subin/learning_code/install/global_to_polar_cpp/share/global_to_polar_cpp/cmake/export_global_to_polar_cpp__rosidl_generator_cExport-noconfig.cmake
[18.748s] -- Installing: /home/subin/learning_code/install/global_to_polar_cpp/share/global_to_polar_cpp/cmake/export_global_to_polar_cpp__rosidl_typesupport_fastrtps_cExport.cmake
[18.748s] -- Installing: /home/subin/learning_code/install/global_to_polar_cpp/share/global_to_polar_cpp/cmake/export_global_to_polar_cpp__rosidl_typesupport_fastrtps_cExport-noconfig.cmake
[18.748s] -- Installing: /home/subin/learning_code/install/global_to_polar_cpp/share/global_to_polar_cpp/cmake/export_global_to_polar_cpp__rosidl_generator_cppExport.cmake
[18.748s] -- Installing: /home/subin/learning_code/install/global_to_polar_cpp/share/global_to_polar_cpp/cmake/export_global_to_polar_cpp__rosidl_typesupport_fastrtps_cppExport.cmake
[18.748s] -- Installing: /home/subin/learning_code/install/global_to_polar_cpp/share/global_to_polar_cpp/cmake/export_global_to_polar_cpp__rosidl_typesupport_fastrtps_cppExport-noconfig.cmake
[18.748s] -- Installing: /home/subin/learning_code/install/global_to_polar_cpp/share/global_to_polar_cpp/cmake/global_to_polar_cpp__rosidl_typesupport_introspection_cExport.cmake
[18.748s] -- Installing: /home/subin/learning_code/install/global_to_polar_cpp/share/global_to_polar_cpp/cmake/global_to_polar_cpp__rosidl_typesupport_introspection_cExport-noconfig.cmake
[18.749s] -- Installing: /home/subin/learning_code/install/global_to_polar_cpp/share/global_to_polar_cpp/cmake/global_to_polar_cpp__rosidl_typesupport_cExport.cmake
[18.749s] -- Installing: /home/subin/learning_code/install/global_to_polar_cpp/share/global_to_polar_cpp/cmake/global_to_polar_cpp__rosidl_typesupport_cExport-noconfig.cmake
[18.749s] -- Installing: /home/subin/learning_code/install/global_to_polar_cpp/share/global_to_polar_cpp/cmake/global_to_polar_cpp__rosidl_typesupport_introspection_cppExport.cmake
[18.749s] -- Installing: /home/subin/learning_code/install/global_to_polar_cpp/share/global_to_polar_cpp/cmake/global_to_polar_cpp__rosidl_typesupport_introspection_cppExport-noconfig.cmake
[18.749s] -- Installing: /home/subin/learning_code/install/global_to_polar_cpp/share/global_to_polar_cpp/cmake/global_to_polar_cpp__rosidl_typesupport_cppExport.cmake
[18.749s] -- Installing: /home/subin/learning_code/install/global_to_polar_cpp/share/global_to_polar_cpp/cmake/global_to_polar_cpp__rosidl_typesupport_cppExport-noconfig.cmake
[18.749s] -- Installing: /home/subin/learning_code/install/global_to_polar_cpp/share/global_to_polar_cpp/cmake/export_global_to_polar_cpp__rosidl_generator_pyExport.cmake
[18.749s] -- Installing: /home/subin/learning_code/install/global_to_polar_cpp/share/global_to_polar_cpp/cmake/export_global_to_polar_cpp__rosidl_generator_pyExport-noconfig.cmake
[18.752s] Invoked command in '/home/subin/learning_code/build/global_to_polar_cpp' returned '0': AMENT_PREFIX_PATH=/home/subin/learning_code/install/planning_custom_msgs:${AMENT_PREFIX_PATH} CMAKE_PREFIX_PATH=/home/subin/learning_code/install/planning_custom_msgs:/home/subin/f1tenth_ws/install/slam_toolbox:/home/subin/f1tenth_ws/install/f1tenth_gym_ros:/opt/ros/humble LD_LIBRARY_PATH=/home/subin/learning_code/install/planning_custom_msgs/lib:${LD_LIBRARY_PATH} PYTHONPATH=/home/subin/learning_code/install/planning_custom_msgs/local/lib/python3.10/dist-packages:${PYTHONPATH} /usr/bin/cmake --install /home/subin/learning_code/build/global_to_polar_cpp
