-- The C compiler identification is GNU 11.4.0
-- The CXX compiler identification is GNU 11.4.0
-- Detecting C compiler ABI info
-- Detecting C compiler ABI info - done
-- Check for working C compiler: /usr/bin/cc - skipped
-- Detecting C compile features
-- Detecting C compile features - done
-- Detecting CXX compiler ABI info
-- Detecting CXX compiler ABI info - done
-- Check for working CXX compiler: /usr/bin/c++ - skipped
-- Detecting CXX compile features
-- Detecting CXX compile features - done
-- Found ament_cmake: 1.3.12 (/opt/ros/humble/share/ament_cmake/cmake)
-- Found Python3: /home/yongwoo/anaconda3/envs/ros_env/bin/python3 (found version "3.10.18") found components: Interpreter 
-- Found rclcpp: 16.0.14 (/opt/ros/humble/share/rclcpp/cmake)
-- Found rosidl_generator_c: 3.1.7 (/opt/ros/humble/share/rosidl_generator_c/cmake)
-- Found rosidl_adapter: 3.1.7 (/opt/ros/humble/share/rosidl_adapter/cmake)
-- Found rosidl_generator_cpp: 3.1.7 (/opt/ros/humble/share/rosidl_generator_cpp/cmake)
-- Using all available rosidl_typesupport_c: rosidl_typesupport_fastrtps_c;rosidl_typesupport_introspection_c
-- Using all available rosidl_typesupport_cpp: rosidl_typesupport_fastrtps_cpp;rosidl_typesupport_introspection_cpp
-- Found rmw_implementation_cmake: 6.1.2 (/opt/ros/humble/share/rmw_implementation_cmake/cmake)
-- Found rmw_fastrtps_cpp: 6.2.8 (/opt/ros/humble/share/rmw_fastrtps_cpp/cmake)
-- Found OpenSSL: /usr/lib/x86_64-linux-gnu/libcrypto.so (found version "3.0.2")  
-- Found FastRTPS: /opt/ros/humble/include  
-- Using RMW implementation 'rmw_fastrtps_cpp' as default
-- Looking for pthread.h
-- Looking for pthread.h - found
-- Performing Test CMAKE_HAVE_LIBC_PTHREAD
-- Performing Test CMAKE_HAVE_LIBC_PTHREAD - Success
-- Found Threads: TRUE  
-- Found rclpy: 3.3.17 (/opt/ros/humble/share/rclpy/cmake)
-- Found nav_msgs: 4.9.0 (/opt/ros/humble/share/nav_msgs/cmake)
-- Found sensor_msgs: 4.9.0 (/opt/ros/humble/share/sensor_msgs/cmake)
-- Found tf2: 0.25.15 (/opt/ros/humble/share/tf2/cmake)
-- Found rosidl_default_generators: 1.2.0 (/opt/ros/humble/share/rosidl_default_generators/cmake)
-- Found planning_custom_msgs: 1.0.0 (/home/yongwoo/sim_ws/install/planning_custom_msgs/share/planning_custom_msgs/cmake)
-- Found ament_cmake_ros: 0.10.0 (/opt/ros/humble/share/ament_cmake_ros/cmake)
-- Using all available rosidl_typesupport_c: rosidl_typesupport_fastrtps_c;rosidl_typesupport_introspection_c
-- Using all available rosidl_typesupport_cpp: rosidl_typesupport_fastrtps_cpp;rosidl_typesupport_introspection_cpp
-- Found PythonInterp: /home/yongwoo/anaconda3/envs/ros_env/bin/python3 (found suitable version "3.10.18", minimum required is "3.6") 
-- Found python_cmake_module: 0.10.0 (/opt/ros/humble/share/python_cmake_module/cmake)
-- Found PythonLibs: /home/yongwoo/anaconda3/envs/ros_env/lib/libpython3.10.so (found suitable version "3.10.18", minimum required is "3.5") 
-- Using PYTHON_EXECUTABLE: /home/yongwoo/anaconda3/envs/ros_env/bin/python3
-- Using PYTHON_INCLUDE_DIRS: /home/yongwoo/anaconda3/envs/ros_env/include/python3.10
-- Using PYTHON_LIBRARIES: /home/yongwoo/anaconda3/envs/ros_env/lib/libpython3.10.so
-- Found PythonExtra: .so  
-- Using numpy include directory: /home/yongwoo/.local/lib/python3.10/site-packages/numpy/core/include
-- Configuring done
[33mCMake Warning at /opt/ros/humble/share/rosidl_generator_py/cmake/rosidl_generator_py_generate_interfaces.cmake:166 (add_library):
  Cannot generate a safe runtime search path for target
  global_to_polar_cpp__rosidl_generator_py because files in some directories
  may conflict with libraries in implicit directories:

    runtime library [libpython3.10.so.1.0] in /usr/lib/x86_64-linux-gnu may be hidden by files in:
      /home/yongwoo/anaconda3/envs/ros_env/lib

  Some of these libraries may not be found correctly.
Call Stack (most recent call first):
  /opt/ros/humble/share/ament_cmake_core/cmake/core/ament_execute_extensions.cmake:48 (include)
  /opt/ros/humble/share/rosidl_cmake/cmake/rosidl_generate_interfaces.cmake:286 (ament_execute_extensions)
  CMakeLists.txt:21 (rosidl_generate_interfaces)

[0m
[33mCMake Warning at /opt/ros/humble/share/rosidl_generator_py/cmake/rosidl_generator_py_generate_interfaces.cmake:226 (add_library):
  Cannot generate a safe runtime search path for target
  global_to_polar_cpp__rosidl_typesupport_fastrtps_c__pyext because files in
  some directories may conflict with libraries in implicit directories:

    runtime library [libpython3.10.so.1.0] in /usr/lib/x86_64-linux-gnu may be hidden by files in:
      /home/yongwoo/anaconda3/envs/ros_env/lib

  Some of these libraries may not be found correctly.
Call Stack (most recent call first):
  /opt/ros/humble/share/ament_cmake_core/cmake/core/ament_execute_extensions.cmake:48 (include)
  /opt/ros/humble/share/rosidl_cmake/cmake/rosidl_generate_interfaces.cmake:286 (ament_execute_extensions)
  CMakeLists.txt:21 (rosidl_generate_interfaces)

[0m
[33mCMake Warning at /opt/ros/humble/share/rosidl_generator_py/cmake/rosidl_generator_py_generate_interfaces.cmake:226 (add_library):
  Cannot generate a safe runtime search path for target
  global_to_polar_cpp__rosidl_typesupport_introspection_c__pyext because
  files in some directories may conflict with libraries in implicit
  directories:

    runtime library [libpython3.10.so.1.0] in /usr/lib/x86_64-linux-gnu may be hidden by files in:
      /home/yongwoo/anaconda3/envs/ros_env/lib

  Some of these libraries may not be found correctly.
Call Stack (most recent call first):
  /opt/ros/humble/share/ament_cmake_core/cmake/core/ament_execute_extensions.cmake:48 (include)
  /opt/ros/humble/share/rosidl_cmake/cmake/rosidl_generate_interfaces.cmake:286 (ament_execute_extensions)
  CMakeLists.txt:21 (rosidl_generate_interfaces)

[0m
[33mCMake Warning at /opt/ros/humble/share/rosidl_generator_py/cmake/rosidl_generator_py_generate_interfaces.cmake:226 (add_library):
  Cannot generate a safe runtime search path for target
  global_to_polar_cpp__rosidl_typesupport_c__pyext because files in some
  directories may conflict with libraries in implicit directories:

    runtime library [libpython3.10.so.1.0] in /usr/lib/x86_64-linux-gnu may be hidden by files in:
      /home/yongwoo/anaconda3/envs/ros_env/lib

  Some of these libraries may not be found correctly.
Call Stack (most recent call first):
  /opt/ros/humble/share/ament_cmake_core/cmake/core/ament_execute_extensions.cmake:48 (include)
  /opt/ros/humble/share/rosidl_cmake/cmake/rosidl_generate_interfaces.cmake:286 (ament_execute_extensions)
  CMakeLists.txt:21 (rosidl_generate_interfaces)

[0m
[33mCMake Warning at CMakeLists.txt:43 (add_executable):
  Cannot generate a safe runtime search path for target data_logger_node
  because files in some directories may conflict with libraries in implicit
  directories:

    runtime library [libpython3.10.so.1.0] in /usr/lib/x86_64-linux-gnu may be hidden by files in:
      /home/yongwoo/anaconda3/envs/ros_env/lib

  Some of these libraries may not be found correctly.

[0m
-- Generating done
-- Build files have been written to: /home/yongwoo/sim_ws/build/global_to_polar_cpp
[  2%] [34m[1mGenerating C code for ROS interfaces[0m
[  5%] [34m[1mGenerating C++ code for ROS interfaces[0m
[  5%] Built target ament_cmake_python_copy_global_to_polar_cpp
running egg_info
creating global_to_polar_cpp.egg-info
writing global_to_polar_cpp.egg-info/PKG-INFO
writing dependency_links to global_to_polar_cpp.egg-info/dependency_links.txt
writing top-level names to global_to_polar_cpp.egg-info/top_level.txt
writing manifest file 'global_to_polar_cpp.egg-info/SOURCES.txt'
reading manifest file 'global_to_polar_cpp.egg-info/SOURCES.txt'
writing manifest file 'global_to_polar_cpp.egg-info/SOURCES.txt'
[  5%] Built target global_to_polar_cpp__cpp
[  8%] [32mBuilding C object CMakeFiles/global_to_polar_cpp__rosidl_generator_c.dir/rosidl_generator_c/global_to_polar_cpp/msg/detail/polar_grid__functions.c.o[0m
[ 11%] [34m[1mGenerating C++ type support dispatch for ROS interfaces[0m
[ 11%] Built target ament_cmake_python_build_global_to_polar_cpp_egg
[ 14%] [34m[1mGenerating C++ type support for eProsima Fast-RTPS[0m
[ 17%] [34m[1mGenerating C++ introspection for ROS interfaces[0m
[ 20%] [32m[1mLinking C shared library libglobal_to_polar_cpp__rosidl_generator_c.so[0m
[ 20%] Built target global_to_polar_cpp__rosidl_generator_c
[ 22%] [34m[1mGenerating C type support for eProsima Fast-RTPS[0m
[ 25%] [34m[1mGenerating C type support dispatch for ROS interfaces[0m
[ 28%] [34m[1mGenerating C introspection for ROS interfaces[0m
[ 31%] [32mBuilding CXX object CMakeFiles/global_to_polar_cpp__rosidl_typesupport_cpp.dir/rosidl_typesupport_cpp/global_to_polar_cpp/msg/polar_grid__type_support.cpp.o[0m
[ 34%] [32mBuilding CXX object CMakeFiles/global_to_polar_cpp__rosidl_typesupport_introspection_cpp.dir/rosidl_typesupport_introspection_cpp/global_to_polar_cpp/msg/detail/polar_grid__type_support.cpp.o[0m
[ 37%] [32mBuilding CXX object CMakeFiles/global_to_polar_cpp__rosidl_typesupport_fastrtps_cpp.dir/rosidl_typesupport_fastrtps_cpp/global_to_polar_cpp/msg/detail/dds_fastrtps/polar_grid__type_support.cpp.o[0m
[ 40%] [32mBuilding CXX object CMakeFiles/global_to_polar_cpp__rosidl_typesupport_fastrtps_c.dir/rosidl_typesupport_fastrtps_c/global_to_polar_cpp/msg/detail/polar_grid__type_support_c.cpp.o[0m
[ 42%] [32mBuilding C object CMakeFiles/global_to_polar_cpp__rosidl_typesupport_introspection_c.dir/rosidl_typesupport_introspection_c/global_to_polar_cpp/msg/detail/polar_grid__type_support.c.o[0m
[ 45%] [32mBuilding CXX object CMakeFiles/global_to_polar_cpp__rosidl_typesupport_c.dir/rosidl_typesupport_c/global_to_polar_cpp/msg/polar_grid__type_support.cpp.o[0m
[ 48%] [32m[1mLinking CXX shared library libglobal_to_polar_cpp__rosidl_typesupport_cpp.so[0m
[ 51%] [32m[1mLinking CXX shared library libglobal_to_polar_cpp__rosidl_typesupport_c.so[0m
[ 54%] [32m[1mLinking C shared library libglobal_to_polar_cpp__rosidl_typesupport_introspection_c.so[0m
[ 54%] Built target global_to_polar_cpp__rosidl_typesupport_cpp
[ 54%] Built target global_to_polar_cpp__rosidl_typesupport_c
[ 54%] Built target global_to_polar_cpp__rosidl_typesupport_introspection_c
[ 57%] [32mBuilding CXX object CMakeFiles/data_logger_node.dir/src/dataLoggerNode.cpp.o[0m
[ 60%] [32mBuilding CXX object CMakeFiles/global_to_polar_node.dir/src/globToPolar.cpp.o[0m
[ 62%] [32m[1mLinking CXX shared library libglobal_to_polar_cpp__rosidl_typesupport_introspection_cpp.so[0m
[ 65%] [32m[1mLinking CXX shared library libglobal_to_polar_cpp__rosidl_typesupport_fastrtps_cpp.so[0m
[ 68%] [32m[1mLinking CXX shared library libglobal_to_polar_cpp__rosidl_typesupport_fastrtps_c.so[0m
[ 68%] Built target global_to_polar_cpp__rosidl_typesupport_introspection_cpp
[ 68%] Built target global_to_polar_cpp__rosidl_typesupport_fastrtps_cpp
[ 68%] Built target global_to_polar_cpp__rosidl_typesupport_fastrtps_c
[ 68%] Built target global_to_polar_cpp
[ 71%] [34m[1mGenerating Python code for ROS interfaces[0m
[ 71%] Built target global_to_polar_cpp__py
[ 74%] [32mBuilding C object CMakeFiles/global_to_polar_cpp__rosidl_generator_py.dir/rosidl_generator_py/global_to_polar_cpp/msg/_polar_grid_s.c.o[0m
[ 77%] [32m[1mLinking C shared library rosidl_generator_py/global_to_polar_cpp/libglobal_to_polar_cpp__rosidl_generator_py.so[0m
[ 77%] Built target global_to_polar_cpp__rosidl_generator_py
[ 80%] [32mBuilding C object CMakeFiles/global_to_polar_cpp__rosidl_typesupport_c__pyext.dir/rosidl_generator_py/global_to_polar_cpp/_global_to_polar_cpp_s.ep.rosidl_typesupport_c.c.o[0m
[ 82%] [32mBuilding C object CMakeFiles/global_to_polar_cpp__rosidl_typesupport_introspection_c__pyext.dir/rosidl_generator_py/global_to_polar_cpp/_global_to_polar_cpp_s.ep.rosidl_typesupport_introspection_c.c.o[0m
[ 85%] [32mBuilding C object CMakeFiles/global_to_polar_cpp__rosidl_typesupport_fastrtps_c__pyext.dir/rosidl_generator_py/global_to_polar_cpp/_global_to_polar_cpp_s.ep.rosidl_typesupport_fastrtps_c.c.o[0m
[ 88%] [32m[1mLinking C shared library rosidl_generator_py/global_to_polar_cpp/global_to_polar_cpp_s__rosidl_typesupport_c.cpython-310-x86_64-linux-gnu.so[0m
[ 91%] [32m[1mLinking C shared library rosidl_generator_py/global_to_polar_cpp/global_to_polar_cpp_s__rosidl_typesupport_introspection_c.cpython-310-x86_64-linux-gnu.so[0m
[ 94%] [32m[1mLinking C shared library rosidl_generator_py/global_to_polar_cpp/global_to_polar_cpp_s__rosidl_typesupport_fastrtps_c.cpython-310-x86_64-linux-gnu.so[0m
[ 94%] Built target global_to_polar_cpp__rosidl_typesupport_c__pyext
[ 94%] Built target global_to_polar_cpp__rosidl_typesupport_introspection_c__pyext
[ 94%] Built target global_to_polar_cpp__rosidl_typesupport_fastrtps_c__pyext
[ 97%] [32m[1mLinking CXX executable global_to_polar_node[0m
[ 97%] Built target global_to_polar_node
[100%] [32m[1mLinking CXX executable data_logger_node[0m
[100%] Built target data_logger_node
-- Install configuration: ""
-- Installing: /home/yongwoo/sim_ws/install/global_to_polar_cpp/share/ament_index/resource_index/rosidl_interfaces/global_to_polar_cpp
-- Installing: /home/yongwoo/sim_ws/install/global_to_polar_cpp/include/global_to_polar_cpp/global_to_polar_cpp
-- Installing: /home/yongwoo/sim_ws/install/global_to_polar_cpp/include/global_to_polar_cpp/global_to_polar_cpp/msg
-- Installing: /home/yongwoo/sim_ws/install/global_to_polar_cpp/include/global_to_polar_cpp/global_to_polar_cpp/msg/detail
-- Installing: /home/yongwoo/sim_ws/install/global_to_polar_cpp/include/global_to_polar_cpp/global_to_polar_cpp/msg/detail/polar_grid__functions.c
-- Installing: /home/yongwoo/sim_ws/install/global_to_polar_cpp/include/global_to_polar_cpp/global_to_polar_cpp/msg/detail/polar_grid__functions.h
-- Installing: /home/yongwoo/sim_ws/install/global_to_polar_cpp/include/global_to_polar_cpp/global_to_polar_cpp/msg/detail/polar_grid__struct.h
-- Installing: /home/yongwoo/sim_ws/install/global_to_polar_cpp/include/global_to_polar_cpp/global_to_polar_cpp/msg/detail/polar_grid__type_support.h
-- Installing: /home/yongwoo/sim_ws/install/global_to_polar_cpp/include/global_to_polar_cpp/global_to_polar_cpp/msg/rosidl_generator_c__visibility_control.h
-- Installing: /home/yongwoo/sim_ws/install/global_to_polar_cpp/include/global_to_polar_cpp/global_to_polar_cpp/msg/polar_grid.h
-- Installing: /home/yongwoo/sim_ws/install/global_to_polar_cpp/share/global_to_polar_cpp/environment/library_path.sh
-- Installing: /home/yongwoo/sim_ws/install/global_to_polar_cpp/share/global_to_polar_cpp/environment/library_path.dsv
-- Installing: /home/yongwoo/sim_ws/install/global_to_polar_cpp/lib/libglobal_to_polar_cpp__rosidl_generator_c.so
-- Set runtime path of "/home/yongwoo/sim_ws/install/global_to_polar_cpp/lib/libglobal_to_polar_cpp__rosidl_generator_c.so" to ""
-- Up-to-date: /home/yongwoo/sim_ws/install/global_to_polar_cpp/include/global_to_polar_cpp/global_to_polar_cpp
-- Up-to-date: /home/yongwoo/sim_ws/install/global_to_polar_cpp/include/global_to_polar_cpp/global_to_polar_cpp/msg
-- Up-to-date: /home/yongwoo/sim_ws/install/global_to_polar_cpp/include/global_to_polar_cpp/global_to_polar_cpp/msg/detail
-- Installing: /home/yongwoo/sim_ws/install/global_to_polar_cpp/include/global_to_polar_cpp/global_to_polar_cpp/msg/detail/polar_grid__rosidl_typesupport_fastrtps_c.h
-- Installing: /home/yongwoo/sim_ws/install/global_to_polar_cpp/include/global_to_polar_cpp/global_to_polar_cpp/msg/rosidl_typesupport_fastrtps_c__visibility_control.h
-- Installing: /home/yongwoo/sim_ws/install/global_to_polar_cpp/lib/libglobal_to_polar_cpp__rosidl_typesupport_fastrtps_c.so
-- Set runtime path of "/home/yongwoo/sim_ws/install/global_to_polar_cpp/lib/libglobal_to_polar_cpp__rosidl_typesupport_fastrtps_c.so" to ""
-- Up-to-date: /home/yongwoo/sim_ws/install/global_to_polar_cpp/include/global_to_polar_cpp/global_to_polar_cpp
-- Up-to-date: /home/yongwoo/sim_ws/install/global_to_polar_cpp/include/global_to_polar_cpp/global_to_polar_cpp/msg
-- Up-to-date: /home/yongwoo/sim_ws/install/global_to_polar_cpp/include/global_to_polar_cpp/global_to_polar_cpp/msg/detail
-- Installing: /home/yongwoo/sim_ws/install/global_to_polar_cpp/include/global_to_polar_cpp/global_to_polar_cpp/msg/detail/polar_grid__traits.hpp
-- Installing: /home/yongwoo/sim_ws/install/global_to_polar_cpp/include/global_to_polar_cpp/global_to_polar_cpp/msg/detail/polar_grid__struct.hpp
-- Installing: /home/yongwoo/sim_ws/install/global_to_polar_cpp/include/global_to_polar_cpp/global_to_polar_cpp/msg/detail/polar_grid__builder.hpp
-- Installing: /home/yongwoo/sim_ws/install/global_to_polar_cpp/include/global_to_polar_cpp/global_to_polar_cpp/msg/detail/polar_grid__type_support.hpp
-- Installing: /home/yongwoo/sim_ws/install/global_to_polar_cpp/include/global_to_polar_cpp/global_to_polar_cpp/msg/polar_grid.hpp
-- Installing: /home/yongwoo/sim_ws/install/global_to_polar_cpp/include/global_to_polar_cpp/global_to_polar_cpp/msg/rosidl_generator_cpp__visibility_control.hpp
-- Up-to-date: /home/yongwoo/sim_ws/install/global_to_polar_cpp/include/global_to_polar_cpp/global_to_polar_cpp
-- Up-to-date: /home/yongwoo/sim_ws/install/global_to_polar_cpp/include/global_to_polar_cpp/global_to_polar_cpp/msg
-- Up-to-date: /home/yongwoo/sim_ws/install/global_to_polar_cpp/include/global_to_polar_cpp/global_to_polar_cpp/msg/detail
-- Installing: /home/yongwoo/sim_ws/install/global_to_polar_cpp/include/global_to_polar_cpp/global_to_polar_cpp/msg/detail/polar_grid__rosidl_typesupport_fastrtps_cpp.hpp
-- Installing: /home/yongwoo/sim_ws/install/global_to_polar_cpp/include/global_to_polar_cpp/global_to_polar_cpp/msg/detail/dds_fastrtps
-- Installing: /home/yongwoo/sim_ws/install/global_to_polar_cpp/include/global_to_polar_cpp/global_to_polar_cpp/msg/rosidl_typesupport_fastrtps_cpp__visibility_control.h
-- Installing: /home/yongwoo/sim_ws/install/global_to_polar_cpp/lib/libglobal_to_polar_cpp__rosidl_typesupport_fastrtps_cpp.so
-- Set runtime path of "/home/yongwoo/sim_ws/install/global_to_polar_cpp/lib/libglobal_to_polar_cpp__rosidl_typesupport_fastrtps_cpp.so" to ""
-- Up-to-date: /home/yongwoo/sim_ws/install/global_to_polar_cpp/include/global_to_polar_cpp/global_to_polar_cpp
-- Up-to-date: /home/yongwoo/sim_ws/install/global_to_polar_cpp/include/global_to_polar_cpp/global_to_polar_cpp/msg
-- Up-to-date: /home/yongwoo/sim_ws/install/global_to_polar_cpp/include/global_to_polar_cpp/global_to_polar_cpp/msg/detail
-- Installing: /home/yongwoo/sim_ws/install/global_to_polar_cpp/include/global_to_polar_cpp/global_to_polar_cpp/msg/detail/polar_grid__rosidl_typesupport_introspection_c.h
-- Installing: /home/yongwoo/sim_ws/install/global_to_polar_cpp/include/global_to_polar_cpp/global_to_polar_cpp/msg/detail/polar_grid__type_support.c
-- Installing: /home/yongwoo/sim_ws/install/global_to_polar_cpp/include/global_to_polar_cpp/global_to_polar_cpp/msg/rosidl_typesupport_introspection_c__visibility_control.h
-- Installing: /home/yongwoo/sim_ws/install/global_to_polar_cpp/lib/libglobal_to_polar_cpp__rosidl_typesupport_introspection_c.so
-- Set runtime path of "/home/yongwoo/sim_ws/install/global_to_polar_cpp/lib/libglobal_to_polar_cpp__rosidl_typesupport_introspection_c.so" to ""
-- Installing: /home/yongwoo/sim_ws/install/global_to_polar_cpp/lib/libglobal_to_polar_cpp__rosidl_typesupport_c.so
-- Set runtime path of "/home/yongwoo/sim_ws/install/global_to_polar_cpp/lib/libglobal_to_polar_cpp__rosidl_typesupport_c.so" to ""
-- Up-to-date: /home/yongwoo/sim_ws/install/global_to_polar_cpp/include/global_to_polar_cpp/global_to_polar_cpp
-- Up-to-date: /home/yongwoo/sim_ws/install/global_to_polar_cpp/include/global_to_polar_cpp/global_to_polar_cpp/msg
-- Up-to-date: /home/yongwoo/sim_ws/install/global_to_polar_cpp/include/global_to_polar_cpp/global_to_polar_cpp/msg/detail
-- Installing: /home/yongwoo/sim_ws/install/global_to_polar_cpp/include/global_to_polar_cpp/global_to_polar_cpp/msg/detail/polar_grid__rosidl_typesupport_introspection_cpp.hpp
-- Installing: /home/yongwoo/sim_ws/install/global_to_polar_cpp/include/global_to_polar_cpp/global_to_polar_cpp/msg/detail/polar_grid__type_support.cpp
-- Installing: /home/yongwoo/sim_ws/install/global_to_polar_cpp/lib/libglobal_to_polar_cpp__rosidl_typesupport_introspection_cpp.so
-- Set runtime path of "/home/yongwoo/sim_ws/install/global_to_polar_cpp/lib/libglobal_to_polar_cpp__rosidl_typesupport_introspection_cpp.so" to ""
-- Installing: /home/yongwoo/sim_ws/install/global_to_polar_cpp/lib/libglobal_to_polar_cpp__rosidl_typesupport_cpp.so
-- Set runtime path of "/home/yongwoo/sim_ws/install/global_to_polar_cpp/lib/libglobal_to_polar_cpp__rosidl_typesupport_cpp.so" to ""
-- Installing: /home/yongwoo/sim_ws/install/global_to_polar_cpp/share/global_to_polar_cpp/environment/pythonpath.sh
-- Installing: /home/yongwoo/sim_ws/install/global_to_polar_cpp/share/global_to_polar_cpp/environment/pythonpath.dsv
-- Installing: /home/yongwoo/sim_ws/install/global_to_polar_cpp/lib/python3.10/site-packages/global_to_polar_cpp-0.0.0-py3.10.egg-info
-- Installing: /home/yongwoo/sim_ws/install/global_to_polar_cpp/lib/python3.10/site-packages/global_to_polar_cpp-0.0.0-py3.10.egg-info/top_level.txt
-- Installing: /home/yongwoo/sim_ws/install/global_to_polar_cpp/lib/python3.10/site-packages/global_to_polar_cpp-0.0.0-py3.10.egg-info/dependency_links.txt
-- Installing: /home/yongwoo/sim_ws/install/global_to_polar_cpp/lib/python3.10/site-packages/global_to_polar_cpp-0.0.0-py3.10.egg-info/PKG-INFO
-- Installing: /home/yongwoo/sim_ws/install/global_to_polar_cpp/lib/python3.10/site-packages/global_to_polar_cpp-0.0.0-py3.10.egg-info/SOURCES.txt
-- Installing: /home/yongwoo/sim_ws/install/global_to_polar_cpp/lib/python3.10/site-packages/global_to_polar_cpp
-- Installing: /home/yongwoo/sim_ws/install/global_to_polar_cpp/lib/python3.10/site-packages/global_to_polar_cpp/libglobal_to_polar_cpp__rosidl_generator_py.so
-- Installing: /home/yongwoo/sim_ws/install/global_to_polar_cpp/lib/python3.10/site-packages/global_to_polar_cpp/_global_to_polar_cpp_s.ep.rosidl_typesupport_c.c
-- Installing: /home/yongwoo/sim_ws/install/global_to_polar_cpp/lib/python3.10/site-packages/global_to_polar_cpp/__init__.py
-- Installing: /home/yongwoo/sim_ws/install/global_to_polar_cpp/lib/python3.10/site-packages/global_to_polar_cpp/global_to_polar_cpp_s__rosidl_typesupport_fastrtps_c.cpython-310-x86_64-linux-gnu.so
-- Installing: /home/yongwoo/sim_ws/install/global_to_polar_cpp/lib/python3.10/site-packages/global_to_polar_cpp/_global_to_polar_cpp_s.ep.rosidl_typesupport_introspection_c.c
-- Installing: /home/yongwoo/sim_ws/install/global_to_polar_cpp/lib/python3.10/site-packages/global_to_polar_cpp/msg
-- Installing: /home/yongwoo/sim_ws/install/global_to_polar_cpp/lib/python3.10/site-packages/global_to_polar_cpp/msg/__init__.py
-- Installing: /home/yongwoo/sim_ws/install/global_to_polar_cpp/lib/python3.10/site-packages/global_to_polar_cpp/msg/_polar_grid.py
-- Installing: /home/yongwoo/sim_ws/install/global_to_polar_cpp/lib/python3.10/site-packages/global_to_polar_cpp/msg/_polar_grid_s.c
-- Installing: /home/yongwoo/sim_ws/install/global_to_polar_cpp/lib/python3.10/site-packages/global_to_polar_cpp/_global_to_polar_cpp_s.ep.rosidl_typesupport_fastrtps_c.c
-- Installing: /home/yongwoo/sim_ws/install/global_to_polar_cpp/lib/python3.10/site-packages/global_to_polar_cpp/global_to_polar_cpp_s__rosidl_typesupport_introspection_c.cpython-310-x86_64-linux-gnu.so
-- Installing: /home/yongwoo/sim_ws/install/global_to_polar_cpp/lib/python3.10/site-packages/global_to_polar_cpp/global_to_polar_cpp_s__rosidl_typesupport_c.cpython-310-x86_64-linux-gnu.so
Listing '/home/yongwoo/sim_ws/install/global_to_polar_cpp/lib/python3.10/site-packages/global_to_polar_cpp'...
Compiling '/home/yongwoo/sim_ws/install/global_to_polar_cpp/lib/python3.10/site-packages/global_to_polar_cpp/__init__.py'...
Listing '/home/yongwoo/sim_ws/install/global_to_polar_cpp/lib/python3.10/site-packages/global_to_polar_cpp/msg'...
Compiling '/home/yongwoo/sim_ws/install/global_to_polar_cpp/lib/python3.10/site-packages/global_to_polar_cpp/msg/__init__.py'...
Compiling '/home/yongwoo/sim_ws/install/global_to_polar_cpp/lib/python3.10/site-packages/global_to_polar_cpp/msg/_polar_grid.py'...
-- Installing: /home/yongwoo/sim_ws/install/global_to_polar_cpp/lib/python3.10/site-packages/global_to_polar_cpp/global_to_polar_cpp_s__rosidl_typesupport_fastrtps_c.cpython-310-x86_64-linux-gnu.so
-- Set runtime path of "/home/yongwoo/sim_ws/install/global_to_polar_cpp/lib/python3.10/site-packages/global_to_polar_cpp/global_to_polar_cpp_s__rosidl_typesupport_fastrtps_c.cpython-310-x86_64-linux-gnu.so" to ""
-- Installing: /home/yongwoo/sim_ws/install/global_to_polar_cpp/lib/python3.10/site-packages/global_to_polar_cpp/global_to_polar_cpp_s__rosidl_typesupport_introspection_c.cpython-310-x86_64-linux-gnu.so
-- Set runtime path of "/home/yongwoo/sim_ws/install/global_to_polar_cpp/lib/python3.10/site-packages/global_to_polar_cpp/global_to_polar_cpp_s__rosidl_typesupport_introspection_c.cpython-310-x86_64-linux-gnu.so" to ""
-- Installing: /home/yongwoo/sim_ws/install/global_to_polar_cpp/lib/python3.10/site-packages/global_to_polar_cpp/global_to_polar_cpp_s__rosidl_typesupport_c.cpython-310-x86_64-linux-gnu.so
-- Set runtime path of "/home/yongwoo/sim_ws/install/global_to_polar_cpp/lib/python3.10/site-packages/global_to_polar_cpp/global_to_polar_cpp_s__rosidl_typesupport_c.cpython-310-x86_64-linux-gnu.so" to ""
-- Installing: /home/yongwoo/sim_ws/install/global_to_polar_cpp/lib/libglobal_to_polar_cpp__rosidl_generator_py.so
-- Set runtime path of "/home/yongwoo/sim_ws/install/global_to_polar_cpp/lib/libglobal_to_polar_cpp__rosidl_generator_py.so" to ""
-- Installing: /home/yongwoo/sim_ws/install/global_to_polar_cpp/share/global_to_polar_cpp/msg/PolarGrid.idl
-- Installing: /home/yongwoo/sim_ws/install/global_to_polar_cpp/share/global_to_polar_cpp/msg/PolarGrid.msg
-- Installing: /home/yongwoo/sim_ws/install/global_to_polar_cpp/lib/global_to_polar_cpp/global_to_polar_node
-- Set runtime path of "/home/yongwoo/sim_ws/install/global_to_polar_cpp/lib/global_to_polar_cpp/global_to_polar_node" to ""
-- Installing: /home/yongwoo/sim_ws/install/global_to_polar_cpp/lib/global_to_polar_cpp/data_logger_node
-- Set runtime path of "/home/yongwoo/sim_ws/install/global_to_polar_cpp/lib/global_to_polar_cpp/data_logger_node" to ""
-- Installing: /home/yongwoo/sim_ws/install/global_to_polar_cpp/share/ament_index/resource_index/package_run_dependencies/global_to_polar_cpp
-- Installing: /home/yongwoo/sim_ws/install/global_to_polar_cpp/share/ament_index/resource_index/parent_prefix_path/global_to_polar_cpp
-- Installing: /home/yongwoo/sim_ws/install/global_to_polar_cpp/share/global_to_polar_cpp/environment/ament_prefix_path.sh
-- Installing: /home/yongwoo/sim_ws/install/global_to_polar_cpp/share/global_to_polar_cpp/environment/ament_prefix_path.dsv
-- Installing: /home/yongwoo/sim_ws/install/global_to_polar_cpp/share/global_to_polar_cpp/environment/path.sh
-- Installing: /home/yongwoo/sim_ws/install/global_to_polar_cpp/share/global_to_polar_cpp/environment/path.dsv
-- Installing: /home/yongwoo/sim_ws/install/global_to_polar_cpp/share/global_to_polar_cpp/local_setup.bash
-- Installing: /home/yongwoo/sim_ws/install/global_to_polar_cpp/share/global_to_polar_cpp/local_setup.sh
-- Installing: /home/yongwoo/sim_ws/install/global_to_polar_cpp/share/global_to_polar_cpp/local_setup.zsh
-- Installing: /home/yongwoo/sim_ws/install/global_to_polar_cpp/share/global_to_polar_cpp/local_setup.dsv
-- Installing: /home/yongwoo/sim_ws/install/global_to_polar_cpp/share/global_to_polar_cpp/package.dsv
-- Installing: /home/yongwoo/sim_ws/install/global_to_polar_cpp/share/ament_index/resource_index/packages/global_to_polar_cpp
-- Installing: /home/yongwoo/sim_ws/install/global_to_polar_cpp/share/global_to_polar_cpp/cmake/export_global_to_polar_cpp__rosidl_generator_cExport.cmake
-- Installing: /home/yongwoo/sim_ws/install/global_to_polar_cpp/share/global_to_polar_cpp/cmake/export_global_to_polar_cpp__rosidl_generator_cExport-noconfig.cmake
-- Installing: /home/yongwoo/sim_ws/install/global_to_polar_cpp/share/global_to_polar_cpp/cmake/export_global_to_polar_cpp__rosidl_typesupport_fastrtps_cExport.cmake
-- Installing: /home/yongwoo/sim_ws/install/global_to_polar_cpp/share/global_to_polar_cpp/cmake/export_global_to_polar_cpp__rosidl_typesupport_fastrtps_cExport-noconfig.cmake
-- Installing: /home/yongwoo/sim_ws/install/global_to_polar_cpp/share/global_to_polar_cpp/cmake/export_global_to_polar_cpp__rosidl_generator_cppExport.cmake
-- Installing: /home/yongwoo/sim_ws/install/global_to_polar_cpp/share/global_to_polar_cpp/cmake/export_global_to_polar_cpp__rosidl_typesupport_fastrtps_cppExport.cmake
-- Installing: /home/yongwoo/sim_ws/install/global_to_polar_cpp/share/global_to_polar_cpp/cmake/export_global_to_polar_cpp__rosidl_typesupport_fastrtps_cppExport-noconfig.cmake
-- Installing: /home/yongwoo/sim_ws/install/global_to_polar_cpp/share/global_to_polar_cpp/cmake/global_to_polar_cpp__rosidl_typesupport_introspection_cExport.cmake
-- Installing: /home/yongwoo/sim_ws/install/global_to_polar_cpp/share/global_to_polar_cpp/cmake/global_to_polar_cpp__rosidl_typesupport_introspection_cExport-noconfig.cmake
-- Installing: /home/yongwoo/sim_ws/install/global_to_polar_cpp/share/global_to_polar_cpp/cmake/global_to_polar_cpp__rosidl_typesupport_cExport.cmake
-- Installing: /home/yongwoo/sim_ws/install/global_to_polar_cpp/share/global_to_polar_cpp/cmake/global_to_polar_cpp__rosidl_typesupport_cExport-noconfig.cmake
-- Installing: /home/yongwoo/sim_ws/install/global_to_polar_cpp/share/global_to_polar_cpp/cmake/global_to_polar_cpp__rosidl_typesupport_introspection_cppExport.cmake
-- Installing: /home/yongwoo/sim_ws/install/global_to_polar_cpp/share/global_to_polar_cpp/cmake/global_to_polar_cpp__rosidl_typesupport_introspection_cppExport-noconfig.cmake
-- Installing: /home/yongwoo/sim_ws/install/global_to_polar_cpp/share/global_to_polar_cpp/cmake/global_to_polar_cpp__rosidl_typesupport_cppExport.cmake
-- Installing: /home/yongwoo/sim_ws/install/global_to_polar_cpp/share/global_to_polar_cpp/cmake/global_to_polar_cpp__rosidl_typesupport_cppExport-noconfig.cmake
-- Installing: /home/yongwoo/sim_ws/install/global_to_polar_cpp/share/global_to_polar_cpp/cmake/export_global_to_polar_cpp__rosidl_generator_pyExport.cmake
-- Installing: /home/yongwoo/sim_ws/install/global_to_polar_cpp/share/global_to_polar_cpp/cmake/export_global_to_polar_cpp__rosidl_generator_pyExport-noconfig.cmake
-- Installing: /home/yongwoo/sim_ws/install/global_to_polar_cpp/share/global_to_polar_cpp/cmake/rosidl_cmake-extras.cmake
-- Installing: /home/yongwoo/sim_ws/install/global_to_polar_cpp/share/global_to_polar_cpp/cmake/ament_cmake_export_dependencies-extras.cmake
-- Installing: /home/yongwoo/sim_ws/install/global_to_polar_cpp/share/global_to_polar_cpp/cmake/ament_cmake_export_include_directories-extras.cmake
-- Installing: /home/yongwoo/sim_ws/install/global_to_polar_cpp/share/global_to_polar_cpp/cmake/ament_cmake_export_libraries-extras.cmake
-- Installing: /home/yongwoo/sim_ws/install/global_to_polar_cpp/share/global_to_polar_cpp/cmake/ament_cmake_export_targets-extras.cmake
-- Installing: /home/yongwoo/sim_ws/install/global_to_polar_cpp/share/global_to_polar_cpp/cmake/rosidl_cmake_export_typesupport_targets-extras.cmake
-- Installing: /home/yongwoo/sim_ws/install/global_to_polar_cpp/share/global_to_polar_cpp/cmake/rosidl_cmake_export_typesupport_libraries-extras.cmake
-- Installing: /home/yongwoo/sim_ws/install/global_to_polar_cpp/share/global_to_polar_cpp/cmake/global_to_polar_cppConfig.cmake
-- Installing: /home/yongwoo/sim_ws/install/global_to_polar_cpp/share/global_to_polar_cpp/cmake/global_to_polar_cppConfig-version.cmake
-- Installing: /home/yongwoo/sim_ws/install/global_to_polar_cpp/share/global_to_polar_cpp/package.xml
