[0.090s] Invoking command in '/home/yongwoo/sim_ws/build/global_to_polar_cpp': CMAKE_PREFIX_PATH=/home/yongwoo/sim_ws/install/planning_custom_msgs:/home/yongwoo/sim_ws/install/global_to_polar_cpp:/home/yongwoo/sim_ws/install/gap_follow:/home/yongwoo/sim_ws/install/f1tenth_gym_ros:/opt/ros/humble CONDA_PROMPT_MODIFIER=(ros_env) LD_LIBRARY_PATH=/home/yongwoo/sim_ws/install/planning_custom_msgs/lib:/home/yongwoo/sim_ws/install/global_to_polar_cpp/lib:/opt/ros/humble/opt/rviz_ogre_vendor/lib:/opt/ros/humble/lib/x86_64-linux-gnu:/opt/ros/humble/lib PYTHONPATH=/home/yongwoo/sim_ws/install/planning_custom_msgs/lib/python3.10/site-packages:/home/yongwoo/sim_ws/install/global_to_polar_cpp/lib/python3.10/site-packages:/home/yongwoo/sim_ws/install/gap_follow/lib/python3.10/site-packages:/home/yongwoo/sim_ws/build/f1tenth_gym_ros:/home/yongwoo/sim_ws/install/f1tenth_gym_ros/lib/python3.10/site-packages:/opt/ros/humble/lib/python3.10/site-packages:/opt/ros/humble/local/lib/python3.10/dist-packages /usr/bin/cmake /home/yongwoo/sim_ws/src/global_to_polar_cpp -DCMAKE_INSTALL_PREFIX=/home/yongwoo/sim_ws/install/global_to_polar_cpp
[0.264s] -- The C compiler identification is GNU 11.4.0
[0.634s] -- The CXX compiler identification is GNU 11.4.0
[0.818s] -- Detecting C compiler ABI info
[0.983s] -- Detecting C compiler ABI info - done
[0.997s] -- Check for working C compiler: /usr/bin/cc - skipped
[0.997s] -- Detecting C compile features
[0.998s] -- Detecting C compile features - done
[1.002s] -- Detecting CXX compiler ABI info
[1.187s] -- Detecting CXX compiler ABI info - done
[1.202s] -- Check for working CXX compiler: /usr/bin/c++ - skipped
[1.203s] -- Detecting CXX compile features
[1.203s] -- Detecting CXX compile features - done
[1.208s] -- Found ament_cmake: 1.3.12 (/opt/ros/humble/share/ament_cmake/cmake)
[1.979s] -- Found Python3: /home/yongwoo/anaconda3/envs/ros_env/bin/python3 (found version "3.10.18") found components: Interpreter 
[2.175s] -- Found rclcpp: 16.0.14 (/opt/ros/humble/share/rclcpp/cmake)
[2.329s] -- Found rosidl_generator_c: 3.1.7 (/opt/ros/humble/share/rosidl_generator_c/cmake)
[2.333s] -- Found rosidl_adapter: 3.1.7 (/opt/ros/humble/share/rosidl_adapter/cmake)
[2.351s] -- Found rosidl_generator_cpp: 3.1.7 (/opt/ros/humble/share/rosidl_generator_cpp/cmake)
[2.377s] -- Using all available rosidl_typesupport_c: rosidl_typesupport_fastrtps_c;rosidl_typesupport_introspection_c
[2.409s] -- Using all available rosidl_typesupport_cpp: rosidl_typesupport_fastrtps_cpp;rosidl_typesupport_introspection_cpp
[2.479s] -- Found rmw_implementation_cmake: 6.1.2 (/opt/ros/humble/share/rmw_implementation_cmake/cmake)
[2.484s] -- Found rmw_fastrtps_cpp: 6.2.8 (/opt/ros/humble/share/rmw_fastrtps_cpp/cmake)
[3.071s] -- Found OpenSSL: /usr/lib/x86_64-linux-gnu/libcrypto.so (found version "3.0.2")  
[3.506s] -- Found FastRTPS: /opt/ros/humble/include  
[4.226s] -- Using RMW implementation 'rmw_fastrtps_cpp' as default
[4.234s] -- Looking for pthread.h
[4.333s] -- Looking for pthread.h - found
[4.333s] -- Performing Test CMAKE_HAVE_LIBC_PTHREAD
[4.449s] -- Performing Test CMAKE_HAVE_LIBC_PTHREAD - Success
[4.450s] -- Found Threads: TRUE  
[4.507s] -- Found rclpy: 3.3.17 (/opt/ros/humble/share/rclpy/cmake)
[4.509s] -- Found nav_msgs: 4.9.0 (/opt/ros/humble/share/nav_msgs/cmake)
[4.544s] -- Found sensor_msgs: 4.9.0 (/opt/ros/humble/share/sensor_msgs/cmake)
[4.564s] -- Found tf2: 0.25.15 (/opt/ros/humble/share/tf2/cmake)
[4.573s] -- Found rosidl_default_generators: 1.2.0 (/opt/ros/humble/share/rosidl_default_generators/cmake)
[4.581s] -- Found planning_custom_msgs: 1.0.0 (/home/yongwoo/sim_ws/install/planning_custom_msgs/share/planning_custom_msgs/cmake)
[4.901s] -- Found ament_cmake_ros: 0.10.0 (/opt/ros/humble/share/ament_cmake_ros/cmake)
[5.436s] -- Using all available rosidl_typesupport_c: rosidl_typesupport_fastrtps_c;rosidl_typesupport_introspection_c
[5.627s] -- Using all available rosidl_typesupport_cpp: rosidl_typesupport_fastrtps_cpp;rosidl_typesupport_introspection_cpp
[5.686s] -- Found PythonInterp: /home/yongwoo/anaconda3/envs/ros_env/bin/python3 (found suitable version "3.10.18", minimum required is "3.6") 
[5.687s] -- Found python_cmake_module: 0.10.0 (/opt/ros/humble/share/python_cmake_module/cmake)
[5.704s] -- Found PythonLibs: /home/yongwoo/anaconda3/envs/ros_env/lib/libpython3.10.so (found suitable version "3.10.18", minimum required is "3.5") 
[5.704s] -- Using PYTHON_EXECUTABLE: /home/yongwoo/anaconda3/envs/ros_env/bin/python3
[5.704s] -- Using PYTHON_INCLUDE_DIRS: /home/yongwoo/anaconda3/envs/ros_env/include/python3.10
[5.704s] -- Using PYTHON_LIBRARIES: /home/yongwoo/anaconda3/envs/ros_env/lib/libpython3.10.so
[5.720s] -- Found PythonExtra: .so  
[5.968s] -- Using numpy include directory: /home/yongwoo/.local/lib/python3.10/site-packages/numpy/core/include
[5.990s] -- Configuring done
[6.038s] [33mCMake Warning at /opt/ros/humble/share/rosidl_generator_py/cmake/rosidl_generator_py_generate_interfaces.cmake:166 (add_library):
[6.039s]   Cannot generate a safe runtime search path for target
[6.039s]   global_to_polar_cpp__rosidl_generator_py because files in some directories
[6.039s]   may conflict with libraries in implicit directories:
[6.039s] 
[6.039s]     runtime library [libpython3.10.so.1.0] in /usr/lib/x86_64-linux-gnu may be hidden by files in:
[6.039s]       /home/yongwoo/anaconda3/envs/ros_env/lib
[6.039s] 
[6.039s]   Some of these libraries may not be found correctly.
[6.039s] Call Stack (most recent call first):
[6.039s]   /opt/ros/humble/share/ament_cmake_core/cmake/core/ament_execute_extensions.cmake:48 (include)
[6.039s]   /opt/ros/humble/share/rosidl_cmake/cmake/rosidl_generate_interfaces.cmake:286 (ament_execute_extensions)
[6.039s]   CMakeLists.txt:21 (rosidl_generate_interfaces)
[6.040s] 
[6.040s] [0m
[6.042s] [33mCMake Warning at /opt/ros/humble/share/rosidl_generator_py/cmake/rosidl_generator_py_generate_interfaces.cmake:226 (add_library):
[6.042s]   Cannot generate a safe runtime search path for target
[6.042s]   global_to_polar_cpp__rosidl_typesupport_fastrtps_c__pyext because files in
[6.043s]   some directories may conflict with libraries in implicit directories:
[6.043s] 
[6.043s]     runtime library [libpython3.10.so.1.0] in /usr/lib/x86_64-linux-gnu may be hidden by files in:
[6.043s]       /home/yongwoo/anaconda3/envs/ros_env/lib
[6.043s] 
[6.043s]   Some of these libraries may not be found correctly.
[6.043s] Call Stack (most recent call first):
[6.043s]   /opt/ros/humble/share/ament_cmake_core/cmake/core/ament_execute_extensions.cmake:48 (include)
[6.043s]   /opt/ros/humble/share/rosidl_cmake/cmake/rosidl_generate_interfaces.cmake:286 (ament_execute_extensions)
[6.043s]   CMakeLists.txt:21 (rosidl_generate_interfaces)
[6.043s] 
[6.043s] [0m
[6.047s] [33mCMake Warning at /opt/ros/humble/share/rosidl_generator_py/cmake/rosidl_generator_py_generate_interfaces.cmake:226 (add_library):
[6.047s]   Cannot generate a safe runtime search path for target
[6.047s]   global_to_polar_cpp__rosidl_typesupport_introspection_c__pyext because
[6.047s]   files in some directories may conflict with libraries in implicit
[6.047s]   directories:
[6.047s] 
[6.047s]     runtime library [libpython3.10.so.1.0] in /usr/lib/x86_64-linux-gnu may be hidden by files in:
[6.047s]       /home/yongwoo/anaconda3/envs/ros_env/lib
[6.047s] 
[6.047s]   Some of these libraries may not be found correctly.
[6.047s] Call Stack (most recent call first):
[6.047s]   /opt/ros/humble/share/ament_cmake_core/cmake/core/ament_execute_extensions.cmake:48 (include)
[6.047s]   /opt/ros/humble/share/rosidl_cmake/cmake/rosidl_generate_interfaces.cmake:286 (ament_execute_extensions)
[6.047s]   CMakeLists.txt:21 (rosidl_generate_interfaces)
[6.047s] 
[6.048s] [0m
[6.050s] [33mCMake Warning at /opt/ros/humble/share/rosidl_generator_py/cmake/rosidl_generator_py_generate_interfaces.cmake:226 (add_library):
[6.050s]   Cannot generate a safe runtime search path for target
[6.050s]   global_to_polar_cpp__rosidl_typesupport_c__pyext because files in some
[6.051s]   directories may conflict with libraries in implicit directories:
[6.051s] 
[6.051s]     runtime library [libpython3.10.so.1.0] in /usr/lib/x86_64-linux-gnu may be hidden by files in:
[6.051s]       /home/yongwoo/anaconda3/envs/ros_env/lib
[6.051s] 
[6.051s]   Some of these libraries may not be found correctly.
[6.051s] Call Stack (most recent call first):
[6.051s]   /opt/ros/humble/share/ament_cmake_core/cmake/core/ament_execute_extensions.cmake:48 (include)
[6.051s]   /opt/ros/humble/share/rosidl_cmake/cmake/rosidl_generate_interfaces.cmake:286 (ament_execute_extensions)
[6.051s]   CMakeLists.txt:21 (rosidl_generate_interfaces)
[6.051s] 
[6.051s] [0m
[6.061s] [33mCMake Warning at CMakeLists.txt:43 (add_executable):
[6.061s]   Cannot generate a safe runtime search path for target data_logger_node
[6.061s]   because files in some directories may conflict with libraries in implicit
[6.061s]   directories:
[6.061s] 
[6.061s]     runtime library [libpython3.10.so.1.0] in /usr/lib/x86_64-linux-gnu may be hidden by files in:
[6.061s]       /home/yongwoo/anaconda3/envs/ros_env/lib
[6.061s] 
[6.061s]   Some of these libraries may not be found correctly.
[6.061s] 
[6.061s] [0m
[6.070s] -- Generating done
[6.086s] -- Build files have been written to: /home/yongwoo/sim_ws/build/global_to_polar_cpp
[6.100s] Invoked command in '/home/yongwoo/sim_ws/build/global_to_polar_cpp' returned '0': CMAKE_PREFIX_PATH=/home/yongwoo/sim_ws/install/planning_custom_msgs:/home/yongwoo/sim_ws/install/global_to_polar_cpp:/home/yongwoo/sim_ws/install/gap_follow:/home/yongwoo/sim_ws/install/f1tenth_gym_ros:/opt/ros/humble CONDA_PROMPT_MODIFIER=(ros_env) LD_LIBRARY_PATH=/home/yongwoo/sim_ws/install/planning_custom_msgs/lib:/home/yongwoo/sim_ws/install/global_to_polar_cpp/lib:/opt/ros/humble/opt/rviz_ogre_vendor/lib:/opt/ros/humble/lib/x86_64-linux-gnu:/opt/ros/humble/lib PYTHONPATH=/home/yongwoo/sim_ws/install/planning_custom_msgs/lib/python3.10/site-packages:/home/yongwoo/sim_ws/install/global_to_polar_cpp/lib/python3.10/site-packages:/home/yongwoo/sim_ws/install/gap_follow/lib/python3.10/site-packages:/home/yongwoo/sim_ws/build/f1tenth_gym_ros:/home/yongwoo/sim_ws/install/f1tenth_gym_ros/lib/python3.10/site-packages:/opt/ros/humble/lib/python3.10/site-packages:/opt/ros/humble/local/lib/python3.10/dist-packages /usr/bin/cmake /home/yongwoo/sim_ws/src/global_to_polar_cpp -DCMAKE_INSTALL_PREFIX=/home/yongwoo/sim_ws/install/global_to_polar_cpp
[6.102s] Invoking command in '/home/yongwoo/sim_ws/build/global_to_polar_cpp': CMAKE_PREFIX_PATH=/home/yongwoo/sim_ws/install/planning_custom_msgs:/home/yongwoo/sim_ws/install/global_to_polar_cpp:/home/yongwoo/sim_ws/install/gap_follow:/home/yongwoo/sim_ws/install/f1tenth_gym_ros:/opt/ros/humble CONDA_PROMPT_MODIFIER=(ros_env) LD_LIBRARY_PATH=/home/yongwoo/sim_ws/install/planning_custom_msgs/lib:/home/yongwoo/sim_ws/install/global_to_polar_cpp/lib:/opt/ros/humble/opt/rviz_ogre_vendor/lib:/opt/ros/humble/lib/x86_64-linux-gnu:/opt/ros/humble/lib PYTHONPATH=/home/yongwoo/sim_ws/install/planning_custom_msgs/lib/python3.10/site-packages:/home/yongwoo/sim_ws/install/global_to_polar_cpp/lib/python3.10/site-packages:/home/yongwoo/sim_ws/install/gap_follow/lib/python3.10/site-packages:/home/yongwoo/sim_ws/build/f1tenth_gym_ros:/home/yongwoo/sim_ws/install/f1tenth_gym_ros/lib/python3.10/site-packages:/opt/ros/humble/lib/python3.10/site-packages:/opt/ros/humble/local/lib/python3.10/dist-packages /usr/bin/cmake --build /home/yongwoo/sim_ws/build/global_to_polar_cpp -- -j8 -l8
[6.147s] [  2%] [34m[1mGenerating C code for ROS interfaces[0m
[6.163s] [  5%] [34m[1mGenerating C++ code for ROS interfaces[0m
[6.174s] [  5%] Built target ament_cmake_python_copy_global_to_polar_cpp
[6.448s] running egg_info
[6.468s] creating global_to_polar_cpp.egg-info
[6.468s] writing global_to_polar_cpp.egg-info/PKG-INFO
[6.469s] writing dependency_links to global_to_polar_cpp.egg-info/dependency_links.txt
[6.469s] writing top-level names to global_to_polar_cpp.egg-info/top_level.txt
[6.469s] writing manifest file 'global_to_polar_cpp.egg-info/SOURCES.txt'
[6.518s] reading manifest file 'global_to_polar_cpp.egg-info/SOURCES.txt'
[6.523s] writing manifest file 'global_to_polar_cpp.egg-info/SOURCES.txt'
[6.561s] [  5%] Built target global_to_polar_cpp__cpp
[6.561s] [  8%] [32mBuilding C object CMakeFiles/global_to_polar_cpp__rosidl_generator_c.dir/rosidl_generator_c/global_to_polar_cpp/msg/detail/polar_grid__functions.c.o[0m
[6.593s] [ 11%] [34m[1mGenerating C++ type support dispatch for ROS interfaces[0m
[6.593s] [ 11%] Built target ament_cmake_python_build_global_to_polar_cpp_egg
[6.601s] [ 14%] [34m[1mGenerating C++ type support for eProsima Fast-RTPS[0m
[6.601s] [ 17%] [34m[1mGenerating C++ introspection for ROS interfaces[0m
[6.770s] [ 20%] [32m[1mLinking C shared library libglobal_to_polar_cpp__rosidl_generator_c.so[0m
[6.993s] [ 20%] Built target global_to_polar_cpp__rosidl_generator_c
[7.038s] [ 22%] [34m[1mGenerating C type support for eProsima Fast-RTPS[0m
[7.077s] [ 25%] [34m[1mGenerating C type support dispatch for ROS interfaces[0m
[7.078s] [ 28%] [34m[1mGenerating C introspection for ROS interfaces[0m
[7.392s] [ 31%] [32mBuilding CXX object CMakeFiles/global_to_polar_cpp__rosidl_typesupport_cpp.dir/rosidl_typesupport_cpp/global_to_polar_cpp/msg/polar_grid__type_support.cpp.o[0m
[7.546s] [ 34%] [32mBuilding CXX object CMakeFiles/global_to_polar_cpp__rosidl_typesupport_introspection_cpp.dir/rosidl_typesupport_introspection_cpp/global_to_polar_cpp/msg/detail/polar_grid__type_support.cpp.o[0m
[7.572s] [ 37%] [32mBuilding CXX object CMakeFiles/global_to_polar_cpp__rosidl_typesupport_fastrtps_cpp.dir/rosidl_typesupport_fastrtps_cpp/global_to_polar_cpp/msg/detail/dds_fastrtps/polar_grid__type_support.cpp.o[0m
[8.091s] [ 40%] [32mBuilding CXX object CMakeFiles/global_to_polar_cpp__rosidl_typesupport_fastrtps_c.dir/rosidl_typesupport_fastrtps_c/global_to_polar_cpp/msg/detail/polar_grid__type_support_c.cpp.o[0m
[8.188s] [ 42%] [32mBuilding C object CMakeFiles/global_to_polar_cpp__rosidl_typesupport_introspection_c.dir/rosidl_typesupport_introspection_c/global_to_polar_cpp/msg/detail/polar_grid__type_support.c.o[0m
[8.208s] [ 45%] [32mBuilding CXX object CMakeFiles/global_to_polar_cpp__rosidl_typesupport_c.dir/rosidl_typesupport_c/global_to_polar_cpp/msg/polar_grid__type_support.cpp.o[0m
[8.252s] [ 48%] [32m[1mLinking CXX shared library libglobal_to_polar_cpp__rosidl_typesupport_cpp.so[0m
[8.301s] [ 51%] [32m[1mLinking CXX shared library libglobal_to_polar_cpp__rosidl_typesupport_c.so[0m
[8.333s] [ 54%] [32m[1mLinking C shared library libglobal_to_polar_cpp__rosidl_typesupport_introspection_c.so[0m
[8.437s] [ 54%] Built target global_to_polar_cpp__rosidl_typesupport_cpp
[8.476s] [ 54%] Built target global_to_polar_cpp__rosidl_typesupport_c
[8.484s] [ 54%] Built target global_to_polar_cpp__rosidl_typesupport_introspection_c
[8.499s] [ 57%] [32mBuilding CXX object CMakeFiles/data_logger_node.dir/src/dataLoggerNode.cpp.o[0m
[8.500s] [ 60%] [32mBuilding CXX object CMakeFiles/global_to_polar_node.dir/src/globToPolar.cpp.o[0m
[8.701s] [ 62%] [32m[1mLinking CXX shared library libglobal_to_polar_cpp__rosidl_typesupport_introspection_cpp.so[0m
[8.870s] [ 65%] [32m[1mLinking CXX shared library libglobal_to_polar_cpp__rosidl_typesupport_fastrtps_cpp.so[0m
[9.031s] [ 68%] [32m[1mLinking CXX shared library libglobal_to_polar_cpp__rosidl_typesupport_fastrtps_c.so[0m
[9.076s] [ 68%] Built target global_to_polar_cpp__rosidl_typesupport_introspection_cpp
[9.160s] [ 68%] Built target global_to_polar_cpp__rosidl_typesupport_fastrtps_cpp
[9.336s] [ 68%] Built target global_to_polar_cpp__rosidl_typesupport_fastrtps_c
[9.383s] [ 68%] Built target global_to_polar_cpp
[9.447s] [ 71%] [34m[1mGenerating Python code for ROS interfaces[0m
[10.370s] [ 71%] Built target global_to_polar_cpp__py
[10.418s] [ 74%] [32mBuilding C object CMakeFiles/global_to_polar_cpp__rosidl_generator_py.dir/rosidl_generator_py/global_to_polar_cpp/msg/_polar_grid_s.c.o[0m
[10.668s] [ 77%] [32m[1mLinking C shared library rosidl_generator_py/global_to_polar_cpp/libglobal_to_polar_cpp__rosidl_generator_py.so[0m
[10.780s] [ 77%] Built target global_to_polar_cpp__rosidl_generator_py
[10.820s] [ 80%] [32mBuilding C object CMakeFiles/global_to_polar_cpp__rosidl_typesupport_c__pyext.dir/rosidl_generator_py/global_to_polar_cpp/_global_to_polar_cpp_s.ep.rosidl_typesupport_c.c.o[0m
[10.825s] [ 82%] [32mBuilding C object CMakeFiles/global_to_polar_cpp__rosidl_typesupport_introspection_c__pyext.dir/rosidl_generator_py/global_to_polar_cpp/_global_to_polar_cpp_s.ep.rosidl_typesupport_introspection_c.c.o[0m
[10.842s] [ 85%] [32mBuilding C object CMakeFiles/global_to_polar_cpp__rosidl_typesupport_fastrtps_c__pyext.dir/rosidl_generator_py/global_to_polar_cpp/_global_to_polar_cpp_s.ep.rosidl_typesupport_fastrtps_c.c.o[0m
[10.994s] [ 88%] [32m[1mLinking C shared library rosidl_generator_py/global_to_polar_cpp/global_to_polar_cpp_s__rosidl_typesupport_c.cpython-310-x86_64-linux-gnu.so[0m
[11.044s] [ 91%] [32m[1mLinking C shared library rosidl_generator_py/global_to_polar_cpp/global_to_polar_cpp_s__rosidl_typesupport_introspection_c.cpython-310-x86_64-linux-gnu.so[0m
[11.069s] [ 94%] [32m[1mLinking C shared library rosidl_generator_py/global_to_polar_cpp/global_to_polar_cpp_s__rosidl_typesupport_fastrtps_c.cpython-310-x86_64-linux-gnu.so[0m
[11.142s] [ 94%] Built target global_to_polar_cpp__rosidl_typesupport_c__pyext
[11.142s] [ 94%] Built target global_to_polar_cpp__rosidl_typesupport_introspection_c__pyext
[11.166s] [ 94%] Built target global_to_polar_cpp__rosidl_typesupport_fastrtps_c__pyext
[21.758s] [ 97%] [32m[1mLinking CXX executable global_to_polar_node[0m
[22.295s] [ 97%] Built target global_to_polar_node
[28.033s] [100%] [32m[1mLinking CXX executable data_logger_node[0m
[28.847s] [100%] Built target data_logger_node
[28.862s] Invoked command in '/home/yongwoo/sim_ws/build/global_to_polar_cpp' returned '0': CMAKE_PREFIX_PATH=/home/yongwoo/sim_ws/install/planning_custom_msgs:/home/yongwoo/sim_ws/install/global_to_polar_cpp:/home/yongwoo/sim_ws/install/gap_follow:/home/yongwoo/sim_ws/install/f1tenth_gym_ros:/opt/ros/humble CONDA_PROMPT_MODIFIER=(ros_env) LD_LIBRARY_PATH=/home/yongwoo/sim_ws/install/planning_custom_msgs/lib:/home/yongwoo/sim_ws/install/global_to_polar_cpp/lib:/opt/ros/humble/opt/rviz_ogre_vendor/lib:/opt/ros/humble/lib/x86_64-linux-gnu:/opt/ros/humble/lib PYTHONPATH=/home/yongwoo/sim_ws/install/planning_custom_msgs/lib/python3.10/site-packages:/home/yongwoo/sim_ws/install/global_to_polar_cpp/lib/python3.10/site-packages:/home/yongwoo/sim_ws/install/gap_follow/lib/python3.10/site-packages:/home/yongwoo/sim_ws/build/f1tenth_gym_ros:/home/yongwoo/sim_ws/install/f1tenth_gym_ros/lib/python3.10/site-packages:/opt/ros/humble/lib/python3.10/site-packages:/opt/ros/humble/local/lib/python3.10/dist-packages /usr/bin/cmake --build /home/yongwoo/sim_ws/build/global_to_polar_cpp -- -j8 -l8
[28.865s] Invoking command in '/home/yongwoo/sim_ws/build/global_to_polar_cpp': CMAKE_PREFIX_PATH=/home/yongwoo/sim_ws/install/planning_custom_msgs:/home/yongwoo/sim_ws/install/global_to_polar_cpp:/home/yongwoo/sim_ws/install/gap_follow:/home/yongwoo/sim_ws/install/f1tenth_gym_ros:/opt/ros/humble CONDA_PROMPT_MODIFIER=(ros_env) LD_LIBRARY_PATH=/home/yongwoo/sim_ws/install/planning_custom_msgs/lib:/home/yongwoo/sim_ws/install/global_to_polar_cpp/lib:/opt/ros/humble/opt/rviz_ogre_vendor/lib:/opt/ros/humble/lib/x86_64-linux-gnu:/opt/ros/humble/lib PYTHONPATH=/home/yongwoo/sim_ws/install/planning_custom_msgs/lib/python3.10/site-packages:/home/yongwoo/sim_ws/install/global_to_polar_cpp/lib/python3.10/site-packages:/home/yongwoo/sim_ws/install/gap_follow/lib/python3.10/site-packages:/home/yongwoo/sim_ws/build/f1tenth_gym_ros:/home/yongwoo/sim_ws/install/f1tenth_gym_ros/lib/python3.10/site-packages:/opt/ros/humble/lib/python3.10/site-packages:/opt/ros/humble/local/lib/python3.10/dist-packages /usr/bin/cmake --install /home/yongwoo/sim_ws/build/global_to_polar_cpp
[28.874s] -- Install configuration: ""
[28.875s] -- Installing: /home/yongwoo/sim_ws/install/global_to_polar_cpp/share/ament_index/resource_index/rosidl_interfaces/global_to_polar_cpp
[28.875s] -- Installing: /home/yongwoo/sim_ws/install/global_to_polar_cpp/include/global_to_polar_cpp/global_to_polar_cpp
[28.876s] -- Installing: /home/yongwoo/sim_ws/install/global_to_polar_cpp/include/global_to_polar_cpp/global_to_polar_cpp/msg
[28.876s] -- Installing: /home/yongwoo/sim_ws/install/global_to_polar_cpp/include/global_to_polar_cpp/global_to_polar_cpp/msg/detail
[28.876s] -- Installing: /home/yongwoo/sim_ws/install/global_to_polar_cpp/include/global_to_polar_cpp/global_to_polar_cpp/msg/detail/polar_grid__functions.c
[28.877s] -- Installing: /home/yongwoo/sim_ws/install/global_to_polar_cpp/include/global_to_polar_cpp/global_to_polar_cpp/msg/detail/polar_grid__functions.h
[28.877s] -- Installing: /home/yongwoo/sim_ws/install/global_to_polar_cpp/include/global_to_polar_cpp/global_to_polar_cpp/msg/detail/polar_grid__struct.h
[28.877s] -- Installing: /home/yongwoo/sim_ws/install/global_to_polar_cpp/include/global_to_polar_cpp/global_to_polar_cpp/msg/detail/polar_grid__type_support.h
[28.877s] -- Installing: /home/yongwoo/sim_ws/install/global_to_polar_cpp/include/global_to_polar_cpp/global_to_polar_cpp/msg/rosidl_generator_c__visibility_control.h
[28.877s] -- Installing: /home/yongwoo/sim_ws/install/global_to_polar_cpp/include/global_to_polar_cpp/global_to_polar_cpp/msg/polar_grid.h
[28.877s] -- Installing: /home/yongwoo/sim_ws/install/global_to_polar_cpp/share/global_to_polar_cpp/environment/library_path.sh
[28.878s] -- Installing: /home/yongwoo/sim_ws/install/global_to_polar_cpp/share/global_to_polar_cpp/environment/library_path.dsv
[28.878s] -- Installing: /home/yongwoo/sim_ws/install/global_to_polar_cpp/lib/libglobal_to_polar_cpp__rosidl_generator_c.so
[28.878s] -- Set runtime path of "/home/yongwoo/sim_ws/install/global_to_polar_cpp/lib/libglobal_to_polar_cpp__rosidl_generator_c.so" to ""
[28.878s] -- Up-to-date: /home/yongwoo/sim_ws/install/global_to_polar_cpp/include/global_to_polar_cpp/global_to_polar_cpp
[28.879s] -- Up-to-date: /home/yongwoo/sim_ws/install/global_to_polar_cpp/include/global_to_polar_cpp/global_to_polar_cpp/msg
[28.879s] -- Up-to-date: /home/yongwoo/sim_ws/install/global_to_polar_cpp/include/global_to_polar_cpp/global_to_polar_cpp/msg/detail
[28.879s] -- Installing: /home/yongwoo/sim_ws/install/global_to_polar_cpp/include/global_to_polar_cpp/global_to_polar_cpp/msg/detail/polar_grid__rosidl_typesupport_fastrtps_c.h
[28.879s] -- Installing: /home/yongwoo/sim_ws/install/global_to_polar_cpp/include/global_to_polar_cpp/global_to_polar_cpp/msg/rosidl_typesupport_fastrtps_c__visibility_control.h
[28.879s] -- Installing: /home/yongwoo/sim_ws/install/global_to_polar_cpp/lib/libglobal_to_polar_cpp__rosidl_typesupport_fastrtps_c.so
[28.879s] -- Set runtime path of "/home/yongwoo/sim_ws/install/global_to_polar_cpp/lib/libglobal_to_polar_cpp__rosidl_typesupport_fastrtps_c.so" to ""
[28.879s] -- Up-to-date: /home/yongwoo/sim_ws/install/global_to_polar_cpp/include/global_to_polar_cpp/global_to_polar_cpp
[28.879s] -- Up-to-date: /home/yongwoo/sim_ws/install/global_to_polar_cpp/include/global_to_polar_cpp/global_to_polar_cpp/msg
[28.880s] -- Up-to-date: /home/yongwoo/sim_ws/install/global_to_polar_cpp/include/global_to_polar_cpp/global_to_polar_cpp/msg/detail
[28.880s] -- Installing: /home/yongwoo/sim_ws/install/global_to_polar_cpp/include/global_to_polar_cpp/global_to_polar_cpp/msg/detail/polar_grid__traits.hpp
[28.880s] -- Installing: /home/yongwoo/sim_ws/install/global_to_polar_cpp/include/global_to_polar_cpp/global_to_polar_cpp/msg/detail/polar_grid__struct.hpp
[28.880s] -- Installing: /home/yongwoo/sim_ws/install/global_to_polar_cpp/include/global_to_polar_cpp/global_to_polar_cpp/msg/detail/polar_grid__builder.hpp
[28.880s] -- Installing: /home/yongwoo/sim_ws/install/global_to_polar_cpp/include/global_to_polar_cpp/global_to_polar_cpp/msg/detail/polar_grid__type_support.hpp
[28.880s] -- Installing: /home/yongwoo/sim_ws/install/global_to_polar_cpp/include/global_to_polar_cpp/global_to_polar_cpp/msg/polar_grid.hpp
[28.881s] -- Installing: /home/yongwoo/sim_ws/install/global_to_polar_cpp/include/global_to_polar_cpp/global_to_polar_cpp/msg/rosidl_generator_cpp__visibility_control.hpp
[28.881s] -- Up-to-date: /home/yongwoo/sim_ws/install/global_to_polar_cpp/include/global_to_polar_cpp/global_to_polar_cpp
[28.881s] -- Up-to-date: /home/yongwoo/sim_ws/install/global_to_polar_cpp/include/global_to_polar_cpp/global_to_polar_cpp/msg
[28.881s] -- Up-to-date: /home/yongwoo/sim_ws/install/global_to_polar_cpp/include/global_to_polar_cpp/global_to_polar_cpp/msg/detail
[28.881s] -- Installing: /home/yongwoo/sim_ws/install/global_to_polar_cpp/include/global_to_polar_cpp/global_to_polar_cpp/msg/detail/polar_grid__rosidl_typesupport_fastrtps_cpp.hpp
[28.882s] -- Installing: /home/yongwoo/sim_ws/install/global_to_polar_cpp/include/global_to_polar_cpp/global_to_polar_cpp/msg/detail/dds_fastrtps
[28.882s] -- Installing: /home/yongwoo/sim_ws/install/global_to_polar_cpp/include/global_to_polar_cpp/global_to_polar_cpp/msg/rosidl_typesupport_fastrtps_cpp__visibility_control.h
[28.883s] -- Installing: /home/yongwoo/sim_ws/install/global_to_polar_cpp/lib/libglobal_to_polar_cpp__rosidl_typesupport_fastrtps_cpp.so
[28.883s] -- Set runtime path of "/home/yongwoo/sim_ws/install/global_to_polar_cpp/lib/libglobal_to_polar_cpp__rosidl_typesupport_fastrtps_cpp.so" to ""
[28.883s] -- Up-to-date: /home/yongwoo/sim_ws/install/global_to_polar_cpp/include/global_to_polar_cpp/global_to_polar_cpp
[28.883s] -- Up-to-date: /home/yongwoo/sim_ws/install/global_to_polar_cpp/include/global_to_polar_cpp/global_to_polar_cpp/msg
[28.883s] -- Up-to-date: /home/yongwoo/sim_ws/install/global_to_polar_cpp/include/global_to_polar_cpp/global_to_polar_cpp/msg/detail
[28.884s] -- Installing: /home/yongwoo/sim_ws/install/global_to_polar_cpp/include/global_to_polar_cpp/global_to_polar_cpp/msg/detail/polar_grid__rosidl_typesupport_introspection_c.h
[28.884s] -- Installing: /home/yongwoo/sim_ws/install/global_to_polar_cpp/include/global_to_polar_cpp/global_to_polar_cpp/msg/detail/polar_grid__type_support.c
[28.884s] -- Installing: /home/yongwoo/sim_ws/install/global_to_polar_cpp/include/global_to_polar_cpp/global_to_polar_cpp/msg/rosidl_typesupport_introspection_c__visibility_control.h
[28.884s] -- Installing: /home/yongwoo/sim_ws/install/global_to_polar_cpp/lib/libglobal_to_polar_cpp__rosidl_typesupport_introspection_c.so
[28.884s] -- Set runtime path of "/home/yongwoo/sim_ws/install/global_to_polar_cpp/lib/libglobal_to_polar_cpp__rosidl_typesupport_introspection_c.so" to ""
[28.884s] -- Installing: /home/yongwoo/sim_ws/install/global_to_polar_cpp/lib/libglobal_to_polar_cpp__rosidl_typesupport_c.so
[28.885s] -- Set runtime path of "/home/yongwoo/sim_ws/install/global_to_polar_cpp/lib/libglobal_to_polar_cpp__rosidl_typesupport_c.so" to ""
[28.885s] -- Up-to-date: /home/yongwoo/sim_ws/install/global_to_polar_cpp/include/global_to_polar_cpp/global_to_polar_cpp
[28.885s] -- Up-to-date: /home/yongwoo/sim_ws/install/global_to_polar_cpp/include/global_to_polar_cpp/global_to_polar_cpp/msg
[28.885s] -- Up-to-date: /home/yongwoo/sim_ws/install/global_to_polar_cpp/include/global_to_polar_cpp/global_to_polar_cpp/msg/detail
[28.885s] -- Installing: /home/yongwoo/sim_ws/install/global_to_polar_cpp/include/global_to_polar_cpp/global_to_polar_cpp/msg/detail/polar_grid__rosidl_typesupport_introspection_cpp.hpp
[28.885s] -- Installing: /home/yongwoo/sim_ws/install/global_to_polar_cpp/include/global_to_polar_cpp/global_to_polar_cpp/msg/detail/polar_grid__type_support.cpp
[28.885s] -- Installing: /home/yongwoo/sim_ws/install/global_to_polar_cpp/lib/libglobal_to_polar_cpp__rosidl_typesupport_introspection_cpp.so
[28.885s] -- Set runtime path of "/home/yongwoo/sim_ws/install/global_to_polar_cpp/lib/libglobal_to_polar_cpp__rosidl_typesupport_introspection_cpp.so" to ""
[28.886s] -- Installing: /home/yongwoo/sim_ws/install/global_to_polar_cpp/lib/libglobal_to_polar_cpp__rosidl_typesupport_cpp.so
[28.886s] -- Set runtime path of "/home/yongwoo/sim_ws/install/global_to_polar_cpp/lib/libglobal_to_polar_cpp__rosidl_typesupport_cpp.so" to ""
[28.886s] -- Installing: /home/yongwoo/sim_ws/install/global_to_polar_cpp/share/global_to_polar_cpp/environment/pythonpath.sh
[28.886s] -- Installing: /home/yongwoo/sim_ws/install/global_to_polar_cpp/share/global_to_polar_cpp/environment/pythonpath.dsv
[28.886s] -- Installing: /home/yongwoo/sim_ws/install/global_to_polar_cpp/lib/python3.10/site-packages/global_to_polar_cpp-0.0.0-py3.10.egg-info
[28.887s] -- Installing: /home/yongwoo/sim_ws/install/global_to_polar_cpp/lib/python3.10/site-packages/global_to_polar_cpp-0.0.0-py3.10.egg-info/top_level.txt
[28.887s] -- Installing: /home/yongwoo/sim_ws/install/global_to_polar_cpp/lib/python3.10/site-packages/global_to_polar_cpp-0.0.0-py3.10.egg-info/dependency_links.txt
[28.887s] -- Installing: /home/yongwoo/sim_ws/install/global_to_polar_cpp/lib/python3.10/site-packages/global_to_polar_cpp-0.0.0-py3.10.egg-info/PKG-INFO
[28.887s] -- Installing: /home/yongwoo/sim_ws/install/global_to_polar_cpp/lib/python3.10/site-packages/global_to_polar_cpp-0.0.0-py3.10.egg-info/SOURCES.txt
[28.887s] -- Installing: /home/yongwoo/sim_ws/install/global_to_polar_cpp/lib/python3.10/site-packages/global_to_polar_cpp
[28.888s] -- Installing: /home/yongwoo/sim_ws/install/global_to_polar_cpp/lib/python3.10/site-packages/global_to_polar_cpp/libglobal_to_polar_cpp__rosidl_generator_py.so
[28.888s] -- Installing: /home/yongwoo/sim_ws/install/global_to_polar_cpp/lib/python3.10/site-packages/global_to_polar_cpp/_global_to_polar_cpp_s.ep.rosidl_typesupport_c.c
[28.888s] -- Installing: /home/yongwoo/sim_ws/install/global_to_polar_cpp/lib/python3.10/site-packages/global_to_polar_cpp/__init__.py
[28.888s] -- Installing: /home/yongwoo/sim_ws/install/global_to_polar_cpp/lib/python3.10/site-packages/global_to_polar_cpp/global_to_polar_cpp_s__rosidl_typesupport_fastrtps_c.cpython-310-x86_64-linux-gnu.so
[28.888s] -- Installing: /home/yongwoo/sim_ws/install/global_to_polar_cpp/lib/python3.10/site-packages/global_to_polar_cpp/_global_to_polar_cpp_s.ep.rosidl_typesupport_introspection_c.c
[28.889s] -- Installing: /home/yongwoo/sim_ws/install/global_to_polar_cpp/lib/python3.10/site-packages/global_to_polar_cpp/msg
[28.889s] -- Installing: /home/yongwoo/sim_ws/install/global_to_polar_cpp/lib/python3.10/site-packages/global_to_polar_cpp/msg/__init__.py
[28.889s] -- Installing: /home/yongwoo/sim_ws/install/global_to_polar_cpp/lib/python3.10/site-packages/global_to_polar_cpp/msg/_polar_grid.py
[28.889s] -- Installing: /home/yongwoo/sim_ws/install/global_to_polar_cpp/lib/python3.10/site-packages/global_to_polar_cpp/msg/_polar_grid_s.c
[28.889s] -- Installing: /home/yongwoo/sim_ws/install/global_to_polar_cpp/lib/python3.10/site-packages/global_to_polar_cpp/_global_to_polar_cpp_s.ep.rosidl_typesupport_fastrtps_c.c
[28.890s] -- Installing: /home/yongwoo/sim_ws/install/global_to_polar_cpp/lib/python3.10/site-packages/global_to_polar_cpp/global_to_polar_cpp_s__rosidl_typesupport_introspection_c.cpython-310-x86_64-linux-gnu.so
[28.890s] -- Installing: /home/yongwoo/sim_ws/install/global_to_polar_cpp/lib/python3.10/site-packages/global_to_polar_cpp/global_to_polar_cpp_s__rosidl_typesupport_c.cpython-310-x86_64-linux-gnu.so
[28.932s] Listing '/home/yongwoo/sim_ws/install/global_to_polar_cpp/lib/python3.10/site-packages/global_to_polar_cpp'...
[28.932s] Compiling '/home/yongwoo/sim_ws/install/global_to_polar_cpp/lib/python3.10/site-packages/global_to_polar_cpp/__init__.py'...
[28.932s] Listing '/home/yongwoo/sim_ws/install/global_to_polar_cpp/lib/python3.10/site-packages/global_to_polar_cpp/msg'...
[28.933s] Compiling '/home/yongwoo/sim_ws/install/global_to_polar_cpp/lib/python3.10/site-packages/global_to_polar_cpp/msg/__init__.py'...
[28.933s] Compiling '/home/yongwoo/sim_ws/install/global_to_polar_cpp/lib/python3.10/site-packages/global_to_polar_cpp/msg/_polar_grid.py'...
[28.937s] -- Installing: /home/yongwoo/sim_ws/install/global_to_polar_cpp/lib/python3.10/site-packages/global_to_polar_cpp/global_to_polar_cpp_s__rosidl_typesupport_fastrtps_c.cpython-310-x86_64-linux-gnu.so
[28.937s] -- Set runtime path of "/home/yongwoo/sim_ws/install/global_to_polar_cpp/lib/python3.10/site-packages/global_to_polar_cpp/global_to_polar_cpp_s__rosidl_typesupport_fastrtps_c.cpython-310-x86_64-linux-gnu.so" to ""
[28.937s] -- Installing: /home/yongwoo/sim_ws/install/global_to_polar_cpp/lib/python3.10/site-packages/global_to_polar_cpp/global_to_polar_cpp_s__rosidl_typesupport_introspection_c.cpython-310-x86_64-linux-gnu.so
[28.937s] -- Set runtime path of "/home/yongwoo/sim_ws/install/global_to_polar_cpp/lib/python3.10/site-packages/global_to_polar_cpp/global_to_polar_cpp_s__rosidl_typesupport_introspection_c.cpython-310-x86_64-linux-gnu.so" to ""
[28.937s] -- Installing: /home/yongwoo/sim_ws/install/global_to_polar_cpp/lib/python3.10/site-packages/global_to_polar_cpp/global_to_polar_cpp_s__rosidl_typesupport_c.cpython-310-x86_64-linux-gnu.so
[28.937s] -- Set runtime path of "/home/yongwoo/sim_ws/install/global_to_polar_cpp/lib/python3.10/site-packages/global_to_polar_cpp/global_to_polar_cpp_s__rosidl_typesupport_c.cpython-310-x86_64-linux-gnu.so" to ""
[28.937s] -- Installing: /home/yongwoo/sim_ws/install/global_to_polar_cpp/lib/libglobal_to_polar_cpp__rosidl_generator_py.so
[28.938s] -- Set runtime path of "/home/yongwoo/sim_ws/install/global_to_polar_cpp/lib/libglobal_to_polar_cpp__rosidl_generator_py.so" to ""
[28.938s] -- Installing: /home/yongwoo/sim_ws/install/global_to_polar_cpp/share/global_to_polar_cpp/msg/PolarGrid.idl
[28.938s] -- Installing: /home/yongwoo/sim_ws/install/global_to_polar_cpp/share/global_to_polar_cpp/msg/PolarGrid.msg
[28.939s] -- Installing: /home/yongwoo/sim_ws/install/global_to_polar_cpp/lib/global_to_polar_cpp/global_to_polar_node
[28.941s] -- Set runtime path of "/home/yongwoo/sim_ws/install/global_to_polar_cpp/lib/global_to_polar_cpp/global_to_polar_node" to ""
[28.941s] -- Installing: /home/yongwoo/sim_ws/install/global_to_polar_cpp/lib/global_to_polar_cpp/data_logger_node
[28.947s] -- Set runtime path of "/home/yongwoo/sim_ws/install/global_to_polar_cpp/lib/global_to_polar_cpp/data_logger_node" to ""
[28.947s] -- Installing: /home/yongwoo/sim_ws/install/global_to_polar_cpp/share/ament_index/resource_index/package_run_dependencies/global_to_polar_cpp
[28.948s] -- Installing: /home/yongwoo/sim_ws/install/global_to_polar_cpp/share/ament_index/resource_index/parent_prefix_path/global_to_polar_cpp
[28.948s] -- Installing: /home/yongwoo/sim_ws/install/global_to_polar_cpp/share/global_to_polar_cpp/environment/ament_prefix_path.sh
[28.948s] -- Installing: /home/yongwoo/sim_ws/install/global_to_polar_cpp/share/global_to_polar_cpp/environment/ament_prefix_path.dsv
[28.948s] -- Installing: /home/yongwoo/sim_ws/install/global_to_polar_cpp/share/global_to_polar_cpp/environment/path.sh
[28.949s] -- Installing: /home/yongwoo/sim_ws/install/global_to_polar_cpp/share/global_to_polar_cpp/environment/path.dsv
[28.949s] -- Installing: /home/yongwoo/sim_ws/install/global_to_polar_cpp/share/global_to_polar_cpp/local_setup.bash
[28.949s] -- Installing: /home/yongwoo/sim_ws/install/global_to_polar_cpp/share/global_to_polar_cpp/local_setup.sh
[28.949s] -- Installing: /home/yongwoo/sim_ws/install/global_to_polar_cpp/share/global_to_polar_cpp/local_setup.zsh
[28.949s] -- Installing: /home/yongwoo/sim_ws/install/global_to_polar_cpp/share/global_to_polar_cpp/local_setup.dsv
[28.949s] -- Installing: /home/yongwoo/sim_ws/install/global_to_polar_cpp/share/global_to_polar_cpp/package.dsv
[28.950s] -- Installing: /home/yongwoo/sim_ws/install/global_to_polar_cpp/share/ament_index/resource_index/packages/global_to_polar_cpp
[28.950s] -- Installing: /home/yongwoo/sim_ws/install/global_to_polar_cpp/share/global_to_polar_cpp/cmake/export_global_to_polar_cpp__rosidl_generator_cExport.cmake
[28.951s] -- Installing: /home/yongwoo/sim_ws/install/global_to_polar_cpp/share/global_to_polar_cpp/cmake/export_global_to_polar_cpp__rosidl_generator_cExport-noconfig.cmake
[28.951s] -- Installing: /home/yongwoo/sim_ws/install/global_to_polar_cpp/share/global_to_polar_cpp/cmake/export_global_to_polar_cpp__rosidl_typesupport_fastrtps_cExport.cmake
[28.951s] -- Installing: /home/yongwoo/sim_ws/install/global_to_polar_cpp/share/global_to_polar_cpp/cmake/export_global_to_polar_cpp__rosidl_typesupport_fastrtps_cExport-noconfig.cmake
[28.951s] -- Installing: /home/yongwoo/sim_ws/install/global_to_polar_cpp/share/global_to_polar_cpp/cmake/export_global_to_polar_cpp__rosidl_generator_cppExport.cmake
[28.951s] -- Installing: /home/yongwoo/sim_ws/install/global_to_polar_cpp/share/global_to_polar_cpp/cmake/export_global_to_polar_cpp__rosidl_typesupport_fastrtps_cppExport.cmake
[28.952s] -- Installing: /home/yongwoo/sim_ws/install/global_to_polar_cpp/share/global_to_polar_cpp/cmake/export_global_to_polar_cpp__rosidl_typesupport_fastrtps_cppExport-noconfig.cmake
[28.952s] -- Installing: /home/yongwoo/sim_ws/install/global_to_polar_cpp/share/global_to_polar_cpp/cmake/global_to_polar_cpp__rosidl_typesupport_introspection_cExport.cmake
[28.952s] -- Installing: /home/yongwoo/sim_ws/install/global_to_polar_cpp/share/global_to_polar_cpp/cmake/global_to_polar_cpp__rosidl_typesupport_introspection_cExport-noconfig.cmake
[28.952s] -- Installing: /home/yongwoo/sim_ws/install/global_to_polar_cpp/share/global_to_polar_cpp/cmake/global_to_polar_cpp__rosidl_typesupport_cExport.cmake
[28.952s] -- Installing: /home/yongwoo/sim_ws/install/global_to_polar_cpp/share/global_to_polar_cpp/cmake/global_to_polar_cpp__rosidl_typesupport_cExport-noconfig.cmake
[28.952s] -- Installing: /home/yongwoo/sim_ws/install/global_to_polar_cpp/share/global_to_polar_cpp/cmake/global_to_polar_cpp__rosidl_typesupport_introspection_cppExport.cmake
[28.953s] -- Installing: /home/yongwoo/sim_ws/install/global_to_polar_cpp/share/global_to_polar_cpp/cmake/global_to_polar_cpp__rosidl_typesupport_introspection_cppExport-noconfig.cmake
[28.953s] -- Installing: /home/yongwoo/sim_ws/install/global_to_polar_cpp/share/global_to_polar_cpp/cmake/global_to_polar_cpp__rosidl_typesupport_cppExport.cmake
[28.953s] -- Installing: /home/yongwoo/sim_ws/install/global_to_polar_cpp/share/global_to_polar_cpp/cmake/global_to_polar_cpp__rosidl_typesupport_cppExport-noconfig.cmake
[28.953s] -- Installing: /home/yongwoo/sim_ws/install/global_to_polar_cpp/share/global_to_polar_cpp/cmake/export_global_to_polar_cpp__rosidl_generator_pyExport.cmake
[28.953s] -- Installing: /home/yongwoo/sim_ws/install/global_to_polar_cpp/share/global_to_polar_cpp/cmake/export_global_to_polar_cpp__rosidl_generator_pyExport-noconfig.cmake
[28.954s] -- Installing: /home/yongwoo/sim_ws/install/global_to_polar_cpp/share/global_to_polar_cpp/cmake/rosidl_cmake-extras.cmake
[28.954s] -- Installing: /home/yongwoo/sim_ws/install/global_to_polar_cpp/share/global_to_polar_cpp/cmake/ament_cmake_export_dependencies-extras.cmake
[28.954s] -- Installing: /home/yongwoo/sim_ws/install/global_to_polar_cpp/share/global_to_polar_cpp/cmake/ament_cmake_export_include_directories-extras.cmake
[28.954s] -- Installing: /home/yongwoo/sim_ws/install/global_to_polar_cpp/share/global_to_polar_cpp/cmake/ament_cmake_export_libraries-extras.cmake
[28.954s] -- Installing: /home/yongwoo/sim_ws/install/global_to_polar_cpp/share/global_to_polar_cpp/cmake/ament_cmake_export_targets-extras.cmake
[28.954s] -- Installing: /home/yongwoo/sim_ws/install/global_to_polar_cpp/share/global_to_polar_cpp/cmake/rosidl_cmake_export_typesupport_targets-extras.cmake
[28.955s] -- Installing: /home/yongwoo/sim_ws/install/global_to_polar_cpp/share/global_to_polar_cpp/cmake/rosidl_cmake_export_typesupport_libraries-extras.cmake
[28.955s] -- Installing: /home/yongwoo/sim_ws/install/global_to_polar_cpp/share/global_to_polar_cpp/cmake/global_to_polar_cppConfig.cmake
[28.955s] -- Installing: /home/yongwoo/sim_ws/install/global_to_polar_cpp/share/global_to_polar_cpp/cmake/global_to_polar_cppConfig-version.cmake
[28.955s] -- Installing: /home/yongwoo/sim_ws/install/global_to_polar_cpp/share/global_to_polar_cpp/package.xml
[28.959s] Invoked command in '/home/yongwoo/sim_ws/build/global_to_polar_cpp' returned '0': CMAKE_PREFIX_PATH=/home/yongwoo/sim_ws/install/planning_custom_msgs:/home/yongwoo/sim_ws/install/global_to_polar_cpp:/home/yongwoo/sim_ws/install/gap_follow:/home/yongwoo/sim_ws/install/f1tenth_gym_ros:/opt/ros/humble CONDA_PROMPT_MODIFIER=(ros_env) LD_LIBRARY_PATH=/home/yongwoo/sim_ws/install/planning_custom_msgs/lib:/home/yongwoo/sim_ws/install/global_to_polar_cpp/lib:/opt/ros/humble/opt/rviz_ogre_vendor/lib:/opt/ros/humble/lib/x86_64-linux-gnu:/opt/ros/humble/lib PYTHONPATH=/home/yongwoo/sim_ws/install/planning_custom_msgs/lib/python3.10/site-packages:/home/yongwoo/sim_ws/install/global_to_polar_cpp/lib/python3.10/site-packages:/home/yongwoo/sim_ws/install/gap_follow/lib/python3.10/site-packages:/home/yongwoo/sim_ws/build/f1tenth_gym_ros:/home/yongwoo/sim_ws/install/f1tenth_gym_ros/lib/python3.10/site-packages:/opt/ros/humble/lib/python3.10/site-packages:/opt/ros/humble/local/lib/python3.10/dist-packages /usr/bin/cmake --install /home/yongwoo/sim_ws/build/global_to_polar_cpp
