[0.589s] Invoking command in '/home/yongwoo/sim_ws/src/f1tenth_gym_ros': CONDA_PROMPT_MODIFIER=(ros_env) PYTHONPATH=/home/yongwoo/sim_ws/build/f1tenth_gym_ros/prefix_override:/home/yongwoo/anaconda3/envs/ros_env/lib/python3.10/site-packages/colcon_core/task/python/colcon_distutils_commands:/home/yongwoo/sim_ws/install/f1tenth_gym_ros/lib/python3.10/site-packages:${PYTHONPATH} /home/yongwoo/anaconda3/envs/ros_env/bin/python3.10 -W ignore:setup.py install is deprecated -W ignore:easy_install command is deprecated setup.py egg_info --egg-base ../../build/f1tenth_gym_ros build --build-base /home/yongwoo/sim_ws/build/f1tenth_gym_ros/build install --record /home/yongwoo/sim_ws/build/f1tenth_gym_ros/install.log --single-version-externally-managed install_data
[0.756s] /home/yongwoo/anaconda3/envs/ros_env/lib/python3.10/site-packages/setuptools/_distutils/dist.py:289: UserWarning: Unknown distribution option: 'tests_require'
[0.756s]   warnings.warn(msg)
[0.845s] running egg_info
[0.859s] creating ../../build/f1tenth_gym_ros/f1tenth_gym_ros.egg-info
[0.859s] writing ../../build/f1tenth_gym_ros/f1tenth_gym_ros.egg-info/PKG-INFO
[0.860s] writing dependency_links to ../../build/f1tenth_gym_ros/f1tenth_gym_ros.egg-info/dependency_links.txt
[0.860s] writing entry points to ../../build/f1tenth_gym_ros/f1tenth_gym_ros.egg-info/entry_points.txt
[0.860s] writing requirements to ../../build/f1tenth_gym_ros/f1tenth_gym_ros.egg-info/requires.txt
[0.861s] writing top-level names to ../../build/f1tenth_gym_ros/f1tenth_gym_ros.egg-info/top_level.txt
[0.861s] writing manifest file '../../build/f1tenth_gym_ros/f1tenth_gym_ros.egg-info/SOURCES.txt'
[0.885s] reading manifest file '../../build/f1tenth_gym_ros/f1tenth_gym_ros.egg-info/SOURCES.txt'
[0.886s] adding license file 'LICENSE'
[0.887s] writing manifest file '../../build/f1tenth_gym_ros/f1tenth_gym_ros.egg-info/SOURCES.txt'
[0.887s] running build
[0.888s] running build_py
[0.888s] creating /home/yongwoo/sim_ws/build/f1tenth_gym_ros/build/lib/f1tenth_gym_ros
[0.889s] copying f1tenth_gym_ros/__init__.py -> /home/yongwoo/sim_ws/build/f1tenth_gym_ros/build/lib/f1tenth_gym_ros
[0.890s] copying f1tenth_gym_ros/gym_bridge.py -> /home/yongwoo/sim_ws/build/f1tenth_gym_ros/build/lib/f1tenth_gym_ros
[0.890s] running install
[0.895s] running install_lib
[0.908s] creating /home/yongwoo/sim_ws/install/f1tenth_gym_ros/lib/python3.10/site-packages/f1tenth_gym_ros
[0.909s] copying /home/yongwoo/sim_ws/build/f1tenth_gym_ros/build/lib/f1tenth_gym_ros/__init__.py -> /home/yongwoo/sim_ws/install/f1tenth_gym_ros/lib/python3.10/site-packages/f1tenth_gym_ros
[0.909s] copying /home/yongwoo/sim_ws/build/f1tenth_gym_ros/build/lib/f1tenth_gym_ros/gym_bridge.py -> /home/yongwoo/sim_ws/install/f1tenth_gym_ros/lib/python3.10/site-packages/f1tenth_gym_ros
[0.910s] byte-compiling /home/yongwoo/sim_ws/install/f1tenth_gym_ros/lib/python3.10/site-packages/f1tenth_gym_ros/__init__.py to __init__.cpython-310.pyc
[0.910s] byte-compiling /home/yongwoo/sim_ws/install/f1tenth_gym_ros/lib/python3.10/site-packages/f1tenth_gym_ros/gym_bridge.py to gym_bridge.cpython-310.pyc
[0.913s] running install_data
[0.913s] creating /home/yongwoo/sim_ws/install/f1tenth_gym_ros/share/ament_index/resource_index/packages
[0.913s] copying resource/f1tenth_gym_ros -> /home/yongwoo/sim_ws/install/f1tenth_gym_ros/share/ament_index/resource_index/packages
[0.914s] copying package.xml -> /home/yongwoo/sim_ws/install/f1tenth_gym_ros/share/f1tenth_gym_ros
[0.914s] creating /home/yongwoo/sim_ws/install/f1tenth_gym_ros/share/f1tenth_gym_ros/launch
[0.917s] copying launch/gym_bridge_launch.py -> /home/yongwoo/sim_ws/install/f1tenth_gym_ros/share/f1tenth_gym_ros/launch
[0.917s] copying launch/ego_racecar.xacro -> /home/yongwoo/sim_ws/install/f1tenth_gym_ros/share/f1tenth_gym_ros/launch
[0.917s] copying launch/opp_racecar.xacro -> /home/yongwoo/sim_ws/install/f1tenth_gym_ros/share/f1tenth_gym_ros/launch
[0.917s] copying launch/gym_bridge.rviz -> /home/yongwoo/sim_ws/install/f1tenth_gym_ros/share/f1tenth_gym_ros/launch
[0.917s] creating /home/yongwoo/sim_ws/install/f1tenth_gym_ros/share/f1tenth_gym_ros/config
[0.918s] copying config/sim.yaml -> /home/yongwoo/sim_ws/install/f1tenth_gym_ros/share/f1tenth_gym_ros/config
[0.918s] running install_egg_info
[0.934s] Copying ../../build/f1tenth_gym_ros/f1tenth_gym_ros.egg-info to /home/yongwoo/sim_ws/install/f1tenth_gym_ros/lib/python3.10/site-packages/f1tenth_gym_ros-0.0.0-py3.10.egg-info
[0.936s] running install_scripts
[0.984s] Installing gym_bridge script to /home/yongwoo/sim_ws/install/f1tenth_gym_ros/lib/f1tenth_gym_ros
[0.986s] writing list of installed files to '/home/yongwoo/sim_ws/build/f1tenth_gym_ros/install.log'
[1.043s] Invoked command in '/home/yongwoo/sim_ws/src/f1tenth_gym_ros' returned '0': CONDA_PROMPT_MODIFIER=(ros_env) PYTHONPATH=/home/yongwoo/sim_ws/build/f1tenth_gym_ros/prefix_override:/home/yongwoo/anaconda3/envs/ros_env/lib/python3.10/site-packages/colcon_core/task/python/colcon_distutils_commands:/home/yongwoo/sim_ws/install/f1tenth_gym_ros/lib/python3.10/site-packages:${PYTHONPATH} /home/yongwoo/anaconda3/envs/ros_env/bin/python3.10 -W ignore:setup.py install is deprecated -W ignore:easy_install command is deprecated setup.py egg_info --egg-base ../../build/f1tenth_gym_ros build --build-base /home/yongwoo/sim_ws/build/f1tenth_gym_ros/build install --record /home/yongwoo/sim_ws/build/f1tenth_gym_ros/install.log --single-version-externally-managed install_data
