[0.073s] DEBUG:colcon:Command line arguments: ['/usr/bin/colcon', 'build', '--symlink-install']
[0.073s] DEBUG:colcon:Parsed command line arguments: Namespace(log_base=None, log_level=None, verb_name='build', build_base='build', install_base='install', merge_install=False, symlink_install=True, test_result_base=None, continue_on_error=False, executor='parallel', parallel_workers=4, event_handlers=None, ignore_user_meta=False, metas=['./colcon.meta'], base_paths=['.'], packages_ignore=None, packages_ignore_regex=None, paths=None, packages_up_to=None, packages_up_to_regex=None, packages_above=None, packages_above_and_dependencies=None, packages_above_depth=None, packages_select_by_dep=None, packages_skip_by_dep=None, packages_skip_up_to=None, packages_select_build_failed=False, packages_skip_build_finished=False, packages_select_test_failures=False, packages_skip_test_passed=False, packages_select=None, packages_skip=None, packages_select_regex=None, packages_skip_regex=None, packages_start=None, packages_end=None, allow_overriding=[], cmake_args=None, cmake_target=None, cmake_target_skip_unavailable=False, cmake_clean_cache=False, cmake_clean_first=False, cmake_force_configure=False, ament_cmake_args=None, catkin_cmake_args=None, catkin_skip_building_tests=False, verb_parser=<colcon_defaults.argument_parser.defaults.DefaultArgumentsDecorator object at 0xffff90c1d510>, verb_extension=<colcon_core.verb.build.BuildVerb object at 0xffff90dc69b0>, main=<bound method BuildVerb.main of <colcon_core.verb.build.BuildVerb object at 0xffff90dc69b0>>)
[0.165s] Level 1:colcon.colcon_core.package_discovery:discover_packages(colcon_meta) check parameters
[0.165s] Level 1:colcon.colcon_core.package_discovery:discover_packages(recursive) check parameters
[0.165s] Level 1:colcon.colcon_core.package_discovery:discover_packages(ignore) check parameters
[0.165s] Level 1:colcon.colcon_core.package_discovery:discover_packages(path) check parameters
[0.166s] Level 1:colcon.colcon_core.package_discovery:discover_packages(colcon_meta) discover
[0.166s] Level 1:colcon.colcon_core.package_discovery:discover_packages(recursive) discover
[0.166s] INFO:colcon.colcon_core.package_discovery:Crawling recursively for packages in '/home/subin/learning_code'
[0.166s] Level 1:colcon.colcon_core.package_identification:_identify(.) by extensions ['ignore', 'ignore_ament_install']
[0.166s] Level 1:colcon.colcon_core.package_identification:_identify(.) by extension 'ignore'
[0.166s] Level 1:colcon.colcon_core.package_identification:_identify(.) by extension 'ignore_ament_install'
[0.166s] Level 1:colcon.colcon_core.package_identification:_identify(.) by extensions ['colcon_pkg']
[0.166s] Level 1:colcon.colcon_core.package_identification:_identify(.) by extension 'colcon_pkg'
[0.166s] Level 1:colcon.colcon_core.package_identification:_identify(.) by extensions ['colcon_meta']
[0.166s] Level 1:colcon.colcon_core.package_identification:_identify(.) by extension 'colcon_meta'
[0.166s] Level 1:colcon.colcon_core.package_identification:_identify(.) by extensions ['ros']
[0.166s] Level 1:colcon.colcon_core.package_identification:_identify(.) by extension 'ros'
[0.176s] Level 1:colcon.colcon_core.package_identification:_identify(.) by extensions ['cmake', 'python']
[0.176s] Level 1:colcon.colcon_core.package_identification:_identify(.) by extension 'cmake'
[0.176s] Level 1:colcon.colcon_core.package_identification:_identify(.) by extension 'python'
[0.176s] Level 1:colcon.colcon_core.package_identification:_identify(.) by extensions ['python_setup_py']
[0.177s] Level 1:colcon.colcon_core.package_identification:_identify(.) by extension 'python_setup_py'
[0.177s] Level 1:colcon.colcon_core.package_identification:_identify(build) by extensions ['ignore', 'ignore_ament_install']
[0.177s] Level 1:colcon.colcon_core.package_identification:_identify(build) by extension 'ignore'
[0.177s] Level 1:colcon.colcon_core.package_identification:_identify(build) ignored
[0.177s] Level 1:colcon.colcon_core.package_identification:_identify(install) by extensions ['ignore', 'ignore_ament_install']
[0.177s] Level 1:colcon.colcon_core.package_identification:_identify(install) by extension 'ignore'
[0.177s] Level 1:colcon.colcon_core.package_identification:_identify(install) ignored
[0.177s] Level 1:colcon.colcon_core.package_identification:_identify(log) by extensions ['ignore', 'ignore_ament_install']
[0.177s] Level 1:colcon.colcon_core.package_identification:_identify(log) by extension 'ignore'
[0.177s] Level 1:colcon.colcon_core.package_identification:_identify(log) ignored
[0.177s] Level 1:colcon.colcon_core.package_identification:_identify(rosbag_polar_grid) by extensions ['ignore', 'ignore_ament_install']
[0.177s] Level 1:colcon.colcon_core.package_identification:_identify(rosbag_polar_grid) by extension 'ignore'
[0.177s] Level 1:colcon.colcon_core.package_identification:_identify(rosbag_polar_grid) by extension 'ignore_ament_install'
[0.177s] Level 1:colcon.colcon_core.package_identification:_identify(rosbag_polar_grid) by extensions ['colcon_pkg']
[0.177s] Level 1:colcon.colcon_core.package_identification:_identify(rosbag_polar_grid) by extension 'colcon_pkg'
[0.177s] Level 1:colcon.colcon_core.package_identification:_identify(rosbag_polar_grid) by extensions ['colcon_meta']
[0.177s] Level 1:colcon.colcon_core.package_identification:_identify(rosbag_polar_grid) by extension 'colcon_meta'
[0.177s] Level 1:colcon.colcon_core.package_identification:_identify(rosbag_polar_grid) by extensions ['ros']
[0.177s] Level 1:colcon.colcon_core.package_identification:_identify(rosbag_polar_grid) by extension 'ros'
[0.177s] Level 1:colcon.colcon_core.package_identification:_identify(rosbag_polar_grid) by extensions ['cmake', 'python']
[0.177s] Level 1:colcon.colcon_core.package_identification:_identify(rosbag_polar_grid) by extension 'cmake'
[0.177s] Level 1:colcon.colcon_core.package_identification:_identify(rosbag_polar_grid) by extension 'python'
[0.177s] Level 1:colcon.colcon_core.package_identification:_identify(rosbag_polar_grid) by extensions ['python_setup_py']
[0.177s] Level 1:colcon.colcon_core.package_identification:_identify(rosbag_polar_grid) by extension 'python_setup_py'
[0.177s] Level 1:colcon.colcon_core.package_identification:_identify(src) by extensions ['ignore', 'ignore_ament_install']
[0.177s] Level 1:colcon.colcon_core.package_identification:_identify(src) by extension 'ignore'
[0.177s] Level 1:colcon.colcon_core.package_identification:_identify(src) by extension 'ignore_ament_install'
[0.177s] Level 1:colcon.colcon_core.package_identification:_identify(src) by extensions ['colcon_pkg']
[0.177s] Level 1:colcon.colcon_core.package_identification:_identify(src) by extension 'colcon_pkg'
[0.177s] Level 1:colcon.colcon_core.package_identification:_identify(src) by extensions ['colcon_meta']
[0.177s] Level 1:colcon.colcon_core.package_identification:_identify(src) by extension 'colcon_meta'
[0.177s] Level 1:colcon.colcon_core.package_identification:_identify(src) by extensions ['ros']
[0.177s] Level 1:colcon.colcon_core.package_identification:_identify(src) by extension 'ros'
[0.177s] Level 1:colcon.colcon_core.package_identification:_identify(src) by extensions ['cmake', 'python']
[0.177s] Level 1:colcon.colcon_core.package_identification:_identify(src) by extension 'cmake'
[0.177s] Level 1:colcon.colcon_core.package_identification:_identify(src) by extension 'python'
[0.177s] Level 1:colcon.colcon_core.package_identification:_identify(src) by extensions ['python_setup_py']
[0.177s] Level 1:colcon.colcon_core.package_identification:_identify(src) by extension 'python_setup_py'
[0.177s] Level 1:colcon.colcon_core.package_identification:_identify(src/LocalPlanning_Learning) by extensions ['ignore', 'ignore_ament_install']
[0.177s] Level 1:colcon.colcon_core.package_identification:_identify(src/LocalPlanning_Learning) by extension 'ignore'
[0.177s] Level 1:colcon.colcon_core.package_identification:_identify(src/LocalPlanning_Learning) ignored
[0.177s] Level 1:colcon.colcon_core.package_identification:_identify(src/basecode_follow_the_gap) by extensions ['ignore', 'ignore_ament_install']
[0.177s] Level 1:colcon.colcon_core.package_identification:_identify(src/basecode_follow_the_gap) by extension 'ignore'
[0.177s] Level 1:colcon.colcon_core.package_identification:_identify(src/basecode_follow_the_gap) ignored
[0.178s] Level 1:colcon.colcon_core.package_identification:_identify(src/f1tenth_gym_ros) by extensions ['ignore', 'ignore_ament_install']
[0.178s] Level 1:colcon.colcon_core.package_identification:_identify(src/f1tenth_gym_ros) by extension 'ignore'
[0.178s] Level 1:colcon.colcon_core.package_identification:_identify(src/f1tenth_gym_ros) ignored
[0.178s] Level 1:colcon.colcon_core.package_identification:_identify(src/f1tenth_planning_custom_msgs) by extensions ['ignore', 'ignore_ament_install']
[0.178s] Level 1:colcon.colcon_core.package_identification:_identify(src/f1tenth_planning_custom_msgs) by extension 'ignore'
[0.178s] Level 1:colcon.colcon_core.package_identification:_identify(src/f1tenth_planning_custom_msgs) by extension 'ignore_ament_install'
[0.178s] Level 1:colcon.colcon_core.package_identification:_identify(src/f1tenth_planning_custom_msgs) by extensions ['colcon_pkg']
[0.178s] Level 1:colcon.colcon_core.package_identification:_identify(src/f1tenth_planning_custom_msgs) by extension 'colcon_pkg'
[0.178s] Level 1:colcon.colcon_core.package_identification:_identify(src/f1tenth_planning_custom_msgs) by extensions ['colcon_meta']
[0.178s] Level 1:colcon.colcon_core.package_identification:_identify(src/f1tenth_planning_custom_msgs) by extension 'colcon_meta'
[0.178s] Level 1:colcon.colcon_core.package_identification:_identify(src/f1tenth_planning_custom_msgs) by extensions ['ros']
[0.178s] Level 1:colcon.colcon_core.package_identification:_identify(src/f1tenth_planning_custom_msgs) by extension 'ros'
[0.179s] DEBUG:colcon.colcon_core.package_identification:Package 'src/f1tenth_planning_custom_msgs' with type 'ros.ament_cmake' and name 'planning_custom_msgs'
[0.179s] Level 1:colcon.colcon_core.package_identification:_identify(src/global_to_polar_cpp) by extensions ['ignore', 'ignore_ament_install']
[0.179s] Level 1:colcon.colcon_core.package_identification:_identify(src/global_to_polar_cpp) by extension 'ignore'
[0.179s] Level 1:colcon.colcon_core.package_identification:_identify(src/global_to_polar_cpp) by extension 'ignore_ament_install'
[0.179s] Level 1:colcon.colcon_core.package_identification:_identify(src/global_to_polar_cpp) by extensions ['colcon_pkg']
[0.179s] Level 1:colcon.colcon_core.package_identification:_identify(src/global_to_polar_cpp) by extension 'colcon_pkg'
[0.179s] Level 1:colcon.colcon_core.package_identification:_identify(src/global_to_polar_cpp) by extensions ['colcon_meta']
[0.179s] Level 1:colcon.colcon_core.package_identification:_identify(src/global_to_polar_cpp) by extension 'colcon_meta'
[0.179s] Level 1:colcon.colcon_core.package_identification:_identify(src/global_to_polar_cpp) by extensions ['ros']
[0.179s] Level 1:colcon.colcon_core.package_identification:_identify(src/global_to_polar_cpp) by extension 'ros'
[0.180s] DEBUG:colcon.colcon_core.package_identification:Package 'src/global_to_polar_cpp' with type 'ros.ament_cmake' and name 'global_to_polar_cpp'
[0.180s] Level 1:colcon.colcon_core.package_discovery:discover_packages(recursive) using defaults
[0.180s] Level 1:colcon.colcon_core.package_discovery:discover_packages(ignore) discover
[0.180s] Level 1:colcon.colcon_core.package_discovery:discover_packages(ignore) using defaults
[0.180s] Level 1:colcon.colcon_core.package_discovery:discover_packages(path) discover
[0.180s] Level 1:colcon.colcon_core.package_discovery:discover_packages(path) using defaults
[0.196s] Level 1:colcon.colcon_core.package_discovery:discover_packages(prefix_path) check parameters
[0.196s] Level 1:colcon.colcon_core.package_discovery:discover_packages(prefix_path) discover
[0.197s] DEBUG:colcon.colcon_installed_package_information.package_discovery:Found 0 installed packages in /home/subin/learning_code/install
[0.197s] DEBUG:colcon.colcon_installed_package_information.package_discovery:Found 2 installed packages in /home/subin/f1tenth_ws/install
[0.198s] DEBUG:colcon.colcon_installed_package_information.package_discovery:Found 313 installed packages in /opt/ros/humble
[0.198s] Level 1:colcon.colcon_core.package_discovery:discover_packages(prefix_path) using defaults
[0.221s] Level 5:colcon.colcon_core.verb:set package 'planning_custom_msgs' build argument 'cmake_args' from command line to 'None'
[0.221s] Level 5:colcon.colcon_core.verb:set package 'planning_custom_msgs' build argument 'cmake_target' from command line to 'None'
[0.221s] Level 5:colcon.colcon_core.verb:set package 'planning_custom_msgs' build argument 'cmake_target_skip_unavailable' from command line to 'False'
[0.221s] Level 5:colcon.colcon_core.verb:set package 'planning_custom_msgs' build argument 'cmake_clean_cache' from command line to 'False'
[0.221s] Level 5:colcon.colcon_core.verb:set package 'planning_custom_msgs' build argument 'cmake_clean_first' from command line to 'False'
[0.221s] Level 5:colcon.colcon_core.verb:set package 'planning_custom_msgs' build argument 'cmake_force_configure' from command line to 'False'
[0.221s] Level 5:colcon.colcon_core.verb:set package 'planning_custom_msgs' build argument 'ament_cmake_args' from command line to 'None'
[0.221s] Level 5:colcon.colcon_core.verb:set package 'planning_custom_msgs' build argument 'catkin_cmake_args' from command line to 'None'
[0.221s] Level 5:colcon.colcon_core.verb:set package 'planning_custom_msgs' build argument 'catkin_skip_building_tests' from command line to 'False'
[0.221s] DEBUG:colcon.colcon_core.verb:Building package 'planning_custom_msgs' with the following arguments: {'ament_cmake_args': None, 'build_base': '/home/subin/learning_code/build/planning_custom_msgs', 'catkin_cmake_args': None, 'catkin_skip_building_tests': False, 'cmake_args': None, 'cmake_clean_cache': False, 'cmake_clean_first': False, 'cmake_force_configure': False, 'cmake_target': None, 'cmake_target_skip_unavailable': False, 'install_base': '/home/subin/learning_code/install/planning_custom_msgs', 'merge_install': False, 'path': '/home/subin/learning_code/src/f1tenth_planning_custom_msgs', 'symlink_install': True, 'test_result_base': None}
[0.221s] Level 5:colcon.colcon_core.verb:set package 'global_to_polar_cpp' build argument 'cmake_args' from command line to 'None'
[0.221s] Level 5:colcon.colcon_core.verb:set package 'global_to_polar_cpp' build argument 'cmake_target' from command line to 'None'
[0.221s] Level 5:colcon.colcon_core.verb:set package 'global_to_polar_cpp' build argument 'cmake_target_skip_unavailable' from command line to 'False'
[0.221s] Level 5:colcon.colcon_core.verb:set package 'global_to_polar_cpp' build argument 'cmake_clean_cache' from command line to 'False'
[0.221s] Level 5:colcon.colcon_core.verb:set package 'global_to_polar_cpp' build argument 'cmake_clean_first' from command line to 'False'
[0.221s] Level 5:colcon.colcon_core.verb:set package 'global_to_polar_cpp' build argument 'cmake_force_configure' from command line to 'False'
[0.221s] Level 5:colcon.colcon_core.verb:set package 'global_to_polar_cpp' build argument 'ament_cmake_args' from command line to 'None'
[0.221s] Level 5:colcon.colcon_core.verb:set package 'global_to_polar_cpp' build argument 'catkin_cmake_args' from command line to 'None'
[0.221s] Level 5:colcon.colcon_core.verb:set package 'global_to_polar_cpp' build argument 'catkin_skip_building_tests' from command line to 'False'
[0.221s] DEBUG:colcon.colcon_core.verb:Building package 'global_to_polar_cpp' with the following arguments: {'ament_cmake_args': None, 'build_base': '/home/subin/learning_code/build/global_to_polar_cpp', 'catkin_cmake_args': None, 'catkin_skip_building_tests': False, 'cmake_args': None, 'cmake_clean_cache': False, 'cmake_clean_first': False, 'cmake_force_configure': False, 'cmake_target': None, 'cmake_target_skip_unavailable': False, 'install_base': '/home/subin/learning_code/install/global_to_polar_cpp', 'merge_install': False, 'path': '/home/subin/learning_code/src/global_to_polar_cpp', 'symlink_install': True, 'test_result_base': None}
[0.221s] INFO:colcon.colcon_core.executor:Executing jobs using 'parallel' executor
[0.222s] DEBUG:colcon.colcon_parallel_executor.executor.parallel:run_until_complete
[0.222s] INFO:colcon.colcon_ros.task.ament_cmake.build:Building ROS package in '/home/subin/learning_code/src/f1tenth_planning_custom_msgs' with build type 'ament_cmake'
[0.222s] INFO:colcon.colcon_cmake.task.cmake.build:Building CMake package in '/home/subin/learning_code/src/f1tenth_planning_custom_msgs'
[0.225s] INFO:colcon.colcon_core.plugin_system:Skipping extension 'colcon_core.shell.bat': Not used on non-Windows systems
[0.225s] INFO:colcon.colcon_core.shell:Skip shell extension 'powershell' for command environment: Not usable outside of PowerShell
[0.225s] DEBUG:colcon.colcon_core.shell:Skip shell extension 'dsv' for command environment
[0.231s] DEBUG:colcon.colcon_core.event_handler.log_command:Invoking command in '/home/subin/learning_code/build/planning_custom_msgs': CMAKE_PREFIX_PATH=${CMAKE_PREFIX_PATH}:/home/subin/f1tenth_ws/install/f1tenth_gym_ros:/opt/ros/humble /usr/bin/cmake /home/subin/learning_code/src/f1tenth_planning_custom_msgs -DAMENT_CMAKE_SYMLINK_INSTALL=1 -DCMAKE_INSTALL_PREFIX=/home/subin/learning_code/install/planning_custom_msgs
[1.271s] DEBUG:colcon.colcon_core.event_handler.log_command:Invoked command in '/home/subin/learning_code/build/planning_custom_msgs' returned '0': CMAKE_PREFIX_PATH=${CMAKE_PREFIX_PATH}:/home/subin/f1tenth_ws/install/f1tenth_gym_ros:/opt/ros/humble /usr/bin/cmake /home/subin/learning_code/src/f1tenth_planning_custom_msgs -DAMENT_CMAKE_SYMLINK_INSTALL=1 -DCMAKE_INSTALL_PREFIX=/home/subin/learning_code/install/planning_custom_msgs
[1.271s] DEBUG:colcon.colcon_core.event_handler.log_command:Invoking command in '/home/subin/learning_code/build/planning_custom_msgs': CMAKE_PREFIX_PATH=${CMAKE_PREFIX_PATH}:/home/subin/f1tenth_ws/install/f1tenth_gym_ros:/opt/ros/humble /usr/bin/cmake --build /home/subin/learning_code/build/planning_custom_msgs -- -j4 -l4
[3.761s] DEBUG:colcon.colcon_core.event_handler.log_command:Invoked command in '/home/subin/learning_code/build/planning_custom_msgs' returned '0': CMAKE_PREFIX_PATH=${CMAKE_PREFIX_PATH}:/home/subin/f1tenth_ws/install/f1tenth_gym_ros:/opt/ros/humble /usr/bin/cmake --build /home/subin/learning_code/build/planning_custom_msgs -- -j4 -l4
[3.765s] DEBUG:colcon.colcon_core.event_handler.log_command:Invoking command in '/home/subin/learning_code/build/planning_custom_msgs': CMAKE_PREFIX_PATH=${CMAKE_PREFIX_PATH}:/home/subin/f1tenth_ws/install/f1tenth_gym_ros:/opt/ros/humble /usr/bin/cmake --install /home/subin/learning_code/build/planning_custom_msgs
[4.149s] Level 1:colcon.colcon_core.environment:create_environment_scripts_only(planning_custom_msgs)
[4.149s] DEBUG:colcon.colcon_core.event_handler.log_command:Invoked command in '/home/subin/learning_code/build/planning_custom_msgs' returned '0': CMAKE_PREFIX_PATH=${CMAKE_PREFIX_PATH}:/home/subin/f1tenth_ws/install/f1tenth_gym_ros:/opt/ros/humble /usr/bin/cmake --install /home/subin/learning_code/build/planning_custom_msgs
[4.151s] Level 1:colcon.colcon_core.environment:checking '/home/subin/learning_code/install/planning_custom_msgs' for CMake module files
[4.151s] Level 1:colcon.colcon_core.environment:checking '/home/subin/learning_code/install/planning_custom_msgs' for CMake config files
[4.151s] Level 1:colcon.colcon_core.shell:create_environment_hook('planning_custom_msgs', 'cmake_prefix_path')
[4.151s] INFO:colcon.colcon_core.shell:Creating environment hook '/home/subin/learning_code/install/planning_custom_msgs/share/planning_custom_msgs/hook/cmake_prefix_path.ps1'
[4.152s] INFO:colcon.colcon_core.shell:Creating environment descriptor '/home/subin/learning_code/install/planning_custom_msgs/share/planning_custom_msgs/hook/cmake_prefix_path.dsv'
[4.152s] INFO:colcon.colcon_core.shell:Creating environment hook '/home/subin/learning_code/install/planning_custom_msgs/share/planning_custom_msgs/hook/cmake_prefix_path.sh'
[4.153s] Level 1:colcon.colcon_core.environment:checking '/home/subin/learning_code/install/planning_custom_msgs/lib'
[4.153s] Level 1:colcon.colcon_core.shell:create_environment_hook('planning_custom_msgs', 'ld_library_path_lib')
[4.153s] INFO:colcon.colcon_core.shell:Creating environment hook '/home/subin/learning_code/install/planning_custom_msgs/share/planning_custom_msgs/hook/ld_library_path_lib.ps1'
[4.153s] INFO:colcon.colcon_core.shell:Creating environment descriptor '/home/subin/learning_code/install/planning_custom_msgs/share/planning_custom_msgs/hook/ld_library_path_lib.dsv'
[4.153s] INFO:colcon.colcon_core.shell:Creating environment hook '/home/subin/learning_code/install/planning_custom_msgs/share/planning_custom_msgs/hook/ld_library_path_lib.sh'
[4.153s] Level 1:colcon.colcon_core.environment:checking '/home/subin/learning_code/install/planning_custom_msgs/bin'
[4.153s] Level 1:colcon.colcon_core.environment:checking '/home/subin/learning_code/install/planning_custom_msgs/lib/pkgconfig/planning_custom_msgs.pc'
[4.154s] Level 1:colcon.colcon_core.environment:checking '/home/subin/learning_code/install/planning_custom_msgs/lib/python3.10/site-packages'
[4.154s] Level 1:colcon.colcon_core.environment:checking '/home/subin/learning_code/install/planning_custom_msgs/bin'
[4.154s] INFO:colcon.colcon_core.shell:Creating package script '/home/subin/learning_code/install/planning_custom_msgs/share/planning_custom_msgs/package.ps1'
[4.154s] INFO:colcon.colcon_core.shell:Creating package descriptor '/home/subin/learning_code/install/planning_custom_msgs/share/planning_custom_msgs/package.dsv'
[4.154s] INFO:colcon.colcon_core.shell:Creating package script '/home/subin/learning_code/install/planning_custom_msgs/share/planning_custom_msgs/package.sh'
[4.155s] INFO:colcon.colcon_core.shell:Creating package script '/home/subin/learning_code/install/planning_custom_msgs/share/planning_custom_msgs/package.bash'
[4.155s] INFO:colcon.colcon_core.shell:Creating package script '/home/subin/learning_code/install/planning_custom_msgs/share/planning_custom_msgs/package.zsh'
[4.155s] Level 1:colcon.colcon_core.environment:create_file_with_runtime_dependencies(/home/subin/learning_code/install/planning_custom_msgs/share/colcon-core/packages/planning_custom_msgs)
[4.155s] Level 1:colcon.colcon_core.environment:create_environment_scripts_only(planning_custom_msgs)
[4.156s] Level 1:colcon.colcon_core.environment:checking '/home/subin/learning_code/install/planning_custom_msgs' for CMake module files
[4.156s] Level 1:colcon.colcon_core.environment:checking '/home/subin/learning_code/install/planning_custom_msgs' for CMake config files
[4.156s] Level 1:colcon.colcon_core.shell:create_environment_hook('planning_custom_msgs', 'cmake_prefix_path')
[4.156s] INFO:colcon.colcon_core.shell:Creating environment hook '/home/subin/learning_code/install/planning_custom_msgs/share/planning_custom_msgs/hook/cmake_prefix_path.ps1'
[4.156s] INFO:colcon.colcon_core.shell:Creating environment descriptor '/home/subin/learning_code/install/planning_custom_msgs/share/planning_custom_msgs/hook/cmake_prefix_path.dsv'
[4.156s] INFO:colcon.colcon_core.shell:Creating environment hook '/home/subin/learning_code/install/planning_custom_msgs/share/planning_custom_msgs/hook/cmake_prefix_path.sh'
[4.157s] Level 1:colcon.colcon_core.environment:checking '/home/subin/learning_code/install/planning_custom_msgs/lib'
[4.157s] Level 1:colcon.colcon_core.shell:create_environment_hook('planning_custom_msgs', 'ld_library_path_lib')
[4.157s] INFO:colcon.colcon_core.shell:Creating environment hook '/home/subin/learning_code/install/planning_custom_msgs/share/planning_custom_msgs/hook/ld_library_path_lib.ps1'
[4.157s] INFO:colcon.colcon_core.shell:Creating environment descriptor '/home/subin/learning_code/install/planning_custom_msgs/share/planning_custom_msgs/hook/ld_library_path_lib.dsv'
[4.157s] INFO:colcon.colcon_core.shell:Creating environment hook '/home/subin/learning_code/install/planning_custom_msgs/share/planning_custom_msgs/hook/ld_library_path_lib.sh'
[4.157s] Level 1:colcon.colcon_core.environment:checking '/home/subin/learning_code/install/planning_custom_msgs/bin'
[4.157s] Level 1:colcon.colcon_core.environment:checking '/home/subin/learning_code/install/planning_custom_msgs/lib/pkgconfig/planning_custom_msgs.pc'
[4.158s] Level 1:colcon.colcon_core.environment:checking '/home/subin/learning_code/install/planning_custom_msgs/lib/python3.10/site-packages'
[4.158s] Level 1:colcon.colcon_core.environment:checking '/home/subin/learning_code/install/planning_custom_msgs/bin'
[4.158s] INFO:colcon.colcon_core.shell:Creating package script '/home/subin/learning_code/install/planning_custom_msgs/share/planning_custom_msgs/package.ps1'
[4.158s] INFO:colcon.colcon_core.shell:Creating package descriptor '/home/subin/learning_code/install/planning_custom_msgs/share/planning_custom_msgs/package.dsv'
[4.158s] INFO:colcon.colcon_core.shell:Creating package script '/home/subin/learning_code/install/planning_custom_msgs/share/planning_custom_msgs/package.sh'
[4.158s] INFO:colcon.colcon_core.shell:Creating package script '/home/subin/learning_code/install/planning_custom_msgs/share/planning_custom_msgs/package.bash'
[4.159s] INFO:colcon.colcon_core.shell:Creating package script '/home/subin/learning_code/install/planning_custom_msgs/share/planning_custom_msgs/package.zsh'
[4.159s] Level 1:colcon.colcon_core.environment:create_file_with_runtime_dependencies(/home/subin/learning_code/install/planning_custom_msgs/share/colcon-core/packages/planning_custom_msgs)
[4.159s] INFO:colcon.colcon_ros.task.ament_cmake.build:Building ROS package in '/home/subin/learning_code/src/global_to_polar_cpp' with build type 'ament_cmake'
[4.159s] INFO:colcon.colcon_cmake.task.cmake.build:Building CMake package in '/home/subin/learning_code/src/global_to_polar_cpp'
[4.159s] INFO:colcon.colcon_core.shell:Skip shell extension 'powershell' for command environment: Not usable outside of PowerShell
[4.159s] DEBUG:colcon.colcon_core.shell:Skip shell extension 'dsv' for command environment
[4.165s] DEBUG:colcon.colcon_core.event_handler.log_command:Invoking command in '/home/subin/learning_code/build/global_to_polar_cpp': AMENT_PREFIX_PATH=/home/subin/learning_code/install/planning_custom_msgs:${AMENT_PREFIX_PATH} CMAKE_PREFIX_PATH=/home/subin/learning_code/install/planning_custom_msgs:/home/subin/f1tenth_ws/install/slam_toolbox:/home/subin/f1tenth_ws/install/f1tenth_gym_ros:/opt/ros/humble LD_LIBRARY_PATH=/home/subin/learning_code/install/planning_custom_msgs/lib:${LD_LIBRARY_PATH} PYTHONPATH=/home/subin/learning_code/install/planning_custom_msgs/local/lib/python3.10/dist-packages:${PYTHONPATH} /usr/bin/cmake /home/subin/learning_code/src/global_to_polar_cpp -DAMENT_CMAKE_SYMLINK_INSTALL=1 -DCMAKE_INSTALL_PREFIX=/home/subin/learning_code/install/global_to_polar_cpp
[5.354s] DEBUG:colcon.colcon_core.event_handler.log_command:Invoked command in '/home/subin/learning_code/build/global_to_polar_cpp' returned '0': AMENT_PREFIX_PATH=/home/subin/learning_code/install/planning_custom_msgs:${AMENT_PREFIX_PATH} CMAKE_PREFIX_PATH=/home/subin/learning_code/install/planning_custom_msgs:/home/subin/f1tenth_ws/install/slam_toolbox:/home/subin/f1tenth_ws/install/f1tenth_gym_ros:/opt/ros/humble LD_LIBRARY_PATH=/home/subin/learning_code/install/planning_custom_msgs/lib:${LD_LIBRARY_PATH} PYTHONPATH=/home/subin/learning_code/install/planning_custom_msgs/local/lib/python3.10/dist-packages:${PYTHONPATH} /usr/bin/cmake /home/subin/learning_code/src/global_to_polar_cpp -DAMENT_CMAKE_SYMLINK_INSTALL=1 -DCMAKE_INSTALL_PREFIX=/home/subin/learning_code/install/global_to_polar_cpp
[5.356s] DEBUG:colcon.colcon_core.event_handler.log_command:Invoking command in '/home/subin/learning_code/build/global_to_polar_cpp': AMENT_PREFIX_PATH=/home/subin/learning_code/install/planning_custom_msgs:${AMENT_PREFIX_PATH} CMAKE_PREFIX_PATH=/home/subin/learning_code/install/planning_custom_msgs:/home/subin/f1tenth_ws/install/slam_toolbox:/home/subin/f1tenth_ws/install/f1tenth_gym_ros:/opt/ros/humble LD_LIBRARY_PATH=/home/subin/learning_code/install/planning_custom_msgs/lib:${LD_LIBRARY_PATH} PYTHONPATH=/home/subin/learning_code/install/planning_custom_msgs/local/lib/python3.10/dist-packages:${PYTHONPATH} /usr/bin/cmake --build /home/subin/learning_code/build/global_to_polar_cpp -- -j4 -l4
[22.642s] DEBUG:colcon.colcon_core.event_handler.log_command:Invoked command in '/home/subin/learning_code/build/global_to_polar_cpp' returned '0': AMENT_PREFIX_PATH=/home/subin/learning_code/install/planning_custom_msgs:${AMENT_PREFIX_PATH} CMAKE_PREFIX_PATH=/home/subin/learning_code/install/planning_custom_msgs:/home/subin/f1tenth_ws/install/slam_toolbox:/home/subin/f1tenth_ws/install/f1tenth_gym_ros:/opt/ros/humble LD_LIBRARY_PATH=/home/subin/learning_code/install/planning_custom_msgs/lib:${LD_LIBRARY_PATH} PYTHONPATH=/home/subin/learning_code/install/planning_custom_msgs/local/lib/python3.10/dist-packages:${PYTHONPATH} /usr/bin/cmake --build /home/subin/learning_code/build/global_to_polar_cpp -- -j4 -l4
[22.647s] DEBUG:colcon.colcon_core.event_handler.log_command:Invoking command in '/home/subin/learning_code/build/global_to_polar_cpp': AMENT_PREFIX_PATH=/home/subin/learning_code/install/planning_custom_msgs:${AMENT_PREFIX_PATH} CMAKE_PREFIX_PATH=/home/subin/learning_code/install/planning_custom_msgs:/home/subin/f1tenth_ws/install/slam_toolbox:/home/subin/f1tenth_ws/install/f1tenth_gym_ros:/opt/ros/humble LD_LIBRARY_PATH=/home/subin/learning_code/install/planning_custom_msgs/lib:${LD_LIBRARY_PATH} PYTHONPATH=/home/subin/learning_code/install/planning_custom_msgs/local/lib/python3.10/dist-packages:${PYTHONPATH} /usr/bin/cmake --install /home/subin/learning_code/build/global_to_polar_cpp
[22.910s] Level 1:colcon.colcon_core.environment:create_environment_scripts_only(global_to_polar_cpp)
[22.911s] Level 1:colcon.colcon_core.environment:checking '/home/subin/learning_code/install/global_to_polar_cpp' for CMake module files
[22.912s] DEBUG:colcon.colcon_core.event_handler.log_command:Invoked command in '/home/subin/learning_code/build/global_to_polar_cpp' returned '0': AMENT_PREFIX_PATH=/home/subin/learning_code/install/planning_custom_msgs:${AMENT_PREFIX_PATH} CMAKE_PREFIX_PATH=/home/subin/learning_code/install/planning_custom_msgs:/home/subin/f1tenth_ws/install/slam_toolbox:/home/subin/f1tenth_ws/install/f1tenth_gym_ros:/opt/ros/humble LD_LIBRARY_PATH=/home/subin/learning_code/install/planning_custom_msgs/lib:${LD_LIBRARY_PATH} PYTHONPATH=/home/subin/learning_code/install/planning_custom_msgs/local/lib/python3.10/dist-packages:${PYTHONPATH} /usr/bin/cmake --install /home/subin/learning_code/build/global_to_polar_cpp
[22.912s] Level 1:colcon.colcon_core.environment:checking '/home/subin/learning_code/install/global_to_polar_cpp' for CMake config files
[22.912s] Level 1:colcon.colcon_core.shell:create_environment_hook('global_to_polar_cpp', 'cmake_prefix_path')
[22.912s] INFO:colcon.colcon_core.shell:Creating environment hook '/home/subin/learning_code/install/global_to_polar_cpp/share/global_to_polar_cpp/hook/cmake_prefix_path.ps1'
[22.913s] INFO:colcon.colcon_core.shell:Creating environment descriptor '/home/subin/learning_code/install/global_to_polar_cpp/share/global_to_polar_cpp/hook/cmake_prefix_path.dsv'
[22.913s] INFO:colcon.colcon_core.shell:Creating environment hook '/home/subin/learning_code/install/global_to_polar_cpp/share/global_to_polar_cpp/hook/cmake_prefix_path.sh'
[22.914s] Level 1:colcon.colcon_core.environment:checking '/home/subin/learning_code/install/global_to_polar_cpp/lib'
[22.914s] Level 1:colcon.colcon_core.shell:create_environment_hook('global_to_polar_cpp', 'ld_library_path_lib')
[22.914s] INFO:colcon.colcon_core.shell:Creating environment hook '/home/subin/learning_code/install/global_to_polar_cpp/share/global_to_polar_cpp/hook/ld_library_path_lib.ps1'
[22.914s] INFO:colcon.colcon_core.shell:Creating environment descriptor '/home/subin/learning_code/install/global_to_polar_cpp/share/global_to_polar_cpp/hook/ld_library_path_lib.dsv'
[22.914s] INFO:colcon.colcon_core.shell:Creating environment hook '/home/subin/learning_code/install/global_to_polar_cpp/share/global_to_polar_cpp/hook/ld_library_path_lib.sh'
[22.914s] Level 1:colcon.colcon_core.environment:checking '/home/subin/learning_code/install/global_to_polar_cpp/bin'
[22.914s] Level 1:colcon.colcon_core.environment:checking '/home/subin/learning_code/install/global_to_polar_cpp/lib/pkgconfig/global_to_polar_cpp.pc'
[22.915s] Level 1:colcon.colcon_core.environment:checking '/home/subin/learning_code/install/global_to_polar_cpp/lib/python3.10/site-packages'
[22.915s] Level 1:colcon.colcon_core.environment:checking '/home/subin/learning_code/install/global_to_polar_cpp/bin'
[22.915s] INFO:colcon.colcon_core.shell:Creating package script '/home/subin/learning_code/install/global_to_polar_cpp/share/global_to_polar_cpp/package.ps1'
[22.916s] INFO:colcon.colcon_core.shell:Creating package descriptor '/home/subin/learning_code/install/global_to_polar_cpp/share/global_to_polar_cpp/package.dsv'
[22.916s] INFO:colcon.colcon_core.shell:Creating package script '/home/subin/learning_code/install/global_to_polar_cpp/share/global_to_polar_cpp/package.sh'
[22.916s] INFO:colcon.colcon_core.shell:Creating package script '/home/subin/learning_code/install/global_to_polar_cpp/share/global_to_polar_cpp/package.bash'
[22.916s] INFO:colcon.colcon_core.shell:Creating package script '/home/subin/learning_code/install/global_to_polar_cpp/share/global_to_polar_cpp/package.zsh'
[22.916s] Level 1:colcon.colcon_core.environment:create_file_with_runtime_dependencies(/home/subin/learning_code/install/global_to_polar_cpp/share/colcon-core/packages/global_to_polar_cpp)
[22.917s] Level 1:colcon.colcon_core.environment:create_environment_scripts_only(global_to_polar_cpp)
[22.917s] Level 1:colcon.colcon_core.environment:checking '/home/subin/learning_code/install/global_to_polar_cpp' for CMake module files
[22.917s] Level 1:colcon.colcon_core.environment:checking '/home/subin/learning_code/install/global_to_polar_cpp' for CMake config files
[22.917s] Level 1:colcon.colcon_core.shell:create_environment_hook('global_to_polar_cpp', 'cmake_prefix_path')
[22.917s] INFO:colcon.colcon_core.shell:Creating environment hook '/home/subin/learning_code/install/global_to_polar_cpp/share/global_to_polar_cpp/hook/cmake_prefix_path.ps1'
[22.918s] INFO:colcon.colcon_core.shell:Creating environment descriptor '/home/subin/learning_code/install/global_to_polar_cpp/share/global_to_polar_cpp/hook/cmake_prefix_path.dsv'
[22.918s] INFO:colcon.colcon_core.shell:Creating environment hook '/home/subin/learning_code/install/global_to_polar_cpp/share/global_to_polar_cpp/hook/cmake_prefix_path.sh'
[22.918s] Level 1:colcon.colcon_core.environment:checking '/home/subin/learning_code/install/global_to_polar_cpp/lib'
[22.918s] Level 1:colcon.colcon_core.shell:create_environment_hook('global_to_polar_cpp', 'ld_library_path_lib')
[22.918s] INFO:colcon.colcon_core.shell:Creating environment hook '/home/subin/learning_code/install/global_to_polar_cpp/share/global_to_polar_cpp/hook/ld_library_path_lib.ps1'
[22.918s] INFO:colcon.colcon_core.shell:Creating environment descriptor '/home/subin/learning_code/install/global_to_polar_cpp/share/global_to_polar_cpp/hook/ld_library_path_lib.dsv'
[22.918s] INFO:colcon.colcon_core.shell:Creating environment hook '/home/subin/learning_code/install/global_to_polar_cpp/share/global_to_polar_cpp/hook/ld_library_path_lib.sh'
[22.919s] Level 1:colcon.colcon_core.environment:checking '/home/subin/learning_code/install/global_to_polar_cpp/bin'
[22.919s] Level 1:colcon.colcon_core.environment:checking '/home/subin/learning_code/install/global_to_polar_cpp/lib/pkgconfig/global_to_polar_cpp.pc'
[22.919s] Level 1:colcon.colcon_core.environment:checking '/home/subin/learning_code/install/global_to_polar_cpp/lib/python3.10/site-packages'
[22.919s] Level 1:colcon.colcon_core.environment:checking '/home/subin/learning_code/install/global_to_polar_cpp/bin'
[22.919s] INFO:colcon.colcon_core.shell:Creating package script '/home/subin/learning_code/install/global_to_polar_cpp/share/global_to_polar_cpp/package.ps1'
[22.919s] INFO:colcon.colcon_core.shell:Creating package descriptor '/home/subin/learning_code/install/global_to_polar_cpp/share/global_to_polar_cpp/package.dsv'
[22.920s] INFO:colcon.colcon_core.shell:Creating package script '/home/subin/learning_code/install/global_to_polar_cpp/share/global_to_polar_cpp/package.sh'
[22.920s] INFO:colcon.colcon_core.shell:Creating package script '/home/subin/learning_code/install/global_to_polar_cpp/share/global_to_polar_cpp/package.bash'
[22.920s] INFO:colcon.colcon_core.shell:Creating package script '/home/subin/learning_code/install/global_to_polar_cpp/share/global_to_polar_cpp/package.zsh'
[22.920s] Level 1:colcon.colcon_core.environment:create_file_with_runtime_dependencies(/home/subin/learning_code/install/global_to_polar_cpp/share/colcon-core/packages/global_to_polar_cpp)
[22.921s] DEBUG:colcon.colcon_parallel_executor.executor.parallel:closing loop
[22.921s] DEBUG:colcon.colcon_parallel_executor.executor.parallel:loop closed
[22.921s] DEBUG:colcon.colcon_parallel_executor.executor.parallel:run_until_complete finished with '0'
[22.921s] DEBUG:colcon.colcon_core.event_reactor:joining thread
[22.929s] INFO:colcon.colcon_core.plugin_system:Skipping extension 'colcon_notification.desktop_notification.terminal_notifier': Not used on non-Darwin systems
[22.929s] INFO:colcon.colcon_core.plugin_system:Skipping extension 'colcon_notification.desktop_notification.win32': Not used on non-Windows systems
[22.929s] INFO:colcon.colcon_notification.desktop_notification:Sending desktop notification using 'notify2'
[22.966s] DEBUG:colcon.colcon_core.event_reactor:joined thread
[22.966s] INFO:colcon.colcon_core.shell:Creating prefix script '/home/subin/learning_code/install/local_setup.ps1'
[22.967s] INFO:colcon.colcon_core.shell:Creating prefix util module '/home/subin/learning_code/install/_local_setup_util_ps1.py'
[22.968s] INFO:colcon.colcon_core.shell:Creating prefix chain script '/home/subin/learning_code/install/setup.ps1'
[22.969s] INFO:colcon.colcon_core.shell:Creating prefix script '/home/subin/learning_code/install/local_setup.sh'
[22.969s] INFO:colcon.colcon_core.shell:Creating prefix util module '/home/subin/learning_code/install/_local_setup_util_sh.py'
[22.970s] INFO:colcon.colcon_core.shell:Creating prefix chain script '/home/subin/learning_code/install/setup.sh'
[22.970s] INFO:colcon.colcon_core.shell:Creating prefix script '/home/subin/learning_code/install/local_setup.bash'
[22.971s] INFO:colcon.colcon_core.shell:Creating prefix chain script '/home/subin/learning_code/install/setup.bash'
[22.971s] INFO:colcon.colcon_core.shell:Creating prefix script '/home/subin/learning_code/install/local_setup.zsh'
[22.971s] INFO:colcon.colcon_core.shell:Creating prefix chain script '/home/subin/learning_code/install/setup.zsh'
