[0.133s] DEBUG:colcon:Command line arguments: ['/home/yongwoo/anaconda3/envs/ros_env/bin/colcon', 'build']
[0.133s] DEBUG:colcon:Parsed command line arguments: Namespace(log_base=None, log_level=None, verb_name='build', build_base='build', install_base='install', merge_install=False, symlink_install=False, test_result_base=None, continue_on_error=False, executor='parallel', parallel_workers=8, event_handlers=None, ignore_user_meta=False, metas=['./colcon.meta'], base_paths=['.'], packages_ignore=None, packages_ignore_regex=None, paths=None, packages_up_to=None, packages_up_to_regex=None, packages_above=None, packages_above_and_dependencies=None, packages_above_depth=None, packages_select_by_dep=None, packages_skip_by_dep=None, packages_skip_up_to=None, packages_select_build_failed=False, packages_skip_build_finished=False, packages_select_test_failures=False, packages_skip_test_passed=False, packages_select=None, packages_skip=None, packages_select_regex=None, packages_skip_regex=None, packages_start=None, packages_end=None, cmake_args=None, cmake_target=None, cmake_target_skip_unavailable=False, cmake_clean_cache=False, cmake_clean_first=False, cmake_force_configure=False, ament_cmake_args=None, catkin_cmake_args=None, catkin_skip_building_tests=False, verb_parser=<colcon_defaults.argument_parser.defaults.DefaultArgumentsDecorator object at 0x7b86f92036a0>, verb_extension=<colcon_core.verb.build.BuildVerb object at 0x7b86f9203190>, main=<bound method BuildVerb.main of <colcon_core.verb.build.BuildVerb object at 0x7b86f9203190>>)
[0.164s] Level 1:colcon.colcon_core.package_discovery:discover_packages(colcon_meta) check parameters
[0.164s] Level 1:colcon.colcon_core.package_discovery:discover_packages(recursive) check parameters
[0.164s] Level 1:colcon.colcon_core.package_discovery:discover_packages(ignore) check parameters
[0.164s] Level 1:colcon.colcon_core.package_discovery:discover_packages(path) check parameters
[0.164s] Level 1:colcon.colcon_core.package_discovery:discover_packages(colcon_meta) discover
[0.164s] Level 1:colcon.colcon_core.package_discovery:discover_packages(recursive) discover
[0.164s] INFO:colcon.colcon_core.package_discovery:Crawling recursively for packages in '/home/yongwoo/sim_ws'
[0.164s] Level 1:colcon.colcon_core.package_identification:_identify(.) by extensions ['ignore', 'ignore_ament_install']
[0.164s] Level 1:colcon.colcon_core.package_identification:_identify(.) by extension 'ignore'
[0.164s] Level 1:colcon.colcon_core.package_identification:_identify(.) by extension 'ignore_ament_install'
[0.164s] Level 1:colcon.colcon_core.package_identification:_identify(.) by extensions ['colcon_pkg']
[0.164s] Level 1:colcon.colcon_core.package_identification:_identify(.) by extension 'colcon_pkg'
[0.164s] Level 1:colcon.colcon_core.package_identification:_identify(.) by extensions ['colcon_meta']
[0.164s] Level 1:colcon.colcon_core.package_identification:_identify(.) by extension 'colcon_meta'
[0.164s] Level 1:colcon.colcon_core.package_identification:_identify(.) by extensions ['ros']
[0.164s] Level 1:colcon.colcon_core.package_identification:_identify(.) by extension 'ros'
[0.186s] Level 1:colcon.colcon_core.package_identification:_identify(.) by extensions ['cmake', 'python']
[0.187s] Level 1:colcon.colcon_core.package_identification:_identify(.) by extension 'cmake'
[0.187s] Level 1:colcon.colcon_core.package_identification:_identify(.) by extension 'python'
[0.187s] Level 1:colcon.colcon_core.package_identification:_identify(.) by extensions ['python_setup_py']
[0.187s] Level 1:colcon.colcon_core.package_identification:_identify(.) by extension 'python_setup_py'
[0.187s] Level 1:colcon.colcon_core.package_identification:_identify(build) by extensions ['ignore', 'ignore_ament_install']
[0.187s] Level 1:colcon.colcon_core.package_identification:_identify(build) by extension 'ignore'
[0.187s] Level 1:colcon.colcon_core.package_identification:_identify(build) ignored
[0.187s] Level 1:colcon.colcon_core.package_identification:_identify(install) by extensions ['ignore', 'ignore_ament_install']
[0.187s] Level 1:colcon.colcon_core.package_identification:_identify(install) by extension 'ignore'
[0.187s] Level 1:colcon.colcon_core.package_identification:_identify(install) ignored
[0.187s] Level 1:colcon.colcon_core.package_identification:_identify(log) by extensions ['ignore', 'ignore_ament_install']
[0.187s] Level 1:colcon.colcon_core.package_identification:_identify(log) by extension 'ignore'
[0.187s] Level 1:colcon.colcon_core.package_identification:_identify(log) ignored
[0.187s] Level 1:colcon.colcon_core.package_identification:_identify(rosbag_polar_grid) by extensions ['ignore', 'ignore_ament_install']
[0.187s] Level 1:colcon.colcon_core.package_identification:_identify(rosbag_polar_grid) by extension 'ignore'
[0.187s] Level 1:colcon.colcon_core.package_identification:_identify(rosbag_polar_grid) by extension 'ignore_ament_install'
[0.187s] Level 1:colcon.colcon_core.package_identification:_identify(rosbag_polar_grid) by extensions ['colcon_pkg']
[0.187s] Level 1:colcon.colcon_core.package_identification:_identify(rosbag_polar_grid) by extension 'colcon_pkg'
[0.187s] Level 1:colcon.colcon_core.package_identification:_identify(rosbag_polar_grid) by extensions ['colcon_meta']
[0.187s] Level 1:colcon.colcon_core.package_identification:_identify(rosbag_polar_grid) by extension 'colcon_meta'
[0.187s] Level 1:colcon.colcon_core.package_identification:_identify(rosbag_polar_grid) by extensions ['ros']
[0.187s] Level 1:colcon.colcon_core.package_identification:_identify(rosbag_polar_grid) by extension 'ros'
[0.188s] Level 1:colcon.colcon_core.package_identification:_identify(rosbag_polar_grid) by extensions ['cmake', 'python']
[0.188s] Level 1:colcon.colcon_core.package_identification:_identify(rosbag_polar_grid) by extension 'cmake'
[0.188s] Level 1:colcon.colcon_core.package_identification:_identify(rosbag_polar_grid) by extension 'python'
[0.188s] Level 1:colcon.colcon_core.package_identification:_identify(rosbag_polar_grid) by extensions ['python_setup_py']
[0.188s] Level 1:colcon.colcon_core.package_identification:_identify(rosbag_polar_grid) by extension 'python_setup_py'
[0.188s] Level 1:colcon.colcon_core.package_identification:_identify(src) by extensions ['ignore', 'ignore_ament_install']
[0.188s] Level 1:colcon.colcon_core.package_identification:_identify(src) by extension 'ignore'
[0.188s] Level 1:colcon.colcon_core.package_identification:_identify(src) by extension 'ignore_ament_install'
[0.188s] Level 1:colcon.colcon_core.package_identification:_identify(src) by extensions ['colcon_pkg']
[0.188s] Level 1:colcon.colcon_core.package_identification:_identify(src) by extension 'colcon_pkg'
[0.188s] Level 1:colcon.colcon_core.package_identification:_identify(src) by extensions ['colcon_meta']
[0.188s] Level 1:colcon.colcon_core.package_identification:_identify(src) by extension 'colcon_meta'
[0.188s] Level 1:colcon.colcon_core.package_identification:_identify(src) by extensions ['ros']
[0.188s] Level 1:colcon.colcon_core.package_identification:_identify(src) by extension 'ros'
[0.188s] Level 1:colcon.colcon_core.package_identification:_identify(src) by extensions ['cmake', 'python']
[0.188s] Level 1:colcon.colcon_core.package_identification:_identify(src) by extension 'cmake'
[0.188s] Level 1:colcon.colcon_core.package_identification:_identify(src) by extension 'python'
[0.188s] Level 1:colcon.colcon_core.package_identification:_identify(src) by extensions ['python_setup_py']
[0.188s] Level 1:colcon.colcon_core.package_identification:_identify(src) by extension 'python_setup_py'
[0.188s] Level 1:colcon.colcon_core.package_identification:_identify(src/basecode_follow_the_gap) by extensions ['ignore', 'ignore_ament_install']
[0.188s] Level 1:colcon.colcon_core.package_identification:_identify(src/basecode_follow_the_gap) by extension 'ignore'
[0.188s] Level 1:colcon.colcon_core.package_identification:_identify(src/basecode_follow_the_gap) by extension 'ignore_ament_install'
[0.188s] Level 1:colcon.colcon_core.package_identification:_identify(src/basecode_follow_the_gap) by extensions ['colcon_pkg']
[0.188s] Level 1:colcon.colcon_core.package_identification:_identify(src/basecode_follow_the_gap) by extension 'colcon_pkg'
[0.188s] Level 1:colcon.colcon_core.package_identification:_identify(src/basecode_follow_the_gap) by extensions ['colcon_meta']
[0.188s] Level 1:colcon.colcon_core.package_identification:_identify(src/basecode_follow_the_gap) by extension 'colcon_meta'
[0.188s] Level 1:colcon.colcon_core.package_identification:_identify(src/basecode_follow_the_gap) by extensions ['ros']
[0.188s] Level 1:colcon.colcon_core.package_identification:_identify(src/basecode_follow_the_gap) by extension 'ros'
[0.188s] Level 1:colcon.colcon_core.package_identification:_identify(src/basecode_follow_the_gap) by extensions ['cmake', 'python']
[0.189s] Level 1:colcon.colcon_core.package_identification:_identify(src/basecode_follow_the_gap) by extension 'cmake'
[0.189s] Level 1:colcon.colcon_core.package_identification:_identify(src/basecode_follow_the_gap) by extension 'python'
[0.189s] Level 1:colcon.colcon_core.package_identification:_identify(src/basecode_follow_the_gap) by extensions ['python_setup_py']
[0.189s] Level 1:colcon.colcon_core.package_identification:_identify(src/basecode_follow_the_gap) by extension 'python_setup_py'
[0.189s] Level 1:colcon.colcon_core.package_identification:_identify(src/basecode_follow_the_gap/src) by extensions ['ignore', 'ignore_ament_install']
[0.189s] Level 1:colcon.colcon_core.package_identification:_identify(src/basecode_follow_the_gap/src) by extension 'ignore'
[0.189s] Level 1:colcon.colcon_core.package_identification:_identify(src/basecode_follow_the_gap/src) by extension 'ignore_ament_install'
[0.189s] Level 1:colcon.colcon_core.package_identification:_identify(src/basecode_follow_the_gap/src) by extensions ['colcon_pkg']
[0.189s] Level 1:colcon.colcon_core.package_identification:_identify(src/basecode_follow_the_gap/src) by extension 'colcon_pkg'
[0.189s] Level 1:colcon.colcon_core.package_identification:_identify(src/basecode_follow_the_gap/src) by extensions ['colcon_meta']
[0.189s] Level 1:colcon.colcon_core.package_identification:_identify(src/basecode_follow_the_gap/src) by extension 'colcon_meta'
[0.189s] Level 1:colcon.colcon_core.package_identification:_identify(src/basecode_follow_the_gap/src) by extensions ['ros']
[0.189s] Level 1:colcon.colcon_core.package_identification:_identify(src/basecode_follow_the_gap/src) by extension 'ros'
[0.189s] Level 1:colcon.colcon_core.package_identification:_identify(src/basecode_follow_the_gap/src) by extensions ['cmake', 'python']
[0.189s] Level 1:colcon.colcon_core.package_identification:_identify(src/basecode_follow_the_gap/src) by extension 'cmake'
[0.189s] Level 1:colcon.colcon_core.package_identification:_identify(src/basecode_follow_the_gap/src) by extension 'python'
[0.189s] Level 1:colcon.colcon_core.package_identification:_identify(src/basecode_follow_the_gap/src) by extensions ['python_setup_py']
[0.189s] Level 1:colcon.colcon_core.package_identification:_identify(src/basecode_follow_the_gap/src) by extension 'python_setup_py'
[0.189s] Level 1:colcon.colcon_core.package_identification:_identify(src/basecode_follow_the_gap/src/f1tenth_lab4_template) by extensions ['ignore', 'ignore_ament_install']
[0.189s] Level 1:colcon.colcon_core.package_identification:_identify(src/basecode_follow_the_gap/src/f1tenth_lab4_template) by extension 'ignore'
[0.189s] Level 1:colcon.colcon_core.package_identification:_identify(src/basecode_follow_the_gap/src/f1tenth_lab4_template) by extension 'ignore_ament_install'
[0.189s] Level 1:colcon.colcon_core.package_identification:_identify(src/basecode_follow_the_gap/src/f1tenth_lab4_template) by extensions ['colcon_pkg']
[0.189s] Level 1:colcon.colcon_core.package_identification:_identify(src/basecode_follow_the_gap/src/f1tenth_lab4_template) by extension 'colcon_pkg'
[0.189s] Level 1:colcon.colcon_core.package_identification:_identify(src/basecode_follow_the_gap/src/f1tenth_lab4_template) by extensions ['colcon_meta']
[0.189s] Level 1:colcon.colcon_core.package_identification:_identify(src/basecode_follow_the_gap/src/f1tenth_lab4_template) by extension 'colcon_meta'
[0.189s] Level 1:colcon.colcon_core.package_identification:_identify(src/basecode_follow_the_gap/src/f1tenth_lab4_template) by extensions ['ros']
[0.189s] Level 1:colcon.colcon_core.package_identification:_identify(src/basecode_follow_the_gap/src/f1tenth_lab4_template) by extension 'ros'
[0.189s] Level 1:colcon.colcon_core.package_identification:_identify(src/basecode_follow_the_gap/src/f1tenth_lab4_template) by extensions ['cmake', 'python']
[0.189s] Level 1:colcon.colcon_core.package_identification:_identify(src/basecode_follow_the_gap/src/f1tenth_lab4_template) by extension 'cmake'
[0.189s] Level 1:colcon.colcon_core.package_identification:_identify(src/basecode_follow_the_gap/src/f1tenth_lab4_template) by extension 'python'
[0.189s] Level 1:colcon.colcon_core.package_identification:_identify(src/basecode_follow_the_gap/src/f1tenth_lab4_template) by extensions ['python_setup_py']
[0.190s] Level 1:colcon.colcon_core.package_identification:_identify(src/basecode_follow_the_gap/src/f1tenth_lab4_template) by extension 'python_setup_py'
[0.190s] Level 1:colcon.colcon_core.package_identification:_identify(src/basecode_follow_the_gap/src/f1tenth_lab4_template/gap_follow) by extensions ['ignore', 'ignore_ament_install']
[0.190s] Level 1:colcon.colcon_core.package_identification:_identify(src/basecode_follow_the_gap/src/f1tenth_lab4_template/gap_follow) by extension 'ignore'
[0.190s] Level 1:colcon.colcon_core.package_identification:_identify(src/basecode_follow_the_gap/src/f1tenth_lab4_template/gap_follow) by extension 'ignore_ament_install'
[0.190s] Level 1:colcon.colcon_core.package_identification:_identify(src/basecode_follow_the_gap/src/f1tenth_lab4_template/gap_follow) by extensions ['colcon_pkg']
[0.190s] Level 1:colcon.colcon_core.package_identification:_identify(src/basecode_follow_the_gap/src/f1tenth_lab4_template/gap_follow) by extension 'colcon_pkg'
[0.190s] Level 1:colcon.colcon_core.package_identification:_identify(src/basecode_follow_the_gap/src/f1tenth_lab4_template/gap_follow) by extensions ['colcon_meta']
[0.190s] Level 1:colcon.colcon_core.package_identification:_identify(src/basecode_follow_the_gap/src/f1tenth_lab4_template/gap_follow) by extension 'colcon_meta'
[0.190s] Level 1:colcon.colcon_core.package_identification:_identify(src/basecode_follow_the_gap/src/f1tenth_lab4_template/gap_follow) by extensions ['ros']
[0.190s] Level 1:colcon.colcon_core.package_identification:_identify(src/basecode_follow_the_gap/src/f1tenth_lab4_template/gap_follow) by extension 'ros'
[0.192s] DEBUG:colcon.colcon_core.package_identification:Package 'src/basecode_follow_the_gap/src/f1tenth_lab4_template/gap_follow' with type 'ros.ament_cmake' and name 'gap_follow'
[0.192s] Level 1:colcon.colcon_core.package_identification:_identify(src/f1tenth_gym_ros) by extensions ['ignore', 'ignore_ament_install']
[0.192s] Level 1:colcon.colcon_core.package_identification:_identify(src/f1tenth_gym_ros) by extension 'ignore'
[0.192s] Level 1:colcon.colcon_core.package_identification:_identify(src/f1tenth_gym_ros) by extension 'ignore_ament_install'
[0.192s] Level 1:colcon.colcon_core.package_identification:_identify(src/f1tenth_gym_ros) by extensions ['colcon_pkg']
[0.192s] Level 1:colcon.colcon_core.package_identification:_identify(src/f1tenth_gym_ros) by extension 'colcon_pkg'
[0.192s] Level 1:colcon.colcon_core.package_identification:_identify(src/f1tenth_gym_ros) by extensions ['colcon_meta']
[0.192s] Level 1:colcon.colcon_core.package_identification:_identify(src/f1tenth_gym_ros) by extension 'colcon_meta'
[0.193s] Level 1:colcon.colcon_core.package_identification:_identify(src/f1tenth_gym_ros) by extensions ['ros']
[0.193s] Level 1:colcon.colcon_core.package_identification:_identify(src/f1tenth_gym_ros) by extension 'ros'
[0.193s] DEBUG:colcon.colcon_core.package_identification:Package 'src/f1tenth_gym_ros' with type 'ros.ament_python' and name 'f1tenth_gym_ros'
[0.193s] Level 1:colcon.colcon_core.package_identification:_identify(src/f1tenth_planning_custom_msgs) by extensions ['ignore', 'ignore_ament_install']
[0.193s] Level 1:colcon.colcon_core.package_identification:_identify(src/f1tenth_planning_custom_msgs) by extension 'ignore'
[0.193s] Level 1:colcon.colcon_core.package_identification:_identify(src/f1tenth_planning_custom_msgs) by extension 'ignore_ament_install'
[0.193s] Level 1:colcon.colcon_core.package_identification:_identify(src/f1tenth_planning_custom_msgs) by extensions ['colcon_pkg']
[0.193s] Level 1:colcon.colcon_core.package_identification:_identify(src/f1tenth_planning_custom_msgs) by extension 'colcon_pkg'
[0.193s] Level 1:colcon.colcon_core.package_identification:_identify(src/f1tenth_planning_custom_msgs) by extensions ['colcon_meta']
[0.193s] Level 1:colcon.colcon_core.package_identification:_identify(src/f1tenth_planning_custom_msgs) by extension 'colcon_meta'
[0.193s] Level 1:colcon.colcon_core.package_identification:_identify(src/f1tenth_planning_custom_msgs) by extensions ['ros']
[0.193s] Level 1:colcon.colcon_core.package_identification:_identify(src/f1tenth_planning_custom_msgs) by extension 'ros'
[0.194s] DEBUG:colcon.colcon_core.package_identification:Package 'src/f1tenth_planning_custom_msgs' with type 'ros.ament_cmake' and name 'planning_custom_msgs'
[0.194s] Level 1:colcon.colcon_core.package_identification:_identify(src/global_to_polar_cpp) by extensions ['ignore', 'ignore_ament_install']
[0.194s] Level 1:colcon.colcon_core.package_identification:_identify(src/global_to_polar_cpp) by extension 'ignore'
[0.194s] Level 1:colcon.colcon_core.package_identification:_identify(src/global_to_polar_cpp) by extension 'ignore_ament_install'
[0.194s] Level 1:colcon.colcon_core.package_identification:_identify(src/global_to_polar_cpp) by extensions ['colcon_pkg']
[0.194s] Level 1:colcon.colcon_core.package_identification:_identify(src/global_to_polar_cpp) by extension 'colcon_pkg'
[0.194s] Level 1:colcon.colcon_core.package_identification:_identify(src/global_to_polar_cpp) by extensions ['colcon_meta']
[0.194s] Level 1:colcon.colcon_core.package_identification:_identify(src/global_to_polar_cpp) by extension 'colcon_meta'
[0.194s] Level 1:colcon.colcon_core.package_identification:_identify(src/global_to_polar_cpp) by extensions ['ros']
[0.194s] Level 1:colcon.colcon_core.package_identification:_identify(src/global_to_polar_cpp) by extension 'ros'
[0.195s] DEBUG:colcon.colcon_core.package_identification:Package 'src/global_to_polar_cpp' with type 'ros.ament_cmake' and name 'global_to_polar_cpp'
[0.195s] Level 1:colcon.colcon_core.package_discovery:discover_packages(recursive) using defaults
[0.195s] Level 1:colcon.colcon_core.package_discovery:discover_packages(ignore) discover
[0.195s] Level 1:colcon.colcon_core.package_discovery:discover_packages(ignore) using defaults
[0.195s] Level 1:colcon.colcon_core.package_discovery:discover_packages(path) discover
[0.195s] Level 1:colcon.colcon_core.package_discovery:discover_packages(path) using defaults
[0.211s] Level 5:colcon.colcon_core.verb:set package 'f1tenth_gym_ros' build argument 'cmake_args' from command line to 'None'
[0.211s] Level 5:colcon.colcon_core.verb:set package 'f1tenth_gym_ros' build argument 'cmake_target' from command line to 'None'
[0.211s] Level 5:colcon.colcon_core.verb:set package 'f1tenth_gym_ros' build argument 'cmake_target_skip_unavailable' from command line to 'False'
[0.211s] Level 5:colcon.colcon_core.verb:set package 'f1tenth_gym_ros' build argument 'cmake_clean_cache' from command line to 'False'
[0.211s] Level 5:colcon.colcon_core.verb:set package 'f1tenth_gym_ros' build argument 'cmake_clean_first' from command line to 'False'
[0.211s] Level 5:colcon.colcon_core.verb:set package 'f1tenth_gym_ros' build argument 'cmake_force_configure' from command line to 'False'
[0.211s] Level 5:colcon.colcon_core.verb:set package 'f1tenth_gym_ros' build argument 'ament_cmake_args' from command line to 'None'
[0.211s] Level 5:colcon.colcon_core.verb:set package 'f1tenth_gym_ros' build argument 'catkin_cmake_args' from command line to 'None'
[0.211s] Level 5:colcon.colcon_core.verb:set package 'f1tenth_gym_ros' build argument 'catkin_skip_building_tests' from command line to 'False'
[0.211s] DEBUG:colcon.colcon_core.verb:Building package 'f1tenth_gym_ros' with the following arguments: {'ament_cmake_args': None, 'build_base': '/home/yongwoo/sim_ws/build/f1tenth_gym_ros', 'catkin_cmake_args': None, 'catkin_skip_building_tests': False, 'cmake_args': None, 'cmake_clean_cache': False, 'cmake_clean_first': False, 'cmake_force_configure': False, 'cmake_target': None, 'cmake_target_skip_unavailable': False, 'install_base': '/home/yongwoo/sim_ws/install/f1tenth_gym_ros', 'merge_install': False, 'path': '/home/yongwoo/sim_ws/src/f1tenth_gym_ros', 'symlink_install': False, 'test_result_base': None}
[0.211s] Level 5:colcon.colcon_core.verb:set package 'gap_follow' build argument 'cmake_args' from command line to 'None'
[0.211s] Level 5:colcon.colcon_core.verb:set package 'gap_follow' build argument 'cmake_target' from command line to 'None'
[0.211s] Level 5:colcon.colcon_core.verb:set package 'gap_follow' build argument 'cmake_target_skip_unavailable' from command line to 'False'
[0.211s] Level 5:colcon.colcon_core.verb:set package 'gap_follow' build argument 'cmake_clean_cache' from command line to 'False'
[0.212s] Level 5:colcon.colcon_core.verb:set package 'gap_follow' build argument 'cmake_clean_first' from command line to 'False'
[0.212s] Level 5:colcon.colcon_core.verb:set package 'gap_follow' build argument 'cmake_force_configure' from command line to 'False'
[0.212s] Level 5:colcon.colcon_core.verb:set package 'gap_follow' build argument 'ament_cmake_args' from command line to 'None'
[0.212s] Level 5:colcon.colcon_core.verb:set package 'gap_follow' build argument 'catkin_cmake_args' from command line to 'None'
[0.212s] Level 5:colcon.colcon_core.verb:set package 'gap_follow' build argument 'catkin_skip_building_tests' from command line to 'False'
[0.212s] DEBUG:colcon.colcon_core.verb:Building package 'gap_follow' with the following arguments: {'ament_cmake_args': None, 'build_base': '/home/yongwoo/sim_ws/build/gap_follow', 'catkin_cmake_args': None, 'catkin_skip_building_tests': False, 'cmake_args': None, 'cmake_clean_cache': False, 'cmake_clean_first': False, 'cmake_force_configure': False, 'cmake_target': None, 'cmake_target_skip_unavailable': False, 'install_base': '/home/yongwoo/sim_ws/install/gap_follow', 'merge_install': False, 'path': '/home/yongwoo/sim_ws/src/basecode_follow_the_gap/src/f1tenth_lab4_template/gap_follow', 'symlink_install': False, 'test_result_base': None}
[0.212s] Level 5:colcon.colcon_core.verb:set package 'planning_custom_msgs' build argument 'cmake_args' from command line to 'None'
[0.212s] Level 5:colcon.colcon_core.verb:set package 'planning_custom_msgs' build argument 'cmake_target' from command line to 'None'
[0.212s] Level 5:colcon.colcon_core.verb:set package 'planning_custom_msgs' build argument 'cmake_target_skip_unavailable' from command line to 'False'
[0.212s] Level 5:colcon.colcon_core.verb:set package 'planning_custom_msgs' build argument 'cmake_clean_cache' from command line to 'False'
[0.212s] Level 5:colcon.colcon_core.verb:set package 'planning_custom_msgs' build argument 'cmake_clean_first' from command line to 'False'
[0.212s] Level 5:colcon.colcon_core.verb:set package 'planning_custom_msgs' build argument 'cmake_force_configure' from command line to 'False'
[0.212s] Level 5:colcon.colcon_core.verb:set package 'planning_custom_msgs' build argument 'ament_cmake_args' from command line to 'None'
[0.212s] Level 5:colcon.colcon_core.verb:set package 'planning_custom_msgs' build argument 'catkin_cmake_args' from command line to 'None'
[0.212s] Level 5:colcon.colcon_core.verb:set package 'planning_custom_msgs' build argument 'catkin_skip_building_tests' from command line to 'False'
[0.212s] DEBUG:colcon.colcon_core.verb:Building package 'planning_custom_msgs' with the following arguments: {'ament_cmake_args': None, 'build_base': '/home/yongwoo/sim_ws/build/planning_custom_msgs', 'catkin_cmake_args': None, 'catkin_skip_building_tests': False, 'cmake_args': None, 'cmake_clean_cache': False, 'cmake_clean_first': False, 'cmake_force_configure': False, 'cmake_target': None, 'cmake_target_skip_unavailable': False, 'install_base': '/home/yongwoo/sim_ws/install/planning_custom_msgs', 'merge_install': False, 'path': '/home/yongwoo/sim_ws/src/f1tenth_planning_custom_msgs', 'symlink_install': False, 'test_result_base': None}
[0.212s] Level 5:colcon.colcon_core.verb:set package 'global_to_polar_cpp' build argument 'cmake_args' from command line to 'None'
[0.212s] Level 5:colcon.colcon_core.verb:set package 'global_to_polar_cpp' build argument 'cmake_target' from command line to 'None'
[0.212s] Level 5:colcon.colcon_core.verb:set package 'global_to_polar_cpp' build argument 'cmake_target_skip_unavailable' from command line to 'False'
[0.212s] Level 5:colcon.colcon_core.verb:set package 'global_to_polar_cpp' build argument 'cmake_clean_cache' from command line to 'False'
[0.212s] Level 5:colcon.colcon_core.verb:set package 'global_to_polar_cpp' build argument 'cmake_clean_first' from command line to 'False'
[0.212s] Level 5:colcon.colcon_core.verb:set package 'global_to_polar_cpp' build argument 'cmake_force_configure' from command line to 'False'
[0.212s] Level 5:colcon.colcon_core.verb:set package 'global_to_polar_cpp' build argument 'ament_cmake_args' from command line to 'None'
[0.212s] Level 5:colcon.colcon_core.verb:set package 'global_to_polar_cpp' build argument 'catkin_cmake_args' from command line to 'None'
[0.212s] Level 5:colcon.colcon_core.verb:set package 'global_to_polar_cpp' build argument 'catkin_skip_building_tests' from command line to 'False'
[0.212s] DEBUG:colcon.colcon_core.verb:Building package 'global_to_polar_cpp' with the following arguments: {'ament_cmake_args': None, 'build_base': '/home/yongwoo/sim_ws/build/global_to_polar_cpp', 'catkin_cmake_args': None, 'catkin_skip_building_tests': False, 'cmake_args': None, 'cmake_clean_cache': False, 'cmake_clean_first': False, 'cmake_force_configure': False, 'cmake_target': None, 'cmake_target_skip_unavailable': False, 'install_base': '/home/yongwoo/sim_ws/install/global_to_polar_cpp', 'merge_install': False, 'path': '/home/yongwoo/sim_ws/src/global_to_polar_cpp', 'symlink_install': False, 'test_result_base': None}
[0.212s] INFO:colcon.colcon_core.executor:Executing jobs using 'parallel' executor
[0.214s] DEBUG:colcon.colcon_parallel_executor.executor.parallel:run_until_complete
[0.214s] INFO:colcon.colcon_ros.task.ament_cmake.build:Building ROS package in '/home/yongwoo/sim_ws/src/f1tenth_planning_custom_msgs' with build type 'ament_cmake'
[0.214s] INFO:colcon.colcon_cmake.task.cmake.build:Building CMake package in '/home/yongwoo/sim_ws/src/f1tenth_planning_custom_msgs'
[0.216s] INFO:colcon.colcon_core.plugin_system:Skipping extension 'colcon_core.shell.bat': Not used on non-Windows systems
[0.216s] INFO:colcon.colcon_core.shell:Skip shell extension 'powershell' for command environment: Not usable outside of PowerShell
[0.216s] DEBUG:colcon.colcon_core.shell:Skip shell extension 'dsv' for command environment
[0.217s] WARNING:colcon.colcon_ros.prefix_path.ament:The path '/home/yongwoo/sim_ws/install/global_to_polar_cpp' in the environment variable AMENT_PREFIX_PATH doesn't exist
[0.217s] WARNING:colcon.colcon_ros.prefix_path.ament:The path '/home/yongwoo/sim_ws/install/planning_custom_msgs' in the environment variable AMENT_PREFIX_PATH doesn't exist
[0.217s] WARNING:colcon.colcon_ros.prefix_path.ament:The path '/home/yongwoo/sim_ws/install/gap_follow' in the environment variable AMENT_PREFIX_PATH doesn't exist
[0.217s] WARNING:colcon.colcon_ros.prefix_path.ament:The path '/home/yongwoo/sim_ws/install/f1tenth_gym_ros' in the environment variable AMENT_PREFIX_PATH doesn't exist
[0.217s] WARNING:colcon.colcon_ros.prefix_path.catkin:The path '/home/yongwoo/sim_ws/install/global_to_polar_cpp' in the environment variable CMAKE_PREFIX_PATH doesn't exist
[0.217s] WARNING:colcon.colcon_ros.prefix_path.catkin:The path '/home/yongwoo/sim_ws/install/planning_custom_msgs' in the environment variable CMAKE_PREFIX_PATH doesn't exist
[0.217s] WARNING:colcon.colcon_ros.prefix_path.catkin:The path '/home/yongwoo/sim_ws/install/gap_follow' in the environment variable CMAKE_PREFIX_PATH doesn't exist
[0.221s] INFO:colcon.colcon_ros.task.ament_python.build:Building ROS package in '/home/yongwoo/sim_ws/src/f1tenth_gym_ros' with build type 'ament_python'
[0.221s] Level 1:colcon.colcon_core.shell:create_environment_hook('f1tenth_gym_ros', 'ament_prefix_path')
[0.221s] INFO:colcon.colcon_core.shell:Creating environment hook '/home/yongwoo/sim_ws/install/f1tenth_gym_ros/share/f1tenth_gym_ros/hook/ament_prefix_path.ps1'
[0.222s] INFO:colcon.colcon_core.shell:Creating environment descriptor '/home/yongwoo/sim_ws/install/f1tenth_gym_ros/share/f1tenth_gym_ros/hook/ament_prefix_path.dsv'
[0.223s] INFO:colcon.colcon_core.shell:Creating environment hook '/home/yongwoo/sim_ws/install/f1tenth_gym_ros/share/f1tenth_gym_ros/hook/ament_prefix_path.sh'
[0.223s] INFO:colcon.colcon_core.shell:Skip shell extension 'powershell' for command environment: Not usable outside of PowerShell
[0.223s] DEBUG:colcon.colcon_core.shell:Skip shell extension 'dsv' for command environment
[0.226s] INFO:colcon.colcon_ros.task.ament_cmake.build:Building ROS package in '/home/yongwoo/sim_ws/src/basecode_follow_the_gap/src/f1tenth_lab4_template/gap_follow' with build type 'ament_cmake'
[0.226s] INFO:colcon.colcon_cmake.task.cmake.build:Building CMake package in '/home/yongwoo/sim_ws/src/basecode_follow_the_gap/src/f1tenth_lab4_template/gap_follow'
[0.226s] INFO:colcon.colcon_core.shell:Skip shell extension 'powershell' for command environment: Not usable outside of PowerShell
[0.226s] DEBUG:colcon.colcon_core.shell:Skip shell extension 'dsv' for command environment
[0.236s] DEBUG:colcon.colcon_core.event_handler.log_command:Invoking command in '/home/yongwoo/sim_ws/build/planning_custom_msgs': CMAKE_PREFIX_PATH=${CMAKE_PREFIX_PATH}:/home/yongwoo/sim_ws/install/f1tenth_gym_ros:/opt/ros/humble CONDA_PROMPT_MODIFIER=(ros_env) /usr/bin/cmake /home/yongwoo/sim_ws/src/f1tenth_planning_custom_msgs -DCMAKE_INSTALL_PREFIX=/home/yongwoo/sim_ws/install/planning_custom_msgs
[0.426s] INFO:colcon.colcon_core.task.python.build:Building Python package in '/home/yongwoo/sim_ws/src/f1tenth_gym_ros'
[0.427s] INFO:colcon.colcon_core.shell:Skip shell extension 'powershell' for command environment: Not usable outside of PowerShell
[0.427s] DEBUG:colcon.colcon_core.shell:Skip shell extension 'dsv' for command environment
[0.439s] DEBUG:colcon.colcon_core.event_handler.log_command:Invoking command in '/home/yongwoo/sim_ws/build/gap_follow': CMAKE_PREFIX_PATH=${CMAKE_PREFIX_PATH}:/home/yongwoo/sim_ws/install/f1tenth_gym_ros:/opt/ros/humble CONDA_PROMPT_MODIFIER=(ros_env) /usr/bin/cmake /home/yongwoo/sim_ws/src/basecode_follow_the_gap/src/f1tenth_lab4_template/gap_follow -DCMAKE_INSTALL_PREFIX=/home/yongwoo/sim_ws/install/gap_follow
[0.811s] DEBUG:colcon.colcon_core.event_handler.log_command:Invoking command in '/home/yongwoo/sim_ws/src/f1tenth_gym_ros': CONDA_PROMPT_MODIFIER=(ros_env) PYTHONPATH=/home/yongwoo/sim_ws/build/f1tenth_gym_ros/prefix_override:/home/yongwoo/anaconda3/envs/ros_env/lib/python3.10/site-packages/colcon_core/task/python/colcon_distutils_commands:/home/yongwoo/sim_ws/install/f1tenth_gym_ros/lib/python3.10/site-packages:${PYTHONPATH} /home/yongwoo/anaconda3/envs/ros_env/bin/python3.10 -W ignore:setup.py install is deprecated -W ignore:easy_install command is deprecated setup.py egg_info --egg-base ../../build/f1tenth_gym_ros build --build-base /home/yongwoo/sim_ws/build/f1tenth_gym_ros/build install --record /home/yongwoo/sim_ws/build/f1tenth_gym_ros/install.log --single-version-externally-managed install_data
[1.265s] DEBUG:colcon.colcon_core.event_handler.log_command:Invoked command in '/home/yongwoo/sim_ws/src/f1tenth_gym_ros' returned '0': CONDA_PROMPT_MODIFIER=(ros_env) PYTHONPATH=/home/yongwoo/sim_ws/build/f1tenth_gym_ros/prefix_override:/home/yongwoo/anaconda3/envs/ros_env/lib/python3.10/site-packages/colcon_core/task/python/colcon_distutils_commands:/home/yongwoo/sim_ws/install/f1tenth_gym_ros/lib/python3.10/site-packages:${PYTHONPATH} /home/yongwoo/anaconda3/envs/ros_env/bin/python3.10 -W ignore:setup.py install is deprecated -W ignore:easy_install command is deprecated setup.py egg_info --egg-base ../../build/f1tenth_gym_ros build --build-base /home/yongwoo/sim_ws/build/f1tenth_gym_ros/build install --record /home/yongwoo/sim_ws/build/f1tenth_gym_ros/install.log --single-version-externally-managed install_data
[1.270s] Level 1:colcon.colcon_core.environment:checking '/home/yongwoo/sim_ws/install/f1tenth_gym_ros' for CMake module files
[1.270s] Level 1:colcon.colcon_core.environment:checking '/home/yongwoo/sim_ws/install/f1tenth_gym_ros' for CMake config files
[1.271s] Level 1:colcon.colcon_core.environment:checking '/home/yongwoo/sim_ws/install/f1tenth_gym_ros/lib'
[1.271s] Level 1:colcon.colcon_core.environment:checking '/home/yongwoo/sim_ws/install/f1tenth_gym_ros/bin'
[1.271s] Level 1:colcon.colcon_core.environment:checking '/home/yongwoo/sim_ws/install/f1tenth_gym_ros/lib/pkgconfig/f1tenth_gym_ros.pc'
[1.272s] Level 1:colcon.colcon_core.environment:checking '/home/yongwoo/sim_ws/install/f1tenth_gym_ros/lib/python3.10/site-packages'
[1.272s] Level 1:colcon.colcon_core.shell:create_environment_hook('f1tenth_gym_ros', 'pythonpath')
[1.272s] INFO:colcon.colcon_core.shell:Creating environment hook '/home/yongwoo/sim_ws/install/f1tenth_gym_ros/share/f1tenth_gym_ros/hook/pythonpath.ps1'
[1.273s] INFO:colcon.colcon_core.shell:Creating environment descriptor '/home/yongwoo/sim_ws/install/f1tenth_gym_ros/share/f1tenth_gym_ros/hook/pythonpath.dsv'
[1.273s] INFO:colcon.colcon_core.shell:Creating environment hook '/home/yongwoo/sim_ws/install/f1tenth_gym_ros/share/f1tenth_gym_ros/hook/pythonpath.sh'
[1.275s] Level 1:colcon.colcon_core.environment:checking '/home/yongwoo/sim_ws/install/f1tenth_gym_ros/bin'
[1.275s] Level 1:colcon.colcon_core.environment:create_environment_scripts_only(f1tenth_gym_ros)
[1.275s] INFO:colcon.colcon_core.shell:Creating package script '/home/yongwoo/sim_ws/install/f1tenth_gym_ros/share/f1tenth_gym_ros/package.ps1'
[1.277s] INFO:colcon.colcon_core.shell:Creating package descriptor '/home/yongwoo/sim_ws/install/f1tenth_gym_ros/share/f1tenth_gym_ros/package.dsv'
[1.278s] INFO:colcon.colcon_core.shell:Creating package script '/home/yongwoo/sim_ws/install/f1tenth_gym_ros/share/f1tenth_gym_ros/package.sh'
[1.280s] INFO:colcon.colcon_core.shell:Creating package script '/home/yongwoo/sim_ws/install/f1tenth_gym_ros/share/f1tenth_gym_ros/package.bash'
[1.282s] INFO:colcon.colcon_core.shell:Creating package script '/home/yongwoo/sim_ws/install/f1tenth_gym_ros/share/f1tenth_gym_ros/package.zsh'
[1.284s] Level 1:colcon.colcon_core.environment:create_file_with_runtime_dependencies(/home/yongwoo/sim_ws/install/f1tenth_gym_ros/share/colcon-core/packages/f1tenth_gym_ros)
[4.135s] DEBUG:colcon.colcon_core.event_handler.log_command:Invoked command in '/home/yongwoo/sim_ws/build/planning_custom_msgs' returned '0': CMAKE_PREFIX_PATH=${CMAKE_PREFIX_PATH}:/home/yongwoo/sim_ws/install/f1tenth_gym_ros:/opt/ros/humble CONDA_PROMPT_MODIFIER=(ros_env) /usr/bin/cmake /home/yongwoo/sim_ws/src/f1tenth_planning_custom_msgs -DCMAKE_INSTALL_PREFIX=/home/yongwoo/sim_ws/install/planning_custom_msgs
[4.140s] DEBUG:colcon.colcon_core.event_handler.log_command:Invoking command in '/home/yongwoo/sim_ws/build/planning_custom_msgs': CMAKE_PREFIX_PATH=${CMAKE_PREFIX_PATH}:/home/yongwoo/sim_ws/install/f1tenth_gym_ros:/opt/ros/humble CONDA_PROMPT_MODIFIER=(ros_env) /usr/bin/cmake --build /home/yongwoo/sim_ws/build/planning_custom_msgs -- -j8 -l8
[7.115s] DEBUG:colcon.colcon_core.event_handler.log_command:Invoked command in '/home/yongwoo/sim_ws/build/gap_follow' returned '0': CMAKE_PREFIX_PATH=${CMAKE_PREFIX_PATH}:/home/yongwoo/sim_ws/install/f1tenth_gym_ros:/opt/ros/humble CONDA_PROMPT_MODIFIER=(ros_env) /usr/bin/cmake /home/yongwoo/sim_ws/src/basecode_follow_the_gap/src/f1tenth_lab4_template/gap_follow -DCMAKE_INSTALL_PREFIX=/home/yongwoo/sim_ws/install/gap_follow
[7.116s] DEBUG:colcon.colcon_core.event_handler.log_command:Invoking command in '/home/yongwoo/sim_ws/build/gap_follow': CMAKE_PREFIX_PATH=${CMAKE_PREFIX_PATH}:/home/yongwoo/sim_ws/install/f1tenth_gym_ros:/opt/ros/humble CONDA_PROMPT_MODIFIER=(ros_env) /usr/bin/cmake --build /home/yongwoo/sim_ws/build/gap_follow -- -j8 -l8
[10.630s] DEBUG:colcon.colcon_core.event_handler.log_command:Invoked command in '/home/yongwoo/sim_ws/build/planning_custom_msgs' returned '0': CMAKE_PREFIX_PATH=${CMAKE_PREFIX_PATH}:/home/yongwoo/sim_ws/install/f1tenth_gym_ros:/opt/ros/humble CONDA_PROMPT_MODIFIER=(ros_env) /usr/bin/cmake --build /home/yongwoo/sim_ws/build/planning_custom_msgs -- -j8 -l8
[10.649s] DEBUG:colcon.colcon_core.event_handler.log_command:Invoking command in '/home/yongwoo/sim_ws/build/planning_custom_msgs': CMAKE_PREFIX_PATH=${CMAKE_PREFIX_PATH}:/home/yongwoo/sim_ws/install/f1tenth_gym_ros:/opt/ros/humble CONDA_PROMPT_MODIFIER=(ros_env) /usr/bin/cmake --install /home/yongwoo/sim_ws/build/planning_custom_msgs
[10.863s] Level 1:colcon.colcon_core.environment:create_environment_scripts_only(planning_custom_msgs)
[10.864s] Level 1:colcon.colcon_core.environment:checking '/home/yongwoo/sim_ws/install/planning_custom_msgs' for CMake module files
[10.867s] DEBUG:colcon.colcon_core.event_handler.log_command:Invoked command in '/home/yongwoo/sim_ws/build/planning_custom_msgs' returned '0': CMAKE_PREFIX_PATH=${CMAKE_PREFIX_PATH}:/home/yongwoo/sim_ws/install/f1tenth_gym_ros:/opt/ros/humble CONDA_PROMPT_MODIFIER=(ros_env) /usr/bin/cmake --install /home/yongwoo/sim_ws/build/planning_custom_msgs
[10.868s] Level 1:colcon.colcon_core.environment:checking '/home/yongwoo/sim_ws/install/planning_custom_msgs' for CMake config files
[10.868s] Level 1:colcon.colcon_core.shell:create_environment_hook('planning_custom_msgs', 'cmake_prefix_path')
[10.869s] INFO:colcon.colcon_core.shell:Creating environment hook '/home/yongwoo/sim_ws/install/planning_custom_msgs/share/planning_custom_msgs/hook/cmake_prefix_path.ps1'
[10.870s] INFO:colcon.colcon_core.shell:Creating environment descriptor '/home/yongwoo/sim_ws/install/planning_custom_msgs/share/planning_custom_msgs/hook/cmake_prefix_path.dsv'
[10.871s] INFO:colcon.colcon_core.shell:Creating environment hook '/home/yongwoo/sim_ws/install/planning_custom_msgs/share/planning_custom_msgs/hook/cmake_prefix_path.sh'
[10.872s] Level 1:colcon.colcon_core.environment:checking '/home/yongwoo/sim_ws/install/planning_custom_msgs/lib'
[10.872s] Level 1:colcon.colcon_core.shell:create_environment_hook('planning_custom_msgs', 'ld_library_path_lib')
[10.873s] INFO:colcon.colcon_core.shell:Creating environment hook '/home/yongwoo/sim_ws/install/planning_custom_msgs/share/planning_custom_msgs/hook/ld_library_path_lib.ps1'
[10.873s] INFO:colcon.colcon_core.shell:Creating environment descriptor '/home/yongwoo/sim_ws/install/planning_custom_msgs/share/planning_custom_msgs/hook/ld_library_path_lib.dsv'
[10.874s] INFO:colcon.colcon_core.shell:Creating environment hook '/home/yongwoo/sim_ws/install/planning_custom_msgs/share/planning_custom_msgs/hook/ld_library_path_lib.sh'
[10.875s] Level 1:colcon.colcon_core.environment:checking '/home/yongwoo/sim_ws/install/planning_custom_msgs/bin'
[10.875s] Level 1:colcon.colcon_core.environment:checking '/home/yongwoo/sim_ws/install/planning_custom_msgs/lib/pkgconfig/planning_custom_msgs.pc'
[10.875s] Level 1:colcon.colcon_core.environment:checking '/home/yongwoo/sim_ws/install/planning_custom_msgs/lib/python3.10/site-packages'
[10.875s] Level 1:colcon.colcon_core.shell:create_environment_hook('planning_custom_msgs', 'pythonpath')
[10.876s] INFO:colcon.colcon_core.shell:Creating environment hook '/home/yongwoo/sim_ws/install/planning_custom_msgs/share/planning_custom_msgs/hook/pythonpath.ps1'
[10.877s] INFO:colcon.colcon_core.shell:Creating environment descriptor '/home/yongwoo/sim_ws/install/planning_custom_msgs/share/planning_custom_msgs/hook/pythonpath.dsv'
[10.877s] INFO:colcon.colcon_core.shell:Creating environment hook '/home/yongwoo/sim_ws/install/planning_custom_msgs/share/planning_custom_msgs/hook/pythonpath.sh'
[10.878s] Level 1:colcon.colcon_core.environment:checking '/home/yongwoo/sim_ws/install/planning_custom_msgs/bin'
[10.879s] INFO:colcon.colcon_core.shell:Creating package script '/home/yongwoo/sim_ws/install/planning_custom_msgs/share/planning_custom_msgs/package.ps1'
[10.880s] INFO:colcon.colcon_core.shell:Creating package descriptor '/home/yongwoo/sim_ws/install/planning_custom_msgs/share/planning_custom_msgs/package.dsv'
[10.883s] INFO:colcon.colcon_core.shell:Creating package script '/home/yongwoo/sim_ws/install/planning_custom_msgs/share/planning_custom_msgs/package.sh'
[10.884s] INFO:colcon.colcon_core.shell:Creating package script '/home/yongwoo/sim_ws/install/planning_custom_msgs/share/planning_custom_msgs/package.bash'
[10.885s] INFO:colcon.colcon_core.shell:Creating package script '/home/yongwoo/sim_ws/install/planning_custom_msgs/share/planning_custom_msgs/package.zsh'
[10.885s] Level 1:colcon.colcon_core.environment:create_file_with_runtime_dependencies(/home/yongwoo/sim_ws/install/planning_custom_msgs/share/colcon-core/packages/planning_custom_msgs)
[10.888s] Level 1:colcon.colcon_core.environment:create_environment_scripts_only(planning_custom_msgs)
[10.888s] Level 1:colcon.colcon_core.environment:checking '/home/yongwoo/sim_ws/install/planning_custom_msgs' for CMake module files
[10.889s] Level 1:colcon.colcon_core.environment:checking '/home/yongwoo/sim_ws/install/planning_custom_msgs' for CMake config files
[10.890s] Level 1:colcon.colcon_core.shell:create_environment_hook('planning_custom_msgs', 'cmake_prefix_path')
[10.890s] INFO:colcon.colcon_core.shell:Creating environment hook '/home/yongwoo/sim_ws/install/planning_custom_msgs/share/planning_custom_msgs/hook/cmake_prefix_path.ps1'
[10.891s] INFO:colcon.colcon_core.shell:Creating environment descriptor '/home/yongwoo/sim_ws/install/planning_custom_msgs/share/planning_custom_msgs/hook/cmake_prefix_path.dsv'
[10.892s] INFO:colcon.colcon_core.shell:Creating environment hook '/home/yongwoo/sim_ws/install/planning_custom_msgs/share/planning_custom_msgs/hook/cmake_prefix_path.sh'
[10.893s] Level 1:colcon.colcon_core.environment:checking '/home/yongwoo/sim_ws/install/planning_custom_msgs/lib'
[10.893s] Level 1:colcon.colcon_core.shell:create_environment_hook('planning_custom_msgs', 'ld_library_path_lib')
[10.894s] INFO:colcon.colcon_core.shell:Creating environment hook '/home/yongwoo/sim_ws/install/planning_custom_msgs/share/planning_custom_msgs/hook/ld_library_path_lib.ps1'
[10.896s] INFO:colcon.colcon_core.shell:Creating environment descriptor '/home/yongwoo/sim_ws/install/planning_custom_msgs/share/planning_custom_msgs/hook/ld_library_path_lib.dsv'
[10.897s] INFO:colcon.colcon_core.shell:Creating environment hook '/home/yongwoo/sim_ws/install/planning_custom_msgs/share/planning_custom_msgs/hook/ld_library_path_lib.sh'
[10.898s] Level 1:colcon.colcon_core.environment:checking '/home/yongwoo/sim_ws/install/planning_custom_msgs/bin'
[10.898s] Level 1:colcon.colcon_core.environment:checking '/home/yongwoo/sim_ws/install/planning_custom_msgs/lib/pkgconfig/planning_custom_msgs.pc'
[10.899s] Level 1:colcon.colcon_core.environment:checking '/home/yongwoo/sim_ws/install/planning_custom_msgs/lib/python3.10/site-packages'
[10.899s] Level 1:colcon.colcon_core.shell:create_environment_hook('planning_custom_msgs', 'pythonpath')
[10.899s] INFO:colcon.colcon_core.shell:Creating environment hook '/home/yongwoo/sim_ws/install/planning_custom_msgs/share/planning_custom_msgs/hook/pythonpath.ps1'
[10.900s] INFO:colcon.colcon_core.shell:Creating environment descriptor '/home/yongwoo/sim_ws/install/planning_custom_msgs/share/planning_custom_msgs/hook/pythonpath.dsv'
[10.902s] INFO:colcon.colcon_core.shell:Creating environment hook '/home/yongwoo/sim_ws/install/planning_custom_msgs/share/planning_custom_msgs/hook/pythonpath.sh'
[10.903s] Level 1:colcon.colcon_core.environment:checking '/home/yongwoo/sim_ws/install/planning_custom_msgs/bin'
[10.904s] INFO:colcon.colcon_core.shell:Creating package script '/home/yongwoo/sim_ws/install/planning_custom_msgs/share/planning_custom_msgs/package.ps1'
[10.905s] INFO:colcon.colcon_core.shell:Creating package descriptor '/home/yongwoo/sim_ws/install/planning_custom_msgs/share/planning_custom_msgs/package.dsv'
[10.906s] INFO:colcon.colcon_core.shell:Creating package script '/home/yongwoo/sim_ws/install/planning_custom_msgs/share/planning_custom_msgs/package.sh'
[10.906s] INFO:colcon.colcon_core.shell:Creating package script '/home/yongwoo/sim_ws/install/planning_custom_msgs/share/planning_custom_msgs/package.bash'
[10.907s] INFO:colcon.colcon_core.shell:Creating package script '/home/yongwoo/sim_ws/install/planning_custom_msgs/share/planning_custom_msgs/package.zsh'
[10.908s] Level 1:colcon.colcon_core.environment:create_file_with_runtime_dependencies(/home/yongwoo/sim_ws/install/planning_custom_msgs/share/colcon-core/packages/planning_custom_msgs)
[10.909s] INFO:colcon.colcon_ros.task.ament_cmake.build:Building ROS package in '/home/yongwoo/sim_ws/src/global_to_polar_cpp' with build type 'ament_cmake'
[10.910s] INFO:colcon.colcon_cmake.task.cmake.build:Building CMake package in '/home/yongwoo/sim_ws/src/global_to_polar_cpp'
[10.910s] INFO:colcon.colcon_core.shell:Skip shell extension 'powershell' for command environment: Not usable outside of PowerShell
[10.910s] DEBUG:colcon.colcon_core.shell:Skip shell extension 'dsv' for command environment
[11.008s] DEBUG:colcon.colcon_core.event_handler.log_command:Invoking command in '/home/yongwoo/sim_ws/build/global_to_polar_cpp': CMAKE_PREFIX_PATH=/home/yongwoo/sim_ws/install/planning_custom_msgs:/home/yongwoo/sim_ws/install/global_to_polar_cpp:/home/yongwoo/sim_ws/install/gap_follow:/home/yongwoo/sim_ws/install/f1tenth_gym_ros:/opt/ros/humble CONDA_PROMPT_MODIFIER=(ros_env) LD_LIBRARY_PATH=/home/yongwoo/sim_ws/install/planning_custom_msgs/lib:/home/yongwoo/sim_ws/install/global_to_polar_cpp/lib:/opt/ros/humble/opt/rviz_ogre_vendor/lib:/opt/ros/humble/lib/x86_64-linux-gnu:/opt/ros/humble/lib PYTHONPATH=/home/yongwoo/sim_ws/install/planning_custom_msgs/lib/python3.10/site-packages:/home/yongwoo/sim_ws/install/global_to_polar_cpp/lib/python3.10/site-packages:/home/yongwoo/sim_ws/install/gap_follow/lib/python3.10/site-packages:/home/yongwoo/sim_ws/build/f1tenth_gym_ros:/home/yongwoo/sim_ws/install/f1tenth_gym_ros/lib/python3.10/site-packages:/opt/ros/humble/lib/python3.10/site-packages:/opt/ros/humble/local/lib/python3.10/dist-packages /usr/bin/cmake /home/yongwoo/sim_ws/src/global_to_polar_cpp -DCMAKE_INSTALL_PREFIX=/home/yongwoo/sim_ws/install/global_to_polar_cpp
[17.017s] DEBUG:colcon.colcon_core.event_handler.log_command:Invoked command in '/home/yongwoo/sim_ws/build/global_to_polar_cpp' returned '0': CMAKE_PREFIX_PATH=/home/yongwoo/sim_ws/install/planning_custom_msgs:/home/yongwoo/sim_ws/install/global_to_polar_cpp:/home/yongwoo/sim_ws/install/gap_follow:/home/yongwoo/sim_ws/install/f1tenth_gym_ros:/opt/ros/humble CONDA_PROMPT_MODIFIER=(ros_env) LD_LIBRARY_PATH=/home/yongwoo/sim_ws/install/planning_custom_msgs/lib:/home/yongwoo/sim_ws/install/global_to_polar_cpp/lib:/opt/ros/humble/opt/rviz_ogre_vendor/lib:/opt/ros/humble/lib/x86_64-linux-gnu:/opt/ros/humble/lib PYTHONPATH=/home/yongwoo/sim_ws/install/planning_custom_msgs/lib/python3.10/site-packages:/home/yongwoo/sim_ws/install/global_to_polar_cpp/lib/python3.10/site-packages:/home/yongwoo/sim_ws/install/gap_follow/lib/python3.10/site-packages:/home/yongwoo/sim_ws/build/f1tenth_gym_ros:/home/yongwoo/sim_ws/install/f1tenth_gym_ros/lib/python3.10/site-packages:/opt/ros/humble/lib/python3.10/site-packages:/opt/ros/humble/local/lib/python3.10/dist-packages /usr/bin/cmake /home/yongwoo/sim_ws/src/global_to_polar_cpp -DCMAKE_INSTALL_PREFIX=/home/yongwoo/sim_ws/install/global_to_polar_cpp
[17.019s] DEBUG:colcon.colcon_core.event_handler.log_command:Invoking command in '/home/yongwoo/sim_ws/build/global_to_polar_cpp': CMAKE_PREFIX_PATH=/home/yongwoo/sim_ws/install/planning_custom_msgs:/home/yongwoo/sim_ws/install/global_to_polar_cpp:/home/yongwoo/sim_ws/install/gap_follow:/home/yongwoo/sim_ws/install/f1tenth_gym_ros:/opt/ros/humble CONDA_PROMPT_MODIFIER=(ros_env) LD_LIBRARY_PATH=/home/yongwoo/sim_ws/install/planning_custom_msgs/lib:/home/yongwoo/sim_ws/install/global_to_polar_cpp/lib:/opt/ros/humble/opt/rviz_ogre_vendor/lib:/opt/ros/humble/lib/x86_64-linux-gnu:/opt/ros/humble/lib PYTHONPATH=/home/yongwoo/sim_ws/install/planning_custom_msgs/lib/python3.10/site-packages:/home/yongwoo/sim_ws/install/global_to_polar_cpp/lib/python3.10/site-packages:/home/yongwoo/sim_ws/install/gap_follow/lib/python3.10/site-packages:/home/yongwoo/sim_ws/build/f1tenth_gym_ros:/home/yongwoo/sim_ws/install/f1tenth_gym_ros/lib/python3.10/site-packages:/opt/ros/humble/lib/python3.10/site-packages:/opt/ros/humble/local/lib/python3.10/dist-packages /usr/bin/cmake --build /home/yongwoo/sim_ws/build/global_to_polar_cpp -- -j8 -l8
[24.189s] DEBUG:colcon.colcon_core.event_handler.log_command:Invoked command in '/home/yongwoo/sim_ws/build/gap_follow' returned '0': CMAKE_PREFIX_PATH=${CMAKE_PREFIX_PATH}:/home/yongwoo/sim_ws/install/f1tenth_gym_ros:/opt/ros/humble CONDA_PROMPT_MODIFIER=(ros_env) /usr/bin/cmake --build /home/yongwoo/sim_ws/build/gap_follow -- -j8 -l8
[24.193s] DEBUG:colcon.colcon_core.event_handler.log_command:Invoking command in '/home/yongwoo/sim_ws/build/gap_follow': CMAKE_PREFIX_PATH=${CMAKE_PREFIX_PATH}:/home/yongwoo/sim_ws/install/f1tenth_gym_ros:/opt/ros/humble CONDA_PROMPT_MODIFIER=(ros_env) /usr/bin/cmake --install /home/yongwoo/sim_ws/build/gap_follow
[24.274s] Level 1:colcon.colcon_core.environment:create_environment_scripts_only(gap_follow)
[24.275s] Level 1:colcon.colcon_core.environment:checking '/home/yongwoo/sim_ws/install/gap_follow' for CMake module files
[24.276s] DEBUG:colcon.colcon_core.event_handler.log_command:Invoked command in '/home/yongwoo/sim_ws/build/gap_follow' returned '0': CMAKE_PREFIX_PATH=${CMAKE_PREFIX_PATH}:/home/yongwoo/sim_ws/install/f1tenth_gym_ros:/opt/ros/humble CONDA_PROMPT_MODIFIER=(ros_env) /usr/bin/cmake --install /home/yongwoo/sim_ws/build/gap_follow
[24.277s] Level 1:colcon.colcon_core.environment:checking '/home/yongwoo/sim_ws/install/gap_follow' for CMake config files
[24.277s] Level 1:colcon.colcon_core.shell:create_environment_hook('gap_follow', 'cmake_prefix_path')
[24.277s] INFO:colcon.colcon_core.shell:Creating environment hook '/home/yongwoo/sim_ws/install/gap_follow/share/gap_follow/hook/cmake_prefix_path.ps1'
[24.278s] INFO:colcon.colcon_core.shell:Creating environment descriptor '/home/yongwoo/sim_ws/install/gap_follow/share/gap_follow/hook/cmake_prefix_path.dsv'
[24.279s] INFO:colcon.colcon_core.shell:Creating environment hook '/home/yongwoo/sim_ws/install/gap_follow/share/gap_follow/hook/cmake_prefix_path.sh'
[24.279s] Level 1:colcon.colcon_core.environment:checking '/home/yongwoo/sim_ws/install/gap_follow/lib'
[24.280s] Level 1:colcon.colcon_core.environment:checking '/home/yongwoo/sim_ws/install/gap_follow/bin'
[24.280s] Level 1:colcon.colcon_core.environment:checking '/home/yongwoo/sim_ws/install/gap_follow/lib/pkgconfig/gap_follow.pc'
[24.280s] Level 1:colcon.colcon_core.environment:checking '/home/yongwoo/sim_ws/install/gap_follow/lib/python3.10/site-packages'
[24.280s] Level 1:colcon.colcon_core.shell:create_environment_hook('gap_follow', 'pythonpath')
[24.280s] INFO:colcon.colcon_core.shell:Creating environment hook '/home/yongwoo/sim_ws/install/gap_follow/share/gap_follow/hook/pythonpath.ps1'
[24.281s] INFO:colcon.colcon_core.shell:Creating environment descriptor '/home/yongwoo/sim_ws/install/gap_follow/share/gap_follow/hook/pythonpath.dsv'
[24.281s] INFO:colcon.colcon_core.shell:Creating environment hook '/home/yongwoo/sim_ws/install/gap_follow/share/gap_follow/hook/pythonpath.sh'
[24.282s] Level 1:colcon.colcon_core.environment:checking '/home/yongwoo/sim_ws/install/gap_follow/bin'
[24.282s] INFO:colcon.colcon_core.shell:Creating package script '/home/yongwoo/sim_ws/install/gap_follow/share/gap_follow/package.ps1'
[24.283s] INFO:colcon.colcon_core.shell:Creating package descriptor '/home/yongwoo/sim_ws/install/gap_follow/share/gap_follow/package.dsv'
[24.284s] INFO:colcon.colcon_core.shell:Creating package script '/home/yongwoo/sim_ws/install/gap_follow/share/gap_follow/package.sh'
[24.285s] INFO:colcon.colcon_core.shell:Creating package script '/home/yongwoo/sim_ws/install/gap_follow/share/gap_follow/package.bash'
[24.285s] INFO:colcon.colcon_core.shell:Creating package script '/home/yongwoo/sim_ws/install/gap_follow/share/gap_follow/package.zsh'
[24.285s] Level 1:colcon.colcon_core.environment:create_file_with_runtime_dependencies(/home/yongwoo/sim_ws/install/gap_follow/share/colcon-core/packages/gap_follow)
[24.287s] Level 1:colcon.colcon_core.environment:create_environment_scripts_only(gap_follow)
[24.288s] Level 1:colcon.colcon_core.environment:checking '/home/yongwoo/sim_ws/install/gap_follow' for CMake module files
[24.289s] Level 1:colcon.colcon_core.environment:checking '/home/yongwoo/sim_ws/install/gap_follow' for CMake config files
[24.289s] Level 1:colcon.colcon_core.shell:create_environment_hook('gap_follow', 'cmake_prefix_path')
[24.289s] INFO:colcon.colcon_core.shell:Creating environment hook '/home/yongwoo/sim_ws/install/gap_follow/share/gap_follow/hook/cmake_prefix_path.ps1'
[24.289s] INFO:colcon.colcon_core.shell:Creating environment descriptor '/home/yongwoo/sim_ws/install/gap_follow/share/gap_follow/hook/cmake_prefix_path.dsv'
[24.290s] INFO:colcon.colcon_core.shell:Creating environment hook '/home/yongwoo/sim_ws/install/gap_follow/share/gap_follow/hook/cmake_prefix_path.sh'
[24.290s] Level 1:colcon.colcon_core.environment:checking '/home/yongwoo/sim_ws/install/gap_follow/lib'
[24.290s] Level 1:colcon.colcon_core.environment:checking '/home/yongwoo/sim_ws/install/gap_follow/bin'
[24.291s] Level 1:colcon.colcon_core.environment:checking '/home/yongwoo/sim_ws/install/gap_follow/lib/pkgconfig/gap_follow.pc'
[24.291s] Level 1:colcon.colcon_core.environment:checking '/home/yongwoo/sim_ws/install/gap_follow/lib/python3.10/site-packages'
[24.291s] Level 1:colcon.colcon_core.shell:create_environment_hook('gap_follow', 'pythonpath')
[24.291s] INFO:colcon.colcon_core.shell:Creating environment hook '/home/yongwoo/sim_ws/install/gap_follow/share/gap_follow/hook/pythonpath.ps1'
[24.292s] INFO:colcon.colcon_core.shell:Creating environment descriptor '/home/yongwoo/sim_ws/install/gap_follow/share/gap_follow/hook/pythonpath.dsv'
[24.292s] INFO:colcon.colcon_core.shell:Creating environment hook '/home/yongwoo/sim_ws/install/gap_follow/share/gap_follow/hook/pythonpath.sh'
[24.293s] Level 1:colcon.colcon_core.environment:checking '/home/yongwoo/sim_ws/install/gap_follow/bin'
[24.293s] INFO:colcon.colcon_core.shell:Creating package script '/home/yongwoo/sim_ws/install/gap_follow/share/gap_follow/package.ps1'
[24.294s] INFO:colcon.colcon_core.shell:Creating package descriptor '/home/yongwoo/sim_ws/install/gap_follow/share/gap_follow/package.dsv'
[24.294s] INFO:colcon.colcon_core.shell:Creating package script '/home/yongwoo/sim_ws/install/gap_follow/share/gap_follow/package.sh'
[24.295s] INFO:colcon.colcon_core.shell:Creating package script '/home/yongwoo/sim_ws/install/gap_follow/share/gap_follow/package.bash'
[24.295s] INFO:colcon.colcon_core.shell:Creating package script '/home/yongwoo/sim_ws/install/gap_follow/share/gap_follow/package.zsh'
[24.295s] Level 1:colcon.colcon_core.environment:create_file_with_runtime_dependencies(/home/yongwoo/sim_ws/install/gap_follow/share/colcon-core/packages/gap_follow)
[40.745s] DEBUG:colcon.colcon_core.event_handler.log_command:Invoked command in '/home/yongwoo/sim_ws/build/global_to_polar_cpp' returned '0': CMAKE_PREFIX_PATH=/home/yongwoo/sim_ws/install/planning_custom_msgs:/home/yongwoo/sim_ws/install/global_to_polar_cpp:/home/yongwoo/sim_ws/install/gap_follow:/home/yongwoo/sim_ws/install/f1tenth_gym_ros:/opt/ros/humble CONDA_PROMPT_MODIFIER=(ros_env) LD_LIBRARY_PATH=/home/yongwoo/sim_ws/install/planning_custom_msgs/lib:/home/yongwoo/sim_ws/install/global_to_polar_cpp/lib:/opt/ros/humble/opt/rviz_ogre_vendor/lib:/opt/ros/humble/lib/x86_64-linux-gnu:/opt/ros/humble/lib PYTHONPATH=/home/yongwoo/sim_ws/install/planning_custom_msgs/lib/python3.10/site-packages:/home/yongwoo/sim_ws/install/global_to_polar_cpp/lib/python3.10/site-packages:/home/yongwoo/sim_ws/install/gap_follow/lib/python3.10/site-packages:/home/yongwoo/sim_ws/build/f1tenth_gym_ros:/home/yongwoo/sim_ws/install/f1tenth_gym_ros/lib/python3.10/site-packages:/opt/ros/humble/lib/python3.10/site-packages:/opt/ros/humble/local/lib/python3.10/dist-packages /usr/bin/cmake --build /home/yongwoo/sim_ws/build/global_to_polar_cpp -- -j8 -l8
[40.748s] DEBUG:colcon.colcon_core.event_handler.log_command:Invoking command in '/home/yongwoo/sim_ws/build/global_to_polar_cpp': CMAKE_PREFIX_PATH=/home/yongwoo/sim_ws/install/planning_custom_msgs:/home/yongwoo/sim_ws/install/global_to_polar_cpp:/home/yongwoo/sim_ws/install/gap_follow:/home/yongwoo/sim_ws/install/f1tenth_gym_ros:/opt/ros/humble CONDA_PROMPT_MODIFIER=(ros_env) LD_LIBRARY_PATH=/home/yongwoo/sim_ws/install/planning_custom_msgs/lib:/home/yongwoo/sim_ws/install/global_to_polar_cpp/lib:/opt/ros/humble/opt/rviz_ogre_vendor/lib:/opt/ros/humble/lib/x86_64-linux-gnu:/opt/ros/humble/lib PYTHONPATH=/home/yongwoo/sim_ws/install/planning_custom_msgs/lib/python3.10/site-packages:/home/yongwoo/sim_ws/install/global_to_polar_cpp/lib/python3.10/site-packages:/home/yongwoo/sim_ws/install/gap_follow/lib/python3.10/site-packages:/home/yongwoo/sim_ws/build/f1tenth_gym_ros:/home/yongwoo/sim_ws/install/f1tenth_gym_ros/lib/python3.10/site-packages:/opt/ros/humble/lib/python3.10/site-packages:/opt/ros/humble/local/lib/python3.10/dist-packages /usr/bin/cmake --install /home/yongwoo/sim_ws/build/global_to_polar_cpp
[40.841s] Level 1:colcon.colcon_core.environment:create_environment_scripts_only(global_to_polar_cpp)
[40.841s] Level 1:colcon.colcon_core.environment:checking '/home/yongwoo/sim_ws/install/global_to_polar_cpp' for CMake module files
[40.841s] DEBUG:colcon.colcon_core.event_handler.log_command:Invoked command in '/home/yongwoo/sim_ws/build/global_to_polar_cpp' returned '0': CMAKE_PREFIX_PATH=/home/yongwoo/sim_ws/install/planning_custom_msgs:/home/yongwoo/sim_ws/install/global_to_polar_cpp:/home/yongwoo/sim_ws/install/gap_follow:/home/yongwoo/sim_ws/install/f1tenth_gym_ros:/opt/ros/humble CONDA_PROMPT_MODIFIER=(ros_env) LD_LIBRARY_PATH=/home/yongwoo/sim_ws/install/planning_custom_msgs/lib:/home/yongwoo/sim_ws/install/global_to_polar_cpp/lib:/opt/ros/humble/opt/rviz_ogre_vendor/lib:/opt/ros/humble/lib/x86_64-linux-gnu:/opt/ros/humble/lib PYTHONPATH=/home/yongwoo/sim_ws/install/planning_custom_msgs/lib/python3.10/site-packages:/home/yongwoo/sim_ws/install/global_to_polar_cpp/lib/python3.10/site-packages:/home/yongwoo/sim_ws/install/gap_follow/lib/python3.10/site-packages:/home/yongwoo/sim_ws/build/f1tenth_gym_ros:/home/yongwoo/sim_ws/install/f1tenth_gym_ros/lib/python3.10/site-packages:/opt/ros/humble/lib/python3.10/site-packages:/opt/ros/humble/local/lib/python3.10/dist-packages /usr/bin/cmake --install /home/yongwoo/sim_ws/build/global_to_polar_cpp
[40.842s] Level 1:colcon.colcon_core.environment:checking '/home/yongwoo/sim_ws/install/global_to_polar_cpp' for CMake config files
[40.842s] Level 1:colcon.colcon_core.shell:create_environment_hook('global_to_polar_cpp', 'cmake_prefix_path')
[40.842s] INFO:colcon.colcon_core.shell:Creating environment hook '/home/yongwoo/sim_ws/install/global_to_polar_cpp/share/global_to_polar_cpp/hook/cmake_prefix_path.ps1'
[40.843s] INFO:colcon.colcon_core.shell:Creating environment descriptor '/home/yongwoo/sim_ws/install/global_to_polar_cpp/share/global_to_polar_cpp/hook/cmake_prefix_path.dsv'
[40.843s] INFO:colcon.colcon_core.shell:Creating environment hook '/home/yongwoo/sim_ws/install/global_to_polar_cpp/share/global_to_polar_cpp/hook/cmake_prefix_path.sh'
[40.844s] Level 1:colcon.colcon_core.environment:checking '/home/yongwoo/sim_ws/install/global_to_polar_cpp/lib'
[40.844s] Level 1:colcon.colcon_core.shell:create_environment_hook('global_to_polar_cpp', 'ld_library_path_lib')
[40.845s] INFO:colcon.colcon_core.shell:Creating environment hook '/home/yongwoo/sim_ws/install/global_to_polar_cpp/share/global_to_polar_cpp/hook/ld_library_path_lib.ps1'
[40.845s] INFO:colcon.colcon_core.shell:Creating environment descriptor '/home/yongwoo/sim_ws/install/global_to_polar_cpp/share/global_to_polar_cpp/hook/ld_library_path_lib.dsv'
[40.845s] INFO:colcon.colcon_core.shell:Creating environment hook '/home/yongwoo/sim_ws/install/global_to_polar_cpp/share/global_to_polar_cpp/hook/ld_library_path_lib.sh'
[40.846s] Level 1:colcon.colcon_core.environment:checking '/home/yongwoo/sim_ws/install/global_to_polar_cpp/bin'
[40.846s] Level 1:colcon.colcon_core.environment:checking '/home/yongwoo/sim_ws/install/global_to_polar_cpp/lib/pkgconfig/global_to_polar_cpp.pc'
[40.846s] Level 1:colcon.colcon_core.environment:checking '/home/yongwoo/sim_ws/install/global_to_polar_cpp/lib/python3.10/site-packages'
[40.846s] Level 1:colcon.colcon_core.shell:create_environment_hook('global_to_polar_cpp', 'pythonpath')
[40.846s] INFO:colcon.colcon_core.shell:Creating environment hook '/home/yongwoo/sim_ws/install/global_to_polar_cpp/share/global_to_polar_cpp/hook/pythonpath.ps1'
[40.846s] INFO:colcon.colcon_core.shell:Creating environment descriptor '/home/yongwoo/sim_ws/install/global_to_polar_cpp/share/global_to_polar_cpp/hook/pythonpath.dsv'
[40.847s] INFO:colcon.colcon_core.shell:Creating environment hook '/home/yongwoo/sim_ws/install/global_to_polar_cpp/share/global_to_polar_cpp/hook/pythonpath.sh'
[40.847s] Level 1:colcon.colcon_core.environment:checking '/home/yongwoo/sim_ws/install/global_to_polar_cpp/bin'
[40.847s] INFO:colcon.colcon_core.shell:Creating package script '/home/yongwoo/sim_ws/install/global_to_polar_cpp/share/global_to_polar_cpp/package.ps1'
[40.848s] INFO:colcon.colcon_core.shell:Creating package descriptor '/home/yongwoo/sim_ws/install/global_to_polar_cpp/share/global_to_polar_cpp/package.dsv'
[40.848s] INFO:colcon.colcon_core.shell:Creating package script '/home/yongwoo/sim_ws/install/global_to_polar_cpp/share/global_to_polar_cpp/package.sh'
[40.848s] INFO:colcon.colcon_core.shell:Creating package script '/home/yongwoo/sim_ws/install/global_to_polar_cpp/share/global_to_polar_cpp/package.bash'
[40.849s] INFO:colcon.colcon_core.shell:Creating package script '/home/yongwoo/sim_ws/install/global_to_polar_cpp/share/global_to_polar_cpp/package.zsh'
[40.849s] Level 1:colcon.colcon_core.environment:create_file_with_runtime_dependencies(/home/yongwoo/sim_ws/install/global_to_polar_cpp/share/colcon-core/packages/global_to_polar_cpp)
[40.850s] Level 1:colcon.colcon_core.environment:create_environment_scripts_only(global_to_polar_cpp)
[40.850s] Level 1:colcon.colcon_core.environment:checking '/home/yongwoo/sim_ws/install/global_to_polar_cpp' for CMake module files
[40.850s] Level 1:colcon.colcon_core.environment:checking '/home/yongwoo/sim_ws/install/global_to_polar_cpp' for CMake config files
[40.850s] Level 1:colcon.colcon_core.shell:create_environment_hook('global_to_polar_cpp', 'cmake_prefix_path')
[40.851s] INFO:colcon.colcon_core.shell:Creating environment hook '/home/yongwoo/sim_ws/install/global_to_polar_cpp/share/global_to_polar_cpp/hook/cmake_prefix_path.ps1'
[40.851s] INFO:colcon.colcon_core.shell:Creating environment descriptor '/home/yongwoo/sim_ws/install/global_to_polar_cpp/share/global_to_polar_cpp/hook/cmake_prefix_path.dsv'
[40.851s] INFO:colcon.colcon_core.shell:Creating environment hook '/home/yongwoo/sim_ws/install/global_to_polar_cpp/share/global_to_polar_cpp/hook/cmake_prefix_path.sh'
[40.851s] Level 1:colcon.colcon_core.environment:checking '/home/yongwoo/sim_ws/install/global_to_polar_cpp/lib'
[40.852s] Level 1:colcon.colcon_core.shell:create_environment_hook('global_to_polar_cpp', 'ld_library_path_lib')
[40.852s] INFO:colcon.colcon_core.shell:Creating environment hook '/home/yongwoo/sim_ws/install/global_to_polar_cpp/share/global_to_polar_cpp/hook/ld_library_path_lib.ps1'
[40.852s] INFO:colcon.colcon_core.shell:Creating environment descriptor '/home/yongwoo/sim_ws/install/global_to_polar_cpp/share/global_to_polar_cpp/hook/ld_library_path_lib.dsv'
[40.852s] INFO:colcon.colcon_core.shell:Creating environment hook '/home/yongwoo/sim_ws/install/global_to_polar_cpp/share/global_to_polar_cpp/hook/ld_library_path_lib.sh'
[40.852s] Level 1:colcon.colcon_core.environment:checking '/home/yongwoo/sim_ws/install/global_to_polar_cpp/bin'
[40.852s] Level 1:colcon.colcon_core.environment:checking '/home/yongwoo/sim_ws/install/global_to_polar_cpp/lib/pkgconfig/global_to_polar_cpp.pc'
[40.853s] Level 1:colcon.colcon_core.environment:checking '/home/yongwoo/sim_ws/install/global_to_polar_cpp/lib/python3.10/site-packages'
[40.853s] Level 1:colcon.colcon_core.shell:create_environment_hook('global_to_polar_cpp', 'pythonpath')
[40.853s] INFO:colcon.colcon_core.shell:Creating environment hook '/home/yongwoo/sim_ws/install/global_to_polar_cpp/share/global_to_polar_cpp/hook/pythonpath.ps1'
[40.853s] INFO:colcon.colcon_core.shell:Creating environment descriptor '/home/yongwoo/sim_ws/install/global_to_polar_cpp/share/global_to_polar_cpp/hook/pythonpath.dsv'
[40.853s] INFO:colcon.colcon_core.shell:Creating environment hook '/home/yongwoo/sim_ws/install/global_to_polar_cpp/share/global_to_polar_cpp/hook/pythonpath.sh'
[40.854s] Level 1:colcon.colcon_core.environment:checking '/home/yongwoo/sim_ws/install/global_to_polar_cpp/bin'
[40.854s] INFO:colcon.colcon_core.shell:Creating package script '/home/yongwoo/sim_ws/install/global_to_polar_cpp/share/global_to_polar_cpp/package.ps1'
[40.854s] INFO:colcon.colcon_core.shell:Creating package descriptor '/home/yongwoo/sim_ws/install/global_to_polar_cpp/share/global_to_polar_cpp/package.dsv'
[40.855s] INFO:colcon.colcon_core.shell:Creating package script '/home/yongwoo/sim_ws/install/global_to_polar_cpp/share/global_to_polar_cpp/package.sh'
[40.855s] INFO:colcon.colcon_core.shell:Creating package script '/home/yongwoo/sim_ws/install/global_to_polar_cpp/share/global_to_polar_cpp/package.bash'
[40.856s] INFO:colcon.colcon_core.shell:Creating package script '/home/yongwoo/sim_ws/install/global_to_polar_cpp/share/global_to_polar_cpp/package.zsh'
[40.856s] Level 1:colcon.colcon_core.environment:create_file_with_runtime_dependencies(/home/yongwoo/sim_ws/install/global_to_polar_cpp/share/colcon-core/packages/global_to_polar_cpp)
[40.856s] DEBUG:colcon.colcon_parallel_executor.executor.parallel:closing loop
[40.857s] DEBUG:colcon.colcon_parallel_executor.executor.parallel:loop closed
[40.857s] DEBUG:colcon.colcon_parallel_executor.executor.parallel:run_until_complete finished with '0'
[40.857s] DEBUG:colcon.colcon_core.event_reactor:joining thread
[40.859s] INFO:colcon.colcon_core.plugin_system:Skipping extension 'colcon_notification.desktop_notification.notify2': 'notify2' not found
[40.883s] INFO:colcon.colcon_core.plugin_system:Skipping extension 'colcon_notification.desktop_notification.notify_send': Could not find 'notify-send'
[40.883s] INFO:colcon.colcon_core.plugin_system:Skipping extension 'colcon_notification.desktop_notification.terminal_notifier': Not used on non-Darwin systems
[40.883s] INFO:colcon.colcon_core.plugin_system:Skipping extension 'colcon_notification.desktop_notification.win32': Not used on non-Windows systems
[40.883s] DEBUG:colcon.colcon_core.event_reactor:joined thread
[40.883s] INFO:colcon.colcon_core.shell:Creating prefix script '/home/yongwoo/sim_ws/install/local_setup.ps1'
[40.884s] INFO:colcon.colcon_core.shell:Creating prefix util module '/home/yongwoo/sim_ws/install/_local_setup_util_ps1.py'
[40.885s] INFO:colcon.colcon_core.shell:Creating prefix chain script '/home/yongwoo/sim_ws/install/setup.ps1'
[40.886s] INFO:colcon.colcon_core.shell:Creating prefix script '/home/yongwoo/sim_ws/install/local_setup.sh'
[40.887s] INFO:colcon.colcon_core.shell:Creating prefix util module '/home/yongwoo/sim_ws/install/_local_setup_util_sh.py'
[40.888s] INFO:colcon.colcon_core.shell:Creating prefix chain script '/home/yongwoo/sim_ws/install/setup.sh'
[40.889s] INFO:colcon.colcon_core.shell:Creating prefix script '/home/yongwoo/sim_ws/install/local_setup.bash'
[40.889s] INFO:colcon.colcon_core.shell:Creating prefix chain script '/home/yongwoo/sim_ws/install/setup.bash'
[40.890s] INFO:colcon.colcon_core.shell:Creating prefix script '/home/yongwoo/sim_ws/install/local_setup.zsh'
[40.890s] INFO:colcon.colcon_core.shell:Creating prefix chain script '/home/yongwoo/sim_ws/install/setup.zsh'
