[0.026s] Invoking command in '/home/yongwoo/sim_ws/build/global_to_polar_cpp': CMAKE_PREFIX_PATH=/opt/ros/humble CONDA_PROMPT_MODIFIER=(base) /usr/bin/cmake /home/yongwoo/sim_ws/src/global_to_polar_cpp -DCMAKE_INSTALL_PREFIX=/home/yongwoo/sim_ws/install/global_to_polar_cpp
[0.228s] -- The C compiler identification is GNU 11.4.0
[0.706s] -- The CXX compiler identification is GNU 11.4.0
[1.041s] -- Detecting C compiler ABI info
[1.226s] -- Detecting C compiler ABI info - done
[1.251s] -- Check for working C compiler: /usr/bin/cc - skipped
[1.251s] -- Detecting C compile features
[1.252s] -- Detecting C compile features - done
[1.259s] -- Detecting CXX compiler ABI info
[1.589s] -- Detecting CXX compiler ABI info - done
[1.607s] -- Check for working CXX compiler: /usr/bin/c++ - skipped
[1.609s] -- Detecting CXX compile features
[1.610s] -- Detecting CXX compile features - done
[1.620s] -- Found ament_cmake: 1.3.12 (/opt/ros/humble/share/ament_cmake/cmake)
[3.059s] -- Found Python3: /home/yongwoo/anaconda3/bin/python3 (found version "3.9.13") found components: Interpreter 
[3.234s] -- Found rclcpp: 16.0.14 (/opt/ros/humble/share/rclcpp/cmake)
[3.418s] -- Found rosidl_generator_c: 3.1.7 (/opt/ros/humble/share/rosidl_generator_c/cmake)
[3.425s] -- Found rosidl_adapter: 3.1.7 (/opt/ros/humble/share/rosidl_adapter/cmake)
[3.439s] -- Found rosidl_generator_cpp: 3.1.7 (/opt/ros/humble/share/rosidl_generator_cpp/cmake)
[3.461s] -- Using all available rosidl_typesupport_c: rosidl_typesupport_fastrtps_c;rosidl_typesupport_introspection_c
[3.492s] -- Using all available rosidl_typesupport_cpp: rosidl_typesupport_fastrtps_cpp;rosidl_typesupport_introspection_cpp
[3.580s] -- Found rmw_implementation_cmake: 6.1.2 (/opt/ros/humble/share/rmw_implementation_cmake/cmake)
[3.586s] -- Found rmw_fastrtps_cpp: 6.2.8 (/opt/ros/humble/share/rmw_fastrtps_cpp/cmake)
[4.835s] -- Found OpenSSL: /usr/lib/x86_64-linux-gnu/libcrypto.so (found version "3.0.2")  
[5.947s] -- Found FastRTPS: /opt/ros/humble/include  
[8.691s] -- Using RMW implementation 'rmw_fastrtps_cpp' as default
[8.710s] -- Looking for pthread.h
[8.953s] -- Looking for pthread.h - found
[8.955s] -- Performing Test CMAKE_HAVE_LIBC_PTHREAD
[9.226s] -- Performing Test CMAKE_HAVE_LIBC_PTHREAD - Success
[9.229s] -- Found Threads: TRUE  
[9.373s] -- Found nav_msgs: 4.9.0 (/opt/ros/humble/share/nav_msgs/cmake)
[9.468s] -- Found sensor_msgs: 4.9.0 (/opt/ros/humble/share/sensor_msgs/cmake)
[9.517s] -- Found tf2: 0.25.15 (/opt/ros/humble/share/tf2/cmake)
[9.539s] -- Found rosidl_default_generators: 1.2.0 (/opt/ros/humble/share/rosidl_default_generators/cmake)
[10.542s] -- Found ament_cmake_ros: 0.10.0 (/opt/ros/humble/share/ament_cmake_ros/cmake)
[11.845s] -- Using all available rosidl_typesupport_c: rosidl_typesupport_fastrtps_c;rosidl_typesupport_introspection_c
[12.341s] -- Using all available rosidl_typesupport_cpp: rosidl_typesupport_fastrtps_cpp;rosidl_typesupport_introspection_cpp
[12.500s] -- Found PythonInterp: /home/yongwoo/anaconda3/bin/python3 (found suitable version "3.9.13", minimum required is "3.6") 
[12.504s] -- Found python_cmake_module: 0.10.0 (/opt/ros/humble/share/python_cmake_module/cmake)
[12.584s] -- Found PythonLibs: /home/yongwoo/anaconda3/lib/libpython3.9.so (found suitable version "3.9.13", minimum required is "3.5") 
[12.584s] -- Using PYTHON_EXECUTABLE: /home/yongwoo/anaconda3/bin/python3
[12.584s] -- Using PYTHON_INCLUDE_DIRS: /home/yongwoo/anaconda3/include/python3.9
[12.584s] -- Using PYTHON_LIBRARIES: /home/yongwoo/anaconda3/lib/libpython3.9.so
[12.648s] -- Found PythonExtra: .so  
[13.112s] -- Using numpy include directory: /home/yongwoo/anaconda3/lib/python3.9/site-packages/numpy/_core/include
[13.164s] -- Configuring done
[13.322s] -- Generating done
[13.374s] -- Build files have been written to: /home/yongwoo/sim_ws/build/global_to_polar_cpp
[13.406s] Invoked command in '/home/yongwoo/sim_ws/build/global_to_polar_cpp' returned '0': CMAKE_PREFIX_PATH=/opt/ros/humble CONDA_PROMPT_MODIFIER=(base) /usr/bin/cmake /home/yongwoo/sim_ws/src/global_to_polar_cpp -DCMAKE_INSTALL_PREFIX=/home/yongwoo/sim_ws/install/global_to_polar_cpp
[13.407s] Invoking command in '/home/yongwoo/sim_ws/build/global_to_polar_cpp': CMAKE_PREFIX_PATH=/opt/ros/humble CONDA_PROMPT_MODIFIER=(base) /usr/bin/cmake --build /home/yongwoo/sim_ws/build/global_to_polar_cpp -- -j8 -l8
[13.493s] [  2%] [34m[1mGenerating C code for ROS interfaces[0m
[13.533s] [  5%] [34m[1mGenerating C++ code for ROS interfaces[0m
[13.553s] [  5%] Built target ament_cmake_python_copy_global_to_polar_cpp
[14.490s] [  5%] Built target global_to_polar_cpp__cpp
[14.553s] [  8%] [34m[1mGenerating C++ type support for eProsima Fast-RTPS[0m
[14.553s] [ 11%] [34m[1mGenerating C++ introspection for ROS interfaces[0m
[14.553s] [ 14%] [32mBuilding C object CMakeFiles/global_to_polar_cpp__rosidl_generator_c.dir/rosidl_generator_c/global_to_polar_cpp/msg/detail/polar_grid__functions.c.o[0m
[14.553s] [ 17%] [34m[1mGenerating C++ type support dispatch for ROS interfaces[0m
[14.748s] running egg_info
[14.750s] creating global_to_polar_cpp.egg-info
[14.782s] [ 20%] [32m[1mLinking C shared library libglobal_to_polar_cpp__rosidl_generator_c.so[0m
[14.838s] writing global_to_polar_cpp.egg-info/PKG-INFO
[14.839s] writing dependency_links to global_to_polar_cpp.egg-info/dependency_links.txt
[14.839s] writing top-level names to global_to_polar_cpp.egg-info/top_level.txt
[14.839s] writing manifest file 'global_to_polar_cpp.egg-info/SOURCES.txt'
[15.172s] reading manifest file 'global_to_polar_cpp.egg-info/SOURCES.txt'
[15.173s] writing manifest file 'global_to_polar_cpp.egg-info/SOURCES.txt'
[15.299s] [ 20%] Built target global_to_polar_cpp__rosidl_generator_c
[15.346s] [ 20%] Built target ament_cmake_python_build_global_to_polar_cpp_egg
[15.352s] [ 22%] [34m[1mGenerating C type support for eProsima Fast-RTPS[0m
[15.357s] [ 25%] [34m[1mGenerating C type support dispatch for ROS interfaces[0m
[15.365s] [ 28%] [34m[1mGenerating C introspection for ROS interfaces[0m
[15.845s] [ 31%] [32mBuilding CXX object CMakeFiles/global_to_polar_cpp__rosidl_typesupport_cpp.dir/rosidl_typesupport_cpp/global_to_polar_cpp/msg/polar_grid__type_support.cpp.o[0m
[15.943s] [ 34%] [32mBuilding CXX object CMakeFiles/global_to_polar_cpp__rosidl_typesupport_fastrtps_cpp.dir/rosidl_typesupport_fastrtps_cpp/global_to_polar_cpp/msg/detail/dds_fastrtps/polar_grid__type_support.cpp.o[0m
[16.204s] [ 37%] [32mBuilding CXX object CMakeFiles/global_to_polar_cpp__rosidl_typesupport_introspection_cpp.dir/rosidl_typesupport_introspection_cpp/global_to_polar_cpp/msg/detail/polar_grid__type_support.cpp.o[0m
[16.642s] [ 40%] [32mBuilding CXX object CMakeFiles/global_to_polar_cpp__rosidl_typesupport_c.dir/rosidl_typesupport_c/global_to_polar_cpp/msg/polar_grid__type_support.cpp.o[0m
[16.835s] [ 42%] [32m[1mLinking CXX shared library libglobal_to_polar_cpp__rosidl_typesupport_c.so[0m
[16.943s] [ 45%] [32mBuilding C object CMakeFiles/global_to_polar_cpp__rosidl_typesupport_introspection_c.dir/rosidl_typesupport_introspection_c/global_to_polar_cpp/msg/detail/polar_grid__type_support.c.o[0m
[17.010s] [ 48%] [32mBuilding CXX object CMakeFiles/global_to_polar_cpp__rosidl_typesupport_fastrtps_c.dir/rosidl_typesupport_fastrtps_c/global_to_polar_cpp/msg/detail/polar_grid__type_support_c.cpp.o[0m
[17.114s] [ 51%] [32m[1mLinking CXX shared library libglobal_to_polar_cpp__rosidl_typesupport_cpp.so[0m
[17.230s] [ 54%] [32m[1mLinking C shared library libglobal_to_polar_cpp__rosidl_typesupport_introspection_c.so[0m
[17.299s] [ 54%] Built target global_to_polar_cpp__rosidl_typesupport_c
[17.572s] [ 54%] Built target global_to_polar_cpp__rosidl_typesupport_cpp
[17.602s] [ 54%] Built target global_to_polar_cpp__rosidl_typesupport_introspection_c
[17.641s] [ 57%] [32mBuilding CXX object CMakeFiles/global_to_polar_node.dir/src/globToPolar.cpp.o[0m
[17.682s] [ 60%] [32mBuilding CXX object CMakeFiles/data_logger_node.dir/src/dataLoggerNode.cpp.o[0m
[18.040s] [ 62%] [32m[1mLinking CXX shared library libglobal_to_polar_cpp__rosidl_typesupport_fastrtps_cpp.so[0m
[18.089s] [ 65%] [32m[1mLinking CXX shared library libglobal_to_polar_cpp__rosidl_typesupport_introspection_cpp.so[0m
[18.450s] [ 65%] Built target global_to_polar_cpp__rosidl_typesupport_fastrtps_cpp
[18.486s] [ 65%] Built target global_to_polar_cpp__rosidl_typesupport_introspection_cpp
[18.537s] [ 68%] [32m[1mLinking CXX shared library libglobal_to_polar_cpp__rosidl_typesupport_fastrtps_c.so[0m
[18.909s] [ 68%] Built target global_to_polar_cpp__rosidl_typesupport_fastrtps_c
[18.971s] [ 68%] Built target global_to_polar_cpp
[19.045s] [ 71%] [34m[1mGenerating Python code for ROS interfaces[0m
[20.502s] [ 71%] Built target global_to_polar_cpp__py
[20.559s] [ 74%] [32mBuilding C object CMakeFiles/global_to_polar_cpp__rosidl_generator_py.dir/rosidl_generator_py/global_to_polar_cpp/msg/_polar_grid_s.c.o[0m
[20.990s] [ 77%] [32m[1mLinking C shared library rosidl_generator_py/global_to_polar_cpp/libglobal_to_polar_cpp__rosidl_generator_py.so[0m
[21.292s] [ 77%] Built target global_to_polar_cpp__rosidl_generator_py
[21.391s] [ 80%] [32mBuilding C object CMakeFiles/global_to_polar_cpp__rosidl_typesupport_c__pyext.dir/rosidl_generator_py/global_to_polar_cpp/_global_to_polar_cpp_s.ep.rosidl_typesupport_c.c.o[0m
[21.405s] [ 82%] [32mBuilding C object CMakeFiles/global_to_polar_cpp__rosidl_typesupport_fastrtps_c__pyext.dir/rosidl_generator_py/global_to_polar_cpp/_global_to_polar_cpp_s.ep.rosidl_typesupport_fastrtps_c.c.o[0m
[21.420s] [ 85%] [32mBuilding C object CMakeFiles/global_to_polar_cpp__rosidl_typesupport_introspection_c__pyext.dir/rosidl_generator_py/global_to_polar_cpp/_global_to_polar_cpp_s.ep.rosidl_typesupport_introspection_c.c.o[0m
[21.736s] [ 88%] [32m[1mLinking C shared library rosidl_generator_py/global_to_polar_cpp/global_to_polar_cpp_s__rosidl_typesupport_c.cpython-39-x86_64-linux-gnu.so[0m
[21.780s] [ 91%] [32m[1mLinking C shared library rosidl_generator_py/global_to_polar_cpp/global_to_polar_cpp_s__rosidl_typesupport_fastrtps_c.cpython-39-x86_64-linux-gnu.so[0m
[21.963s] [ 94%] [32m[1mLinking C shared library rosidl_generator_py/global_to_polar_cpp/global_to_polar_cpp_s__rosidl_typesupport_introspection_c.cpython-39-x86_64-linux-gnu.so[0m
[22.042s] [ 94%] Built target global_to_polar_cpp__rosidl_typesupport_c__pyext
[22.057s] [ 94%] Built target global_to_polar_cpp__rosidl_typesupport_fastrtps_c__pyext
[22.217s] [ 94%] Built target global_to_polar_cpp__rosidl_typesupport_introspection_c__pyext
[44.293s] [ 97%] [32m[1mLinking CXX executable global_to_polar_node[0m
[45.525s] [ 97%] Built target global_to_polar_node
[49.377s] [100%] [32m[1mLinking CXX executable data_logger_node[0m
[51.010s] [100%] Built target data_logger_node
[51.038s] Invoked command in '/home/yongwoo/sim_ws/build/global_to_polar_cpp' returned '0': CMAKE_PREFIX_PATH=/opt/ros/humble CONDA_PROMPT_MODIFIER=(base) /usr/bin/cmake --build /home/yongwoo/sim_ws/build/global_to_polar_cpp -- -j8 -l8
[51.060s] Invoking command in '/home/yongwoo/sim_ws/build/global_to_polar_cpp': CMAKE_PREFIX_PATH=/opt/ros/humble CONDA_PROMPT_MODIFIER=(base) /usr/bin/cmake --install /home/yongwoo/sim_ws/build/global_to_polar_cpp
[51.079s] -- Install configuration: ""
[51.082s] -- Installing: /home/yongwoo/sim_ws/install/global_to_polar_cpp/share/ament_index/resource_index/rosidl_interfaces/global_to_polar_cpp
[51.083s] -- Installing: /home/yongwoo/sim_ws/install/global_to_polar_cpp/include/global_to_polar_cpp/global_to_polar_cpp
[51.089s] -- Installing: /home/yongwoo/sim_ws/install/global_to_polar_cpp/include/global_to_polar_cpp/global_to_polar_cpp/msg
[51.090s] -- Installing: /home/yongwoo/sim_ws/install/global_to_polar_cpp/include/global_to_polar_cpp/global_to_polar_cpp/msg/detail
[51.090s] -- Installing: /home/yongwoo/sim_ws/install/global_to_polar_cpp/include/global_to_polar_cpp/global_to_polar_cpp/msg/detail/polar_grid__functions.c
[51.090s] -- Installing: /home/yongwoo/sim_ws/install/global_to_polar_cpp/include/global_to_polar_cpp/global_to_polar_cpp/msg/detail/polar_grid__functions.h
[51.090s] -- Installing: /home/yongwoo/sim_ws/install/global_to_polar_cpp/include/global_to_polar_cpp/global_to_polar_cpp/msg/detail/polar_grid__struct.h
[51.090s] -- Installing: /home/yongwoo/sim_ws/install/global_to_polar_cpp/include/global_to_polar_cpp/global_to_polar_cpp/msg/detail/polar_grid__type_support.h
[51.091s] -- Installing: /home/yongwoo/sim_ws/install/global_to_polar_cpp/include/global_to_polar_cpp/global_to_polar_cpp/msg/rosidl_generator_c__visibility_control.h
[51.091s] -- Installing: /home/yongwoo/sim_ws/install/global_to_polar_cpp/include/global_to_polar_cpp/global_to_polar_cpp/msg/polar_grid.h
[51.091s] -- Installing: /home/yongwoo/sim_ws/install/global_to_polar_cpp/share/global_to_polar_cpp/environment/library_path.sh
[51.091s] -- Installing: /home/yongwoo/sim_ws/install/global_to_polar_cpp/share/global_to_polar_cpp/environment/library_path.dsv
[51.092s] -- Installing: /home/yongwoo/sim_ws/install/global_to_polar_cpp/lib/libglobal_to_polar_cpp__rosidl_generator_c.so
[51.092s] -- Set runtime path of "/home/yongwoo/sim_ws/install/global_to_polar_cpp/lib/libglobal_to_polar_cpp__rosidl_generator_c.so" to ""
[51.092s] -- Up-to-date: /home/yongwoo/sim_ws/install/global_to_polar_cpp/include/global_to_polar_cpp/global_to_polar_cpp
[51.093s] -- Up-to-date: /home/yongwoo/sim_ws/install/global_to_polar_cpp/include/global_to_polar_cpp/global_to_polar_cpp/msg
[51.095s] -- Up-to-date: /home/yongwoo/sim_ws/install/global_to_polar_cpp/include/global_to_polar_cpp/global_to_polar_cpp/msg/detail
[51.096s] -- Installing: /home/yongwoo/sim_ws/install/global_to_polar_cpp/include/global_to_polar_cpp/global_to_polar_cpp/msg/detail/polar_grid__rosidl_typesupport_fastrtps_c.h
[51.096s] -- Installing: /home/yongwoo/sim_ws/install/global_to_polar_cpp/include/global_to_polar_cpp/global_to_polar_cpp/msg/rosidl_typesupport_fastrtps_c__visibility_control.h
[51.096s] -- Installing: /home/yongwoo/sim_ws/install/global_to_polar_cpp/lib/libglobal_to_polar_cpp__rosidl_typesupport_fastrtps_c.so
[51.096s] -- Set runtime path of "/home/yongwoo/sim_ws/install/global_to_polar_cpp/lib/libglobal_to_polar_cpp__rosidl_typesupport_fastrtps_c.so" to ""
[51.098s] -- Up-to-date: /home/yongwoo/sim_ws/install/global_to_polar_cpp/include/global_to_polar_cpp/global_to_polar_cpp
[51.098s] -- Up-to-date: /home/yongwoo/sim_ws/install/global_to_polar_cpp/include/global_to_polar_cpp/global_to_polar_cpp/msg
[51.098s] -- Up-to-date: /home/yongwoo/sim_ws/install/global_to_polar_cpp/include/global_to_polar_cpp/global_to_polar_cpp/msg/detail
[51.099s] -- Installing: /home/yongwoo/sim_ws/install/global_to_polar_cpp/include/global_to_polar_cpp/global_to_polar_cpp/msg/detail/polar_grid__traits.hpp
[51.099s] -- Installing: /home/yongwoo/sim_ws/install/global_to_polar_cpp/include/global_to_polar_cpp/global_to_polar_cpp/msg/detail/polar_grid__struct.hpp
[51.099s] -- Installing: /home/yongwoo/sim_ws/install/global_to_polar_cpp/include/global_to_polar_cpp/global_to_polar_cpp/msg/detail/polar_grid__builder.hpp
[51.099s] -- Installing: /home/yongwoo/sim_ws/install/global_to_polar_cpp/include/global_to_polar_cpp/global_to_polar_cpp/msg/detail/polar_grid__type_support.hpp
[51.099s] -- Installing: /home/yongwoo/sim_ws/install/global_to_polar_cpp/include/global_to_polar_cpp/global_to_polar_cpp/msg/polar_grid.hpp
[51.099s] -- Installing: /home/yongwoo/sim_ws/install/global_to_polar_cpp/include/global_to_polar_cpp/global_to_polar_cpp/msg/rosidl_generator_cpp__visibility_control.hpp
[51.099s] -- Up-to-date: /home/yongwoo/sim_ws/install/global_to_polar_cpp/include/global_to_polar_cpp/global_to_polar_cpp
[51.100s] -- Up-to-date: /home/yongwoo/sim_ws/install/global_to_polar_cpp/include/global_to_polar_cpp/global_to_polar_cpp/msg
[51.100s] -- Up-to-date: /home/yongwoo/sim_ws/install/global_to_polar_cpp/include/global_to_polar_cpp/global_to_polar_cpp/msg/detail
[51.100s] -- Installing: /home/yongwoo/sim_ws/install/global_to_polar_cpp/include/global_to_polar_cpp/global_to_polar_cpp/msg/detail/polar_grid__rosidl_typesupport_fastrtps_cpp.hpp
[51.100s] -- Installing: /home/yongwoo/sim_ws/install/global_to_polar_cpp/include/global_to_polar_cpp/global_to_polar_cpp/msg/detail/dds_fastrtps
[51.100s] -- Installing: /home/yongwoo/sim_ws/install/global_to_polar_cpp/include/global_to_polar_cpp/global_to_polar_cpp/msg/rosidl_typesupport_fastrtps_cpp__visibility_control.h
[51.100s] -- Installing: /home/yongwoo/sim_ws/install/global_to_polar_cpp/lib/libglobal_to_polar_cpp__rosidl_typesupport_fastrtps_cpp.so
[51.101s] -- Set runtime path of "/home/yongwoo/sim_ws/install/global_to_polar_cpp/lib/libglobal_to_polar_cpp__rosidl_typesupport_fastrtps_cpp.so" to ""
[51.101s] -- Up-to-date: /home/yongwoo/sim_ws/install/global_to_polar_cpp/include/global_to_polar_cpp/global_to_polar_cpp
[51.102s] -- Up-to-date: /home/yongwoo/sim_ws/install/global_to_polar_cpp/include/global_to_polar_cpp/global_to_polar_cpp/msg
[51.102s] -- Up-to-date: /home/yongwoo/sim_ws/install/global_to_polar_cpp/include/global_to_polar_cpp/global_to_polar_cpp/msg/detail
[51.102s] -- Installing: /home/yongwoo/sim_ws/install/global_to_polar_cpp/include/global_to_polar_cpp/global_to_polar_cpp/msg/detail/polar_grid__rosidl_typesupport_introspection_c.h
[51.103s] -- Installing: /home/yongwoo/sim_ws/install/global_to_polar_cpp/include/global_to_polar_cpp/global_to_polar_cpp/msg/detail/polar_grid__type_support.c
[51.103s] -- Installing: /home/yongwoo/sim_ws/install/global_to_polar_cpp/include/global_to_polar_cpp/global_to_polar_cpp/msg/rosidl_typesupport_introspection_c__visibility_control.h
[51.103s] -- Installing: /home/yongwoo/sim_ws/install/global_to_polar_cpp/lib/libglobal_to_polar_cpp__rosidl_typesupport_introspection_c.so
[51.103s] -- Set runtime path of "/home/yongwoo/sim_ws/install/global_to_polar_cpp/lib/libglobal_to_polar_cpp__rosidl_typesupport_introspection_c.so" to ""
[51.104s] -- Installing: /home/yongwoo/sim_ws/install/global_to_polar_cpp/lib/libglobal_to_polar_cpp__rosidl_typesupport_c.so
[51.104s] -- Set runtime path of "/home/yongwoo/sim_ws/install/global_to_polar_cpp/lib/libglobal_to_polar_cpp__rosidl_typesupport_c.so" to ""
[51.104s] -- Up-to-date: /home/yongwoo/sim_ws/install/global_to_polar_cpp/include/global_to_polar_cpp/global_to_polar_cpp
[51.104s] -- Up-to-date: /home/yongwoo/sim_ws/install/global_to_polar_cpp/include/global_to_polar_cpp/global_to_polar_cpp/msg
[51.105s] -- Up-to-date: /home/yongwoo/sim_ws/install/global_to_polar_cpp/include/global_to_polar_cpp/global_to_polar_cpp/msg/detail
[51.105s] -- Installing: /home/yongwoo/sim_ws/install/global_to_polar_cpp/include/global_to_polar_cpp/global_to_polar_cpp/msg/detail/polar_grid__rosidl_typesupport_introspection_cpp.hpp
[51.105s] -- Installing: /home/yongwoo/sim_ws/install/global_to_polar_cpp/include/global_to_polar_cpp/global_to_polar_cpp/msg/detail/polar_grid__type_support.cpp
[51.105s] -- Installing: /home/yongwoo/sim_ws/install/global_to_polar_cpp/lib/libglobal_to_polar_cpp__rosidl_typesupport_introspection_cpp.so
[51.105s] -- Set runtime path of "/home/yongwoo/sim_ws/install/global_to_polar_cpp/lib/libglobal_to_polar_cpp__rosidl_typesupport_introspection_cpp.so" to ""
[51.105s] -- Installing: /home/yongwoo/sim_ws/install/global_to_polar_cpp/lib/libglobal_to_polar_cpp__rosidl_typesupport_cpp.so
[51.106s] -- Set runtime path of "/home/yongwoo/sim_ws/install/global_to_polar_cpp/lib/libglobal_to_polar_cpp__rosidl_typesupport_cpp.so" to ""
[51.106s] -- Installing: /home/yongwoo/sim_ws/install/global_to_polar_cpp/share/global_to_polar_cpp/environment/pythonpath.sh
[51.106s] -- Installing: /home/yongwoo/sim_ws/install/global_to_polar_cpp/share/global_to_polar_cpp/environment/pythonpath.dsv
[51.106s] -- Installing: /home/yongwoo/sim_ws/install/global_to_polar_cpp/lib/python3.9/site-packages/global_to_polar_cpp-0.0.0-py3.9.egg-info
[51.107s] -- Installing: /home/yongwoo/sim_ws/install/global_to_polar_cpp/lib/python3.9/site-packages/global_to_polar_cpp-0.0.0-py3.9.egg-info/top_level.txt
[51.109s] -- Installing: /home/yongwoo/sim_ws/install/global_to_polar_cpp/lib/python3.9/site-packages/global_to_polar_cpp-0.0.0-py3.9.egg-info/dependency_links.txt
[51.109s] -- Installing: /home/yongwoo/sim_ws/install/global_to_polar_cpp/lib/python3.9/site-packages/global_to_polar_cpp-0.0.0-py3.9.egg-info/PKG-INFO
[51.109s] -- Installing: /home/yongwoo/sim_ws/install/global_to_polar_cpp/lib/python3.9/site-packages/global_to_polar_cpp-0.0.0-py3.9.egg-info/SOURCES.txt
[51.110s] -- Installing: /home/yongwoo/sim_ws/install/global_to_polar_cpp/lib/python3.9/site-packages/global_to_polar_cpp
[51.111s] -- Installing: /home/yongwoo/sim_ws/install/global_to_polar_cpp/lib/python3.9/site-packages/global_to_polar_cpp/global_to_polar_cpp_s__rosidl_typesupport_fastrtps_c.cpython-39-x86_64-linux-gnu.so
[51.111s] -- Installing: /home/yongwoo/sim_ws/install/global_to_polar_cpp/lib/python3.9/site-packages/global_to_polar_cpp/libglobal_to_polar_cpp__rosidl_generator_py.so
[51.112s] -- Installing: /home/yongwoo/sim_ws/install/global_to_polar_cpp/lib/python3.9/site-packages/global_to_polar_cpp/_global_to_polar_cpp_s.ep.rosidl_typesupport_c.c
[51.116s] -- Installing: /home/yongwoo/sim_ws/install/global_to_polar_cpp/lib/python3.9/site-packages/global_to_polar_cpp/__init__.py
[51.116s] -- Installing: /home/yongwoo/sim_ws/install/global_to_polar_cpp/lib/python3.9/site-packages/global_to_polar_cpp/global_to_polar_cpp_s__rosidl_typesupport_c.cpython-39-x86_64-linux-gnu.so
[51.116s] -- Installing: /home/yongwoo/sim_ws/install/global_to_polar_cpp/lib/python3.9/site-packages/global_to_polar_cpp/_global_to_polar_cpp_s.ep.rosidl_typesupport_introspection_c.c
[51.116s] -- Installing: /home/yongwoo/sim_ws/install/global_to_polar_cpp/lib/python3.9/site-packages/global_to_polar_cpp/msg
[51.117s] -- Installing: /home/yongwoo/sim_ws/install/global_to_polar_cpp/lib/python3.9/site-packages/global_to_polar_cpp/msg/__init__.py
[51.117s] -- Installing: /home/yongwoo/sim_ws/install/global_to_polar_cpp/lib/python3.9/site-packages/global_to_polar_cpp/msg/_polar_grid.py
[51.117s] -- Installing: /home/yongwoo/sim_ws/install/global_to_polar_cpp/lib/python3.9/site-packages/global_to_polar_cpp/msg/_polar_grid_s.c
[51.117s] -- Installing: /home/yongwoo/sim_ws/install/global_to_polar_cpp/lib/python3.9/site-packages/global_to_polar_cpp/_global_to_polar_cpp_s.ep.rosidl_typesupport_fastrtps_c.c
[51.117s] -- Installing: /home/yongwoo/sim_ws/install/global_to_polar_cpp/lib/python3.9/site-packages/global_to_polar_cpp/global_to_polar_cpp_s__rosidl_typesupport_introspection_c.cpython-39-x86_64-linux-gnu.so
[51.233s] Listing '/home/yongwoo/sim_ws/install/global_to_polar_cpp/lib/python3.9/site-packages/global_to_polar_cpp'...
[51.233s] Compiling '/home/yongwoo/sim_ws/install/global_to_polar_cpp/lib/python3.9/site-packages/global_to_polar_cpp/__init__.py'...
[51.234s] Listing '/home/yongwoo/sim_ws/install/global_to_polar_cpp/lib/python3.9/site-packages/global_to_polar_cpp/msg'...
[51.234s] Compiling '/home/yongwoo/sim_ws/install/global_to_polar_cpp/lib/python3.9/site-packages/global_to_polar_cpp/msg/__init__.py'...
[51.234s] Compiling '/home/yongwoo/sim_ws/install/global_to_polar_cpp/lib/python3.9/site-packages/global_to_polar_cpp/msg/_polar_grid.py'...
[51.242s] -- Installing: /home/yongwoo/sim_ws/install/global_to_polar_cpp/lib/python3.9/site-packages/global_to_polar_cpp/global_to_polar_cpp_s__rosidl_typesupport_fastrtps_c.cpython-39-x86_64-linux-gnu.so
[51.249s] -- Set runtime path of "/home/yongwoo/sim_ws/install/global_to_polar_cpp/lib/python3.9/site-packages/global_to_polar_cpp/global_to_polar_cpp_s__rosidl_typesupport_fastrtps_c.cpython-39-x86_64-linux-gnu.so" to ""
[51.250s] -- Installing: /home/yongwoo/sim_ws/install/global_to_polar_cpp/lib/python3.9/site-packages/global_to_polar_cpp/global_to_polar_cpp_s__rosidl_typesupport_introspection_c.cpython-39-x86_64-linux-gnu.so
[51.250s] -- Set runtime path of "/home/yongwoo/sim_ws/install/global_to_polar_cpp/lib/python3.9/site-packages/global_to_polar_cpp/global_to_polar_cpp_s__rosidl_typesupport_introspection_c.cpython-39-x86_64-linux-gnu.so" to ""
[51.251s] -- Installing: /home/yongwoo/sim_ws/install/global_to_polar_cpp/lib/python3.9/site-packages/global_to_polar_cpp/global_to_polar_cpp_s__rosidl_typesupport_c.cpython-39-x86_64-linux-gnu.so
[51.251s] -- Set runtime path of "/home/yongwoo/sim_ws/install/global_to_polar_cpp/lib/python3.9/site-packages/global_to_polar_cpp/global_to_polar_cpp_s__rosidl_typesupport_c.cpython-39-x86_64-linux-gnu.so" to ""
[51.251s] -- Installing: /home/yongwoo/sim_ws/install/global_to_polar_cpp/lib/libglobal_to_polar_cpp__rosidl_generator_py.so
[51.251s] -- Set runtime path of "/home/yongwoo/sim_ws/install/global_to_polar_cpp/lib/libglobal_to_polar_cpp__rosidl_generator_py.so" to ""
[51.251s] -- Installing: /home/yongwoo/sim_ws/install/global_to_polar_cpp/share/global_to_polar_cpp/msg/PolarGrid.idl
[51.251s] -- Installing: /home/yongwoo/sim_ws/install/global_to_polar_cpp/share/global_to_polar_cpp/msg/PolarGrid.msg
[51.251s] -- Installing: /home/yongwoo/sim_ws/install/global_to_polar_cpp/lib/global_to_polar_cpp/global_to_polar_node
[51.256s] -- Set runtime path of "/home/yongwoo/sim_ws/install/global_to_polar_cpp/lib/global_to_polar_cpp/global_to_polar_node" to ""
[51.256s] -- Installing: /home/yongwoo/sim_ws/install/global_to_polar_cpp/lib/global_to_polar_cpp/data_logger_node
[51.264s] -- Set runtime path of "/home/yongwoo/sim_ws/install/global_to_polar_cpp/lib/global_to_polar_cpp/data_logger_node" to ""
[51.265s] -- Installing: /home/yongwoo/sim_ws/install/global_to_polar_cpp/share/ament_index/resource_index/package_run_dependencies/global_to_polar_cpp
[51.266s] -- Installing: /home/yongwoo/sim_ws/install/global_to_polar_cpp/share/ament_index/resource_index/parent_prefix_path/global_to_polar_cpp
[51.266s] -- Installing: /home/yongwoo/sim_ws/install/global_to_polar_cpp/share/global_to_polar_cpp/environment/ament_prefix_path.sh
[51.267s] -- Installing: /home/yongwoo/sim_ws/install/global_to_polar_cpp/share/global_to_polar_cpp/environment/ament_prefix_path.dsv
[51.267s] -- Installing: /home/yongwoo/sim_ws/install/global_to_polar_cpp/share/global_to_polar_cpp/environment/path.sh
[51.267s] -- Installing: /home/yongwoo/sim_ws/install/global_to_polar_cpp/share/global_to_polar_cpp/environment/path.dsv
[51.268s] -- Installing: /home/yongwoo/sim_ws/install/global_to_polar_cpp/share/global_to_polar_cpp/local_setup.bash
[51.268s] -- Installing: /home/yongwoo/sim_ws/install/global_to_polar_cpp/share/global_to_polar_cpp/local_setup.sh
[51.268s] -- Installing: /home/yongwoo/sim_ws/install/global_to_polar_cpp/share/global_to_polar_cpp/local_setup.zsh
[51.268s] -- Installing: /home/yongwoo/sim_ws/install/global_to_polar_cpp/share/global_to_polar_cpp/local_setup.dsv
[51.269s] -- Installing: /home/yongwoo/sim_ws/install/global_to_polar_cpp/share/global_to_polar_cpp/package.dsv
[51.270s] -- Installing: /home/yongwoo/sim_ws/install/global_to_polar_cpp/share/ament_index/resource_index/packages/global_to_polar_cpp
[51.271s] -- Installing: /home/yongwoo/sim_ws/install/global_to_polar_cpp/share/global_to_polar_cpp/cmake/export_global_to_polar_cpp__rosidl_generator_cExport.cmake
[51.271s] -- Installing: /home/yongwoo/sim_ws/install/global_to_polar_cpp/share/global_to_polar_cpp/cmake/export_global_to_polar_cpp__rosidl_generator_cExport-noconfig.cmake
[51.273s] -- Installing: /home/yongwoo/sim_ws/install/global_to_polar_cpp/share/global_to_polar_cpp/cmake/export_global_to_polar_cpp__rosidl_typesupport_fastrtps_cExport.cmake
[51.273s] -- Installing: /home/yongwoo/sim_ws/install/global_to_polar_cpp/share/global_to_polar_cpp/cmake/export_global_to_polar_cpp__rosidl_typesupport_fastrtps_cExport-noconfig.cmake
[51.274s] -- Installing: /home/yongwoo/sim_ws/install/global_to_polar_cpp/share/global_to_polar_cpp/cmake/export_global_to_polar_cpp__rosidl_generator_cppExport.cmake
[51.278s] -- Installing: /home/yongwoo/sim_ws/install/global_to_polar_cpp/share/global_to_polar_cpp/cmake/export_global_to_polar_cpp__rosidl_typesupport_fastrtps_cppExport.cmake
[51.278s] -- Installing: /home/yongwoo/sim_ws/install/global_to_polar_cpp/share/global_to_polar_cpp/cmake/export_global_to_polar_cpp__rosidl_typesupport_fastrtps_cppExport-noconfig.cmake
[51.278s] -- Installing: /home/yongwoo/sim_ws/install/global_to_polar_cpp/share/global_to_polar_cpp/cmake/global_to_polar_cpp__rosidl_typesupport_introspection_cExport.cmake
[51.278s] -- Installing: /home/yongwoo/sim_ws/install/global_to_polar_cpp/share/global_to_polar_cpp/cmake/global_to_polar_cpp__rosidl_typesupport_introspection_cExport-noconfig.cmake
[51.278s] -- Installing: /home/yongwoo/sim_ws/install/global_to_polar_cpp/share/global_to_polar_cpp/cmake/global_to_polar_cpp__rosidl_typesupport_cExport.cmake
[51.279s] -- Installing: /home/yongwoo/sim_ws/install/global_to_polar_cpp/share/global_to_polar_cpp/cmake/global_to_polar_cpp__rosidl_typesupport_cExport-noconfig.cmake
[51.279s] -- Installing: /home/yongwoo/sim_ws/install/global_to_polar_cpp/share/global_to_polar_cpp/cmake/global_to_polar_cpp__rosidl_typesupport_introspection_cppExport.cmake
[51.281s] -- Installing: /home/yongwoo/sim_ws/install/global_to_polar_cpp/share/global_to_polar_cpp/cmake/global_to_polar_cpp__rosidl_typesupport_introspection_cppExport-noconfig.cmake
[51.281s] -- Installing: /home/yongwoo/sim_ws/install/global_to_polar_cpp/share/global_to_polar_cpp/cmake/global_to_polar_cpp__rosidl_typesupport_cppExport.cmake
[51.281s] -- Installing: /home/yongwoo/sim_ws/install/global_to_polar_cpp/share/global_to_polar_cpp/cmake/global_to_polar_cpp__rosidl_typesupport_cppExport-noconfig.cmake
[51.281s] -- Installing: /home/yongwoo/sim_ws/install/global_to_polar_cpp/share/global_to_polar_cpp/cmake/export_global_to_polar_cpp__rosidl_generator_pyExport.cmake
[51.282s] -- Installing: /home/yongwoo/sim_ws/install/global_to_polar_cpp/share/global_to_polar_cpp/cmake/export_global_to_polar_cpp__rosidl_generator_pyExport-noconfig.cmake
[51.282s] -- Installing: /home/yongwoo/sim_ws/install/global_to_polar_cpp/share/global_to_polar_cpp/cmake/rosidl_cmake-extras.cmake
[51.282s] -- Installing: /home/yongwoo/sim_ws/install/global_to_polar_cpp/share/global_to_polar_cpp/cmake/ament_cmake_export_dependencies-extras.cmake
[51.282s] -- Installing: /home/yongwoo/sim_ws/install/global_to_polar_cpp/share/global_to_polar_cpp/cmake/ament_cmake_export_include_directories-extras.cmake
[51.282s] -- Installing: /home/yongwoo/sim_ws/install/global_to_polar_cpp/share/global_to_polar_cpp/cmake/ament_cmake_export_libraries-extras.cmake
[51.282s] -- Installing: /home/yongwoo/sim_ws/install/global_to_polar_cpp/share/global_to_polar_cpp/cmake/ament_cmake_export_targets-extras.cmake
[51.282s] -- Installing: /home/yongwoo/sim_ws/install/global_to_polar_cpp/share/global_to_polar_cpp/cmake/rosidl_cmake_export_typesupport_targets-extras.cmake
[51.283s] -- Installing: /home/yongwoo/sim_ws/install/global_to_polar_cpp/share/global_to_polar_cpp/cmake/rosidl_cmake_export_typesupport_libraries-extras.cmake
[51.283s] -- Installing: /home/yongwoo/sim_ws/install/global_to_polar_cpp/share/global_to_polar_cpp/cmake/global_to_polar_cppConfig.cmake
[51.285s] -- Installing: /home/yongwoo/sim_ws/install/global_to_polar_cpp/share/global_to_polar_cpp/cmake/global_to_polar_cppConfig-version.cmake
[51.286s] -- Installing: /home/yongwoo/sim_ws/install/global_to_polar_cpp/share/global_to_polar_cpp/package.xml
[51.289s] Invoked command in '/home/yongwoo/sim_ws/build/global_to_polar_cpp' returned '0': CMAKE_PREFIX_PATH=/opt/ros/humble CONDA_PROMPT_MODIFIER=(base) /usr/bin/cmake --install /home/yongwoo/sim_ws/build/global_to_polar_cpp
