[0.212s] Invoking command in '/home/yongwoo/sim_ws/build/gap_follow': CMAKE_PREFIX_PATH=${CMAKE_PREFIX_PATH}:/home/yongwoo/sim_ws/install/f1tenth_gym_ros:/opt/ros/humble CONDA_PROMPT_MODIFIER=(ros_env) /usr/bin/cmake /home/yongwoo/sim_ws/src/basecode_follow_the_gap/src/f1tenth_lab4_template/gap_follow -DCMAKE_INSTALL_PREFIX=/home/yongwoo/sim_ws/install/gap_follow
[0.281s] -- The C compiler identification is GNU 11.4.0
[0.405s] -- The CXX compiler identification is GNU 11.4.0
[0.519s] -- Detecting C compiler ABI info
[0.609s] -- Detecting C compiler ABI info - done
[0.615s] -- Check for working C compiler: /usr/bin/cc - skipped
[0.615s] -- Detecting C compile features
[0.615s] -- Detecting C compile features - done
[0.618s] -- Detecting CXX compiler ABI info
[0.727s] -- Detecting CXX compiler ABI info - done
[0.737s] -- Check for working CXX compiler: /usr/bin/c++ - skipped
[0.738s] -- Detecting CXX compile features
[0.738s] -- Detecting CXX compile features - done
[0.742s] -- Found ament_cmake: 1.3.12 (/opt/ros/humble/share/ament_cmake/cmake)
[1.336s] -- Found Python3: /home/yongwoo/anaconda3/envs/ros_env/bin/python3 (found version "3.10.18") found components: Interpreter 
[1.469s] -- Found rclcpp: 16.0.14 (/opt/ros/humble/share/rclcpp/cmake)
[1.594s] -- Found rosidl_generator_c: 3.1.7 (/opt/ros/humble/share/rosidl_generator_c/cmake)
[1.604s] -- Found rosidl_adapter: 3.1.7 (/opt/ros/humble/share/rosidl_adapter/cmake)
[1.615s] -- Found rosidl_generator_cpp: 3.1.7 (/opt/ros/humble/share/rosidl_generator_cpp/cmake)
[1.638s] -- Using all available rosidl_typesupport_c: rosidl_typesupport_fastrtps_c;rosidl_typesupport_introspection_c
[1.666s] -- Using all available rosidl_typesupport_cpp: rosidl_typesupport_fastrtps_cpp;rosidl_typesupport_introspection_cpp
[1.799s] -- Found rmw_implementation_cmake: 6.1.2 (/opt/ros/humble/share/rmw_implementation_cmake/cmake)
[1.803s] -- Found rmw_fastrtps_cpp: 6.2.8 (/opt/ros/humble/share/rmw_fastrtps_cpp/cmake)
[2.620s] -- Found OpenSSL: /usr/lib/x86_64-linux-gnu/libcrypto.so (found version "3.0.2")  
[3.395s] -- Found FastRTPS: /opt/ros/humble/include  
[5.262s] -- Using RMW implementation 'rmw_fastrtps_cpp' as default
[5.283s] -- Looking for pthread.h
[5.627s] -- Looking for pthread.h - found
[5.628s] -- Performing Test CMAKE_HAVE_LIBC_PTHREAD
[5.929s] -- Performing Test CMAKE_HAVE_LIBC_PTHREAD - Success
[5.931s] -- Found Threads: TRUE  
[6.127s] -- Found rclpy: 3.3.17 (/opt/ros/humble/share/rclpy/cmake)
[6.128s] -- Found geometry_msgs: 4.9.0 (/opt/ros/humble/share/geometry_msgs/cmake)
[6.164s] -- Found nav_msgs: 4.9.0 (/opt/ros/humble/share/nav_msgs/cmake)
[6.191s] -- Found ackermann_msgs: 2.0.2 (/opt/ros/humble/share/ackermann_msgs/cmake)
[6.211s] -- Found sensor_msgs: 4.9.0 (/opt/ros/humble/share/sensor_msgs/cmake)
[6.462s] -- Found ament_lint_auto: 0.12.14 (/opt/ros/humble/share/ament_lint_auto/cmake)
[6.769s] -- Added test 'copyright' to check source files copyright and LICENSE
[6.769s] -- Added test 'cppcheck' to perform static code analysis on C / C++ code
[6.769s] -- Configured cppcheck include dirs: /home/yongwoo/sim_ws/src/basecode_follow_the_gap/src/f1tenth_lab4_template/gap_follow/include
[6.769s] -- Configured cppcheck exclude dirs and/or files: 
[6.776s] -- Added test 'cpplint' to check C / C++ code against the Google style
[6.776s] -- Configured cpplint exclude dirs and/or files: 
[6.777s] -- Added test 'flake8' to check Python code syntax and style conventions
[6.781s] -- Added test 'lint_cmake' to check CMake code style
[6.783s] -- Added test 'pep257' to check Python code against some of the docstring style conventions in PEP 257
[6.786s] -- Added test 'uncrustify' to check C / C++ code style
[6.786s] -- Configured uncrustify additional arguments: 
[6.788s] -- Added test 'xmllint' to check XML markup files
[6.797s] -- Configuring done
[6.830s] -- Generating done
[6.846s] -- Build files have been written to: /home/yongwoo/sim_ws/build/gap_follow
[6.888s] Invoked command in '/home/yongwoo/sim_ws/build/gap_follow' returned '0': CMAKE_PREFIX_PATH=${CMAKE_PREFIX_PATH}:/home/yongwoo/sim_ws/install/f1tenth_gym_ros:/opt/ros/humble CONDA_PROMPT_MODIFIER=(ros_env) /usr/bin/cmake /home/yongwoo/sim_ws/src/basecode_follow_the_gap/src/f1tenth_lab4_template/gap_follow -DCMAKE_INSTALL_PREFIX=/home/yongwoo/sim_ws/install/gap_follow
[6.890s] Invoking command in '/home/yongwoo/sim_ws/build/gap_follow': CMAKE_PREFIX_PATH=${CMAKE_PREFIX_PATH}:/home/yongwoo/sim_ws/install/f1tenth_gym_ros:/opt/ros/humble CONDA_PROMPT_MODIFIER=(ros_env) /usr/bin/cmake --build /home/yongwoo/sim_ws/build/gap_follow -- -j8 -l8
[7.044s] [ 50%] [32mBuilding CXX object CMakeFiles/reactive_node.dir/src/reactive_node.cpp.o[0m
[7.103s] [ 50%] Built target ament_cmake_python_copy_gap_follow
[7.104s] [ 50%] Built target ament_cmake_python_copy_gap_follow_setup
[7.650s] running egg_info
[7.671s] creating gap_follow.egg-info
[7.672s] writing gap_follow.egg-info/PKG-INFO
[7.673s] writing dependency_links to gap_follow.egg-info/dependency_links.txt
[7.673s] writing top-level names to gap_follow.egg-info/top_level.txt
[7.674s] writing manifest file 'gap_follow.egg-info/SOURCES.txt'
[7.734s] reading manifest file 'gap_follow.egg-info/SOURCES.txt'
[7.737s] writing manifest file 'gap_follow.egg-info/SOURCES.txt'
[7.806s] [ 50%] Built target ament_cmake_python_build_gap_follow_egg
[22.135s] [100%] [32m[1mLinking CXX executable reactive_node[0m
[22.985s] [100%] Built target reactive_node
[22.997s] Invoked command in '/home/yongwoo/sim_ws/build/gap_follow' returned '0': CMAKE_PREFIX_PATH=${CMAKE_PREFIX_PATH}:/home/yongwoo/sim_ws/install/f1tenth_gym_ros:/opt/ros/humble CONDA_PROMPT_MODIFIER=(ros_env) /usr/bin/cmake --build /home/yongwoo/sim_ws/build/gap_follow -- -j8 -l8
[23.001s] Invoking command in '/home/yongwoo/sim_ws/build/gap_follow': CMAKE_PREFIX_PATH=${CMAKE_PREFIX_PATH}:/home/yongwoo/sim_ws/install/f1tenth_gym_ros:/opt/ros/humble CONDA_PROMPT_MODIFIER=(ros_env) /usr/bin/cmake --install /home/yongwoo/sim_ws/build/gap_follow
[23.011s] -- Install configuration: ""
[23.012s] -- Installing: /home/yongwoo/sim_ws/install/gap_follow/lib/gap_follow/reactive_node
[23.016s] -- Set runtime path of "/home/yongwoo/sim_ws/install/gap_follow/lib/gap_follow/reactive_node" to ""
[23.017s] -- Installing: /home/yongwoo/sim_ws/install/gap_follow/share/gap_follow/environment/pythonpath.sh
[23.017s] -- Installing: /home/yongwoo/sim_ws/install/gap_follow/share/gap_follow/environment/pythonpath.dsv
[23.017s] -- Installing: /home/yongwoo/sim_ws/install/gap_follow/lib/python3.10/site-packages/gap_follow-0.0.0-py3.10.egg-info
[23.018s] -- Installing: /home/yongwoo/sim_ws/install/gap_follow/lib/python3.10/site-packages/gap_follow-0.0.0-py3.10.egg-info/top_level.txt
[23.018s] -- Installing: /home/yongwoo/sim_ws/install/gap_follow/lib/python3.10/site-packages/gap_follow-0.0.0-py3.10.egg-info/dependency_links.txt
[23.018s] -- Installing: /home/yongwoo/sim_ws/install/gap_follow/lib/python3.10/site-packages/gap_follow-0.0.0-py3.10.egg-info/PKG-INFO
[23.018s] -- Installing: /home/yongwoo/sim_ws/install/gap_follow/lib/python3.10/site-packages/gap_follow-0.0.0-py3.10.egg-info/SOURCES.txt
[23.018s] -- Installing: /home/yongwoo/sim_ws/install/gap_follow/lib/python3.10/site-packages/gap_follow
[23.019s] -- Installing: /home/yongwoo/sim_ws/install/gap_follow/lib/python3.10/site-packages/gap_follow/__init__.py
[23.067s] Listing '/home/yongwoo/sim_ws/install/gap_follow/lib/python3.10/site-packages/gap_follow'...
[23.068s] Compiling '/home/yongwoo/sim_ws/install/gap_follow/lib/python3.10/site-packages/gap_follow/__init__.py'...
[23.074s] -- Installing: /home/yongwoo/sim_ws/install/gap_follow/lib/gap_follow/reactive_node.py
[23.075s] -- Installing: /home/yongwoo/sim_ws/install/gap_follow/share/ament_index/resource_index/package_run_dependencies/gap_follow
[23.076s] -- Installing: /home/yongwoo/sim_ws/install/gap_follow/share/ament_index/resource_index/parent_prefix_path/gap_follow
[23.076s] -- Installing: /home/yongwoo/sim_ws/install/gap_follow/share/gap_follow/environment/ament_prefix_path.sh
[23.076s] -- Installing: /home/yongwoo/sim_ws/install/gap_follow/share/gap_follow/environment/ament_prefix_path.dsv
[23.076s] -- Installing: /home/yongwoo/sim_ws/install/gap_follow/share/gap_follow/environment/path.sh
[23.077s] -- Installing: /home/yongwoo/sim_ws/install/gap_follow/share/gap_follow/environment/path.dsv
[23.077s] -- Installing: /home/yongwoo/sim_ws/install/gap_follow/share/gap_follow/local_setup.bash
[23.077s] -- Installing: /home/yongwoo/sim_ws/install/gap_follow/share/gap_follow/local_setup.sh
[23.077s] -- Installing: /home/yongwoo/sim_ws/install/gap_follow/share/gap_follow/local_setup.zsh
[23.077s] -- Installing: /home/yongwoo/sim_ws/install/gap_follow/share/gap_follow/local_setup.dsv
[23.078s] -- Installing: /home/yongwoo/sim_ws/install/gap_follow/share/gap_follow/package.dsv
[23.078s] -- Installing: /home/yongwoo/sim_ws/install/gap_follow/share/ament_index/resource_index/packages/gap_follow
[23.079s] -- Installing: /home/yongwoo/sim_ws/install/gap_follow/share/gap_follow/cmake/gap_followConfig.cmake
[23.079s] -- Installing: /home/yongwoo/sim_ws/install/gap_follow/share/gap_follow/cmake/gap_followConfig-version.cmake
[23.079s] -- Installing: /home/yongwoo/sim_ws/install/gap_follow/share/gap_follow/package.xml
[23.084s] Invoked command in '/home/yongwoo/sim_ws/build/gap_follow' returned '0': CMAKE_PREFIX_PATH=${CMAKE_PREFIX_PATH}:/home/yongwoo/sim_ws/install/f1tenth_gym_ros:/opt/ros/humble CONDA_PROMPT_MODIFIER=(ros_env) /usr/bin/cmake --install /home/yongwoo/sim_ws/build/gap_follow
