-- The C compiler identification is GNU 11.4.0
-- The CXX compiler identification is GNU 11.4.0
-- Detecting C compiler ABI info
-- Detecting C compiler ABI info - done
-- Check for working C compiler: /usr/bin/cc - skipped
-- Detecting C compile features
-- Detecting C compile features - done
-- Detecting CXX compiler ABI info
-- Detecting CXX compiler ABI info - done
-- Check for working CXX compiler: /usr/bin/c++ - skipped
-- Detecting CXX compile features
-- Detecting CXX compile features - done
-- Found ament_cmake: 1.3.12 (/opt/ros/humble/share/ament_cmake/cmake)
-- Found Python3: /usr/bin/python3 (found version "3.10.12") found components: Interpreter 
-- Override CMake install command with custom implementation using symlinks instead of copying resources
-- Found builtin_interfaces: 1.2.2 (/opt/ros/humble/share/builtin_interfaces/cmake)
-- Found rosidl_generator_c: 3.1.7 (/opt/ros/humble/share/rosidl_generator_c/cmake)
-- Found rosidl_adapter: 3.1.7 (/opt/ros/humble/share/rosidl_adapter/cmake)
-- Found rosidl_generator_cpp: 3.1.7 (/opt/ros/humble/share/rosidl_generator_cpp/cmake)
-- Using all available rosidl_typesupport_c: rosidl_typesupport_fastrtps_c;rosidl_typesupport_introspection_c
-- Using all available rosidl_typesupport_cpp: rosidl_typesupport_fastrtps_cpp;rosidl_typesupport_introspection_cpp
-- Found std_msgs: 4.9.0 (/opt/ros/humble/share/std_msgs/cmake)
-- Found nav_msgs: 4.9.0 (/opt/ros/humble/share/nav_msgs/cmake)
-- Found rosidl_default_generators: 1.2.0 (/opt/ros/humble/share/rosidl_default_generators/cmake)
-- Found ament_cmake_ros: 0.10.0 (/opt/ros/humble/share/ament_cmake_ros/cmake)
-- Using all available rosidl_typesupport_c: rosidl_typesupport_fastrtps_c;rosidl_typesupport_introspection_c
-- Using all available rosidl_typesupport_cpp: rosidl_typesupport_fastrtps_cpp;rosidl_typesupport_introspection_cpp
-- Found PythonInterp: /usr/bin/python3 (found suitable version "3.10.12", minimum required is "3.6") 
-- Found python_cmake_module: 0.10.0 (/opt/ros/humble/share/python_cmake_module/cmake)
-- Found PythonLibs: /usr/lib/aarch64-linux-gnu/libpython3.10.so (found suitable version "3.10.12", minimum required is "3.5") 
-- Using PYTHON_EXECUTABLE: /usr/bin/python3
-- Using PYTHON_INCLUDE_DIRS: /usr/include/python3.10
-- Using PYTHON_LIBRARIES: /usr/lib/aarch64-linux-gnu/libpython3.10.so
-- Found PythonExtra: .so  
-- Found ament_lint_auto: 0.12.14 (/opt/ros/humble/share/ament_lint_auto/cmake)
-- Added test 'lint_cmake' to check CMake code style
-- Added test 'xmllint' to check XML markup files
-- Configuring done
-- Generating done
-- Build files have been written to: /home/subin/learning_code/build/planning_custom_msgs
[  1%] [34m[1mGenerating C code for ROS interfaces[0m
[  3%] [34m[1mGenerating C++ code for ROS interfaces[0m
[  3%] Built target ament_cmake_python_symlink_planning_custom_msgs
running egg_info
creating planning_custom_msgs.egg-info
writing planning_custom_msgs.egg-info/PKG-INFO
writing dependency_links to planning_custom_msgs.egg-info/dependency_links.txt
writing top-level names to planning_custom_msgs.egg-info/top_level.txt
writing manifest file 'planning_custom_msgs.egg-info/SOURCES.txt'
reading manifest file 'planning_custom_msgs.egg-info/SOURCES.txt'
writing manifest file 'planning_custom_msgs.egg-info/SOURCES.txt'
[  3%] Built target ament_cmake_python_build_planning_custom_msgs_egg
[  3%] Built target planning_custom_msgs__cpp
[  5%] [34m[1mGenerating C++ type support dispatch for ROS interfaces[0m
[  7%] [34m[1mGenerating C++ type support for eProsima Fast-RTPS[0m
[  9%] [34m[1mGenerating C++ introspection for ROS interfaces[0m
[ 10%] [32mBuilding C object CMakeFiles/planning_custom_msgs__rosidl_generator_c.dir/rosidl_generator_c/planning_custom_msgs/msg/detail/wall_collision__functions.c.o[0m
[ 12%] [32mBuilding C object CMakeFiles/planning_custom_msgs__rosidl_generator_c.dir/rosidl_generator_c/planning_custom_msgs/msg/detail/path_point__functions.c.o[0m
[ 14%] [32mBuilding C object CMakeFiles/planning_custom_msgs__rosidl_generator_c.dir/rosidl_generator_c/planning_custom_msgs/msg/detail/path_with_velocity__functions.c.o[0m
[ 16%] [32mBuilding C object CMakeFiles/planning_custom_msgs__rosidl_generator_c.dir/rosidl_generator_c/planning_custom_msgs/msg/detail/path_point_array__functions.c.o[0m
[ 18%] [32m[1mLinking C shared library libplanning_custom_msgs__rosidl_generator_c.so[0m
[ 18%] Built target planning_custom_msgs__rosidl_generator_c
[ 20%] [34m[1mGenerating C type support for eProsima Fast-RTPS[0m
[ 21%] [32mBuilding CXX object CMakeFiles/planning_custom_msgs__rosidl_typesupport_cpp.dir/rosidl_typesupport_cpp/planning_custom_msgs/msg/wall_collision__type_support.cpp.o[0m
[ 23%] [32mBuilding CXX object CMakeFiles/planning_custom_msgs__rosidl_typesupport_fastrtps_cpp.dir/rosidl_typesupport_fastrtps_cpp/planning_custom_msgs/msg/detail/dds_fastrtps/wall_collision__type_support.cpp.o[0m
[ 25%] [32mBuilding CXX object CMakeFiles/planning_custom_msgs__rosidl_typesupport_introspection_cpp.dir/rosidl_typesupport_introspection_cpp/planning_custom_msgs/msg/detail/wall_collision__type_support.cpp.o[0m
[ 27%] [32mBuilding CXX object CMakeFiles/planning_custom_msgs__rosidl_typesupport_cpp.dir/rosidl_typesupport_cpp/planning_custom_msgs/msg/path_point__type_support.cpp.o[0m
[ 29%] [32mBuilding CXX object CMakeFiles/planning_custom_msgs__rosidl_typesupport_fastrtps_c.dir/rosidl_typesupport_fastrtps_c/planning_custom_msgs/msg/detail/wall_collision__type_support_c.cpp.o[0m
[ 30%] [32mBuilding CXX object CMakeFiles/planning_custom_msgs__rosidl_typesupport_cpp.dir/rosidl_typesupport_cpp/planning_custom_msgs/msg/path_with_velocity__type_support.cpp.o[0m
[ 32%] [32mBuilding CXX object CMakeFiles/planning_custom_msgs__rosidl_typesupport_fastrtps_cpp.dir/rosidl_typesupport_fastrtps_cpp/planning_custom_msgs/msg/detail/dds_fastrtps/path_point__type_support.cpp.o[0m
[ 34%] [32mBuilding CXX object CMakeFiles/planning_custom_msgs__rosidl_typesupport_introspection_cpp.dir/rosidl_typesupport_introspection_cpp/planning_custom_msgs/msg/detail/path_point__type_support.cpp.o[0m
[ 36%] [32mBuilding CXX object CMakeFiles/planning_custom_msgs__rosidl_typesupport_cpp.dir/rosidl_typesupport_cpp/planning_custom_msgs/msg/path_point_array__type_support.cpp.o[0m
[ 38%] [32mBuilding CXX object CMakeFiles/planning_custom_msgs__rosidl_typesupport_fastrtps_c.dir/rosidl_typesupport_fastrtps_c/planning_custom_msgs/msg/detail/path_point__type_support_c.cpp.o[0m
[ 40%] [32mBuilding CXX object CMakeFiles/planning_custom_msgs__rosidl_typesupport_fastrtps_cpp.dir/rosidl_typesupport_fastrtps_cpp/planning_custom_msgs/msg/detail/dds_fastrtps/path_with_velocity__type_support.cpp.o[0m
[ 41%] [32mBuilding CXX object CMakeFiles/planning_custom_msgs__rosidl_typesupport_introspection_cpp.dir/rosidl_typesupport_introspection_cpp/planning_custom_msgs/msg/detail/path_with_velocity__type_support.cpp.o[0m
[ 43%] [32m[1mLinking CXX shared library libplanning_custom_msgs__rosidl_typesupport_cpp.so[0m
[ 43%] Built target planning_custom_msgs__rosidl_typesupport_cpp
[ 45%] [34m[1mGenerating C introspection for ROS interfaces[0m
[ 47%] [32mBuilding CXX object CMakeFiles/planning_custom_msgs__rosidl_typesupport_fastrtps_c.dir/rosidl_typesupport_fastrtps_c/planning_custom_msgs/msg/detail/path_with_velocity__type_support_c.cpp.o[0m
[ 49%] [32mBuilding CXX object CMakeFiles/planning_custom_msgs__rosidl_typesupport_introspection_cpp.dir/rosidl_typesupport_introspection_cpp/planning_custom_msgs/msg/detail/path_point_array__type_support.cpp.o[0m
[ 50%] [32mBuilding CXX object CMakeFiles/planning_custom_msgs__rosidl_typesupport_fastrtps_cpp.dir/rosidl_typesupport_fastrtps_cpp/planning_custom_msgs/msg/detail/dds_fastrtps/path_point_array__type_support.cpp.o[0m
[ 52%] [32mBuilding CXX object CMakeFiles/planning_custom_msgs__rosidl_typesupport_fastrtps_c.dir/rosidl_typesupport_fastrtps_c/planning_custom_msgs/msg/detail/path_point_array__type_support_c.cpp.o[0m
[ 54%] [32mBuilding C object CMakeFiles/planning_custom_msgs__rosidl_typesupport_introspection_c.dir/rosidl_typesupport_introspection_c/planning_custom_msgs/msg/detail/wall_collision__type_support.c.o[0m
[ 56%] [32mBuilding C object CMakeFiles/planning_custom_msgs__rosidl_typesupport_introspection_c.dir/rosidl_typesupport_introspection_c/planning_custom_msgs/msg/detail/path_point__type_support.c.o[0m
[ 58%] [32mBuilding C object CMakeFiles/planning_custom_msgs__rosidl_typesupport_introspection_c.dir/rosidl_typesupport_introspection_c/planning_custom_msgs/msg/detail/path_with_velocity__type_support.c.o[0m
[ 60%] [32m[1mLinking CXX shared library libplanning_custom_msgs__rosidl_typesupport_introspection_cpp.so[0m
[ 61%] [32mBuilding C object CMakeFiles/planning_custom_msgs__rosidl_typesupport_introspection_c.dir/rosidl_typesupport_introspection_c/planning_custom_msgs/msg/detail/path_point_array__type_support.c.o[0m
[ 63%] [32m[1mLinking C shared library libplanning_custom_msgs__rosidl_typesupport_introspection_c.so[0m
[ 65%] [32m[1mLinking CXX shared library libplanning_custom_msgs__rosidl_typesupport_fastrtps_cpp.so[0m
[ 65%] Built target planning_custom_msgs__rosidl_typesupport_introspection_cpp
[ 67%] [34m[1mGenerating C type support dispatch for ROS interfaces[0m
[ 67%] Built target planning_custom_msgs__rosidl_typesupport_introspection_c
[ 69%] [32m[1mLinking CXX shared library libplanning_custom_msgs__rosidl_typesupport_fastrtps_c.so[0m
[ 69%] Built target planning_custom_msgs__rosidl_typesupport_fastrtps_cpp
[ 69%] Built target planning_custom_msgs__rosidl_typesupport_fastrtps_c
[ 72%] [32mBuilding CXX object CMakeFiles/planning_custom_msgs__rosidl_typesupport_c.dir/rosidl_typesupport_c/planning_custom_msgs/msg/path_point__type_support.cpp.o[0m
[ 74%] [32mBuilding CXX object CMakeFiles/planning_custom_msgs__rosidl_typesupport_c.dir/rosidl_typesupport_c/planning_custom_msgs/msg/path_with_velocity__type_support.cpp.o[0m
[ 72%] [32mBuilding CXX object CMakeFiles/planning_custom_msgs__rosidl_typesupport_c.dir/rosidl_typesupport_c/planning_custom_msgs/msg/wall_collision__type_support.cpp.o[0m
[ 76%] [32mBuilding CXX object CMakeFiles/planning_custom_msgs__rosidl_typesupport_c.dir/rosidl_typesupport_c/planning_custom_msgs/msg/path_point_array__type_support.cpp.o[0m
[ 78%] [32m[1mLinking CXX shared library libplanning_custom_msgs__rosidl_typesupport_c.so[0m
[ 78%] Built target planning_custom_msgs__rosidl_typesupport_c
[ 78%] Built target planning_custom_msgs
[ 80%] [34m[1mGenerating Python code for ROS interfaces[0m
[ 80%] Built target planning_custom_msgs__py
[ 81%] [32mBuilding C object CMakeFiles/planning_custom_msgs__rosidl_generator_py.dir/rosidl_generator_py/planning_custom_msgs/msg/_wall_collision_s.c.o[0m
[ 83%] [32mBuilding C object CMakeFiles/planning_custom_msgs__rosidl_generator_py.dir/rosidl_generator_py/planning_custom_msgs/msg/_path_point_s.c.o[0m
[ 85%] [32mBuilding C object CMakeFiles/planning_custom_msgs__rosidl_generator_py.dir/rosidl_generator_py/planning_custom_msgs/msg/_path_with_velocity_s.c.o[0m
[ 87%] [32mBuilding C object CMakeFiles/planning_custom_msgs__rosidl_generator_py.dir/rosidl_generator_py/planning_custom_msgs/msg/_path_point_array_s.c.o[0m
[ 89%] [32m[1mLinking C shared library rosidl_generator_py/planning_custom_msgs/libplanning_custom_msgs__rosidl_generator_py.so[0m
[ 89%] Built target planning_custom_msgs__rosidl_generator_py
[ 90%] [32mBuilding C object CMakeFiles/planning_custom_msgs__rosidl_typesupport_fastrtps_c__pyext.dir/rosidl_generator_py/planning_custom_msgs/_planning_custom_msgs_s.ep.rosidl_typesupport_fastrtps_c.c.o[0m
[ 92%] [32mBuilding C object CMakeFiles/planning_custom_msgs__rosidl_typesupport_c__pyext.dir/rosidl_generator_py/planning_custom_msgs/_planning_custom_msgs_s.ep.rosidl_typesupport_c.c.o[0m
[ 94%] [32mBuilding C object CMakeFiles/planning_custom_msgs__rosidl_typesupport_introspection_c__pyext.dir/rosidl_generator_py/planning_custom_msgs/_planning_custom_msgs_s.ep.rosidl_typesupport_introspection_c.c.o[0m
[ 96%] [32m[1mLinking C shared library rosidl_generator_py/planning_custom_msgs/planning_custom_msgs_s__rosidl_typesupport_fastrtps_c.cpython-310-aarch64-linux-gnu.so[0m
[ 98%] [32m[1mLinking C shared library rosidl_generator_py/planning_custom_msgs/planning_custom_msgs_s__rosidl_typesupport_c.cpython-310-aarch64-linux-gnu.so[0m
[100%] [32m[1mLinking C shared library rosidl_generator_py/planning_custom_msgs/planning_custom_msgs_s__rosidl_typesupport_introspection_c.cpython-310-aarch64-linux-gnu.so[0m
[100%] Built target planning_custom_msgs__rosidl_typesupport_fastrtps_c__pyext
[100%] Built target planning_custom_msgs__rosidl_typesupport_c__pyext
[100%] Built target planning_custom_msgs__rosidl_typesupport_introspection_c__pyext
-- Install configuration: ""
-- Execute custom install script
-- Symlinking: /home/subin/learning_code/install/planning_custom_msgs/share/ament_index/resource_index/rosidl_interfaces/planning_custom_msgs
-- Symlinking: /home/subin/learning_code/install/planning_custom_msgs/include/planning_custom_msgs/planning_custom_msgs/msg/detail/path_point__functions.h
-- Symlinking: /home/subin/learning_code/install/planning_custom_msgs/include/planning_custom_msgs/planning_custom_msgs/msg/detail/path_point__struct.h
-- Symlinking: /home/subin/learning_code/install/planning_custom_msgs/include/planning_custom_msgs/planning_custom_msgs/msg/detail/path_point__type_support.h
-- Symlinking: /home/subin/learning_code/install/planning_custom_msgs/include/planning_custom_msgs/planning_custom_msgs/msg/detail/path_point_array__functions.h
-- Symlinking: /home/subin/learning_code/install/planning_custom_msgs/include/planning_custom_msgs/planning_custom_msgs/msg/detail/path_point_array__struct.h
-- Symlinking: /home/subin/learning_code/install/planning_custom_msgs/include/planning_custom_msgs/planning_custom_msgs/msg/detail/path_point_array__type_support.h
-- Symlinking: /home/subin/learning_code/install/planning_custom_msgs/include/planning_custom_msgs/planning_custom_msgs/msg/detail/path_with_velocity__functions.h
-- Symlinking: /home/subin/learning_code/install/planning_custom_msgs/include/planning_custom_msgs/planning_custom_msgs/msg/detail/path_with_velocity__struct.h
-- Symlinking: /home/subin/learning_code/install/planning_custom_msgs/include/planning_custom_msgs/planning_custom_msgs/msg/detail/path_with_velocity__type_support.h
-- Symlinking: /home/subin/learning_code/install/planning_custom_msgs/include/planning_custom_msgs/planning_custom_msgs/msg/detail/wall_collision__functions.h
-- Symlinking: /home/subin/learning_code/install/planning_custom_msgs/include/planning_custom_msgs/planning_custom_msgs/msg/detail/wall_collision__struct.h
-- Symlinking: /home/subin/learning_code/install/planning_custom_msgs/include/planning_custom_msgs/planning_custom_msgs/msg/detail/wall_collision__type_support.h
-- Symlinking: /home/subin/learning_code/install/planning_custom_msgs/include/planning_custom_msgs/planning_custom_msgs/msg/path_point.h
-- Symlinking: /home/subin/learning_code/install/planning_custom_msgs/include/planning_custom_msgs/planning_custom_msgs/msg/path_point_array.h
-- Symlinking: /home/subin/learning_code/install/planning_custom_msgs/include/planning_custom_msgs/planning_custom_msgs/msg/path_with_velocity.h
-- Symlinking: /home/subin/learning_code/install/planning_custom_msgs/include/planning_custom_msgs/planning_custom_msgs/msg/rosidl_generator_c__visibility_control.h
-- Symlinking: /home/subin/learning_code/install/planning_custom_msgs/include/planning_custom_msgs/planning_custom_msgs/msg/wall_collision.h
-- Symlinking: /home/subin/learning_code/install/planning_custom_msgs/share/planning_custom_msgs/environment/library_path.sh
-- Symlinking: /home/subin/learning_code/install/planning_custom_msgs/share/planning_custom_msgs/environment/library_path.dsv
-- Symlinking: /home/subin/learning_code/install/planning_custom_msgs/include/planning_custom_msgs/planning_custom_msgs/msg/detail/path_point__rosidl_typesupport_fastrtps_c.h
-- Symlinking: /home/subin/learning_code/install/planning_custom_msgs/include/planning_custom_msgs/planning_custom_msgs/msg/detail/path_point_array__rosidl_typesupport_fastrtps_c.h
-- Symlinking: /home/subin/learning_code/install/planning_custom_msgs/include/planning_custom_msgs/planning_custom_msgs/msg/detail/path_with_velocity__rosidl_typesupport_fastrtps_c.h
-- Symlinking: /home/subin/learning_code/install/planning_custom_msgs/include/planning_custom_msgs/planning_custom_msgs/msg/detail/wall_collision__rosidl_typesupport_fastrtps_c.h
-- Symlinking: /home/subin/learning_code/install/planning_custom_msgs/include/planning_custom_msgs/planning_custom_msgs/msg/rosidl_typesupport_fastrtps_c__visibility_control.h
-- Symlinking: /home/subin/learning_code/install/planning_custom_msgs/include/planning_custom_msgs/planning_custom_msgs/msg/detail/path_point__builder.hpp
-- Symlinking: /home/subin/learning_code/install/planning_custom_msgs/include/planning_custom_msgs/planning_custom_msgs/msg/detail/path_point__struct.hpp
-- Symlinking: /home/subin/learning_code/install/planning_custom_msgs/include/planning_custom_msgs/planning_custom_msgs/msg/detail/path_point__traits.hpp
-- Symlinking: /home/subin/learning_code/install/planning_custom_msgs/include/planning_custom_msgs/planning_custom_msgs/msg/detail/path_point__type_support.hpp
-- Symlinking: /home/subin/learning_code/install/planning_custom_msgs/include/planning_custom_msgs/planning_custom_msgs/msg/detail/path_point_array__builder.hpp
-- Symlinking: /home/subin/learning_code/install/planning_custom_msgs/include/planning_custom_msgs/planning_custom_msgs/msg/detail/path_point_array__struct.hpp
-- Symlinking: /home/subin/learning_code/install/planning_custom_msgs/include/planning_custom_msgs/planning_custom_msgs/msg/detail/path_point_array__traits.hpp
-- Symlinking: /home/subin/learning_code/install/planning_custom_msgs/include/planning_custom_msgs/planning_custom_msgs/msg/detail/path_point_array__type_support.hpp
-- Symlinking: /home/subin/learning_code/install/planning_custom_msgs/include/planning_custom_msgs/planning_custom_msgs/msg/detail/path_with_velocity__builder.hpp
-- Symlinking: /home/subin/learning_code/install/planning_custom_msgs/include/planning_custom_msgs/planning_custom_msgs/msg/detail/path_with_velocity__struct.hpp
-- Symlinking: /home/subin/learning_code/install/planning_custom_msgs/include/planning_custom_msgs/planning_custom_msgs/msg/detail/path_with_velocity__traits.hpp
-- Symlinking: /home/subin/learning_code/install/planning_custom_msgs/include/planning_custom_msgs/planning_custom_msgs/msg/detail/path_with_velocity__type_support.hpp
-- Symlinking: /home/subin/learning_code/install/planning_custom_msgs/include/planning_custom_msgs/planning_custom_msgs/msg/detail/wall_collision__builder.hpp
-- Symlinking: /home/subin/learning_code/install/planning_custom_msgs/include/planning_custom_msgs/planning_custom_msgs/msg/detail/wall_collision__struct.hpp
-- Symlinking: /home/subin/learning_code/install/planning_custom_msgs/include/planning_custom_msgs/planning_custom_msgs/msg/detail/wall_collision__traits.hpp
-- Symlinking: /home/subin/learning_code/install/planning_custom_msgs/include/planning_custom_msgs/planning_custom_msgs/msg/detail/wall_collision__type_support.hpp
-- Symlinking: /home/subin/learning_code/install/planning_custom_msgs/include/planning_custom_msgs/planning_custom_msgs/msg/path_point.hpp
-- Symlinking: /home/subin/learning_code/install/planning_custom_msgs/include/planning_custom_msgs/planning_custom_msgs/msg/path_point_array.hpp
-- Symlinking: /home/subin/learning_code/install/planning_custom_msgs/include/planning_custom_msgs/planning_custom_msgs/msg/path_with_velocity.hpp
-- Symlinking: /home/subin/learning_code/install/planning_custom_msgs/include/planning_custom_msgs/planning_custom_msgs/msg/rosidl_generator_cpp__visibility_control.hpp
-- Symlinking: /home/subin/learning_code/install/planning_custom_msgs/include/planning_custom_msgs/planning_custom_msgs/msg/wall_collision.hpp
-- Symlinking: /home/subin/learning_code/install/planning_custom_msgs/include/planning_custom_msgs/planning_custom_msgs/msg/detail/path_point__rosidl_typesupport_fastrtps_cpp.hpp
-- Symlinking: /home/subin/learning_code/install/planning_custom_msgs/include/planning_custom_msgs/planning_custom_msgs/msg/detail/path_point_array__rosidl_typesupport_fastrtps_cpp.hpp
-- Symlinking: /home/subin/learning_code/install/planning_custom_msgs/include/planning_custom_msgs/planning_custom_msgs/msg/detail/path_with_velocity__rosidl_typesupport_fastrtps_cpp.hpp
-- Symlinking: /home/subin/learning_code/install/planning_custom_msgs/include/planning_custom_msgs/planning_custom_msgs/msg/detail/wall_collision__rosidl_typesupport_fastrtps_cpp.hpp
-- Symlinking: /home/subin/learning_code/install/planning_custom_msgs/include/planning_custom_msgs/planning_custom_msgs/msg/rosidl_typesupport_fastrtps_cpp__visibility_control.h
-- Symlinking: /home/subin/learning_code/install/planning_custom_msgs/include/planning_custom_msgs/planning_custom_msgs/msg/detail/path_point__rosidl_typesupport_introspection_c.h
-- Symlinking: /home/subin/learning_code/install/planning_custom_msgs/include/planning_custom_msgs/planning_custom_msgs/msg/detail/path_point_array__rosidl_typesupport_introspection_c.h
-- Symlinking: /home/subin/learning_code/install/planning_custom_msgs/include/planning_custom_msgs/planning_custom_msgs/msg/detail/path_with_velocity__rosidl_typesupport_introspection_c.h
-- Symlinking: /home/subin/learning_code/install/planning_custom_msgs/include/planning_custom_msgs/planning_custom_msgs/msg/detail/wall_collision__rosidl_typesupport_introspection_c.h
-- Symlinking: /home/subin/learning_code/install/planning_custom_msgs/include/planning_custom_msgs/planning_custom_msgs/msg/rosidl_typesupport_introspection_c__visibility_control.h
-- Symlinking: /home/subin/learning_code/install/planning_custom_msgs/include/planning_custom_msgs/planning_custom_msgs/msg/detail/path_point__rosidl_typesupport_introspection_cpp.hpp
-- Symlinking: /home/subin/learning_code/install/planning_custom_msgs/include/planning_custom_msgs/planning_custom_msgs/msg/detail/path_point_array__rosidl_typesupport_introspection_cpp.hpp
-- Symlinking: /home/subin/learning_code/install/planning_custom_msgs/include/planning_custom_msgs/planning_custom_msgs/msg/detail/path_with_velocity__rosidl_typesupport_introspection_cpp.hpp
-- Symlinking: /home/subin/learning_code/install/planning_custom_msgs/include/planning_custom_msgs/planning_custom_msgs/msg/detail/wall_collision__rosidl_typesupport_introspection_cpp.hpp
-- Symlinking: /home/subin/learning_code/install/planning_custom_msgs/share/planning_custom_msgs/environment/pythonpath.sh
-- Symlinking: /home/subin/learning_code/install/planning_custom_msgs/share/planning_custom_msgs/environment/pythonpath.dsv
-- Symlinking: /home/subin/learning_code/install/planning_custom_msgs/local/lib/python3.10/dist-packages/planning_custom_msgs-1.0.0-py3.10.egg-info/PKG-INFO
-- Symlinking: /home/subin/learning_code/install/planning_custom_msgs/local/lib/python3.10/dist-packages/planning_custom_msgs-1.0.0-py3.10.egg-info/SOURCES.txt
-- Symlinking: /home/subin/learning_code/install/planning_custom_msgs/local/lib/python3.10/dist-packages/planning_custom_msgs-1.0.0-py3.10.egg-info/dependency_links.txt
-- Symlinking: /home/subin/learning_code/install/planning_custom_msgs/local/lib/python3.10/dist-packages/planning_custom_msgs-1.0.0-py3.10.egg-info/top_level.txt
-- Symlinking: /home/subin/learning_code/install/planning_custom_msgs/local/lib/python3.10/dist-packages/planning_custom_msgs/__init__.py
-- Symlinking: /home/subin/learning_code/install/planning_custom_msgs/local/lib/python3.10/dist-packages/planning_custom_msgs/_planning_custom_msgs_s.ep.rosidl_typesupport_c.c
-- Symlinking: /home/subin/learning_code/install/planning_custom_msgs/local/lib/python3.10/dist-packages/planning_custom_msgs/_planning_custom_msgs_s.ep.rosidl_typesupport_fastrtps_c.c
-- Symlinking: /home/subin/learning_code/install/planning_custom_msgs/local/lib/python3.10/dist-packages/planning_custom_msgs/_planning_custom_msgs_s.ep.rosidl_typesupport_introspection_c.c
-- Symlinking: /home/subin/learning_code/install/planning_custom_msgs/local/lib/python3.10/dist-packages/planning_custom_msgs/libplanning_custom_msgs__rosidl_generator_py.so
-- Symlinking: /home/subin/learning_code/install/planning_custom_msgs/local/lib/python3.10/dist-packages/planning_custom_msgs/msg/__init__.py
-- Symlinking: /home/subin/learning_code/install/planning_custom_msgs/local/lib/python3.10/dist-packages/planning_custom_msgs/msg/_path_point.py
-- Symlinking: /home/subin/learning_code/install/planning_custom_msgs/local/lib/python3.10/dist-packages/planning_custom_msgs/msg/_path_point_array.py
-- Symlinking: /home/subin/learning_code/install/planning_custom_msgs/local/lib/python3.10/dist-packages/planning_custom_msgs/msg/_path_point_array_s.c
-- Symlinking: /home/subin/learning_code/install/planning_custom_msgs/local/lib/python3.10/dist-packages/planning_custom_msgs/msg/_path_point_s.c
-- Symlinking: /home/subin/learning_code/install/planning_custom_msgs/local/lib/python3.10/dist-packages/planning_custom_msgs/msg/_path_with_velocity.py
-- Symlinking: /home/subin/learning_code/install/planning_custom_msgs/local/lib/python3.10/dist-packages/planning_custom_msgs/msg/_path_with_velocity_s.c
-- Symlinking: /home/subin/learning_code/install/planning_custom_msgs/local/lib/python3.10/dist-packages/planning_custom_msgs/msg/_wall_collision.py
-- Symlinking: /home/subin/learning_code/install/planning_custom_msgs/local/lib/python3.10/dist-packages/planning_custom_msgs/msg/_wall_collision_s.c
-- Symlinking: /home/subin/learning_code/install/planning_custom_msgs/local/lib/python3.10/dist-packages/planning_custom_msgs/planning_custom_msgs_s__rosidl_typesupport_c.cpython-310-aarch64-linux-gnu.so
-- Symlinking: /home/subin/learning_code/install/planning_custom_msgs/local/lib/python3.10/dist-packages/planning_custom_msgs/planning_custom_msgs_s__rosidl_typesupport_fastrtps_c.cpython-310-aarch64-linux-gnu.so
-- Symlinking: /home/subin/learning_code/install/planning_custom_msgs/local/lib/python3.10/dist-packages/planning_custom_msgs/planning_custom_msgs_s__rosidl_typesupport_introspection_c.cpython-310-aarch64-linux-gnu.so
-- Up-to-date symlink: /home/subin/learning_code/install/planning_custom_msgs/local/lib/python3.10/dist-packages/planning_custom_msgs/planning_custom_msgs_s__rosidl_typesupport_fastrtps_c.cpython-310-aarch64-linux-gnu.so
-- Up-to-date symlink: /home/subin/learning_code/install/planning_custom_msgs/local/lib/python3.10/dist-packages/planning_custom_msgs/planning_custom_msgs_s__rosidl_typesupport_introspection_c.cpython-310-aarch64-linux-gnu.so
-- Up-to-date symlink: /home/subin/learning_code/install/planning_custom_msgs/local/lib/python3.10/dist-packages/planning_custom_msgs/planning_custom_msgs_s__rosidl_typesupport_c.cpython-310-aarch64-linux-gnu.so
-- Symlinking: /home/subin/learning_code/install/planning_custom_msgs/share/planning_custom_msgs/msg/WallCollision.idl
-- Symlinking: /home/subin/learning_code/install/planning_custom_msgs/share/planning_custom_msgs/msg/PathPoint.idl
-- Symlinking: /home/subin/learning_code/install/planning_custom_msgs/share/planning_custom_msgs/msg/PathWithVelocity.idl
-- Symlinking: /home/subin/learning_code/install/planning_custom_msgs/share/planning_custom_msgs/msg/PathPointArray.idl
-- Symlinking: /home/subin/learning_code/install/planning_custom_msgs/share/planning_custom_msgs/msg/WallCollision.msg
-- Symlinking: /home/subin/learning_code/install/planning_custom_msgs/share/planning_custom_msgs/msg/PathPoint.msg
-- Symlinking: /home/subin/learning_code/install/planning_custom_msgs/share/planning_custom_msgs/msg/PathWithVelocity.msg
-- Symlinking: /home/subin/learning_code/install/planning_custom_msgs/share/planning_custom_msgs/msg/PathPointArray.msg
-- Symlinking: /home/subin/learning_code/install/planning_custom_msgs/share/ament_index/resource_index/package_run_dependencies/planning_custom_msgs
-- Symlinking: /home/subin/learning_code/install/planning_custom_msgs/share/ament_index/resource_index/parent_prefix_path/planning_custom_msgs
-- Symlinking: /home/subin/learning_code/install/planning_custom_msgs/share/planning_custom_msgs/environment/ament_prefix_path.sh
-- Symlinking: /home/subin/learning_code/install/planning_custom_msgs/share/planning_custom_msgs/environment/ament_prefix_path.dsv
-- Symlinking: /home/subin/learning_code/install/planning_custom_msgs/share/planning_custom_msgs/environment/path.sh
-- Symlinking: /home/subin/learning_code/install/planning_custom_msgs/share/planning_custom_msgs/environment/path.dsv
-- Symlinking: /home/subin/learning_code/install/planning_custom_msgs/share/planning_custom_msgs/local_setup.bash
-- Symlinking: /home/subin/learning_code/install/planning_custom_msgs/share/planning_custom_msgs/local_setup.sh
-- Symlinking: /home/subin/learning_code/install/planning_custom_msgs/share/planning_custom_msgs/local_setup.zsh
-- Symlinking: /home/subin/learning_code/install/planning_custom_msgs/share/planning_custom_msgs/local_setup.dsv
-- Symlinking: /home/subin/learning_code/install/planning_custom_msgs/share/planning_custom_msgs/package.dsv
-- Symlinking: /home/subin/learning_code/install/planning_custom_msgs/share/ament_index/resource_index/packages/planning_custom_msgs
-- Symlinking: /home/subin/learning_code/install/planning_custom_msgs/share/planning_custom_msgs/cmake/rosidl_cmake-extras.cmake
-- Symlinking: /home/subin/learning_code/install/planning_custom_msgs/share/planning_custom_msgs/cmake/ament_cmake_export_dependencies-extras.cmake
-- Symlinking: /home/subin/learning_code/install/planning_custom_msgs/share/planning_custom_msgs/cmake/ament_cmake_export_include_directories-extras.cmake
-- Symlinking: /home/subin/learning_code/install/planning_custom_msgs/share/planning_custom_msgs/cmake/ament_cmake_export_libraries-extras.cmake
-- Symlinking: /home/subin/learning_code/install/planning_custom_msgs/share/planning_custom_msgs/cmake/ament_cmake_export_targets-extras.cmake
-- Symlinking: /home/subin/learning_code/install/planning_custom_msgs/share/planning_custom_msgs/cmake/rosidl_cmake_export_typesupport_targets-extras.cmake
-- Symlinking: /home/subin/learning_code/install/planning_custom_msgs/share/planning_custom_msgs/cmake/rosidl_cmake_export_typesupport_libraries-extras.cmake
-- Symlinking: /home/subin/learning_code/install/planning_custom_msgs/share/planning_custom_msgs/cmake/planning_custom_msgsConfig.cmake
-- Symlinking: /home/subin/learning_code/install/planning_custom_msgs/share/planning_custom_msgs/cmake/planning_custom_msgsConfig-version.cmake
-- Symlinking: /home/subin/learning_code/install/planning_custom_msgs/share/planning_custom_msgs/package.xml
-- Installing: /home/subin/learning_code/install/planning_custom_msgs/lib/libplanning_custom_msgs__rosidl_generator_c.so
-- Set runtime path of "/home/subin/learning_code/install/planning_custom_msgs/lib/libplanning_custom_msgs__rosidl_generator_c.so" to ""
-- Installing: /home/subin/learning_code/install/planning_custom_msgs/lib/libplanning_custom_msgs__rosidl_typesupport_fastrtps_c.so
-- Set runtime path of "/home/subin/learning_code/install/planning_custom_msgs/lib/libplanning_custom_msgs__rosidl_typesupport_fastrtps_c.so" to ""
-- Installing: /home/subin/learning_code/install/planning_custom_msgs/lib/libplanning_custom_msgs__rosidl_typesupport_fastrtps_cpp.so
-- Set runtime path of "/home/subin/learning_code/install/planning_custom_msgs/lib/libplanning_custom_msgs__rosidl_typesupport_fastrtps_cpp.so" to ""
-- Installing: /home/subin/learning_code/install/planning_custom_msgs/lib/libplanning_custom_msgs__rosidl_typesupport_introspection_c.so
-- Set runtime path of "/home/subin/learning_code/install/planning_custom_msgs/lib/libplanning_custom_msgs__rosidl_typesupport_introspection_c.so" to ""
-- Installing: /home/subin/learning_code/install/planning_custom_msgs/lib/libplanning_custom_msgs__rosidl_typesupport_c.so
-- Set runtime path of "/home/subin/learning_code/install/planning_custom_msgs/lib/libplanning_custom_msgs__rosidl_typesupport_c.so" to ""
-- Installing: /home/subin/learning_code/install/planning_custom_msgs/lib/libplanning_custom_msgs__rosidl_typesupport_introspection_cpp.so
-- Set runtime path of "/home/subin/learning_code/install/planning_custom_msgs/lib/libplanning_custom_msgs__rosidl_typesupport_introspection_cpp.so" to ""
-- Installing: /home/subin/learning_code/install/planning_custom_msgs/lib/libplanning_custom_msgs__rosidl_typesupport_cpp.so
-- Set runtime path of "/home/subin/learning_code/install/planning_custom_msgs/lib/libplanning_custom_msgs__rosidl_typesupport_cpp.so" to ""
Listing '/home/subin/learning_code/install/planning_custom_msgs/local/lib/python3.10/dist-packages/planning_custom_msgs'...
Compiling '/home/subin/learning_code/install/planning_custom_msgs/local/lib/python3.10/dist-packages/planning_custom_msgs/__init__.py'...
Listing '/home/subin/learning_code/install/planning_custom_msgs/local/lib/python3.10/dist-packages/planning_custom_msgs/msg'...
Compiling '/home/subin/learning_code/install/planning_custom_msgs/local/lib/python3.10/dist-packages/planning_custom_msgs/msg/__init__.py'...
Compiling '/home/subin/learning_code/install/planning_custom_msgs/local/lib/python3.10/dist-packages/planning_custom_msgs/msg/_path_point.py'...
Compiling '/home/subin/learning_code/install/planning_custom_msgs/local/lib/python3.10/dist-packages/planning_custom_msgs/msg/_path_point_array.py'...
Compiling '/home/subin/learning_code/install/planning_custom_msgs/local/lib/python3.10/dist-packages/planning_custom_msgs/msg/_path_with_velocity.py'...
Compiling '/home/subin/learning_code/install/planning_custom_msgs/local/lib/python3.10/dist-packages/planning_custom_msgs/msg/_wall_collision.py'...
-- Installing: /home/subin/learning_code/install/planning_custom_msgs/lib/libplanning_custom_msgs__rosidl_generator_py.so
-- Set runtime path of "/home/subin/learning_code/install/planning_custom_msgs/lib/libplanning_custom_msgs__rosidl_generator_py.so" to ""
-- Installing: /home/subin/learning_code/install/planning_custom_msgs/share/planning_custom_msgs/cmake/export_planning_custom_msgs__rosidl_generator_cExport.cmake
-- Installing: /home/subin/learning_code/install/planning_custom_msgs/share/planning_custom_msgs/cmake/export_planning_custom_msgs__rosidl_generator_cExport-noconfig.cmake
-- Installing: /home/subin/learning_code/install/planning_custom_msgs/share/planning_custom_msgs/cmake/export_planning_custom_msgs__rosidl_typesupport_fastrtps_cExport.cmake
-- Installing: /home/subin/learning_code/install/planning_custom_msgs/share/planning_custom_msgs/cmake/export_planning_custom_msgs__rosidl_typesupport_fastrtps_cExport-noconfig.cmake
-- Installing: /home/subin/learning_code/install/planning_custom_msgs/share/planning_custom_msgs/cmake/export_planning_custom_msgs__rosidl_generator_cppExport.cmake
-- Installing: /home/subin/learning_code/install/planning_custom_msgs/share/planning_custom_msgs/cmake/export_planning_custom_msgs__rosidl_typesupport_fastrtps_cppExport.cmake
-- Installing: /home/subin/learning_code/install/planning_custom_msgs/share/planning_custom_msgs/cmake/export_planning_custom_msgs__rosidl_typesupport_fastrtps_cppExport-noconfig.cmake
-- Installing: /home/subin/learning_code/install/planning_custom_msgs/share/planning_custom_msgs/cmake/planning_custom_msgs__rosidl_typesupport_introspection_cExport.cmake
-- Installing: /home/subin/learning_code/install/planning_custom_msgs/share/planning_custom_msgs/cmake/planning_custom_msgs__rosidl_typesupport_introspection_cExport-noconfig.cmake
-- Installing: /home/subin/learning_code/install/planning_custom_msgs/share/planning_custom_msgs/cmake/planning_custom_msgs__rosidl_typesupport_cExport.cmake
-- Installing: /home/subin/learning_code/install/planning_custom_msgs/share/planning_custom_msgs/cmake/planning_custom_msgs__rosidl_typesupport_cExport-noconfig.cmake
-- Installing: /home/subin/learning_code/install/planning_custom_msgs/share/planning_custom_msgs/cmake/planning_custom_msgs__rosidl_typesupport_introspection_cppExport.cmake
-- Installing: /home/subin/learning_code/install/planning_custom_msgs/share/planning_custom_msgs/cmake/planning_custom_msgs__rosidl_typesupport_introspection_cppExport-noconfig.cmake
-- Installing: /home/subin/learning_code/install/planning_custom_msgs/share/planning_custom_msgs/cmake/planning_custom_msgs__rosidl_typesupport_cppExport.cmake
-- Installing: /home/subin/learning_code/install/planning_custom_msgs/share/planning_custom_msgs/cmake/planning_custom_msgs__rosidl_typesupport_cppExport-noconfig.cmake
-- Installing: /home/subin/learning_code/install/planning_custom_msgs/share/planning_custom_msgs/cmake/export_planning_custom_msgs__rosidl_generator_pyExport.cmake
-- Installing: /home/subin/learning_code/install/planning_custom_msgs/share/planning_custom_msgs/cmake/export_planning_custom_msgs__rosidl_generator_pyExport-noconfig.cmake
