[0.007s] Invoking command in '/home/subin/learning_code/build/planning_custom_msgs': CMAKE_PREFIX_PATH=${CMAKE_PREFIX_PATH}:/home/subin/f1tenth_ws/install/f1tenth_gym_ros:/opt/ros/humble /usr/bin/cmake /home/subin/learning_code/src/f1tenth_planning_custom_msgs -DAMENT_CMAKE_SYMLINK_INSTALL=1 -DCMAKE_INSTALL_PREFIX=/home/subin/learning_code/install/planning_custom_msgs
[0.075s] -- The C compiler identification is GNU 11.4.0
[0.127s] -- The CXX compiler identification is GNU 11.4.0
[0.132s] -- Detecting C compiler ABI info
[0.186s] -- Detecting C compiler ABI info - done
[0.190s] -- Check for working C compiler: /usr/bin/cc - skipped
[0.190s] -- Detecting C compile features
[0.190s] -- Detecting C compile features - done
[0.192s] -- Detecting CXX compiler ABI info
[0.242s] -- Detecting CXX compiler ABI info - done
[0.246s] -- Check for working CXX compiler: /usr/bin/c++ - skipped
[0.246s] -- Detecting CXX compile features
[0.246s] -- Detecting CXX compile features - done
[0.248s] -- Found ament_cmake: 1.3.12 (/opt/ros/humble/share/ament_cmake/cmake)
[0.330s] -- Found Python3: /usr/bin/python3 (found version "3.10.12") found components: Interpreter 
[0.374s] -- Override CMake install command with custom implementation using symlinks instead of copying resources
[0.389s] -- Found builtin_interfaces: 1.2.2 (/opt/ros/humble/share/builtin_interfaces/cmake)
[0.407s] -- Found rosidl_generator_c: 3.1.7 (/opt/ros/humble/share/rosidl_generator_c/cmake)
[0.410s] -- Found rosidl_adapter: 3.1.7 (/opt/ros/humble/share/rosidl_adapter/cmake)
[0.414s] -- Found rosidl_generator_cpp: 3.1.7 (/opt/ros/humble/share/rosidl_generator_cpp/cmake)
[0.421s] -- Using all available rosidl_typesupport_c: rosidl_typesupport_fastrtps_c;rosidl_typesupport_introspection_c
[0.438s] -- Using all available rosidl_typesupport_cpp: rosidl_typesupport_fastrtps_cpp;rosidl_typesupport_introspection_cpp
[0.438s] -- Found std_msgs: 4.9.0 (/opt/ros/humble/share/std_msgs/cmake)
[0.444s] -- Found nav_msgs: 4.9.0 (/opt/ros/humble/share/nav_msgs/cmake)
[0.461s] -- Found rosidl_default_generators: 1.2.0 (/opt/ros/humble/share/rosidl_default_generators/cmake)
[0.634s] -- Found ament_cmake_ros: 0.10.0 (/opt/ros/humble/share/ament_cmake_ros/cmake)
[0.843s] -- Using all available rosidl_typesupport_c: rosidl_typesupport_fastrtps_c;rosidl_typesupport_introspection_c
[0.927s] -- Using all available rosidl_typesupport_cpp: rosidl_typesupport_fastrtps_cpp;rosidl_typesupport_introspection_cpp
[0.937s] -- Found PythonInterp: /usr/bin/python3 (found suitable version "3.10.12", minimum required is "3.6") 
[0.938s] -- Found python_cmake_module: 0.10.0 (/opt/ros/humble/share/python_cmake_module/cmake)
[0.951s] -- Found PythonLibs: /usr/lib/aarch64-linux-gnu/libpython3.10.so (found suitable version "3.10.12", minimum required is "3.5") 
[0.951s] -- Using PYTHON_EXECUTABLE: /usr/bin/python3
[0.951s] -- Using PYTHON_INCLUDE_DIRS: /usr/include/python3.10
[0.951s] -- Using PYTHON_LIBRARIES: /usr/lib/aarch64-linux-gnu/libpython3.10.so
[0.961s] -- Found PythonExtra: .so  
[0.995s] -- Found ament_lint_auto: 0.12.14 (/opt/ros/humble/share/ament_lint_auto/cmake)
[1.005s] -- Added test 'lint_cmake' to check CMake code style
[1.006s] -- Added test 'xmllint' to check XML markup files
[1.008s] -- Configuring done
[1.032s] -- Generating done
[1.039s] -- Build files have been written to: /home/subin/learning_code/build/planning_custom_msgs
[1.047s] Invoked command in '/home/subin/learning_code/build/planning_custom_msgs' returned '0': CMAKE_PREFIX_PATH=${CMAKE_PREFIX_PATH}:/home/subin/f1tenth_ws/install/f1tenth_gym_ros:/opt/ros/humble /usr/bin/cmake /home/subin/learning_code/src/f1tenth_planning_custom_msgs -DAMENT_CMAKE_SYMLINK_INSTALL=1 -DCMAKE_INSTALL_PREFIX=/home/subin/learning_code/install/planning_custom_msgs
[1.048s] Invoking command in '/home/subin/learning_code/build/planning_custom_msgs': CMAKE_PREFIX_PATH=${CMAKE_PREFIX_PATH}:/home/subin/f1tenth_ws/install/f1tenth_gym_ros:/opt/ros/humble /usr/bin/cmake --build /home/subin/learning_code/build/planning_custom_msgs -- -j4 -l4
[1.064s] [  1%] [34m[1mGenerating C code for ROS interfaces[0m
[1.068s] [  3%] [34m[1mGenerating C++ code for ROS interfaces[0m
[1.071s] [  3%] Built target ament_cmake_python_symlink_planning_custom_msgs
[1.202s] running egg_info
[1.202s] creating planning_custom_msgs.egg-info
[1.202s] writing planning_custom_msgs.egg-info/PKG-INFO
[1.203s] writing dependency_links to planning_custom_msgs.egg-info/dependency_links.txt
[1.204s] writing top-level names to planning_custom_msgs.egg-info/top_level.txt
[1.204s] writing manifest file 'planning_custom_msgs.egg-info/SOURCES.txt'
[1.205s] reading manifest file 'planning_custom_msgs.egg-info/SOURCES.txt'
[1.205s] writing manifest file 'planning_custom_msgs.egg-info/SOURCES.txt'
[1.220s] [  3%] Built target ament_cmake_python_build_planning_custom_msgs_egg
[1.356s] [  3%] Built target planning_custom_msgs__cpp
[1.360s] [  5%] [34m[1mGenerating C++ type support dispatch for ROS interfaces[0m
[1.360s] [  7%] [34m[1mGenerating C++ type support for eProsima Fast-RTPS[0m
[1.362s] [  9%] [34m[1mGenerating C++ introspection for ROS interfaces[0m
[1.365s] [ 10%] [32mBuilding C object CMakeFiles/planning_custom_msgs__rosidl_generator_c.dir/rosidl_generator_c/planning_custom_msgs/msg/detail/wall_collision__functions.c.o[0m
[1.397s] [ 12%] [32mBuilding C object CMakeFiles/planning_custom_msgs__rosidl_generator_c.dir/rosidl_generator_c/planning_custom_msgs/msg/detail/path_point__functions.c.o[0m
[1.421s] [ 14%] [32mBuilding C object CMakeFiles/planning_custom_msgs__rosidl_generator_c.dir/rosidl_generator_c/planning_custom_msgs/msg/detail/path_with_velocity__functions.c.o[0m
[1.447s] [ 16%] [32mBuilding C object CMakeFiles/planning_custom_msgs__rosidl_generator_c.dir/rosidl_generator_c/planning_custom_msgs/msg/detail/path_point_array__functions.c.o[0m
[1.489s] [ 18%] [32m[1mLinking C shared library libplanning_custom_msgs__rosidl_generator_c.so[0m
[1.528s] [ 18%] Built target planning_custom_msgs__rosidl_generator_c
[1.532s] [ 20%] [34m[1mGenerating C type support for eProsima Fast-RTPS[0m
[1.576s] [ 21%] [32mBuilding CXX object CMakeFiles/planning_custom_msgs__rosidl_typesupport_cpp.dir/rosidl_typesupport_cpp/planning_custom_msgs/msg/wall_collision__type_support.cpp.o[0m
[1.644s] [ 23%] [32mBuilding CXX object CMakeFiles/planning_custom_msgs__rosidl_typesupport_fastrtps_cpp.dir/rosidl_typesupport_fastrtps_cpp/planning_custom_msgs/msg/detail/dds_fastrtps/wall_collision__type_support.cpp.o[0m
[1.686s] [ 25%] [32mBuilding CXX object CMakeFiles/planning_custom_msgs__rosidl_typesupport_introspection_cpp.dir/rosidl_typesupport_introspection_cpp/planning_custom_msgs/msg/detail/wall_collision__type_support.cpp.o[0m
[1.757s] [ 27%] [32mBuilding CXX object CMakeFiles/planning_custom_msgs__rosidl_typesupport_cpp.dir/rosidl_typesupport_cpp/planning_custom_msgs/msg/path_point__type_support.cpp.o[0m
[1.914s] [ 29%] [32mBuilding CXX object CMakeFiles/planning_custom_msgs__rosidl_typesupport_fastrtps_c.dir/rosidl_typesupport_fastrtps_c/planning_custom_msgs/msg/detail/wall_collision__type_support_c.cpp.o[0m
[1.958s] [ 30%] [32mBuilding CXX object CMakeFiles/planning_custom_msgs__rosidl_typesupport_cpp.dir/rosidl_typesupport_cpp/planning_custom_msgs/msg/path_with_velocity__type_support.cpp.o[0m
[1.965s] [ 32%] [32mBuilding CXX object CMakeFiles/planning_custom_msgs__rosidl_typesupport_fastrtps_cpp.dir/rosidl_typesupport_fastrtps_cpp/planning_custom_msgs/msg/detail/dds_fastrtps/path_point__type_support.cpp.o[0m
[2.019s] [ 34%] [32mBuilding CXX object CMakeFiles/planning_custom_msgs__rosidl_typesupport_introspection_cpp.dir/rosidl_typesupport_introspection_cpp/planning_custom_msgs/msg/detail/path_point__type_support.cpp.o[0m
[2.083s] [ 36%] [32mBuilding CXX object CMakeFiles/planning_custom_msgs__rosidl_typesupport_cpp.dir/rosidl_typesupport_cpp/planning_custom_msgs/msg/path_point_array__type_support.cpp.o[0m
[2.171s] [ 38%] [32mBuilding CXX object CMakeFiles/planning_custom_msgs__rosidl_typesupport_fastrtps_c.dir/rosidl_typesupport_fastrtps_c/planning_custom_msgs/msg/detail/path_point__type_support_c.cpp.o[0m
[2.254s] [ 40%] [32mBuilding CXX object CMakeFiles/planning_custom_msgs__rosidl_typesupport_fastrtps_cpp.dir/rosidl_typesupport_fastrtps_cpp/planning_custom_msgs/msg/detail/dds_fastrtps/path_with_velocity__type_support.cpp.o[0m
[2.260s] [ 41%] [32mBuilding CXX object CMakeFiles/planning_custom_msgs__rosidl_typesupport_introspection_cpp.dir/rosidl_typesupport_introspection_cpp/planning_custom_msgs/msg/detail/path_with_velocity__type_support.cpp.o[0m
[2.277s] [ 43%] [32m[1mLinking CXX shared library libplanning_custom_msgs__rosidl_typesupport_cpp.so[0m
[2.298s] [ 43%] Built target planning_custom_msgs__rosidl_typesupport_cpp
[2.303s] [ 45%] [34m[1mGenerating C introspection for ROS interfaces[0m
[2.368s] [ 47%] [32mBuilding CXX object CMakeFiles/planning_custom_msgs__rosidl_typesupport_fastrtps_c.dir/rosidl_typesupport_fastrtps_c/planning_custom_msgs/msg/detail/path_with_velocity__type_support_c.cpp.o[0m
[2.482s] [ 49%] [32mBuilding CXX object CMakeFiles/planning_custom_msgs__rosidl_typesupport_introspection_cpp.dir/rosidl_typesupport_introspection_cpp/planning_custom_msgs/msg/detail/path_point_array__type_support.cpp.o[0m
[2.510s] [ 50%] [32mBuilding CXX object CMakeFiles/planning_custom_msgs__rosidl_typesupport_fastrtps_cpp.dir/rosidl_typesupport_fastrtps_cpp/planning_custom_msgs/msg/detail/dds_fastrtps/path_point_array__type_support.cpp.o[0m
[2.573s] [ 52%] [32mBuilding CXX object CMakeFiles/planning_custom_msgs__rosidl_typesupport_fastrtps_c.dir/rosidl_typesupport_fastrtps_c/planning_custom_msgs/msg/detail/path_point_array__type_support_c.cpp.o[0m
[2.611s] [ 54%] [32mBuilding C object CMakeFiles/planning_custom_msgs__rosidl_typesupport_introspection_c.dir/rosidl_typesupport_introspection_c/planning_custom_msgs/msg/detail/wall_collision__type_support.c.o[0m
[2.630s] [ 56%] [32mBuilding C object CMakeFiles/planning_custom_msgs__rosidl_typesupport_introspection_c.dir/rosidl_typesupport_introspection_c/planning_custom_msgs/msg/detail/path_point__type_support.c.o[0m
[2.665s] [ 58%] [32mBuilding C object CMakeFiles/planning_custom_msgs__rosidl_typesupport_introspection_c.dir/rosidl_typesupport_introspection_c/planning_custom_msgs/msg/detail/path_with_velocity__type_support.c.o[0m
[2.682s] [ 60%] [32m[1mLinking CXX shared library libplanning_custom_msgs__rosidl_typesupport_introspection_cpp.so[0m
[2.684s] [ 61%] [32mBuilding C object CMakeFiles/planning_custom_msgs__rosidl_typesupport_introspection_c.dir/rosidl_typesupport_introspection_c/planning_custom_msgs/msg/detail/path_point_array__type_support.c.o[0m
[2.733s] [ 63%] [32m[1mLinking C shared library libplanning_custom_msgs__rosidl_typesupport_introspection_c.so[0m
[2.735s] [ 65%] [32m[1mLinking CXX shared library libplanning_custom_msgs__rosidl_typesupport_fastrtps_cpp.so[0m
[2.739s] [ 65%] Built target planning_custom_msgs__rosidl_typesupport_introspection_cpp
[2.745s] [ 67%] [34m[1mGenerating C type support dispatch for ROS interfaces[0m
[2.752s] [ 67%] Built target planning_custom_msgs__rosidl_typesupport_introspection_c
[2.770s] [ 69%] [32m[1mLinking CXX shared library libplanning_custom_msgs__rosidl_typesupport_fastrtps_c.so[0m
[2.786s] [ 69%] Built target planning_custom_msgs__rosidl_typesupport_fastrtps_cpp
[2.805s] [ 69%] Built target planning_custom_msgs__rosidl_typesupport_fastrtps_c
[2.936s] [ 72%] [32mBuilding CXX object CMakeFiles/planning_custom_msgs__rosidl_typesupport_c.dir/rosidl_typesupport_c/planning_custom_msgs/msg/path_point__type_support.cpp.o[0m
[2.936s] [ 74%] [32mBuilding CXX object CMakeFiles/planning_custom_msgs__rosidl_typesupport_c.dir/rosidl_typesupport_c/planning_custom_msgs/msg/path_with_velocity__type_support.cpp.o[0m
[2.936s] [ 72%] [32mBuilding CXX object CMakeFiles/planning_custom_msgs__rosidl_typesupport_c.dir/rosidl_typesupport_c/planning_custom_msgs/msg/wall_collision__type_support.cpp.o[0m
[2.939s] [ 76%] [32mBuilding CXX object CMakeFiles/planning_custom_msgs__rosidl_typesupport_c.dir/rosidl_typesupport_c/planning_custom_msgs/msg/path_point_array__type_support.cpp.o[0m
[2.964s] [ 78%] [32m[1mLinking CXX shared library libplanning_custom_msgs__rosidl_typesupport_c.so[0m
[2.983s] [ 78%] Built target planning_custom_msgs__rosidl_typesupport_c
[2.991s] [ 78%] Built target planning_custom_msgs
[2.998s] [ 80%] [34m[1mGenerating Python code for ROS interfaces[0m
[3.363s] [ 80%] Built target planning_custom_msgs__py
[3.371s] [ 81%] [32mBuilding C object CMakeFiles/planning_custom_msgs__rosidl_generator_py.dir/rosidl_generator_py/planning_custom_msgs/msg/_wall_collision_s.c.o[0m
[3.371s] [ 83%] [32mBuilding C object CMakeFiles/planning_custom_msgs__rosidl_generator_py.dir/rosidl_generator_py/planning_custom_msgs/msg/_path_point_s.c.o[0m
[3.371s] [ 85%] [32mBuilding C object CMakeFiles/planning_custom_msgs__rosidl_generator_py.dir/rosidl_generator_py/planning_custom_msgs/msg/_path_with_velocity_s.c.o[0m
[3.374s] [ 87%] [32mBuilding C object CMakeFiles/planning_custom_msgs__rosidl_generator_py.dir/rosidl_generator_py/planning_custom_msgs/msg/_path_point_array_s.c.o[0m
[3.429s] [ 89%] [32m[1mLinking C shared library rosidl_generator_py/planning_custom_msgs/libplanning_custom_msgs__rosidl_generator_py.so[0m
[3.447s] [ 89%] Built target planning_custom_msgs__rosidl_generator_py
[3.455s] [ 90%] [32mBuilding C object CMakeFiles/planning_custom_msgs__rosidl_typesupport_fastrtps_c__pyext.dir/rosidl_generator_py/planning_custom_msgs/_planning_custom_msgs_s.ep.rosidl_typesupport_fastrtps_c.c.o[0m
[3.455s] [ 92%] [32mBuilding C object CMakeFiles/planning_custom_msgs__rosidl_typesupport_c__pyext.dir/rosidl_generator_py/planning_custom_msgs/_planning_custom_msgs_s.ep.rosidl_typesupport_c.c.o[0m
[3.456s] [ 94%] [32mBuilding C object CMakeFiles/planning_custom_msgs__rosidl_typesupport_introspection_c__pyext.dir/rosidl_generator_py/planning_custom_msgs/_planning_custom_msgs_s.ep.rosidl_typesupport_introspection_c.c.o[0m
[3.510s] [ 96%] [32m[1mLinking C shared library rosidl_generator_py/planning_custom_msgs/planning_custom_msgs_s__rosidl_typesupport_fastrtps_c.cpython-310-aarch64-linux-gnu.so[0m
[3.510s] [ 98%] [32m[1mLinking C shared library rosidl_generator_py/planning_custom_msgs/planning_custom_msgs_s__rosidl_typesupport_c.cpython-310-aarch64-linux-gnu.so[0m
[3.511s] [100%] [32m[1mLinking C shared library rosidl_generator_py/planning_custom_msgs/planning_custom_msgs_s__rosidl_typesupport_introspection_c.cpython-310-aarch64-linux-gnu.so[0m
[3.530s] [100%] Built target planning_custom_msgs__rosidl_typesupport_fastrtps_c__pyext
[3.530s] [100%] Built target planning_custom_msgs__rosidl_typesupport_c__pyext
[3.531s] [100%] Built target planning_custom_msgs__rosidl_typesupport_introspection_c__pyext
[3.537s] Invoked command in '/home/subin/learning_code/build/planning_custom_msgs' returned '0': CMAKE_PREFIX_PATH=${CMAKE_PREFIX_PATH}:/home/subin/f1tenth_ws/install/f1tenth_gym_ros:/opt/ros/humble /usr/bin/cmake --build /home/subin/learning_code/build/planning_custom_msgs -- -j4 -l4
[3.542s] Invoking command in '/home/subin/learning_code/build/planning_custom_msgs': CMAKE_PREFIX_PATH=${CMAKE_PREFIX_PATH}:/home/subin/f1tenth_ws/install/f1tenth_gym_ros:/opt/ros/humble /usr/bin/cmake --install /home/subin/learning_code/build/planning_custom_msgs
[3.545s] -- Install configuration: ""
[3.545s] -- Execute custom install script
[3.545s] -- Symlinking: /home/subin/learning_code/install/planning_custom_msgs/share/ament_index/resource_index/rosidl_interfaces/planning_custom_msgs
[3.549s] -- Symlinking: /home/subin/learning_code/install/planning_custom_msgs/include/planning_custom_msgs/planning_custom_msgs/msg/detail/path_point__functions.h
[3.552s] -- Symlinking: /home/subin/learning_code/install/planning_custom_msgs/include/planning_custom_msgs/planning_custom_msgs/msg/detail/path_point__struct.h
[3.556s] -- Symlinking: /home/subin/learning_code/install/planning_custom_msgs/include/planning_custom_msgs/planning_custom_msgs/msg/detail/path_point__type_support.h
[3.559s] -- Symlinking: /home/subin/learning_code/install/planning_custom_msgs/include/planning_custom_msgs/planning_custom_msgs/msg/detail/path_point_array__functions.h
[3.562s] -- Symlinking: /home/subin/learning_code/install/planning_custom_msgs/include/planning_custom_msgs/planning_custom_msgs/msg/detail/path_point_array__struct.h
[3.565s] -- Symlinking: /home/subin/learning_code/install/planning_custom_msgs/include/planning_custom_msgs/planning_custom_msgs/msg/detail/path_point_array__type_support.h
[3.567s] -- Symlinking: /home/subin/learning_code/install/planning_custom_msgs/include/planning_custom_msgs/planning_custom_msgs/msg/detail/path_with_velocity__functions.h
[3.570s] -- Symlinking: /home/subin/learning_code/install/planning_custom_msgs/include/planning_custom_msgs/planning_custom_msgs/msg/detail/path_with_velocity__struct.h
[3.573s] -- Symlinking: /home/subin/learning_code/install/planning_custom_msgs/include/planning_custom_msgs/planning_custom_msgs/msg/detail/path_with_velocity__type_support.h
[3.576s] -- Symlinking: /home/subin/learning_code/install/planning_custom_msgs/include/planning_custom_msgs/planning_custom_msgs/msg/detail/wall_collision__functions.h
[3.579s] -- Symlinking: /home/subin/learning_code/install/planning_custom_msgs/include/planning_custom_msgs/planning_custom_msgs/msg/detail/wall_collision__struct.h
[3.581s] -- Symlinking: /home/subin/learning_code/install/planning_custom_msgs/include/planning_custom_msgs/planning_custom_msgs/msg/detail/wall_collision__type_support.h
[3.584s] -- Symlinking: /home/subin/learning_code/install/planning_custom_msgs/include/planning_custom_msgs/planning_custom_msgs/msg/path_point.h
[3.587s] -- Symlinking: /home/subin/learning_code/install/planning_custom_msgs/include/planning_custom_msgs/planning_custom_msgs/msg/path_point_array.h
[3.590s] -- Symlinking: /home/subin/learning_code/install/planning_custom_msgs/include/planning_custom_msgs/planning_custom_msgs/msg/path_with_velocity.h
[3.593s] -- Symlinking: /home/subin/learning_code/install/planning_custom_msgs/include/planning_custom_msgs/planning_custom_msgs/msg/rosidl_generator_c__visibility_control.h
[3.596s] -- Symlinking: /home/subin/learning_code/install/planning_custom_msgs/include/planning_custom_msgs/planning_custom_msgs/msg/wall_collision.h
[3.598s] -- Symlinking: /home/subin/learning_code/install/planning_custom_msgs/share/planning_custom_msgs/environment/library_path.sh
[3.601s] -- Symlinking: /home/subin/learning_code/install/planning_custom_msgs/share/planning_custom_msgs/environment/library_path.dsv
[3.604s] -- Symlinking: /home/subin/learning_code/install/planning_custom_msgs/include/planning_custom_msgs/planning_custom_msgs/msg/detail/path_point__rosidl_typesupport_fastrtps_c.h
[3.607s] -- Symlinking: /home/subin/learning_code/install/planning_custom_msgs/include/planning_custom_msgs/planning_custom_msgs/msg/detail/path_point_array__rosidl_typesupport_fastrtps_c.h
[3.610s] -- Symlinking: /home/subin/learning_code/install/planning_custom_msgs/include/planning_custom_msgs/planning_custom_msgs/msg/detail/path_with_velocity__rosidl_typesupport_fastrtps_c.h
[3.613s] -- Symlinking: /home/subin/learning_code/install/planning_custom_msgs/include/planning_custom_msgs/planning_custom_msgs/msg/detail/wall_collision__rosidl_typesupport_fastrtps_c.h
[3.615s] -- Symlinking: /home/subin/learning_code/install/planning_custom_msgs/include/planning_custom_msgs/planning_custom_msgs/msg/rosidl_typesupport_fastrtps_c__visibility_control.h
[3.618s] -- Symlinking: /home/subin/learning_code/install/planning_custom_msgs/include/planning_custom_msgs/planning_custom_msgs/msg/detail/path_point__builder.hpp
[3.621s] -- Symlinking: /home/subin/learning_code/install/planning_custom_msgs/include/planning_custom_msgs/planning_custom_msgs/msg/detail/path_point__struct.hpp
[3.624s] -- Symlinking: /home/subin/learning_code/install/planning_custom_msgs/include/planning_custom_msgs/planning_custom_msgs/msg/detail/path_point__traits.hpp
[3.627s] -- Symlinking: /home/subin/learning_code/install/planning_custom_msgs/include/planning_custom_msgs/planning_custom_msgs/msg/detail/path_point__type_support.hpp
[3.630s] -- Symlinking: /home/subin/learning_code/install/planning_custom_msgs/include/planning_custom_msgs/planning_custom_msgs/msg/detail/path_point_array__builder.hpp
[3.633s] -- Symlinking: /home/subin/learning_code/install/planning_custom_msgs/include/planning_custom_msgs/planning_custom_msgs/msg/detail/path_point_array__struct.hpp
[3.635s] -- Symlinking: /home/subin/learning_code/install/planning_custom_msgs/include/planning_custom_msgs/planning_custom_msgs/msg/detail/path_point_array__traits.hpp
[3.638s] -- Symlinking: /home/subin/learning_code/install/planning_custom_msgs/include/planning_custom_msgs/planning_custom_msgs/msg/detail/path_point_array__type_support.hpp
[3.641s] -- Symlinking: /home/subin/learning_code/install/planning_custom_msgs/include/planning_custom_msgs/planning_custom_msgs/msg/detail/path_with_velocity__builder.hpp
[3.644s] -- Symlinking: /home/subin/learning_code/install/planning_custom_msgs/include/planning_custom_msgs/planning_custom_msgs/msg/detail/path_with_velocity__struct.hpp
[3.646s] -- Symlinking: /home/subin/learning_code/install/planning_custom_msgs/include/planning_custom_msgs/planning_custom_msgs/msg/detail/path_with_velocity__traits.hpp
[3.649s] -- Symlinking: /home/subin/learning_code/install/planning_custom_msgs/include/planning_custom_msgs/planning_custom_msgs/msg/detail/path_with_velocity__type_support.hpp
[3.653s] -- Symlinking: /home/subin/learning_code/install/planning_custom_msgs/include/planning_custom_msgs/planning_custom_msgs/msg/detail/wall_collision__builder.hpp
[3.656s] -- Symlinking: /home/subin/learning_code/install/planning_custom_msgs/include/planning_custom_msgs/planning_custom_msgs/msg/detail/wall_collision__struct.hpp
[3.659s] -- Symlinking: /home/subin/learning_code/install/planning_custom_msgs/include/planning_custom_msgs/planning_custom_msgs/msg/detail/wall_collision__traits.hpp
[3.662s] -- Symlinking: /home/subin/learning_code/install/planning_custom_msgs/include/planning_custom_msgs/planning_custom_msgs/msg/detail/wall_collision__type_support.hpp
[3.665s] -- Symlinking: /home/subin/learning_code/install/planning_custom_msgs/include/planning_custom_msgs/planning_custom_msgs/msg/path_point.hpp
[3.668s] -- Symlinking: /home/subin/learning_code/install/planning_custom_msgs/include/planning_custom_msgs/planning_custom_msgs/msg/path_point_array.hpp
[3.671s] -- Symlinking: /home/subin/learning_code/install/planning_custom_msgs/include/planning_custom_msgs/planning_custom_msgs/msg/path_with_velocity.hpp
[3.674s] -- Symlinking: /home/subin/learning_code/install/planning_custom_msgs/include/planning_custom_msgs/planning_custom_msgs/msg/rosidl_generator_cpp__visibility_control.hpp
[3.678s] -- Symlinking: /home/subin/learning_code/install/planning_custom_msgs/include/planning_custom_msgs/planning_custom_msgs/msg/wall_collision.hpp
[3.681s] -- Symlinking: /home/subin/learning_code/install/planning_custom_msgs/include/planning_custom_msgs/planning_custom_msgs/msg/detail/path_point__rosidl_typesupport_fastrtps_cpp.hpp
[3.684s] -- Symlinking: /home/subin/learning_code/install/planning_custom_msgs/include/planning_custom_msgs/planning_custom_msgs/msg/detail/path_point_array__rosidl_typesupport_fastrtps_cpp.hpp
[3.687s] -- Symlinking: /home/subin/learning_code/install/planning_custom_msgs/include/planning_custom_msgs/planning_custom_msgs/msg/detail/path_with_velocity__rosidl_typesupport_fastrtps_cpp.hpp
[3.690s] -- Symlinking: /home/subin/learning_code/install/planning_custom_msgs/include/planning_custom_msgs/planning_custom_msgs/msg/detail/wall_collision__rosidl_typesupport_fastrtps_cpp.hpp
[3.693s] -- Symlinking: /home/subin/learning_code/install/planning_custom_msgs/include/planning_custom_msgs/planning_custom_msgs/msg/rosidl_typesupport_fastrtps_cpp__visibility_control.h
[3.696s] -- Symlinking: /home/subin/learning_code/install/planning_custom_msgs/include/planning_custom_msgs/planning_custom_msgs/msg/detail/path_point__rosidl_typesupport_introspection_c.h
[3.701s] -- Symlinking: /home/subin/learning_code/install/planning_custom_msgs/include/planning_custom_msgs/planning_custom_msgs/msg/detail/path_point_array__rosidl_typesupport_introspection_c.h
[3.706s] -- Symlinking: /home/subin/learning_code/install/planning_custom_msgs/include/planning_custom_msgs/planning_custom_msgs/msg/detail/path_with_velocity__rosidl_typesupport_introspection_c.h
[3.708s] -- Symlinking: /home/subin/learning_code/install/planning_custom_msgs/include/planning_custom_msgs/planning_custom_msgs/msg/detail/wall_collision__rosidl_typesupport_introspection_c.h
[3.711s] -- Symlinking: /home/subin/learning_code/install/planning_custom_msgs/include/planning_custom_msgs/planning_custom_msgs/msg/rosidl_typesupport_introspection_c__visibility_control.h
[3.715s] -- Symlinking: /home/subin/learning_code/install/planning_custom_msgs/include/planning_custom_msgs/planning_custom_msgs/msg/detail/path_point__rosidl_typesupport_introspection_cpp.hpp
[3.718s] -- Symlinking: /home/subin/learning_code/install/planning_custom_msgs/include/planning_custom_msgs/planning_custom_msgs/msg/detail/path_point_array__rosidl_typesupport_introspection_cpp.hpp
[3.720s] -- Symlinking: /home/subin/learning_code/install/planning_custom_msgs/include/planning_custom_msgs/planning_custom_msgs/msg/detail/path_with_velocity__rosidl_typesupport_introspection_cpp.hpp
[3.724s] -- Symlinking: /home/subin/learning_code/install/planning_custom_msgs/include/planning_custom_msgs/planning_custom_msgs/msg/detail/wall_collision__rosidl_typesupport_introspection_cpp.hpp
[3.727s] -- Symlinking: /home/subin/learning_code/install/planning_custom_msgs/share/planning_custom_msgs/environment/pythonpath.sh
[3.731s] -- Symlinking: /home/subin/learning_code/install/planning_custom_msgs/share/planning_custom_msgs/environment/pythonpath.dsv
[3.734s] -- Symlinking: /home/subin/learning_code/install/planning_custom_msgs/local/lib/python3.10/dist-packages/planning_custom_msgs-1.0.0-py3.10.egg-info/PKG-INFO
[3.737s] -- Symlinking: /home/subin/learning_code/install/planning_custom_msgs/local/lib/python3.10/dist-packages/planning_custom_msgs-1.0.0-py3.10.egg-info/SOURCES.txt
[3.739s] -- Symlinking: /home/subin/learning_code/install/planning_custom_msgs/local/lib/python3.10/dist-packages/planning_custom_msgs-1.0.0-py3.10.egg-info/dependency_links.txt
[3.742s] -- Symlinking: /home/subin/learning_code/install/planning_custom_msgs/local/lib/python3.10/dist-packages/planning_custom_msgs-1.0.0-py3.10.egg-info/top_level.txt
[3.745s] -- Symlinking: /home/subin/learning_code/install/planning_custom_msgs/local/lib/python3.10/dist-packages/planning_custom_msgs/__init__.py
[3.748s] -- Symlinking: /home/subin/learning_code/install/planning_custom_msgs/local/lib/python3.10/dist-packages/planning_custom_msgs/_planning_custom_msgs_s.ep.rosidl_typesupport_c.c
[3.757s] -- Symlinking: /home/subin/learning_code/install/planning_custom_msgs/local/lib/python3.10/dist-packages/planning_custom_msgs/_planning_custom_msgs_s.ep.rosidl_typesupport_fastrtps_c.c
[3.761s] -- Symlinking: /home/subin/learning_code/install/planning_custom_msgs/local/lib/python3.10/dist-packages/planning_custom_msgs/_planning_custom_msgs_s.ep.rosidl_typesupport_introspection_c.c
[3.764s] -- Symlinking: /home/subin/learning_code/install/planning_custom_msgs/local/lib/python3.10/dist-packages/planning_custom_msgs/libplanning_custom_msgs__rosidl_generator_py.so
[3.767s] -- Symlinking: /home/subin/learning_code/install/planning_custom_msgs/local/lib/python3.10/dist-packages/planning_custom_msgs/msg/__init__.py
[3.770s] -- Symlinking: /home/subin/learning_code/install/planning_custom_msgs/local/lib/python3.10/dist-packages/planning_custom_msgs/msg/_path_point.py
[3.773s] -- Symlinking: /home/subin/learning_code/install/planning_custom_msgs/local/lib/python3.10/dist-packages/planning_custom_msgs/msg/_path_point_array.py
[3.776s] -- Symlinking: /home/subin/learning_code/install/planning_custom_msgs/local/lib/python3.10/dist-packages/planning_custom_msgs/msg/_path_point_array_s.c
[3.779s] -- Symlinking: /home/subin/learning_code/install/planning_custom_msgs/local/lib/python3.10/dist-packages/planning_custom_msgs/msg/_path_point_s.c
[3.782s] -- Symlinking: /home/subin/learning_code/install/planning_custom_msgs/local/lib/python3.10/dist-packages/planning_custom_msgs/msg/_path_with_velocity.py
[3.784s] -- Symlinking: /home/subin/learning_code/install/planning_custom_msgs/local/lib/python3.10/dist-packages/planning_custom_msgs/msg/_path_with_velocity_s.c
[3.787s] -- Symlinking: /home/subin/learning_code/install/planning_custom_msgs/local/lib/python3.10/dist-packages/planning_custom_msgs/msg/_wall_collision.py
[3.791s] -- Symlinking: /home/subin/learning_code/install/planning_custom_msgs/local/lib/python3.10/dist-packages/planning_custom_msgs/msg/_wall_collision_s.c
[3.794s] -- Symlinking: /home/subin/learning_code/install/planning_custom_msgs/local/lib/python3.10/dist-packages/planning_custom_msgs/planning_custom_msgs_s__rosidl_typesupport_c.cpython-310-aarch64-linux-gnu.so
[3.797s] -- Symlinking: /home/subin/learning_code/install/planning_custom_msgs/local/lib/python3.10/dist-packages/planning_custom_msgs/planning_custom_msgs_s__rosidl_typesupport_fastrtps_c.cpython-310-aarch64-linux-gnu.so
[3.800s] -- Symlinking: /home/subin/learning_code/install/planning_custom_msgs/local/lib/python3.10/dist-packages/planning_custom_msgs/planning_custom_msgs_s__rosidl_typesupport_introspection_c.cpython-310-aarch64-linux-gnu.so
[3.803s] -- Up-to-date symlink: /home/subin/learning_code/install/planning_custom_msgs/local/lib/python3.10/dist-packages/planning_custom_msgs/planning_custom_msgs_s__rosidl_typesupport_fastrtps_c.cpython-310-aarch64-linux-gnu.so
[3.803s] -- Up-to-date symlink: /home/subin/learning_code/install/planning_custom_msgs/local/lib/python3.10/dist-packages/planning_custom_msgs/planning_custom_msgs_s__rosidl_typesupport_introspection_c.cpython-310-aarch64-linux-gnu.so
[3.804s] -- Up-to-date symlink: /home/subin/learning_code/install/planning_custom_msgs/local/lib/python3.10/dist-packages/planning_custom_msgs/planning_custom_msgs_s__rosidl_typesupport_c.cpython-310-aarch64-linux-gnu.so
[3.804s] -- Symlinking: /home/subin/learning_code/install/planning_custom_msgs/share/planning_custom_msgs/msg/WallCollision.idl
[3.807s] -- Symlinking: /home/subin/learning_code/install/planning_custom_msgs/share/planning_custom_msgs/msg/PathPoint.idl
[3.810s] -- Symlinking: /home/subin/learning_code/install/planning_custom_msgs/share/planning_custom_msgs/msg/PathWithVelocity.idl
[3.812s] -- Symlinking: /home/subin/learning_code/install/planning_custom_msgs/share/planning_custom_msgs/msg/PathPointArray.idl
[3.815s] -- Symlinking: /home/subin/learning_code/install/planning_custom_msgs/share/planning_custom_msgs/msg/WallCollision.msg
[3.818s] -- Symlinking: /home/subin/learning_code/install/planning_custom_msgs/share/planning_custom_msgs/msg/PathPoint.msg
[3.821s] -- Symlinking: /home/subin/learning_code/install/planning_custom_msgs/share/planning_custom_msgs/msg/PathWithVelocity.msg
[3.824s] -- Symlinking: /home/subin/learning_code/install/planning_custom_msgs/share/planning_custom_msgs/msg/PathPointArray.msg
[3.827s] -- Symlinking: /home/subin/learning_code/install/planning_custom_msgs/share/ament_index/resource_index/package_run_dependencies/planning_custom_msgs
[3.830s] -- Symlinking: /home/subin/learning_code/install/planning_custom_msgs/share/ament_index/resource_index/parent_prefix_path/planning_custom_msgs
[3.833s] -- Symlinking: /home/subin/learning_code/install/planning_custom_msgs/share/planning_custom_msgs/environment/ament_prefix_path.sh
[3.836s] -- Symlinking: /home/subin/learning_code/install/planning_custom_msgs/share/planning_custom_msgs/environment/ament_prefix_path.dsv
[3.839s] -- Symlinking: /home/subin/learning_code/install/planning_custom_msgs/share/planning_custom_msgs/environment/path.sh
[3.841s] -- Symlinking: /home/subin/learning_code/install/planning_custom_msgs/share/planning_custom_msgs/environment/path.dsv
[3.844s] -- Symlinking: /home/subin/learning_code/install/planning_custom_msgs/share/planning_custom_msgs/local_setup.bash
[3.847s] -- Symlinking: /home/subin/learning_code/install/planning_custom_msgs/share/planning_custom_msgs/local_setup.sh
[3.850s] -- Symlinking: /home/subin/learning_code/install/planning_custom_msgs/share/planning_custom_msgs/local_setup.zsh
[3.858s] -- Symlinking: /home/subin/learning_code/install/planning_custom_msgs/share/planning_custom_msgs/local_setup.dsv
[3.862s] -- Symlinking: /home/subin/learning_code/install/planning_custom_msgs/share/planning_custom_msgs/package.dsv
[3.865s] -- Symlinking: /home/subin/learning_code/install/planning_custom_msgs/share/ament_index/resource_index/packages/planning_custom_msgs
[3.868s] -- Symlinking: /home/subin/learning_code/install/planning_custom_msgs/share/planning_custom_msgs/cmake/rosidl_cmake-extras.cmake
[3.871s] -- Symlinking: /home/subin/learning_code/install/planning_custom_msgs/share/planning_custom_msgs/cmake/ament_cmake_export_dependencies-extras.cmake
[3.874s] -- Symlinking: /home/subin/learning_code/install/planning_custom_msgs/share/planning_custom_msgs/cmake/ament_cmake_export_include_directories-extras.cmake
[3.876s] -- Symlinking: /home/subin/learning_code/install/planning_custom_msgs/share/planning_custom_msgs/cmake/ament_cmake_export_libraries-extras.cmake
[3.879s] -- Symlinking: /home/subin/learning_code/install/planning_custom_msgs/share/planning_custom_msgs/cmake/ament_cmake_export_targets-extras.cmake
[3.882s] -- Symlinking: /home/subin/learning_code/install/planning_custom_msgs/share/planning_custom_msgs/cmake/rosidl_cmake_export_typesupport_targets-extras.cmake
[3.885s] -- Symlinking: /home/subin/learning_code/install/planning_custom_msgs/share/planning_custom_msgs/cmake/rosidl_cmake_export_typesupport_libraries-extras.cmake
[3.888s] -- Symlinking: /home/subin/learning_code/install/planning_custom_msgs/share/planning_custom_msgs/cmake/planning_custom_msgsConfig.cmake
[3.892s] -- Symlinking: /home/subin/learning_code/install/planning_custom_msgs/share/planning_custom_msgs/cmake/planning_custom_msgsConfig-version.cmake
[3.895s] -- Symlinking: /home/subin/learning_code/install/planning_custom_msgs/share/planning_custom_msgs/package.xml
[3.897s] -- Installing: /home/subin/learning_code/install/planning_custom_msgs/lib/libplanning_custom_msgs__rosidl_generator_c.so
[3.898s] -- Set runtime path of "/home/subin/learning_code/install/planning_custom_msgs/lib/libplanning_custom_msgs__rosidl_generator_c.so" to ""
[3.898s] -- Installing: /home/subin/learning_code/install/planning_custom_msgs/lib/libplanning_custom_msgs__rosidl_typesupport_fastrtps_c.so
[3.898s] -- Set runtime path of "/home/subin/learning_code/install/planning_custom_msgs/lib/libplanning_custom_msgs__rosidl_typesupport_fastrtps_c.so" to ""
[3.898s] -- Installing: /home/subin/learning_code/install/planning_custom_msgs/lib/libplanning_custom_msgs__rosidl_typesupport_fastrtps_cpp.so
[3.898s] -- Set runtime path of "/home/subin/learning_code/install/planning_custom_msgs/lib/libplanning_custom_msgs__rosidl_typesupport_fastrtps_cpp.so" to ""
[3.898s] -- Installing: /home/subin/learning_code/install/planning_custom_msgs/lib/libplanning_custom_msgs__rosidl_typesupport_introspection_c.so
[3.898s] -- Set runtime path of "/home/subin/learning_code/install/planning_custom_msgs/lib/libplanning_custom_msgs__rosidl_typesupport_introspection_c.so" to ""
[3.898s] -- Installing: /home/subin/learning_code/install/planning_custom_msgs/lib/libplanning_custom_msgs__rosidl_typesupport_c.so
[3.899s] -- Set runtime path of "/home/subin/learning_code/install/planning_custom_msgs/lib/libplanning_custom_msgs__rosidl_typesupport_c.so" to ""
[3.899s] -- Installing: /home/subin/learning_code/install/planning_custom_msgs/lib/libplanning_custom_msgs__rosidl_typesupport_introspection_cpp.so
[3.899s] -- Set runtime path of "/home/subin/learning_code/install/planning_custom_msgs/lib/libplanning_custom_msgs__rosidl_typesupport_introspection_cpp.so" to ""
[3.899s] -- Installing: /home/subin/learning_code/install/planning_custom_msgs/lib/libplanning_custom_msgs__rosidl_typesupport_cpp.so
[3.899s] -- Set runtime path of "/home/subin/learning_code/install/planning_custom_msgs/lib/libplanning_custom_msgs__rosidl_typesupport_cpp.so" to ""
[3.919s] Listing '/home/subin/learning_code/install/planning_custom_msgs/local/lib/python3.10/dist-packages/planning_custom_msgs'...
[3.919s] Compiling '/home/subin/learning_code/install/planning_custom_msgs/local/lib/python3.10/dist-packages/planning_custom_msgs/__init__.py'...
[3.919s] Listing '/home/subin/learning_code/install/planning_custom_msgs/local/lib/python3.10/dist-packages/planning_custom_msgs/msg'...
[3.919s] Compiling '/home/subin/learning_code/install/planning_custom_msgs/local/lib/python3.10/dist-packages/planning_custom_msgs/msg/__init__.py'...
[3.919s] Compiling '/home/subin/learning_code/install/planning_custom_msgs/local/lib/python3.10/dist-packages/planning_custom_msgs/msg/_path_point.py'...
[3.919s] Compiling '/home/subin/learning_code/install/planning_custom_msgs/local/lib/python3.10/dist-packages/planning_custom_msgs/msg/_path_point_array.py'...
[3.919s] Compiling '/home/subin/learning_code/install/planning_custom_msgs/local/lib/python3.10/dist-packages/planning_custom_msgs/msg/_path_with_velocity.py'...
[3.919s] Compiling '/home/subin/learning_code/install/planning_custom_msgs/local/lib/python3.10/dist-packages/planning_custom_msgs/msg/_wall_collision.py'...
[3.922s] -- Installing: /home/subin/learning_code/install/planning_custom_msgs/lib/libplanning_custom_msgs__rosidl_generator_py.so
[3.922s] -- Set runtime path of "/home/subin/learning_code/install/planning_custom_msgs/lib/libplanning_custom_msgs__rosidl_generator_py.so" to ""
[3.922s] -- Installing: /home/subin/learning_code/install/planning_custom_msgs/share/planning_custom_msgs/cmake/export_planning_custom_msgs__rosidl_generator_cExport.cmake
[3.922s] -- Installing: /home/subin/learning_code/install/planning_custom_msgs/share/planning_custom_msgs/cmake/export_planning_custom_msgs__rosidl_generator_cExport-noconfig.cmake
[3.922s] -- Installing: /home/subin/learning_code/install/planning_custom_msgs/share/planning_custom_msgs/cmake/export_planning_custom_msgs__rosidl_typesupport_fastrtps_cExport.cmake
[3.922s] -- Installing: /home/subin/learning_code/install/planning_custom_msgs/share/planning_custom_msgs/cmake/export_planning_custom_msgs__rosidl_typesupport_fastrtps_cExport-noconfig.cmake
[3.922s] -- Installing: /home/subin/learning_code/install/planning_custom_msgs/share/planning_custom_msgs/cmake/export_planning_custom_msgs__rosidl_generator_cppExport.cmake
[3.922s] -- Installing: /home/subin/learning_code/install/planning_custom_msgs/share/planning_custom_msgs/cmake/export_planning_custom_msgs__rosidl_typesupport_fastrtps_cppExport.cmake
[3.922s] -- Installing: /home/subin/learning_code/install/planning_custom_msgs/share/planning_custom_msgs/cmake/export_planning_custom_msgs__rosidl_typesupport_fastrtps_cppExport-noconfig.cmake
[3.923s] -- Installing: /home/subin/learning_code/install/planning_custom_msgs/share/planning_custom_msgs/cmake/planning_custom_msgs__rosidl_typesupport_introspection_cExport.cmake
[3.923s] -- Installing: /home/subin/learning_code/install/planning_custom_msgs/share/planning_custom_msgs/cmake/planning_custom_msgs__rosidl_typesupport_introspection_cExport-noconfig.cmake
[3.923s] -- Installing: /home/subin/learning_code/install/planning_custom_msgs/share/planning_custom_msgs/cmake/planning_custom_msgs__rosidl_typesupport_cExport.cmake
[3.923s] -- Installing: /home/subin/learning_code/install/planning_custom_msgs/share/planning_custom_msgs/cmake/planning_custom_msgs__rosidl_typesupport_cExport-noconfig.cmake
[3.924s] -- Installing: /home/subin/learning_code/install/planning_custom_msgs/share/planning_custom_msgs/cmake/planning_custom_msgs__rosidl_typesupport_introspection_cppExport.cmake
[3.924s] -- Installing: /home/subin/learning_code/install/planning_custom_msgs/share/planning_custom_msgs/cmake/planning_custom_msgs__rosidl_typesupport_introspection_cppExport-noconfig.cmake
[3.924s] -- Installing: /home/subin/learning_code/install/planning_custom_msgs/share/planning_custom_msgs/cmake/planning_custom_msgs__rosidl_typesupport_cppExport.cmake
[3.924s] -- Installing: /home/subin/learning_code/install/planning_custom_msgs/share/planning_custom_msgs/cmake/planning_custom_msgs__rosidl_typesupport_cppExport-noconfig.cmake
[3.924s] -- Installing: /home/subin/learning_code/install/planning_custom_msgs/share/planning_custom_msgs/cmake/export_planning_custom_msgs__rosidl_generator_pyExport.cmake
[3.924s] -- Installing: /home/subin/learning_code/install/planning_custom_msgs/share/planning_custom_msgs/cmake/export_planning_custom_msgs__rosidl_generator_pyExport-noconfig.cmake
[3.926s] Invoked command in '/home/subin/learning_code/build/planning_custom_msgs' returned '0': CMAKE_PREFIX_PATH=${CMAKE_PREFIX_PATH}:/home/subin/f1tenth_ws/install/f1tenth_gym_ros:/opt/ros/humble /usr/bin/cmake --install /home/subin/learning_code/build/planning_custom_msgs
